[2024-02-16T20:08:50.022+0000] {processor.py:157} INFO - Started process (PID=19852) to work on /workspaces/hands-on-introduction-data-engineering-4395021/airflow/dags/extract_dag.py
[2024-02-16T20:08:50.022+0000] {processor.py:826} INFO - Processing file /workspaces/hands-on-introduction-data-engineering-4395021/airflow/dags/extract_dag.py for tasks to queue
[2024-02-16T20:08:50.023+0000] {logging_mixin.py:150} INFO - [2024-02-16T20:08:50.023+0000] {dagbag.py:541} INFO - Filling up the DagBag from /workspaces/hands-on-introduction-data-engineering-4395021/airflow/dags/extract_dag.py
[2024-02-16T20:08:50.036+0000] {processor.py:836} INFO - DAG(s) dict_keys(['extract_dag']) retrieved from /workspaces/hands-on-introduction-data-engineering-4395021/airflow/dags/extract_dag.py
[2024-02-16T20:08:50.253+0000] {logging_mixin.py:150} INFO - [2024-02-16T20:08:50.253+0000] {manager.py:504} INFO - Created Permission View: can read on DAG:extract_dag
[2024-02-16T20:08:50.294+0000] {logging_mixin.py:150} INFO - [2024-02-16T20:08:50.294+0000] {manager.py:504} INFO - Created Permission View: can edit on DAG:extract_dag
[2024-02-16T20:08:50.332+0000] {logging_mixin.py:150} INFO - [2024-02-16T20:08:50.332+0000] {manager.py:504} INFO - Created Permission View: can delete on DAG:extract_dag
[2024-02-16T20:08:50.349+0000] {logging_mixin.py:150} INFO - [2024-02-16T20:08:50.349+0000] {dag.py:2742} INFO - Sync 1 DAGs
[2024-02-16T20:08:50.361+0000] {logging_mixin.py:150} INFO - [2024-02-16T20:08:50.360+0000] {dag.py:2763} INFO - Creating ORM DAG for extract_dag
[2024-02-16T20:08:50.373+0000] {logging_mixin.py:150} INFO - [2024-02-16T20:08:50.373+0000] {dag.py:3504} INFO - Setting next_dagrun for extract_dag to None, run_after=None
[2024-02-16T20:08:50.433+0000] {processor.py:179} INFO - Processing /workspaces/hands-on-introduction-data-engineering-4395021/airflow/dags/extract_dag.py took 0.414 seconds
[2024-02-16T20:09:52.484+0000] {processor.py:157} INFO - Started process (PID=20409) to work on /workspaces/hands-on-introduction-data-engineering-4395021/airflow/dags/extract_dag.py
[2024-02-16T20:09:52.485+0000] {processor.py:826} INFO - Processing file /workspaces/hands-on-introduction-data-engineering-4395021/airflow/dags/extract_dag.py for tasks to queue
[2024-02-16T20:09:52.485+0000] {logging_mixin.py:150} INFO - [2024-02-16T20:09:52.485+0000] {dagbag.py:541} INFO - Filling up the DagBag from /workspaces/hands-on-introduction-data-engineering-4395021/airflow/dags/extract_dag.py
[2024-02-16T20:09:52.490+0000] {processor.py:836} INFO - DAG(s) dict_keys(['extract_dag']) retrieved from /workspaces/hands-on-introduction-data-engineering-4395021/airflow/dags/extract_dag.py
[2024-02-16T20:09:52.500+0000] {logging_mixin.py:150} INFO - [2024-02-16T20:09:52.500+0000] {dag.py:2742} INFO - Sync 1 DAGs
[2024-02-16T20:09:52.517+0000] {logging_mixin.py:150} INFO - [2024-02-16T20:09:52.517+0000] {dag.py:3504} INFO - Setting next_dagrun for extract_dag to None, run_after=None
[2024-02-16T20:09:52.580+0000] {processor.py:179} INFO - Processing /workspaces/hands-on-introduction-data-engineering-4395021/airflow/dags/extract_dag.py took 0.098 seconds
[2024-02-16T20:10:35.690+0000] {processor.py:157} INFO - Started process (PID=20803) to work on /workspaces/hands-on-introduction-data-engineering-4395021/airflow/dags/extract_dag.py
[2024-02-16T20:10:35.691+0000] {processor.py:826} INFO - Processing file /workspaces/hands-on-introduction-data-engineering-4395021/airflow/dags/extract_dag.py for tasks to queue
[2024-02-16T20:10:35.692+0000] {logging_mixin.py:150} INFO - [2024-02-16T20:10:35.691+0000] {dagbag.py:541} INFO - Filling up the DagBag from /workspaces/hands-on-introduction-data-engineering-4395021/airflow/dags/extract_dag.py
[2024-02-16T20:10:35.696+0000] {processor.py:836} INFO - DAG(s) dict_keys(['extract_dag']) retrieved from /workspaces/hands-on-introduction-data-engineering-4395021/airflow/dags/extract_dag.py
[2024-02-16T20:10:35.708+0000] {logging_mixin.py:150} INFO - [2024-02-16T20:10:35.708+0000] {dag.py:2742} INFO - Sync 1 DAGs
[2024-02-16T20:10:35.723+0000] {logging_mixin.py:150} INFO - [2024-02-16T20:10:35.723+0000] {dag.py:3504} INFO - Setting next_dagrun for extract_dag to None, run_after=None
[2024-02-16T20:10:35.773+0000] {processor.py:179} INFO - Processing /workspaces/hands-on-introduction-data-engineering-4395021/airflow/dags/extract_dag.py took 0.085 seconds
[2024-02-16T20:11:06.665+0000] {processor.py:157} INFO - Started process (PID=21155) to work on /workspaces/hands-on-introduction-data-engineering-4395021/airflow/dags/extract_dag.py
[2024-02-16T20:11:06.671+0000] {processor.py:826} INFO - Processing file /workspaces/hands-on-introduction-data-engineering-4395021/airflow/dags/extract_dag.py for tasks to queue
[2024-02-16T20:11:06.672+0000] {logging_mixin.py:150} INFO - [2024-02-16T20:11:06.672+0000] {dagbag.py:541} INFO - Filling up the DagBag from /workspaces/hands-on-introduction-data-engineering-4395021/airflow/dags/extract_dag.py
[2024-02-16T20:11:06.683+0000] {processor.py:836} INFO - DAG(s) dict_keys(['extract_dag']) retrieved from /workspaces/hands-on-introduction-data-engineering-4395021/airflow/dags/extract_dag.py
[2024-02-16T20:11:06.707+0000] {logging_mixin.py:150} INFO - [2024-02-16T20:11:06.707+0000] {dag.py:2742} INFO - Sync 1 DAGs
[2024-02-16T20:11:06.730+0000] {logging_mixin.py:150} INFO - [2024-02-16T20:11:06.730+0000] {dag.py:3504} INFO - Setting next_dagrun for extract_dag to None, run_after=None
[2024-02-16T20:11:06.781+0000] {processor.py:179} INFO - Processing /workspaces/hands-on-introduction-data-engineering-4395021/airflow/dags/extract_dag.py took 0.125 seconds
[2024-02-16T20:11:56.727+0000] {processor.py:157} INFO - Started process (PID=21536) to work on /workspaces/hands-on-introduction-data-engineering-4395021/airflow/dags/extract_dag.py
[2024-02-16T20:11:56.727+0000] {processor.py:826} INFO - Processing file /workspaces/hands-on-introduction-data-engineering-4395021/airflow/dags/extract_dag.py for tasks to queue
[2024-02-16T20:11:56.728+0000] {logging_mixin.py:150} INFO - [2024-02-16T20:11:56.728+0000] {dagbag.py:541} INFO - Filling up the DagBag from /workspaces/hands-on-introduction-data-engineering-4395021/airflow/dags/extract_dag.py
[2024-02-16T20:11:56.732+0000] {processor.py:836} INFO - DAG(s) dict_keys(['extract_dag']) retrieved from /workspaces/hands-on-introduction-data-engineering-4395021/airflow/dags/extract_dag.py
[2024-02-16T20:11:56.742+0000] {logging_mixin.py:150} INFO - [2024-02-16T20:11:56.742+0000] {dag.py:2742} INFO - Sync 1 DAGs
[2024-02-16T20:11:56.756+0000] {logging_mixin.py:150} INFO - [2024-02-16T20:11:56.756+0000] {dag.py:3504} INFO - Setting next_dagrun for extract_dag to None, run_after=None
[2024-02-16T20:11:56.807+0000] {processor.py:179} INFO - Processing /workspaces/hands-on-introduction-data-engineering-4395021/airflow/dags/extract_dag.py took 0.083 seconds
[2024-02-16T20:12:32.693+0000] {processor.py:157} INFO - Started process (PID=21785) to work on /workspaces/hands-on-introduction-data-engineering-4395021/airflow/dags/extract_dag.py
[2024-02-16T20:12:32.694+0000] {processor.py:826} INFO - Processing file /workspaces/hands-on-introduction-data-engineering-4395021/airflow/dags/extract_dag.py for tasks to queue
[2024-02-16T20:12:32.694+0000] {logging_mixin.py:150} INFO - [2024-02-16T20:12:32.694+0000] {dagbag.py:541} INFO - Filling up the DagBag from /workspaces/hands-on-introduction-data-engineering-4395021/airflow/dags/extract_dag.py
[2024-02-16T20:12:32.699+0000] {processor.py:836} INFO - DAG(s) dict_keys(['extract_dag']) retrieved from /workspaces/hands-on-introduction-data-engineering-4395021/airflow/dags/extract_dag.py
[2024-02-16T20:12:32.709+0000] {logging_mixin.py:150} INFO - [2024-02-16T20:12:32.709+0000] {dag.py:2742} INFO - Sync 1 DAGs
[2024-02-16T20:12:32.724+0000] {logging_mixin.py:150} INFO - [2024-02-16T20:12:32.724+0000] {dag.py:3504} INFO - Setting next_dagrun for extract_dag to None, run_after=None
[2024-02-16T20:12:32.773+0000] {processor.py:179} INFO - Processing /workspaces/hands-on-introduction-data-engineering-4395021/airflow/dags/extract_dag.py took 0.082 seconds
[2024-02-16T20:13:06.562+0000] {processor.py:157} INFO - Started process (PID=22051) to work on /workspaces/hands-on-introduction-data-engineering-4395021/airflow/dags/extract_dag.py
[2024-02-16T20:13:06.562+0000] {processor.py:826} INFO - Processing file /workspaces/hands-on-introduction-data-engineering-4395021/airflow/dags/extract_dag.py for tasks to queue
[2024-02-16T20:13:06.563+0000] {logging_mixin.py:150} INFO - [2024-02-16T20:13:06.563+0000] {dagbag.py:541} INFO - Filling up the DagBag from /workspaces/hands-on-introduction-data-engineering-4395021/airflow/dags/extract_dag.py
[2024-02-16T20:13:06.568+0000] {processor.py:836} INFO - DAG(s) dict_keys(['extract_dag']) retrieved from /workspaces/hands-on-introduction-data-engineering-4395021/airflow/dags/extract_dag.py
[2024-02-16T20:13:06.578+0000] {logging_mixin.py:150} INFO - [2024-02-16T20:13:06.578+0000] {dag.py:2742} INFO - Sync 1 DAGs
[2024-02-16T20:13:06.593+0000] {logging_mixin.py:150} INFO - [2024-02-16T20:13:06.593+0000] {dag.py:3504} INFO - Setting next_dagrun for extract_dag to None, run_after=None
[2024-02-16T20:13:06.640+0000] {processor.py:179} INFO - Processing /workspaces/hands-on-introduction-data-engineering-4395021/airflow/dags/extract_dag.py took 0.080 seconds
[2024-02-16T20:13:38.615+0000] {processor.py:157} INFO - Started process (PID=22286) to work on /workspaces/hands-on-introduction-data-engineering-4395021/airflow/dags/extract_dag.py
[2024-02-16T20:13:38.615+0000] {processor.py:826} INFO - Processing file /workspaces/hands-on-introduction-data-engineering-4395021/airflow/dags/extract_dag.py for tasks to queue
[2024-02-16T20:13:38.616+0000] {logging_mixin.py:150} INFO - [2024-02-16T20:13:38.615+0000] {dagbag.py:541} INFO - Filling up the DagBag from /workspaces/hands-on-introduction-data-engineering-4395021/airflow/dags/extract_dag.py
[2024-02-16T20:13:38.620+0000] {processor.py:836} INFO - DAG(s) dict_keys(['extract_dag']) retrieved from /workspaces/hands-on-introduction-data-engineering-4395021/airflow/dags/extract_dag.py
[2024-02-16T20:13:38.630+0000] {logging_mixin.py:150} INFO - [2024-02-16T20:13:38.630+0000] {dag.py:2742} INFO - Sync 1 DAGs
[2024-02-16T20:13:38.644+0000] {logging_mixin.py:150} INFO - [2024-02-16T20:13:38.644+0000] {dag.py:3504} INFO - Setting next_dagrun for extract_dag to None, run_after=None
[2024-02-16T20:13:38.690+0000] {processor.py:179} INFO - Processing /workspaces/hands-on-introduction-data-engineering-4395021/airflow/dags/extract_dag.py took 0.078 seconds
[2024-02-16T20:14:17.492+0000] {processor.py:157} INFO - Started process (PID=22584) to work on /workspaces/hands-on-introduction-data-engineering-4395021/airflow/dags/extract_dag.py
[2024-02-16T20:14:17.492+0000] {processor.py:826} INFO - Processing file /workspaces/hands-on-introduction-data-engineering-4395021/airflow/dags/extract_dag.py for tasks to queue
[2024-02-16T20:14:17.493+0000] {logging_mixin.py:150} INFO - [2024-02-16T20:14:17.493+0000] {dagbag.py:541} INFO - Filling up the DagBag from /workspaces/hands-on-introduction-data-engineering-4395021/airflow/dags/extract_dag.py
[2024-02-16T20:14:17.498+0000] {processor.py:836} INFO - DAG(s) dict_keys(['extract_dag']) retrieved from /workspaces/hands-on-introduction-data-engineering-4395021/airflow/dags/extract_dag.py
[2024-02-16T20:14:17.508+0000] {logging_mixin.py:150} INFO - [2024-02-16T20:14:17.508+0000] {dag.py:2742} INFO - Sync 1 DAGs
[2024-02-16T20:14:17.522+0000] {logging_mixin.py:150} INFO - [2024-02-16T20:14:17.522+0000] {dag.py:3504} INFO - Setting next_dagrun for extract_dag to None, run_after=None
[2024-02-16T20:14:17.571+0000] {processor.py:179} INFO - Processing /workspaces/hands-on-introduction-data-engineering-4395021/airflow/dags/extract_dag.py took 0.081 seconds
[2024-02-16T20:14:53.854+0000] {processor.py:157} INFO - Started process (PID=22843) to work on /workspaces/hands-on-introduction-data-engineering-4395021/airflow/dags/extract_dag.py
[2024-02-16T20:14:53.855+0000] {processor.py:826} INFO - Processing file /workspaces/hands-on-introduction-data-engineering-4395021/airflow/dags/extract_dag.py for tasks to queue
[2024-02-16T20:14:53.855+0000] {logging_mixin.py:150} INFO - [2024-02-16T20:14:53.855+0000] {dagbag.py:541} INFO - Filling up the DagBag from /workspaces/hands-on-introduction-data-engineering-4395021/airflow/dags/extract_dag.py
[2024-02-16T20:14:53.860+0000] {processor.py:836} INFO - DAG(s) dict_keys(['extract_dag']) retrieved from /workspaces/hands-on-introduction-data-engineering-4395021/airflow/dags/extract_dag.py
[2024-02-16T20:14:53.870+0000] {logging_mixin.py:150} INFO - [2024-02-16T20:14:53.870+0000] {dag.py:2742} INFO - Sync 1 DAGs
[2024-02-16T20:14:53.885+0000] {logging_mixin.py:150} INFO - [2024-02-16T20:14:53.885+0000] {dag.py:3504} INFO - Setting next_dagrun for extract_dag to None, run_after=None
[2024-02-16T20:14:53.930+0000] {processor.py:179} INFO - Processing /workspaces/hands-on-introduction-data-engineering-4395021/airflow/dags/extract_dag.py took 0.078 seconds
[2024-02-16T20:15:27.954+0000] {processor.py:157} INFO - Started process (PID=23093) to work on /workspaces/hands-on-introduction-data-engineering-4395021/airflow/dags/extract_dag.py
[2024-02-16T20:15:27.955+0000] {processor.py:826} INFO - Processing file /workspaces/hands-on-introduction-data-engineering-4395021/airflow/dags/extract_dag.py for tasks to queue
[2024-02-16T20:15:27.956+0000] {logging_mixin.py:150} INFO - [2024-02-16T20:15:27.955+0000] {dagbag.py:541} INFO - Filling up the DagBag from /workspaces/hands-on-introduction-data-engineering-4395021/airflow/dags/extract_dag.py
[2024-02-16T20:15:27.965+0000] {processor.py:836} INFO - DAG(s) dict_keys(['extract_dag']) retrieved from /workspaces/hands-on-introduction-data-engineering-4395021/airflow/dags/extract_dag.py
[2024-02-16T20:15:27.980+0000] {logging_mixin.py:150} INFO - [2024-02-16T20:15:27.980+0000] {dag.py:2742} INFO - Sync 1 DAGs
[2024-02-16T20:15:28.002+0000] {logging_mixin.py:150} INFO - [2024-02-16T20:15:28.001+0000] {dag.py:3504} INFO - Setting next_dagrun for extract_dag to None, run_after=None
[2024-02-16T20:15:28.065+0000] {processor.py:179} INFO - Processing /workspaces/hands-on-introduction-data-engineering-4395021/airflow/dags/extract_dag.py took 0.114 seconds
[2024-02-16T20:16:01.913+0000] {processor.py:157} INFO - Started process (PID=23357) to work on /workspaces/hands-on-introduction-data-engineering-4395021/airflow/dags/extract_dag.py
[2024-02-16T20:16:01.914+0000] {processor.py:826} INFO - Processing file /workspaces/hands-on-introduction-data-engineering-4395021/airflow/dags/extract_dag.py for tasks to queue
[2024-02-16T20:16:01.915+0000] {logging_mixin.py:150} INFO - [2024-02-16T20:16:01.915+0000] {dagbag.py:541} INFO - Filling up the DagBag from /workspaces/hands-on-introduction-data-engineering-4395021/airflow/dags/extract_dag.py
[2024-02-16T20:16:01.921+0000] {processor.py:836} INFO - DAG(s) dict_keys(['extract_dag']) retrieved from /workspaces/hands-on-introduction-data-engineering-4395021/airflow/dags/extract_dag.py
[2024-02-16T20:16:01.937+0000] {logging_mixin.py:150} INFO - [2024-02-16T20:16:01.936+0000] {dag.py:2742} INFO - Sync 1 DAGs
[2024-02-16T20:16:01.962+0000] {logging_mixin.py:150} INFO - [2024-02-16T20:16:01.962+0000] {dag.py:3504} INFO - Setting next_dagrun for extract_dag to None, run_after=None
[2024-02-16T20:16:02.014+0000] {processor.py:179} INFO - Processing /workspaces/hands-on-introduction-data-engineering-4395021/airflow/dags/extract_dag.py took 0.103 seconds
[2024-02-16T20:16:37.978+0000] {processor.py:157} INFO - Started process (PID=23621) to work on /workspaces/hands-on-introduction-data-engineering-4395021/airflow/dags/extract_dag.py
[2024-02-16T20:16:37.978+0000] {processor.py:826} INFO - Processing file /workspaces/hands-on-introduction-data-engineering-4395021/airflow/dags/extract_dag.py for tasks to queue
[2024-02-16T20:16:37.979+0000] {logging_mixin.py:150} INFO - [2024-02-16T20:16:37.979+0000] {dagbag.py:541} INFO - Filling up the DagBag from /workspaces/hands-on-introduction-data-engineering-4395021/airflow/dags/extract_dag.py
[2024-02-16T20:16:37.983+0000] {processor.py:836} INFO - DAG(s) dict_keys(['extract_dag']) retrieved from /workspaces/hands-on-introduction-data-engineering-4395021/airflow/dags/extract_dag.py
[2024-02-16T20:16:37.994+0000] {logging_mixin.py:150} INFO - [2024-02-16T20:16:37.994+0000] {dag.py:2742} INFO - Sync 1 DAGs
[2024-02-16T20:16:38.010+0000] {logging_mixin.py:150} INFO - [2024-02-16T20:16:38.010+0000] {dag.py:3504} INFO - Setting next_dagrun for extract_dag to None, run_after=None
[2024-02-16T20:16:38.060+0000] {processor.py:179} INFO - Processing /workspaces/hands-on-introduction-data-engineering-4395021/airflow/dags/extract_dag.py took 0.085 seconds
[2024-02-16T20:17:14.383+0000] {processor.py:157} INFO - Started process (PID=23898) to work on /workspaces/hands-on-introduction-data-engineering-4395021/airflow/dags/extract_dag.py
[2024-02-16T20:17:14.384+0000] {processor.py:826} INFO - Processing file /workspaces/hands-on-introduction-data-engineering-4395021/airflow/dags/extract_dag.py for tasks to queue
[2024-02-16T20:17:14.384+0000] {logging_mixin.py:150} INFO - [2024-02-16T20:17:14.384+0000] {dagbag.py:541} INFO - Filling up the DagBag from /workspaces/hands-on-introduction-data-engineering-4395021/airflow/dags/extract_dag.py
[2024-02-16T20:17:14.389+0000] {processor.py:836} INFO - DAG(s) dict_keys(['extract_dag']) retrieved from /workspaces/hands-on-introduction-data-engineering-4395021/airflow/dags/extract_dag.py
[2024-02-16T20:17:14.399+0000] {logging_mixin.py:150} INFO - [2024-02-16T20:17:14.399+0000] {dag.py:2742} INFO - Sync 1 DAGs
[2024-02-16T20:17:14.416+0000] {logging_mixin.py:150} INFO - [2024-02-16T20:17:14.416+0000] {dag.py:3504} INFO - Setting next_dagrun for extract_dag to None, run_after=None
[2024-02-16T20:17:14.469+0000] {processor.py:179} INFO - Processing /workspaces/hands-on-introduction-data-engineering-4395021/airflow/dags/extract_dag.py took 0.088 seconds
[2024-02-16T20:17:48.607+0000] {processor.py:157} INFO - Started process (PID=24150) to work on /workspaces/hands-on-introduction-data-engineering-4395021/airflow/dags/extract_dag.py
[2024-02-16T20:17:48.608+0000] {processor.py:826} INFO - Processing file /workspaces/hands-on-introduction-data-engineering-4395021/airflow/dags/extract_dag.py for tasks to queue
[2024-02-16T20:17:48.609+0000] {logging_mixin.py:150} INFO - [2024-02-16T20:17:48.608+0000] {dagbag.py:541} INFO - Filling up the DagBag from /workspaces/hands-on-introduction-data-engineering-4395021/airflow/dags/extract_dag.py
[2024-02-16T20:17:48.613+0000] {processor.py:836} INFO - DAG(s) dict_keys(['extract_dag']) retrieved from /workspaces/hands-on-introduction-data-engineering-4395021/airflow/dags/extract_dag.py
[2024-02-16T20:17:48.623+0000] {logging_mixin.py:150} INFO - [2024-02-16T20:17:48.623+0000] {dag.py:2742} INFO - Sync 1 DAGs
[2024-02-16T20:17:48.638+0000] {logging_mixin.py:150} INFO - [2024-02-16T20:17:48.637+0000] {dag.py:3504} INFO - Setting next_dagrun for extract_dag to None, run_after=None
[2024-02-16T20:17:48.685+0000] {processor.py:179} INFO - Processing /workspaces/hands-on-introduction-data-engineering-4395021/airflow/dags/extract_dag.py took 0.081 seconds
[2024-02-16T20:18:24.089+0000] {processor.py:157} INFO - Started process (PID=24425) to work on /workspaces/hands-on-introduction-data-engineering-4395021/airflow/dags/extract_dag.py
[2024-02-16T20:18:24.089+0000] {processor.py:826} INFO - Processing file /workspaces/hands-on-introduction-data-engineering-4395021/airflow/dags/extract_dag.py for tasks to queue
[2024-02-16T20:18:24.090+0000] {logging_mixin.py:150} INFO - [2024-02-16T20:18:24.090+0000] {dagbag.py:541} INFO - Filling up the DagBag from /workspaces/hands-on-introduction-data-engineering-4395021/airflow/dags/extract_dag.py
[2024-02-16T20:18:24.095+0000] {processor.py:836} INFO - DAG(s) dict_keys(['extract_dag']) retrieved from /workspaces/hands-on-introduction-data-engineering-4395021/airflow/dags/extract_dag.py
[2024-02-16T20:18:24.104+0000] {logging_mixin.py:150} INFO - [2024-02-16T20:18:24.104+0000] {dag.py:2742} INFO - Sync 1 DAGs
[2024-02-16T20:18:24.119+0000] {logging_mixin.py:150} INFO - [2024-02-16T20:18:24.119+0000] {dag.py:3504} INFO - Setting next_dagrun for extract_dag to None, run_after=None
[2024-02-16T20:18:24.167+0000] {processor.py:179} INFO - Processing /workspaces/hands-on-introduction-data-engineering-4395021/airflow/dags/extract_dag.py took 0.080 seconds
[2024-02-16T20:19:00.064+0000] {processor.py:157} INFO - Started process (PID=24678) to work on /workspaces/hands-on-introduction-data-engineering-4395021/airflow/dags/extract_dag.py
[2024-02-16T20:19:00.065+0000] {processor.py:826} INFO - Processing file /workspaces/hands-on-introduction-data-engineering-4395021/airflow/dags/extract_dag.py for tasks to queue
[2024-02-16T20:19:00.065+0000] {logging_mixin.py:150} INFO - [2024-02-16T20:19:00.065+0000] {dagbag.py:541} INFO - Filling up the DagBag from /workspaces/hands-on-introduction-data-engineering-4395021/airflow/dags/extract_dag.py
[2024-02-16T20:19:00.070+0000] {processor.py:836} INFO - DAG(s) dict_keys(['extract_dag']) retrieved from /workspaces/hands-on-introduction-data-engineering-4395021/airflow/dags/extract_dag.py
[2024-02-16T20:19:00.081+0000] {logging_mixin.py:150} INFO - [2024-02-16T20:19:00.080+0000] {dag.py:2742} INFO - Sync 1 DAGs
[2024-02-16T20:19:00.098+0000] {logging_mixin.py:150} INFO - [2024-02-16T20:19:00.098+0000] {dag.py:3504} INFO - Setting next_dagrun for extract_dag to None, run_after=None
[2024-02-16T20:19:00.149+0000] {processor.py:179} INFO - Processing /workspaces/hands-on-introduction-data-engineering-4395021/airflow/dags/extract_dag.py took 0.088 seconds
[2024-02-16T20:19:34.077+0000] {processor.py:157} INFO - Started process (PID=24946) to work on /workspaces/hands-on-introduction-data-engineering-4395021/airflow/dags/extract_dag.py
[2024-02-16T20:19:34.077+0000] {processor.py:826} INFO - Processing file /workspaces/hands-on-introduction-data-engineering-4395021/airflow/dags/extract_dag.py for tasks to queue
[2024-02-16T20:19:34.078+0000] {logging_mixin.py:150} INFO - [2024-02-16T20:19:34.078+0000] {dagbag.py:541} INFO - Filling up the DagBag from /workspaces/hands-on-introduction-data-engineering-4395021/airflow/dags/extract_dag.py
[2024-02-16T20:19:34.083+0000] {processor.py:836} INFO - DAG(s) dict_keys(['extract_dag']) retrieved from /workspaces/hands-on-introduction-data-engineering-4395021/airflow/dags/extract_dag.py
[2024-02-16T20:19:34.094+0000] {logging_mixin.py:150} INFO - [2024-02-16T20:19:34.094+0000] {dag.py:2742} INFO - Sync 1 DAGs
[2024-02-16T20:19:34.109+0000] {logging_mixin.py:150} INFO - [2024-02-16T20:19:34.109+0000] {dag.py:3504} INFO - Setting next_dagrun for extract_dag to None, run_after=None
[2024-02-16T20:19:34.163+0000] {processor.py:179} INFO - Processing /workspaces/hands-on-introduction-data-engineering-4395021/airflow/dags/extract_dag.py took 0.089 seconds
[2024-02-16T20:20:10.347+0000] {processor.py:157} INFO - Started process (PID=25203) to work on /workspaces/hands-on-introduction-data-engineering-4395021/airflow/dags/extract_dag.py
[2024-02-16T20:20:10.347+0000] {processor.py:826} INFO - Processing file /workspaces/hands-on-introduction-data-engineering-4395021/airflow/dags/extract_dag.py for tasks to queue
[2024-02-16T20:20:10.348+0000] {logging_mixin.py:150} INFO - [2024-02-16T20:20:10.348+0000] {dagbag.py:541} INFO - Filling up the DagBag from /workspaces/hands-on-introduction-data-engineering-4395021/airflow/dags/extract_dag.py
[2024-02-16T20:20:10.352+0000] {processor.py:836} INFO - DAG(s) dict_keys(['extract_dag']) retrieved from /workspaces/hands-on-introduction-data-engineering-4395021/airflow/dags/extract_dag.py
[2024-02-16T20:20:10.362+0000] {logging_mixin.py:150} INFO - [2024-02-16T20:20:10.362+0000] {dag.py:2742} INFO - Sync 1 DAGs
[2024-02-16T20:20:10.377+0000] {logging_mixin.py:150} INFO - [2024-02-16T20:20:10.377+0000] {dag.py:3504} INFO - Setting next_dagrun for extract_dag to None, run_after=None
[2024-02-16T20:20:10.424+0000] {processor.py:179} INFO - Processing /workspaces/hands-on-introduction-data-engineering-4395021/airflow/dags/extract_dag.py took 0.079 seconds
[2024-02-16T20:20:46.388+0000] {processor.py:157} INFO - Started process (PID=25481) to work on /workspaces/hands-on-introduction-data-engineering-4395021/airflow/dags/extract_dag.py
[2024-02-16T20:20:46.388+0000] {processor.py:826} INFO - Processing file /workspaces/hands-on-introduction-data-engineering-4395021/airflow/dags/extract_dag.py for tasks to queue
[2024-02-16T20:20:46.389+0000] {logging_mixin.py:150} INFO - [2024-02-16T20:20:46.389+0000] {dagbag.py:541} INFO - Filling up the DagBag from /workspaces/hands-on-introduction-data-engineering-4395021/airflow/dags/extract_dag.py
[2024-02-16T20:20:46.394+0000] {processor.py:836} INFO - DAG(s) dict_keys(['extract_dag']) retrieved from /workspaces/hands-on-introduction-data-engineering-4395021/airflow/dags/extract_dag.py
[2024-02-16T20:20:46.403+0000] {logging_mixin.py:150} INFO - [2024-02-16T20:20:46.403+0000] {dag.py:2742} INFO - Sync 1 DAGs
[2024-02-16T20:20:46.418+0000] {logging_mixin.py:150} INFO - [2024-02-16T20:20:46.418+0000] {dag.py:3504} INFO - Setting next_dagrun for extract_dag to None, run_after=None
[2024-02-16T20:20:46.463+0000] {processor.py:179} INFO - Processing /workspaces/hands-on-introduction-data-engineering-4395021/airflow/dags/extract_dag.py took 0.078 seconds
[2024-02-16T20:21:21.605+0000] {processor.py:157} INFO - Started process (PID=25733) to work on /workspaces/hands-on-introduction-data-engineering-4395021/airflow/dags/extract_dag.py
[2024-02-16T20:21:21.606+0000] {processor.py:826} INFO - Processing file /workspaces/hands-on-introduction-data-engineering-4395021/airflow/dags/extract_dag.py for tasks to queue
[2024-02-16T20:21:21.607+0000] {logging_mixin.py:150} INFO - [2024-02-16T20:21:21.606+0000] {dagbag.py:541} INFO - Filling up the DagBag from /workspaces/hands-on-introduction-data-engineering-4395021/airflow/dags/extract_dag.py
[2024-02-16T20:21:21.611+0000] {processor.py:836} INFO - DAG(s) dict_keys(['extract_dag']) retrieved from /workspaces/hands-on-introduction-data-engineering-4395021/airflow/dags/extract_dag.py
[2024-02-16T20:21:21.621+0000] {logging_mixin.py:150} INFO - [2024-02-16T20:21:21.620+0000] {dag.py:2742} INFO - Sync 1 DAGs
[2024-02-16T20:21:21.635+0000] {logging_mixin.py:150} INFO - [2024-02-16T20:21:21.635+0000] {dag.py:3504} INFO - Setting next_dagrun for extract_dag to None, run_after=None
[2024-02-16T20:21:21.682+0000] {processor.py:179} INFO - Processing /workspaces/hands-on-introduction-data-engineering-4395021/airflow/dags/extract_dag.py took 0.079 seconds
[2024-02-16T20:21:58.511+0000] {processor.py:157} INFO - Started process (PID=26019) to work on /workspaces/hands-on-introduction-data-engineering-4395021/airflow/dags/extract_dag.py
[2024-02-16T20:21:58.512+0000] {processor.py:826} INFO - Processing file /workspaces/hands-on-introduction-data-engineering-4395021/airflow/dags/extract_dag.py for tasks to queue
[2024-02-16T20:21:58.513+0000] {logging_mixin.py:150} INFO - [2024-02-16T20:21:58.512+0000] {dagbag.py:541} INFO - Filling up the DagBag from /workspaces/hands-on-introduction-data-engineering-4395021/airflow/dags/extract_dag.py
[2024-02-16T20:21:58.517+0000] {processor.py:836} INFO - DAG(s) dict_keys(['extract_dag']) retrieved from /workspaces/hands-on-introduction-data-engineering-4395021/airflow/dags/extract_dag.py
[2024-02-16T20:21:58.527+0000] {logging_mixin.py:150} INFO - [2024-02-16T20:21:58.527+0000] {dag.py:2742} INFO - Sync 1 DAGs
[2024-02-16T20:21:58.541+0000] {logging_mixin.py:150} INFO - [2024-02-16T20:21:58.541+0000] {dag.py:3504} INFO - Setting next_dagrun for extract_dag to None, run_after=None
[2024-02-16T20:21:58.586+0000] {processor.py:179} INFO - Processing /workspaces/hands-on-introduction-data-engineering-4395021/airflow/dags/extract_dag.py took 0.076 seconds
[2024-02-16T20:22:16.529+0000] {processor.py:157} INFO - Started process (PID=26167) to work on /workspaces/hands-on-introduction-data-engineering-4395021/airflow/dags/extract_dag.py
[2024-02-16T20:22:16.530+0000] {processor.py:826} INFO - Processing file /workspaces/hands-on-introduction-data-engineering-4395021/airflow/dags/extract_dag.py for tasks to queue
[2024-02-16T20:22:16.530+0000] {logging_mixin.py:150} INFO - [2024-02-16T20:22:16.530+0000] {dagbag.py:541} INFO - Filling up the DagBag from /workspaces/hands-on-introduction-data-engineering-4395021/airflow/dags/extract_dag.py
[2024-02-16T20:22:16.536+0000] {processor.py:836} INFO - DAG(s) dict_keys(['extract_dag']) retrieved from /workspaces/hands-on-introduction-data-engineering-4395021/airflow/dags/extract_dag.py
[2024-02-16T20:22:16.546+0000] {logging_mixin.py:150} INFO - [2024-02-16T20:22:16.546+0000] {dag.py:2742} INFO - Sync 1 DAGs
[2024-02-16T20:22:16.562+0000] {logging_mixin.py:150} INFO - [2024-02-16T20:22:16.562+0000] {dag.py:3504} INFO - Setting next_dagrun for extract_dag to None, run_after=None
[2024-02-16T20:22:16.607+0000] {processor.py:179} INFO - Processing /workspaces/hands-on-introduction-data-engineering-4395021/airflow/dags/extract_dag.py took 0.080 seconds
[2024-02-16T20:22:54.551+0000] {processor.py:157} INFO - Started process (PID=26434) to work on /workspaces/hands-on-introduction-data-engineering-4395021/airflow/dags/extract_dag.py
[2024-02-16T20:22:54.552+0000] {processor.py:826} INFO - Processing file /workspaces/hands-on-introduction-data-engineering-4395021/airflow/dags/extract_dag.py for tasks to queue
[2024-02-16T20:22:54.553+0000] {logging_mixin.py:150} INFO - [2024-02-16T20:22:54.552+0000] {dagbag.py:541} INFO - Filling up the DagBag from /workspaces/hands-on-introduction-data-engineering-4395021/airflow/dags/extract_dag.py
[2024-02-16T20:22:54.557+0000] {processor.py:836} INFO - DAG(s) dict_keys(['extract_dag']) retrieved from /workspaces/hands-on-introduction-data-engineering-4395021/airflow/dags/extract_dag.py
[2024-02-16T20:22:54.567+0000] {logging_mixin.py:150} INFO - [2024-02-16T20:22:54.567+0000] {dag.py:2742} INFO - Sync 1 DAGs
[2024-02-16T20:22:54.582+0000] {logging_mixin.py:150} INFO - [2024-02-16T20:22:54.582+0000] {dag.py:3504} INFO - Setting next_dagrun for extract_dag to None, run_after=None
[2024-02-16T20:22:54.629+0000] {processor.py:179} INFO - Processing /workspaces/hands-on-introduction-data-engineering-4395021/airflow/dags/extract_dag.py took 0.080 seconds
[2024-02-16T20:23:27.550+0000] {processor.py:157} INFO - Started process (PID=26696) to work on /workspaces/hands-on-introduction-data-engineering-4395021/airflow/dags/extract_dag.py
[2024-02-16T20:23:27.551+0000] {processor.py:826} INFO - Processing file /workspaces/hands-on-introduction-data-engineering-4395021/airflow/dags/extract_dag.py for tasks to queue
[2024-02-16T20:23:27.551+0000] {logging_mixin.py:150} INFO - [2024-02-16T20:23:27.551+0000] {dagbag.py:541} INFO - Filling up the DagBag from /workspaces/hands-on-introduction-data-engineering-4395021/airflow/dags/extract_dag.py
[2024-02-16T20:23:27.556+0000] {processor.py:836} INFO - DAG(s) dict_keys(['extract_dag']) retrieved from /workspaces/hands-on-introduction-data-engineering-4395021/airflow/dags/extract_dag.py
[2024-02-16T20:23:27.566+0000] {logging_mixin.py:150} INFO - [2024-02-16T20:23:27.566+0000] {dag.py:2742} INFO - Sync 1 DAGs
[2024-02-16T20:23:27.582+0000] {logging_mixin.py:150} INFO - [2024-02-16T20:23:27.582+0000] {dag.py:3504} INFO - Setting next_dagrun for extract_dag to None, run_after=None
[2024-02-16T20:23:27.627+0000] {processor.py:179} INFO - Processing /workspaces/hands-on-introduction-data-engineering-4395021/airflow/dags/extract_dag.py took 0.079 seconds
[2024-02-16T20:24:03.732+0000] {processor.py:157} INFO - Started process (PID=26932) to work on /workspaces/hands-on-introduction-data-engineering-4395021/airflow/dags/extract_dag.py
[2024-02-16T20:24:03.733+0000] {processor.py:826} INFO - Processing file /workspaces/hands-on-introduction-data-engineering-4395021/airflow/dags/extract_dag.py for tasks to queue
[2024-02-16T20:24:03.734+0000] {logging_mixin.py:150} INFO - [2024-02-16T20:24:03.733+0000] {dagbag.py:541} INFO - Filling up the DagBag from /workspaces/hands-on-introduction-data-engineering-4395021/airflow/dags/extract_dag.py
[2024-02-16T20:24:03.738+0000] {processor.py:836} INFO - DAG(s) dict_keys(['extract_dag']) retrieved from /workspaces/hands-on-introduction-data-engineering-4395021/airflow/dags/extract_dag.py
[2024-02-16T20:24:03.748+0000] {logging_mixin.py:150} INFO - [2024-02-16T20:24:03.748+0000] {dag.py:2742} INFO - Sync 1 DAGs
[2024-02-16T20:24:03.763+0000] {logging_mixin.py:150} INFO - [2024-02-16T20:24:03.763+0000] {dag.py:3504} INFO - Setting next_dagrun for extract_dag to None, run_after=None
[2024-02-16T20:24:03.813+0000] {processor.py:179} INFO - Processing /workspaces/hands-on-introduction-data-engineering-4395021/airflow/dags/extract_dag.py took 0.083 seconds
