[2024-02-16T20:09:32.337+0000] {processor.py:157} INFO - Started process (PID=20228) to work on /usr/local/python/3.10.13/lib/python3.10/site-packages/airflow/example_dags/example_branch_operator.py
[2024-02-16T20:09:32.337+0000] {processor.py:826} INFO - Processing file /usr/local/python/3.10.13/lib/python3.10/site-packages/airflow/example_dags/example_branch_operator.py for tasks to queue
[2024-02-16T20:09:32.338+0000] {logging_mixin.py:150} INFO - [2024-02-16T20:09:32.338+0000] {dagbag.py:541} INFO - Filling up the DagBag from /usr/local/python/3.10.13/lib/python3.10/site-packages/airflow/example_dags/example_branch_operator.py
[2024-02-16T20:09:32.345+0000] {processor.py:836} INFO - DAG(s) dict_keys(['example_branch_operator']) retrieved from /usr/local/python/3.10.13/lib/python3.10/site-packages/airflow/example_dags/example_branch_operator.py
[2024-02-16T20:09:32.503+0000] {logging_mixin.py:150} INFO - [2024-02-16T20:09:32.503+0000] {manager.py:504} INFO - Created Permission View: can read on DAG:example_branch_operator
[2024-02-16T20:09:32.541+0000] {logging_mixin.py:150} INFO - [2024-02-16T20:09:32.541+0000] {manager.py:504} INFO - Created Permission View: can edit on DAG:example_branch_operator
[2024-02-16T20:09:32.578+0000] {logging_mixin.py:150} INFO - [2024-02-16T20:09:32.578+0000] {manager.py:504} INFO - Created Permission View: can delete on DAG:example_branch_operator
[2024-02-16T20:09:32.587+0000] {logging_mixin.py:150} INFO - [2024-02-16T20:09:32.587+0000] {dag.py:2742} INFO - Sync 1 DAGs
[2024-02-16T20:09:32.595+0000] {logging_mixin.py:150} INFO - [2024-02-16T20:09:32.595+0000] {dag.py:2763} INFO - Creating ORM DAG for example_branch_operator
[2024-02-16T20:09:32.603+0000] {logging_mixin.py:150} INFO - [2024-02-16T20:09:32.603+0000] {dag.py:3504} INFO - Setting next_dagrun for example_branch_operator to 2024-02-15T00:00:00+00:00, run_after=2024-02-16T00:00:00+00:00
[2024-02-16T20:09:32.655+0000] {processor.py:179} INFO - Processing /usr/local/python/3.10.13/lib/python3.10/site-packages/airflow/example_dags/example_branch_operator.py took 0.320 seconds
[2024-02-16T20:10:24.154+0000] {processor.py:157} INFO - Started process (PID=20655) to work on /usr/local/python/3.10.13/lib/python3.10/site-packages/airflow/example_dags/example_branch_operator.py
[2024-02-16T20:10:24.155+0000] {processor.py:826} INFO - Processing file /usr/local/python/3.10.13/lib/python3.10/site-packages/airflow/example_dags/example_branch_operator.py for tasks to queue
[2024-02-16T20:10:24.156+0000] {logging_mixin.py:150} INFO - [2024-02-16T20:10:24.155+0000] {dagbag.py:541} INFO - Filling up the DagBag from /usr/local/python/3.10.13/lib/python3.10/site-packages/airflow/example_dags/example_branch_operator.py
[2024-02-16T20:10:24.164+0000] {processor.py:836} INFO - DAG(s) dict_keys(['example_branch_operator']) retrieved from /usr/local/python/3.10.13/lib/python3.10/site-packages/airflow/example_dags/example_branch_operator.py
[2024-02-16T20:10:24.178+0000] {logging_mixin.py:150} INFO - [2024-02-16T20:10:24.178+0000] {dag.py:2742} INFO - Sync 1 DAGs
[2024-02-16T20:10:24.195+0000] {logging_mixin.py:150} INFO - [2024-02-16T20:10:24.195+0000] {dag.py:3504} INFO - Setting next_dagrun for example_branch_operator to 2024-02-15T00:00:00+00:00, run_after=2024-02-16T00:00:00+00:00
[2024-02-16T20:10:24.242+0000] {processor.py:179} INFO - Processing /usr/local/python/3.10.13/lib/python3.10/site-packages/airflow/example_dags/example_branch_operator.py took 0.090 seconds
[2024-02-16T20:11:39.894+0000] {processor.py:157} INFO - Started process (PID=21409) to work on /usr/local/python/3.10.13/lib/python3.10/site-packages/airflow/example_dags/example_branch_operator.py
[2024-02-16T20:11:39.894+0000] {processor.py:826} INFO - Processing file /usr/local/python/3.10.13/lib/python3.10/site-packages/airflow/example_dags/example_branch_operator.py for tasks to queue
[2024-02-16T20:11:39.895+0000] {logging_mixin.py:150} INFO - [2024-02-16T20:11:39.894+0000] {dagbag.py:541} INFO - Filling up the DagBag from /usr/local/python/3.10.13/lib/python3.10/site-packages/airflow/example_dags/example_branch_operator.py
[2024-02-16T20:11:39.902+0000] {processor.py:836} INFO - DAG(s) dict_keys(['example_branch_operator']) retrieved from /usr/local/python/3.10.13/lib/python3.10/site-packages/airflow/example_dags/example_branch_operator.py
[2024-02-16T20:11:39.917+0000] {logging_mixin.py:150} INFO - [2024-02-16T20:11:39.917+0000] {dag.py:2742} INFO - Sync 1 DAGs
[2024-02-16T20:11:39.933+0000] {logging_mixin.py:150} INFO - [2024-02-16T20:11:39.933+0000] {dag.py:3504} INFO - Setting next_dagrun for example_branch_operator to 2024-02-15T00:00:00+00:00, run_after=2024-02-16T00:00:00+00:00
[2024-02-16T20:11:39.987+0000] {processor.py:179} INFO - Processing /usr/local/python/3.10.13/lib/python3.10/site-packages/airflow/example_dags/example_branch_operator.py took 0.096 seconds
[2024-02-16T20:12:27.642+0000] {processor.py:157} INFO - Started process (PID=21763) to work on /usr/local/python/3.10.13/lib/python3.10/site-packages/airflow/example_dags/example_branch_operator.py
[2024-02-16T20:12:27.642+0000] {processor.py:826} INFO - Processing file /usr/local/python/3.10.13/lib/python3.10/site-packages/airflow/example_dags/example_branch_operator.py for tasks to queue
[2024-02-16T20:12:27.643+0000] {logging_mixin.py:150} INFO - [2024-02-16T20:12:27.643+0000] {dagbag.py:541} INFO - Filling up the DagBag from /usr/local/python/3.10.13/lib/python3.10/site-packages/airflow/example_dags/example_branch_operator.py
[2024-02-16T20:12:27.650+0000] {processor.py:836} INFO - DAG(s) dict_keys(['example_branch_operator']) retrieved from /usr/local/python/3.10.13/lib/python3.10/site-packages/airflow/example_dags/example_branch_operator.py
[2024-02-16T20:12:27.664+0000] {logging_mixin.py:150} INFO - [2024-02-16T20:12:27.663+0000] {dag.py:2742} INFO - Sync 1 DAGs
[2024-02-16T20:12:27.680+0000] {logging_mixin.py:150} INFO - [2024-02-16T20:12:27.680+0000] {dag.py:3504} INFO - Setting next_dagrun for example_branch_operator to 2024-02-15T00:00:00+00:00, run_after=2024-02-16T00:00:00+00:00
[2024-02-16T20:12:27.729+0000] {processor.py:179} INFO - Processing /usr/local/python/3.10.13/lib/python3.10/site-packages/airflow/example_dags/example_branch_operator.py took 0.090 seconds
[2024-02-16T20:13:17.011+0000] {processor.py:157} INFO - Started process (PID=22130) to work on /usr/local/python/3.10.13/lib/python3.10/site-packages/airflow/example_dags/example_branch_operator.py
[2024-02-16T20:13:17.012+0000] {processor.py:826} INFO - Processing file /usr/local/python/3.10.13/lib/python3.10/site-packages/airflow/example_dags/example_branch_operator.py for tasks to queue
[2024-02-16T20:13:17.013+0000] {logging_mixin.py:150} INFO - [2024-02-16T20:13:17.012+0000] {dagbag.py:541} INFO - Filling up the DagBag from /usr/local/python/3.10.13/lib/python3.10/site-packages/airflow/example_dags/example_branch_operator.py
[2024-02-16T20:13:17.021+0000] {processor.py:836} INFO - DAG(s) dict_keys(['example_branch_operator']) retrieved from /usr/local/python/3.10.13/lib/python3.10/site-packages/airflow/example_dags/example_branch_operator.py
[2024-02-16T20:13:17.042+0000] {logging_mixin.py:150} INFO - [2024-02-16T20:13:17.042+0000] {dag.py:2742} INFO - Sync 1 DAGs
[2024-02-16T20:13:17.067+0000] {logging_mixin.py:150} INFO - [2024-02-16T20:13:17.067+0000] {dag.py:3504} INFO - Setting next_dagrun for example_branch_operator to 2024-02-15T00:00:00+00:00, run_after=2024-02-16T00:00:00+00:00
[2024-02-16T20:13:17.118+0000] {processor.py:179} INFO - Processing /usr/local/python/3.10.13/lib/python3.10/site-packages/airflow/example_dags/example_branch_operator.py took 0.109 seconds
[2024-02-16T20:14:10.179+0000] {processor.py:157} INFO - Started process (PID=22522) to work on /usr/local/python/3.10.13/lib/python3.10/site-packages/airflow/example_dags/example_branch_operator.py
[2024-02-16T20:14:10.180+0000] {processor.py:826} INFO - Processing file /usr/local/python/3.10.13/lib/python3.10/site-packages/airflow/example_dags/example_branch_operator.py for tasks to queue
[2024-02-16T20:14:10.181+0000] {logging_mixin.py:150} INFO - [2024-02-16T20:14:10.180+0000] {dagbag.py:541} INFO - Filling up the DagBag from /usr/local/python/3.10.13/lib/python3.10/site-packages/airflow/example_dags/example_branch_operator.py
[2024-02-16T20:14:10.189+0000] {processor.py:836} INFO - DAG(s) dict_keys(['example_branch_operator']) retrieved from /usr/local/python/3.10.13/lib/python3.10/site-packages/airflow/example_dags/example_branch_operator.py
[2024-02-16T20:14:10.204+0000] {logging_mixin.py:150} INFO - [2024-02-16T20:14:10.204+0000] {dag.py:2742} INFO - Sync 1 DAGs
[2024-02-16T20:14:10.221+0000] {logging_mixin.py:150} INFO - [2024-02-16T20:14:10.221+0000] {dag.py:3504} INFO - Setting next_dagrun for example_branch_operator to 2024-02-15T00:00:00+00:00, run_after=2024-02-16T00:00:00+00:00
[2024-02-16T20:14:10.266+0000] {processor.py:179} INFO - Processing /usr/local/python/3.10.13/lib/python3.10/site-packages/airflow/example_dags/example_branch_operator.py took 0.088 seconds
[2024-02-16T20:15:05.091+0000] {processor.py:157} INFO - Started process (PID=22928) to work on /usr/local/python/3.10.13/lib/python3.10/site-packages/airflow/example_dags/example_branch_operator.py
[2024-02-16T20:15:05.092+0000] {processor.py:826} INFO - Processing file /usr/local/python/3.10.13/lib/python3.10/site-packages/airflow/example_dags/example_branch_operator.py for tasks to queue
[2024-02-16T20:15:05.093+0000] {logging_mixin.py:150} INFO - [2024-02-16T20:15:05.092+0000] {dagbag.py:541} INFO - Filling up the DagBag from /usr/local/python/3.10.13/lib/python3.10/site-packages/airflow/example_dags/example_branch_operator.py
[2024-02-16T20:15:05.100+0000] {processor.py:836} INFO - DAG(s) dict_keys(['example_branch_operator']) retrieved from /usr/local/python/3.10.13/lib/python3.10/site-packages/airflow/example_dags/example_branch_operator.py
[2024-02-16T20:15:05.113+0000] {logging_mixin.py:150} INFO - [2024-02-16T20:15:05.113+0000] {dag.py:2742} INFO - Sync 1 DAGs
[2024-02-16T20:15:05.129+0000] {logging_mixin.py:150} INFO - [2024-02-16T20:15:05.129+0000] {dag.py:3504} INFO - Setting next_dagrun for example_branch_operator to 2024-02-15T00:00:00+00:00, run_after=2024-02-16T00:00:00+00:00
[2024-02-16T20:15:05.174+0000] {processor.py:179} INFO - Processing /usr/local/python/3.10.13/lib/python3.10/site-packages/airflow/example_dags/example_branch_operator.py took 0.085 seconds
[2024-02-16T20:15:54.484+0000] {processor.py:157} INFO - Started process (PID=23303) to work on /usr/local/python/3.10.13/lib/python3.10/site-packages/airflow/example_dags/example_branch_operator.py
[2024-02-16T20:15:54.484+0000] {processor.py:826} INFO - Processing file /usr/local/python/3.10.13/lib/python3.10/site-packages/airflow/example_dags/example_branch_operator.py for tasks to queue
[2024-02-16T20:15:54.485+0000] {logging_mixin.py:150} INFO - [2024-02-16T20:15:54.485+0000] {dagbag.py:541} INFO - Filling up the DagBag from /usr/local/python/3.10.13/lib/python3.10/site-packages/airflow/example_dags/example_branch_operator.py
[2024-02-16T20:15:54.494+0000] {processor.py:836} INFO - DAG(s) dict_keys(['example_branch_operator']) retrieved from /usr/local/python/3.10.13/lib/python3.10/site-packages/airflow/example_dags/example_branch_operator.py
[2024-02-16T20:15:54.515+0000] {logging_mixin.py:150} INFO - [2024-02-16T20:15:54.514+0000] {dag.py:2742} INFO - Sync 1 DAGs
[2024-02-16T20:15:54.531+0000] {logging_mixin.py:150} INFO - [2024-02-16T20:15:54.531+0000] {dag.py:3504} INFO - Setting next_dagrun for example_branch_operator to 2024-02-15T00:00:00+00:00, run_after=2024-02-16T00:00:00+00:00
[2024-02-16T20:15:54.579+0000] {processor.py:179} INFO - Processing /usr/local/python/3.10.13/lib/python3.10/site-packages/airflow/example_dags/example_branch_operator.py took 0.098 seconds
[2024-02-16T20:16:50.218+0000] {processor.py:157} INFO - Started process (PID=23722) to work on /usr/local/python/3.10.13/lib/python3.10/site-packages/airflow/example_dags/example_branch_operator.py
[2024-02-16T20:16:50.218+0000] {processor.py:826} INFO - Processing file /usr/local/python/3.10.13/lib/python3.10/site-packages/airflow/example_dags/example_branch_operator.py for tasks to queue
[2024-02-16T20:16:50.219+0000] {logging_mixin.py:150} INFO - [2024-02-16T20:16:50.219+0000] {dagbag.py:541} INFO - Filling up the DagBag from /usr/local/python/3.10.13/lib/python3.10/site-packages/airflow/example_dags/example_branch_operator.py
[2024-02-16T20:16:50.226+0000] {processor.py:836} INFO - DAG(s) dict_keys(['example_branch_operator']) retrieved from /usr/local/python/3.10.13/lib/python3.10/site-packages/airflow/example_dags/example_branch_operator.py
[2024-02-16T20:16:50.240+0000] {logging_mixin.py:150} INFO - [2024-02-16T20:16:50.240+0000] {dag.py:2742} INFO - Sync 1 DAGs
[2024-02-16T20:16:50.257+0000] {logging_mixin.py:150} INFO - [2024-02-16T20:16:50.257+0000] {dag.py:3504} INFO - Setting next_dagrun for example_branch_operator to 2024-02-15T00:00:00+00:00, run_after=2024-02-16T00:00:00+00:00
[2024-02-16T20:16:50.307+0000] {processor.py:179} INFO - Processing /usr/local/python/3.10.13/lib/python3.10/site-packages/airflow/example_dags/example_branch_operator.py took 0.092 seconds
[2024-02-16T20:17:42.202+0000] {processor.py:157} INFO - Started process (PID=24110) to work on /usr/local/python/3.10.13/lib/python3.10/site-packages/airflow/example_dags/example_branch_operator.py
[2024-02-16T20:17:42.203+0000] {processor.py:826} INFO - Processing file /usr/local/python/3.10.13/lib/python3.10/site-packages/airflow/example_dags/example_branch_operator.py for tasks to queue
[2024-02-16T20:17:42.203+0000] {logging_mixin.py:150} INFO - [2024-02-16T20:17:42.203+0000] {dagbag.py:541} INFO - Filling up the DagBag from /usr/local/python/3.10.13/lib/python3.10/site-packages/airflow/example_dags/example_branch_operator.py
[2024-02-16T20:17:42.211+0000] {processor.py:836} INFO - DAG(s) dict_keys(['example_branch_operator']) retrieved from /usr/local/python/3.10.13/lib/python3.10/site-packages/airflow/example_dags/example_branch_operator.py
[2024-02-16T20:17:42.225+0000] {logging_mixin.py:150} INFO - [2024-02-16T20:17:42.224+0000] {dag.py:2742} INFO - Sync 1 DAGs
[2024-02-16T20:17:42.241+0000] {logging_mixin.py:150} INFO - [2024-02-16T20:17:42.241+0000] {dag.py:3504} INFO - Setting next_dagrun for example_branch_operator to 2024-02-15T00:00:00+00:00, run_after=2024-02-16T00:00:00+00:00
[2024-02-16T20:17:42.290+0000] {processor.py:179} INFO - Processing /usr/local/python/3.10.13/lib/python3.10/site-packages/airflow/example_dags/example_branch_operator.py took 0.090 seconds
[2024-02-16T20:18:35.466+0000] {processor.py:157} INFO - Started process (PID=24504) to work on /usr/local/python/3.10.13/lib/python3.10/site-packages/airflow/example_dags/example_branch_operator.py
[2024-02-16T20:18:35.467+0000] {processor.py:826} INFO - Processing file /usr/local/python/3.10.13/lib/python3.10/site-packages/airflow/example_dags/example_branch_operator.py for tasks to queue
[2024-02-16T20:18:35.468+0000] {logging_mixin.py:150} INFO - [2024-02-16T20:18:35.467+0000] {dagbag.py:541} INFO - Filling up the DagBag from /usr/local/python/3.10.13/lib/python3.10/site-packages/airflow/example_dags/example_branch_operator.py
[2024-02-16T20:18:35.474+0000] {processor.py:836} INFO - DAG(s) dict_keys(['example_branch_operator']) retrieved from /usr/local/python/3.10.13/lib/python3.10/site-packages/airflow/example_dags/example_branch_operator.py
[2024-02-16T20:18:35.488+0000] {logging_mixin.py:150} INFO - [2024-02-16T20:18:35.488+0000] {dag.py:2742} INFO - Sync 1 DAGs
[2024-02-16T20:18:35.504+0000] {logging_mixin.py:150} INFO - [2024-02-16T20:18:35.504+0000] {dag.py:3504} INFO - Setting next_dagrun for example_branch_operator to 2024-02-15T00:00:00+00:00, run_after=2024-02-16T00:00:00+00:00
[2024-02-16T20:18:35.562+0000] {processor.py:179} INFO - Processing /usr/local/python/3.10.13/lib/python3.10/site-packages/airflow/example_dags/example_branch_operator.py took 0.097 seconds
[2024-02-16T20:19:27.047+0000] {processor.py:157} INFO - Started process (PID=24887) to work on /usr/local/python/3.10.13/lib/python3.10/site-packages/airflow/example_dags/example_branch_operator.py
[2024-02-16T20:19:27.048+0000] {processor.py:826} INFO - Processing file /usr/local/python/3.10.13/lib/python3.10/site-packages/airflow/example_dags/example_branch_operator.py for tasks to queue
[2024-02-16T20:19:27.049+0000] {logging_mixin.py:150} INFO - [2024-02-16T20:19:27.048+0000] {dagbag.py:541} INFO - Filling up the DagBag from /usr/local/python/3.10.13/lib/python3.10/site-packages/airflow/example_dags/example_branch_operator.py
[2024-02-16T20:19:27.056+0000] {processor.py:836} INFO - DAG(s) dict_keys(['example_branch_operator']) retrieved from /usr/local/python/3.10.13/lib/python3.10/site-packages/airflow/example_dags/example_branch_operator.py
[2024-02-16T20:19:27.070+0000] {logging_mixin.py:150} INFO - [2024-02-16T20:19:27.069+0000] {dag.py:2742} INFO - Sync 1 DAGs
[2024-02-16T20:19:27.086+0000] {logging_mixin.py:150} INFO - [2024-02-16T20:19:27.086+0000] {dag.py:3504} INFO - Setting next_dagrun for example_branch_operator to 2024-02-15T00:00:00+00:00, run_after=2024-02-16T00:00:00+00:00
[2024-02-16T20:19:27.133+0000] {processor.py:179} INFO - Processing /usr/local/python/3.10.13/lib/python3.10/site-packages/airflow/example_dags/example_branch_operator.py took 0.087 seconds
[2024-02-16T20:20:22.188+0000] {processor.py:157} INFO - Started process (PID=25284) to work on /usr/local/python/3.10.13/lib/python3.10/site-packages/airflow/example_dags/example_branch_operator.py
[2024-02-16T20:20:22.189+0000] {processor.py:826} INFO - Processing file /usr/local/python/3.10.13/lib/python3.10/site-packages/airflow/example_dags/example_branch_operator.py for tasks to queue
[2024-02-16T20:20:22.190+0000] {logging_mixin.py:150} INFO - [2024-02-16T20:20:22.190+0000] {dagbag.py:541} INFO - Filling up the DagBag from /usr/local/python/3.10.13/lib/python3.10/site-packages/airflow/example_dags/example_branch_operator.py
[2024-02-16T20:20:22.201+0000] {processor.py:836} INFO - DAG(s) dict_keys(['example_branch_operator']) retrieved from /usr/local/python/3.10.13/lib/python3.10/site-packages/airflow/example_dags/example_branch_operator.py
[2024-02-16T20:20:22.215+0000] {logging_mixin.py:150} INFO - [2024-02-16T20:20:22.215+0000] {dag.py:2742} INFO - Sync 1 DAGs
[2024-02-16T20:20:22.233+0000] {logging_mixin.py:150} INFO - [2024-02-16T20:20:22.233+0000] {dag.py:3504} INFO - Setting next_dagrun for example_branch_operator to 2024-02-15T00:00:00+00:00, run_after=2024-02-16T00:00:00+00:00
[2024-02-16T20:20:22.289+0000] {processor.py:179} INFO - Processing /usr/local/python/3.10.13/lib/python3.10/site-packages/airflow/example_dags/example_branch_operator.py took 0.103 seconds
[2024-02-16T20:21:14.080+0000] {processor.py:157} INFO - Started process (PID=25674) to work on /usr/local/python/3.10.13/lib/python3.10/site-packages/airflow/example_dags/example_branch_operator.py
[2024-02-16T20:21:14.081+0000] {processor.py:826} INFO - Processing file /usr/local/python/3.10.13/lib/python3.10/site-packages/airflow/example_dags/example_branch_operator.py for tasks to queue
[2024-02-16T20:21:14.082+0000] {logging_mixin.py:150} INFO - [2024-02-16T20:21:14.081+0000] {dagbag.py:541} INFO - Filling up the DagBag from /usr/local/python/3.10.13/lib/python3.10/site-packages/airflow/example_dags/example_branch_operator.py
[2024-02-16T20:21:14.089+0000] {processor.py:836} INFO - DAG(s) dict_keys(['example_branch_operator']) retrieved from /usr/local/python/3.10.13/lib/python3.10/site-packages/airflow/example_dags/example_branch_operator.py
[2024-02-16T20:21:14.102+0000] {logging_mixin.py:150} INFO - [2024-02-16T20:21:14.102+0000] {dag.py:2742} INFO - Sync 1 DAGs
[2024-02-16T20:21:14.118+0000] {logging_mixin.py:150} INFO - [2024-02-16T20:21:14.118+0000] {dag.py:3504} INFO - Setting next_dagrun for example_branch_operator to 2024-02-15T00:00:00+00:00, run_after=2024-02-16T00:00:00+00:00
[2024-02-16T20:21:14.170+0000] {processor.py:179} INFO - Processing /usr/local/python/3.10.13/lib/python3.10/site-packages/airflow/example_dags/example_branch_operator.py took 0.092 seconds
[2024-02-16T20:22:09.580+0000] {processor.py:157} INFO - Started process (PID=26102) to work on /usr/local/python/3.10.13/lib/python3.10/site-packages/airflow/example_dags/example_branch_operator.py
[2024-02-16T20:22:09.581+0000] {processor.py:826} INFO - Processing file /usr/local/python/3.10.13/lib/python3.10/site-packages/airflow/example_dags/example_branch_operator.py for tasks to queue
[2024-02-16T20:22:09.582+0000] {logging_mixin.py:150} INFO - [2024-02-16T20:22:09.581+0000] {dagbag.py:541} INFO - Filling up the DagBag from /usr/local/python/3.10.13/lib/python3.10/site-packages/airflow/example_dags/example_branch_operator.py
[2024-02-16T20:22:09.589+0000] {processor.py:836} INFO - DAG(s) dict_keys(['example_branch_operator']) retrieved from /usr/local/python/3.10.13/lib/python3.10/site-packages/airflow/example_dags/example_branch_operator.py
[2024-02-16T20:22:09.602+0000] {logging_mixin.py:150} INFO - [2024-02-16T20:22:09.602+0000] {dag.py:2742} INFO - Sync 1 DAGs
[2024-02-16T20:22:09.620+0000] {logging_mixin.py:150} INFO - [2024-02-16T20:22:09.620+0000] {dag.py:3504} INFO - Setting next_dagrun for example_branch_operator to 2024-02-15T00:00:00+00:00, run_after=2024-02-16T00:00:00+00:00
[2024-02-16T20:22:09.667+0000] {processor.py:179} INFO - Processing /usr/local/python/3.10.13/lib/python3.10/site-packages/airflow/example_dags/example_branch_operator.py took 0.089 seconds
[2024-02-16T20:23:04.713+0000] {processor.py:157} INFO - Started process (PID=26513) to work on /usr/local/python/3.10.13/lib/python3.10/site-packages/airflow/example_dags/example_branch_operator.py
[2024-02-16T20:23:04.714+0000] {processor.py:826} INFO - Processing file /usr/local/python/3.10.13/lib/python3.10/site-packages/airflow/example_dags/example_branch_operator.py for tasks to queue
[2024-02-16T20:23:04.714+0000] {logging_mixin.py:150} INFO - [2024-02-16T20:23:04.714+0000] {dagbag.py:541} INFO - Filling up the DagBag from /usr/local/python/3.10.13/lib/python3.10/site-packages/airflow/example_dags/example_branch_operator.py
[2024-02-16T20:23:04.722+0000] {processor.py:836} INFO - DAG(s) dict_keys(['example_branch_operator']) retrieved from /usr/local/python/3.10.13/lib/python3.10/site-packages/airflow/example_dags/example_branch_operator.py
[2024-02-16T20:23:04.736+0000] {logging_mixin.py:150} INFO - [2024-02-16T20:23:04.736+0000] {dag.py:2742} INFO - Sync 1 DAGs
[2024-02-16T20:23:04.752+0000] {logging_mixin.py:150} INFO - [2024-02-16T20:23:04.752+0000] {dag.py:3504} INFO - Setting next_dagrun for example_branch_operator to 2024-02-15T00:00:00+00:00, run_after=2024-02-16T00:00:00+00:00
[2024-02-16T20:23:04.797+0000] {processor.py:179} INFO - Processing /usr/local/python/3.10.13/lib/python3.10/site-packages/airflow/example_dags/example_branch_operator.py took 0.086 seconds
[2024-02-16T20:23:56.781+0000] {processor.py:157} INFO - Started process (PID=26880) to work on /usr/local/python/3.10.13/lib/python3.10/site-packages/airflow/example_dags/example_branch_operator.py
[2024-02-16T20:23:56.782+0000] {processor.py:826} INFO - Processing file /usr/local/python/3.10.13/lib/python3.10/site-packages/airflow/example_dags/example_branch_operator.py for tasks to queue
[2024-02-16T20:23:56.783+0000] {logging_mixin.py:150} INFO - [2024-02-16T20:23:56.782+0000] {dagbag.py:541} INFO - Filling up the DagBag from /usr/local/python/3.10.13/lib/python3.10/site-packages/airflow/example_dags/example_branch_operator.py
[2024-02-16T20:23:56.793+0000] {processor.py:836} INFO - DAG(s) dict_keys(['example_branch_operator']) retrieved from /usr/local/python/3.10.13/lib/python3.10/site-packages/airflow/example_dags/example_branch_operator.py
[2024-02-16T20:23:56.812+0000] {logging_mixin.py:150} INFO - [2024-02-16T20:23:56.812+0000] {dag.py:2742} INFO - Sync 1 DAGs
[2024-02-16T20:23:56.834+0000] {logging_mixin.py:150} INFO - [2024-02-16T20:23:56.834+0000] {dag.py:3504} INFO - Setting next_dagrun for example_branch_operator to 2024-02-15T00:00:00+00:00, run_after=2024-02-16T00:00:00+00:00
[2024-02-16T20:23:56.884+0000] {processor.py:179} INFO - Processing /usr/local/python/3.10.13/lib/python3.10/site-packages/airflow/example_dags/example_branch_operator.py took 0.106 seconds
[2024-02-16T20:24:54.967+0000] {processor.py:157} INFO - Started process (PID=27475) to work on /usr/local/python/3.10.13/lib/python3.10/site-packages/airflow/example_dags/example_branch_operator.py
[2024-02-16T20:24:54.968+0000] {processor.py:826} INFO - Processing file /usr/local/python/3.10.13/lib/python3.10/site-packages/airflow/example_dags/example_branch_operator.py for tasks to queue
[2024-02-16T20:24:54.969+0000] {logging_mixin.py:150} INFO - [2024-02-16T20:24:54.968+0000] {dagbag.py:541} INFO - Filling up the DagBag from /usr/local/python/3.10.13/lib/python3.10/site-packages/airflow/example_dags/example_branch_operator.py
[2024-02-16T20:24:54.977+0000] {processor.py:836} INFO - DAG(s) dict_keys(['example_branch_operator']) retrieved from /usr/local/python/3.10.13/lib/python3.10/site-packages/airflow/example_dags/example_branch_operator.py
[2024-02-16T20:24:54.994+0000] {logging_mixin.py:150} INFO - [2024-02-16T20:24:54.994+0000] {dag.py:2742} INFO - Sync 1 DAGs
[2024-02-16T20:24:55.016+0000] {logging_mixin.py:150} INFO - [2024-02-16T20:24:55.015+0000] {dag.py:3504} INFO - Setting next_dagrun for example_branch_operator to 2024-02-15T00:00:00+00:00, run_after=2024-02-16T00:00:00+00:00
[2024-02-16T20:24:55.081+0000] {processor.py:179} INFO - Processing /usr/local/python/3.10.13/lib/python3.10/site-packages/airflow/example_dags/example_branch_operator.py took 0.116 seconds
