[2024-02-16T20:09:07.168+0000] {processor.py:157} INFO - Started process (PID=19999) to work on /usr/local/python/3.10.13/lib/python3.10/site-packages/airflow/example_dags/example_xcomargs.py
[2024-02-16T20:09:07.168+0000] {processor.py:826} INFO - Processing file /usr/local/python/3.10.13/lib/python3.10/site-packages/airflow/example_dags/example_xcomargs.py for tasks to queue
[2024-02-16T20:09:07.169+0000] {logging_mixin.py:150} INFO - [2024-02-16T20:09:07.169+0000] {dagbag.py:541} INFO - Filling up the DagBag from /usr/local/python/3.10.13/lib/python3.10/site-packages/airflow/example_dags/example_xcomargs.py
[2024-02-16T20:09:07.177+0000] {processor.py:836} INFO - DAG(s) dict_keys(['example_xcom_args_with_operators', 'example_xcom_args']) retrieved from /usr/local/python/3.10.13/lib/python3.10/site-packages/airflow/example_dags/example_xcomargs.py
[2024-02-16T20:09:07.330+0000] {logging_mixin.py:150} INFO - [2024-02-16T20:09:07.330+0000] {manager.py:504} INFO - Created Permission View: can read on DAG:example_xcom_args_with_operators
[2024-02-16T20:09:07.383+0000] {logging_mixin.py:150} INFO - [2024-02-16T20:09:07.383+0000] {manager.py:504} INFO - Created Permission View: can edit on DAG:example_xcom_args_with_operators
[2024-02-16T20:09:07.420+0000] {logging_mixin.py:150} INFO - [2024-02-16T20:09:07.419+0000] {manager.py:504} INFO - Created Permission View: can delete on DAG:example_xcom_args_with_operators
[2024-02-16T20:09:07.506+0000] {logging_mixin.py:150} INFO - [2024-02-16T20:09:07.506+0000] {manager.py:504} INFO - Created Permission View: can read on DAG:example_xcom_args
[2024-02-16T20:09:07.543+0000] {logging_mixin.py:150} INFO - [2024-02-16T20:09:07.543+0000] {manager.py:504} INFO - Created Permission View: can edit on DAG:example_xcom_args
[2024-02-16T20:09:07.578+0000] {logging_mixin.py:150} INFO - [2024-02-16T20:09:07.577+0000] {manager.py:504} INFO - Created Permission View: can delete on DAG:example_xcom_args
[2024-02-16T20:09:07.581+0000] {logging_mixin.py:150} INFO - [2024-02-16T20:09:07.581+0000] {dag.py:2742} INFO - Sync 2 DAGs
[2024-02-16T20:09:07.590+0000] {logging_mixin.py:150} INFO - [2024-02-16T20:09:07.590+0000] {dag.py:2763} INFO - Creating ORM DAG for example_xcom_args
[2024-02-16T20:09:07.590+0000] {logging_mixin.py:150} INFO - [2024-02-16T20:09:07.590+0000] {dag.py:2763} INFO - Creating ORM DAG for example_xcom_args_with_operators
[2024-02-16T20:09:07.597+0000] {logging_mixin.py:150} INFO - [2024-02-16T20:09:07.597+0000] {dag.py:3504} INFO - Setting next_dagrun for example_xcom_args to None, run_after=None
[2024-02-16T20:09:07.597+0000] {logging_mixin.py:150} INFO - [2024-02-16T20:09:07.597+0000] {dag.py:3504} INFO - Setting next_dagrun for example_xcom_args_with_operators to None, run_after=None
[2024-02-16T20:09:07.647+0000] {processor.py:179} INFO - Processing /usr/local/python/3.10.13/lib/python3.10/site-packages/airflow/example_dags/example_xcomargs.py took 0.483 seconds
[2024-02-16T20:10:05.076+0000] {processor.py:157} INFO - Started process (PID=20500) to work on /usr/local/python/3.10.13/lib/python3.10/site-packages/airflow/example_dags/example_xcomargs.py
[2024-02-16T20:10:05.077+0000] {processor.py:826} INFO - Processing file /usr/local/python/3.10.13/lib/python3.10/site-packages/airflow/example_dags/example_xcomargs.py for tasks to queue
[2024-02-16T20:10:05.078+0000] {logging_mixin.py:150} INFO - [2024-02-16T20:10:05.077+0000] {dagbag.py:541} INFO - Filling up the DagBag from /usr/local/python/3.10.13/lib/python3.10/site-packages/airflow/example_dags/example_xcomargs.py
[2024-02-16T20:10:05.087+0000] {processor.py:836} INFO - DAG(s) dict_keys(['example_xcom_args_with_operators', 'example_xcom_args']) retrieved from /usr/local/python/3.10.13/lib/python3.10/site-packages/airflow/example_dags/example_xcomargs.py
[2024-02-16T20:10:05.126+0000] {logging_mixin.py:150} INFO - [2024-02-16T20:10:05.125+0000] {dag.py:2742} INFO - Sync 2 DAGs
[2024-02-16T20:10:05.143+0000] {logging_mixin.py:150} INFO - [2024-02-16T20:10:05.143+0000] {dag.py:3504} INFO - Setting next_dagrun for example_xcom_args to None, run_after=None
[2024-02-16T20:10:05.145+0000] {logging_mixin.py:150} INFO - [2024-02-16T20:10:05.145+0000] {dag.py:3504} INFO - Setting next_dagrun for example_xcom_args_with_operators to None, run_after=None
[2024-02-16T20:10:05.192+0000] {processor.py:179} INFO - Processing /usr/local/python/3.10.13/lib/python3.10/site-packages/airflow/example_dags/example_xcomargs.py took 0.119 seconds
[2024-02-16T20:10:48.224+0000] {processor.py:157} INFO - Started process (PID=20920) to work on /usr/local/python/3.10.13/lib/python3.10/site-packages/airflow/example_dags/example_xcomargs.py
[2024-02-16T20:10:48.224+0000] {processor.py:826} INFO - Processing file /usr/local/python/3.10.13/lib/python3.10/site-packages/airflow/example_dags/example_xcomargs.py for tasks to queue
[2024-02-16T20:10:48.225+0000] {logging_mixin.py:150} INFO - [2024-02-16T20:10:48.225+0000] {dagbag.py:541} INFO - Filling up the DagBag from /usr/local/python/3.10.13/lib/python3.10/site-packages/airflow/example_dags/example_xcomargs.py
[2024-02-16T20:10:48.231+0000] {processor.py:836} INFO - DAG(s) dict_keys(['example_xcom_args', 'example_xcom_args_with_operators']) retrieved from /usr/local/python/3.10.13/lib/python3.10/site-packages/airflow/example_dags/example_xcomargs.py
[2024-02-16T20:10:48.245+0000] {logging_mixin.py:150} INFO - [2024-02-16T20:10:48.245+0000] {dag.py:2742} INFO - Sync 2 DAGs
[2024-02-16T20:10:48.265+0000] {logging_mixin.py:150} INFO - [2024-02-16T20:10:48.264+0000] {dag.py:3504} INFO - Setting next_dagrun for example_xcom_args to None, run_after=None
[2024-02-16T20:10:48.267+0000] {logging_mixin.py:150} INFO - [2024-02-16T20:10:48.267+0000] {dag.py:3504} INFO - Setting next_dagrun for example_xcom_args_with_operators to None, run_after=None
[2024-02-16T20:10:48.315+0000] {processor.py:179} INFO - Processing /usr/local/python/3.10.13/lib/python3.10/site-packages/airflow/example_dags/example_xcomargs.py took 0.094 seconds
[2024-02-16T20:11:20.269+0000] {processor.py:157} INFO - Started process (PID=21263) to work on /usr/local/python/3.10.13/lib/python3.10/site-packages/airflow/example_dags/example_xcomargs.py
[2024-02-16T20:11:20.269+0000] {processor.py:826} INFO - Processing file /usr/local/python/3.10.13/lib/python3.10/site-packages/airflow/example_dags/example_xcomargs.py for tasks to queue
[2024-02-16T20:11:20.270+0000] {logging_mixin.py:150} INFO - [2024-02-16T20:11:20.270+0000] {dagbag.py:541} INFO - Filling up the DagBag from /usr/local/python/3.10.13/lib/python3.10/site-packages/airflow/example_dags/example_xcomargs.py
[2024-02-16T20:11:20.276+0000] {processor.py:836} INFO - DAG(s) dict_keys(['example_xcom_args_with_operators', 'example_xcom_args']) retrieved from /usr/local/python/3.10.13/lib/python3.10/site-packages/airflow/example_dags/example_xcomargs.py
[2024-02-16T20:11:20.293+0000] {logging_mixin.py:150} INFO - [2024-02-16T20:11:20.292+0000] {dag.py:2742} INFO - Sync 2 DAGs
[2024-02-16T20:11:20.308+0000] {logging_mixin.py:150} INFO - [2024-02-16T20:11:20.308+0000] {dag.py:3504} INFO - Setting next_dagrun for example_xcom_args to None, run_after=None
[2024-02-16T20:11:20.310+0000] {logging_mixin.py:150} INFO - [2024-02-16T20:11:20.310+0000] {dag.py:3504} INFO - Setting next_dagrun for example_xcom_args_with_operators to None, run_after=None
[2024-02-16T20:11:20.360+0000] {processor.py:179} INFO - Processing /usr/local/python/3.10.13/lib/python3.10/site-packages/airflow/example_dags/example_xcomargs.py took 0.094 seconds
[2024-02-16T20:12:07.468+0000] {processor.py:157} INFO - Started process (PID=21616) to work on /usr/local/python/3.10.13/lib/python3.10/site-packages/airflow/example_dags/example_xcomargs.py
[2024-02-16T20:12:07.468+0000] {processor.py:826} INFO - Processing file /usr/local/python/3.10.13/lib/python3.10/site-packages/airflow/example_dags/example_xcomargs.py for tasks to queue
[2024-02-16T20:12:07.469+0000] {logging_mixin.py:150} INFO - [2024-02-16T20:12:07.469+0000] {dagbag.py:541} INFO - Filling up the DagBag from /usr/local/python/3.10.13/lib/python3.10/site-packages/airflow/example_dags/example_xcomargs.py
[2024-02-16T20:12:07.476+0000] {processor.py:836} INFO - DAG(s) dict_keys(['example_xcom_args_with_operators', 'example_xcom_args']) retrieved from /usr/local/python/3.10.13/lib/python3.10/site-packages/airflow/example_dags/example_xcomargs.py
[2024-02-16T20:12:07.491+0000] {logging_mixin.py:150} INFO - [2024-02-16T20:12:07.491+0000] {dag.py:2742} INFO - Sync 2 DAGs
[2024-02-16T20:12:07.506+0000] {logging_mixin.py:150} INFO - [2024-02-16T20:12:07.505+0000] {dag.py:3504} INFO - Setting next_dagrun for example_xcom_args to None, run_after=None
[2024-02-16T20:12:07.508+0000] {logging_mixin.py:150} INFO - [2024-02-16T20:12:07.508+0000] {dag.py:3504} INFO - Setting next_dagrun for example_xcom_args_with_operators to None, run_after=None
[2024-02-16T20:12:07.551+0000] {processor.py:179} INFO - Processing /usr/local/python/3.10.13/lib/python3.10/site-packages/airflow/example_dags/example_xcomargs.py took 0.086 seconds
[2024-02-16T20:12:54.981+0000] {processor.py:157} INFO - Started process (PID=21945) to work on /usr/local/python/3.10.13/lib/python3.10/site-packages/airflow/example_dags/example_xcomargs.py
[2024-02-16T20:12:54.982+0000] {processor.py:826} INFO - Processing file /usr/local/python/3.10.13/lib/python3.10/site-packages/airflow/example_dags/example_xcomargs.py for tasks to queue
[2024-02-16T20:12:54.982+0000] {logging_mixin.py:150} INFO - [2024-02-16T20:12:54.982+0000] {dagbag.py:541} INFO - Filling up the DagBag from /usr/local/python/3.10.13/lib/python3.10/site-packages/airflow/example_dags/example_xcomargs.py
[2024-02-16T20:12:54.988+0000] {processor.py:836} INFO - DAG(s) dict_keys(['example_xcom_args', 'example_xcom_args_with_operators']) retrieved from /usr/local/python/3.10.13/lib/python3.10/site-packages/airflow/example_dags/example_xcomargs.py
[2024-02-16T20:12:55.002+0000] {logging_mixin.py:150} INFO - [2024-02-16T20:12:55.002+0000] {dag.py:2742} INFO - Sync 2 DAGs
[2024-02-16T20:12:55.017+0000] {logging_mixin.py:150} INFO - [2024-02-16T20:12:55.017+0000] {dag.py:3504} INFO - Setting next_dagrun for example_xcom_args to None, run_after=None
[2024-02-16T20:12:55.019+0000] {logging_mixin.py:150} INFO - [2024-02-16T20:12:55.019+0000] {dag.py:3504} INFO - Setting next_dagrun for example_xcom_args_with_operators to None, run_after=None
[2024-02-16T20:12:55.066+0000] {processor.py:179} INFO - Processing /usr/local/python/3.10.13/lib/python3.10/site-packages/airflow/example_dags/example_xcomargs.py took 0.087 seconds
[2024-02-16T20:13:46.678+0000] {processor.py:157} INFO - Started process (PID=22336) to work on /usr/local/python/3.10.13/lib/python3.10/site-packages/airflow/example_dags/example_xcomargs.py
[2024-02-16T20:13:46.679+0000] {processor.py:826} INFO - Processing file /usr/local/python/3.10.13/lib/python3.10/site-packages/airflow/example_dags/example_xcomargs.py for tasks to queue
[2024-02-16T20:13:46.680+0000] {logging_mixin.py:150} INFO - [2024-02-16T20:13:46.680+0000] {dagbag.py:541} INFO - Filling up the DagBag from /usr/local/python/3.10.13/lib/python3.10/site-packages/airflow/example_dags/example_xcomargs.py
[2024-02-16T20:13:46.689+0000] {processor.py:836} INFO - DAG(s) dict_keys(['example_xcom_args_with_operators', 'example_xcom_args']) retrieved from /usr/local/python/3.10.13/lib/python3.10/site-packages/airflow/example_dags/example_xcomargs.py
[2024-02-16T20:13:46.711+0000] {logging_mixin.py:150} INFO - [2024-02-16T20:13:46.710+0000] {dag.py:2742} INFO - Sync 2 DAGs
[2024-02-16T20:13:46.734+0000] {logging_mixin.py:150} INFO - [2024-02-16T20:13:46.734+0000] {dag.py:3504} INFO - Setting next_dagrun for example_xcom_args to None, run_after=None
[2024-02-16T20:13:46.737+0000] {logging_mixin.py:150} INFO - [2024-02-16T20:13:46.736+0000] {dag.py:3504} INFO - Setting next_dagrun for example_xcom_args_with_operators to None, run_after=None
[2024-02-16T20:13:46.785+0000] {processor.py:179} INFO - Processing /usr/local/python/3.10.13/lib/python3.10/site-packages/airflow/example_dags/example_xcomargs.py took 0.110 seconds
[2024-02-16T20:14:24.721+0000] {processor.py:157} INFO - Started process (PID=22625) to work on /usr/local/python/3.10.13/lib/python3.10/site-packages/airflow/example_dags/example_xcomargs.py
[2024-02-16T20:14:24.721+0000] {processor.py:826} INFO - Processing file /usr/local/python/3.10.13/lib/python3.10/site-packages/airflow/example_dags/example_xcomargs.py for tasks to queue
[2024-02-16T20:14:24.722+0000] {logging_mixin.py:150} INFO - [2024-02-16T20:14:24.722+0000] {dagbag.py:541} INFO - Filling up the DagBag from /usr/local/python/3.10.13/lib/python3.10/site-packages/airflow/example_dags/example_xcomargs.py
[2024-02-16T20:14:24.728+0000] {processor.py:836} INFO - DAG(s) dict_keys(['example_xcom_args_with_operators', 'example_xcom_args']) retrieved from /usr/local/python/3.10.13/lib/python3.10/site-packages/airflow/example_dags/example_xcomargs.py
[2024-02-16T20:14:24.748+0000] {logging_mixin.py:150} INFO - [2024-02-16T20:14:24.748+0000] {dag.py:2742} INFO - Sync 2 DAGs
[2024-02-16T20:14:24.763+0000] {logging_mixin.py:150} INFO - [2024-02-16T20:14:24.763+0000] {dag.py:3504} INFO - Setting next_dagrun for example_xcom_args to None, run_after=None
[2024-02-16T20:14:24.766+0000] {logging_mixin.py:150} INFO - [2024-02-16T20:14:24.766+0000] {dag.py:3504} INFO - Setting next_dagrun for example_xcom_args_with_operators to None, run_after=None
[2024-02-16T20:14:24.810+0000] {processor.py:179} INFO - Processing /usr/local/python/3.10.13/lib/python3.10/site-packages/airflow/example_dags/example_xcomargs.py took 0.091 seconds
[2024-02-16T20:15:16.469+0000] {processor.py:157} INFO - Started process (PID=23008) to work on /usr/local/python/3.10.13/lib/python3.10/site-packages/airflow/example_dags/example_xcomargs.py
[2024-02-16T20:15:16.471+0000] {processor.py:826} INFO - Processing file /usr/local/python/3.10.13/lib/python3.10/site-packages/airflow/example_dags/example_xcomargs.py for tasks to queue
[2024-02-16T20:15:16.472+0000] {logging_mixin.py:150} INFO - [2024-02-16T20:15:16.472+0000] {dagbag.py:541} INFO - Filling up the DagBag from /usr/local/python/3.10.13/lib/python3.10/site-packages/airflow/example_dags/example_xcomargs.py
[2024-02-16T20:15:16.481+0000] {processor.py:836} INFO - DAG(s) dict_keys(['example_xcom_args', 'example_xcom_args_with_operators']) retrieved from /usr/local/python/3.10.13/lib/python3.10/site-packages/airflow/example_dags/example_xcomargs.py
[2024-02-16T20:15:16.503+0000] {logging_mixin.py:150} INFO - [2024-02-16T20:15:16.503+0000] {dag.py:2742} INFO - Sync 2 DAGs
[2024-02-16T20:15:16.527+0000] {logging_mixin.py:150} INFO - [2024-02-16T20:15:16.526+0000] {dag.py:3504} INFO - Setting next_dagrun for example_xcom_args to None, run_after=None
[2024-02-16T20:15:16.530+0000] {logging_mixin.py:150} INFO - [2024-02-16T20:15:16.530+0000] {dag.py:3504} INFO - Setting next_dagrun for example_xcom_args_with_operators to None, run_after=None
[2024-02-16T20:15:16.580+0000] {processor.py:179} INFO - Processing /usr/local/python/3.10.13/lib/python3.10/site-packages/airflow/example_dags/example_xcomargs.py took 0.113 seconds
[2024-02-16T20:16:07.492+0000] {processor.py:157} INFO - Started process (PID=23397) to work on /usr/local/python/3.10.13/lib/python3.10/site-packages/airflow/example_dags/example_xcomargs.py
[2024-02-16T20:16:07.493+0000] {processor.py:826} INFO - Processing file /usr/local/python/3.10.13/lib/python3.10/site-packages/airflow/example_dags/example_xcomargs.py for tasks to queue
[2024-02-16T20:16:07.494+0000] {logging_mixin.py:150} INFO - [2024-02-16T20:16:07.493+0000] {dagbag.py:541} INFO - Filling up the DagBag from /usr/local/python/3.10.13/lib/python3.10/site-packages/airflow/example_dags/example_xcomargs.py
[2024-02-16T20:16:07.500+0000] {processor.py:836} INFO - DAG(s) dict_keys(['example_xcom_args', 'example_xcom_args_with_operators']) retrieved from /usr/local/python/3.10.13/lib/python3.10/site-packages/airflow/example_dags/example_xcomargs.py
[2024-02-16T20:16:07.518+0000] {logging_mixin.py:150} INFO - [2024-02-16T20:16:07.518+0000] {dag.py:2742} INFO - Sync 2 DAGs
[2024-02-16T20:16:07.541+0000] {logging_mixin.py:150} INFO - [2024-02-16T20:16:07.541+0000] {dag.py:3504} INFO - Setting next_dagrun for example_xcom_args to None, run_after=None
[2024-02-16T20:16:07.544+0000] {logging_mixin.py:150} INFO - [2024-02-16T20:16:07.544+0000] {dag.py:3504} INFO - Setting next_dagrun for example_xcom_args_with_operators to None, run_after=None
[2024-02-16T20:16:07.592+0000] {processor.py:179} INFO - Processing /usr/local/python/3.10.13/lib/python3.10/site-packages/airflow/example_dags/example_xcomargs.py took 0.102 seconds
[2024-02-16T20:16:45.015+0000] {processor.py:157} INFO - Started process (PID=23677) to work on /usr/local/python/3.10.13/lib/python3.10/site-packages/airflow/example_dags/example_xcomargs.py
[2024-02-16T20:16:45.016+0000] {processor.py:826} INFO - Processing file /usr/local/python/3.10.13/lib/python3.10/site-packages/airflow/example_dags/example_xcomargs.py for tasks to queue
[2024-02-16T20:16:45.016+0000] {logging_mixin.py:150} INFO - [2024-02-16T20:16:45.016+0000] {dagbag.py:541} INFO - Filling up the DagBag from /usr/local/python/3.10.13/lib/python3.10/site-packages/airflow/example_dags/example_xcomargs.py
[2024-02-16T20:16:45.023+0000] {processor.py:836} INFO - DAG(s) dict_keys(['example_xcom_args', 'example_xcom_args_with_operators']) retrieved from /usr/local/python/3.10.13/lib/python3.10/site-packages/airflow/example_dags/example_xcomargs.py
[2024-02-16T20:16:45.037+0000] {logging_mixin.py:150} INFO - [2024-02-16T20:16:45.037+0000] {dag.py:2742} INFO - Sync 2 DAGs
[2024-02-16T20:16:45.052+0000] {logging_mixin.py:150} INFO - [2024-02-16T20:16:45.052+0000] {dag.py:3504} INFO - Setting next_dagrun for example_xcom_args to None, run_after=None
[2024-02-16T20:16:45.054+0000] {logging_mixin.py:150} INFO - [2024-02-16T20:16:45.054+0000] {dag.py:3504} INFO - Setting next_dagrun for example_xcom_args_with_operators to None, run_after=None
[2024-02-16T20:16:45.104+0000] {processor.py:179} INFO - Processing /usr/local/python/3.10.13/lib/python3.10/site-packages/airflow/example_dags/example_xcomargs.py took 0.092 seconds
[2024-02-16T20:17:37.029+0000] {processor.py:157} INFO - Started process (PID=24063) to work on /usr/local/python/3.10.13/lib/python3.10/site-packages/airflow/example_dags/example_xcomargs.py
[2024-02-16T20:17:37.029+0000] {processor.py:826} INFO - Processing file /usr/local/python/3.10.13/lib/python3.10/site-packages/airflow/example_dags/example_xcomargs.py for tasks to queue
[2024-02-16T20:17:37.030+0000] {logging_mixin.py:150} INFO - [2024-02-16T20:17:37.030+0000] {dagbag.py:541} INFO - Filling up the DagBag from /usr/local/python/3.10.13/lib/python3.10/site-packages/airflow/example_dags/example_xcomargs.py
[2024-02-16T20:17:37.036+0000] {processor.py:836} INFO - DAG(s) dict_keys(['example_xcom_args_with_operators', 'example_xcom_args']) retrieved from /usr/local/python/3.10.13/lib/python3.10/site-packages/airflow/example_dags/example_xcomargs.py
[2024-02-16T20:17:37.052+0000] {logging_mixin.py:150} INFO - [2024-02-16T20:17:37.052+0000] {dag.py:2742} INFO - Sync 2 DAGs
[2024-02-16T20:17:37.068+0000] {logging_mixin.py:150} INFO - [2024-02-16T20:17:37.068+0000] {dag.py:3504} INFO - Setting next_dagrun for example_xcom_args to None, run_after=None
[2024-02-16T20:17:37.071+0000] {logging_mixin.py:150} INFO - [2024-02-16T20:17:37.071+0000] {dag.py:3504} INFO - Setting next_dagrun for example_xcom_args_with_operators to None, run_after=None
[2024-02-16T20:17:37.119+0000] {processor.py:179} INFO - Processing /usr/local/python/3.10.13/lib/python3.10/site-packages/airflow/example_dags/example_xcomargs.py took 0.093 seconds
[2024-02-16T20:18:27.660+0000] {processor.py:157} INFO - Started process (PID=24439) to work on /usr/local/python/3.10.13/lib/python3.10/site-packages/airflow/example_dags/example_xcomargs.py
[2024-02-16T20:18:27.660+0000] {processor.py:826} INFO - Processing file /usr/local/python/3.10.13/lib/python3.10/site-packages/airflow/example_dags/example_xcomargs.py for tasks to queue
[2024-02-16T20:18:27.661+0000] {logging_mixin.py:150} INFO - [2024-02-16T20:18:27.661+0000] {dagbag.py:541} INFO - Filling up the DagBag from /usr/local/python/3.10.13/lib/python3.10/site-packages/airflow/example_dags/example_xcomargs.py
[2024-02-16T20:18:27.667+0000] {processor.py:836} INFO - DAG(s) dict_keys(['example_xcom_args', 'example_xcom_args_with_operators']) retrieved from /usr/local/python/3.10.13/lib/python3.10/site-packages/airflow/example_dags/example_xcomargs.py
[2024-02-16T20:18:27.680+0000] {logging_mixin.py:150} INFO - [2024-02-16T20:18:27.680+0000] {dag.py:2742} INFO - Sync 2 DAGs
[2024-02-16T20:18:27.696+0000] {logging_mixin.py:150} INFO - [2024-02-16T20:18:27.695+0000] {dag.py:3504} INFO - Setting next_dagrun for example_xcom_args to None, run_after=None
[2024-02-16T20:18:27.698+0000] {logging_mixin.py:150} INFO - [2024-02-16T20:18:27.698+0000] {dag.py:3504} INFO - Setting next_dagrun for example_xcom_args_with_operators to None, run_after=None
[2024-02-16T20:18:27.759+0000] {processor.py:179} INFO - Processing /usr/local/python/3.10.13/lib/python3.10/site-packages/airflow/example_dags/example_xcomargs.py took 0.102 seconds
[2024-02-16T20:19:05.238+0000] {processor.py:157} INFO - Started process (PID=24723) to work on /usr/local/python/3.10.13/lib/python3.10/site-packages/airflow/example_dags/example_xcomargs.py
[2024-02-16T20:19:05.239+0000] {processor.py:826} INFO - Processing file /usr/local/python/3.10.13/lib/python3.10/site-packages/airflow/example_dags/example_xcomargs.py for tasks to queue
[2024-02-16T20:19:05.240+0000] {logging_mixin.py:150} INFO - [2024-02-16T20:19:05.239+0000] {dagbag.py:541} INFO - Filling up the DagBag from /usr/local/python/3.10.13/lib/python3.10/site-packages/airflow/example_dags/example_xcomargs.py
[2024-02-16T20:19:05.246+0000] {processor.py:836} INFO - DAG(s) dict_keys(['example_xcom_args', 'example_xcom_args_with_operators']) retrieved from /usr/local/python/3.10.13/lib/python3.10/site-packages/airflow/example_dags/example_xcomargs.py
[2024-02-16T20:19:05.260+0000] {logging_mixin.py:150} INFO - [2024-02-16T20:19:05.260+0000] {dag.py:2742} INFO - Sync 2 DAGs
[2024-02-16T20:19:05.275+0000] {logging_mixin.py:150} INFO - [2024-02-16T20:19:05.275+0000] {dag.py:3504} INFO - Setting next_dagrun for example_xcom_args to None, run_after=None
[2024-02-16T20:19:05.277+0000] {logging_mixin.py:150} INFO - [2024-02-16T20:19:05.277+0000] {dag.py:3504} INFO - Setting next_dagrun for example_xcom_args_with_operators to None, run_after=None
[2024-02-16T20:19:05.324+0000] {processor.py:179} INFO - Processing /usr/local/python/3.10.13/lib/python3.10/site-packages/airflow/example_dags/example_xcomargs.py took 0.088 seconds
[2024-02-16T20:19:57.440+0000] {processor.py:157} INFO - Started process (PID=25119) to work on /usr/local/python/3.10.13/lib/python3.10/site-packages/airflow/example_dags/example_xcomargs.py
[2024-02-16T20:19:57.441+0000] {processor.py:826} INFO - Processing file /usr/local/python/3.10.13/lib/python3.10/site-packages/airflow/example_dags/example_xcomargs.py for tasks to queue
[2024-02-16T20:19:57.441+0000] {logging_mixin.py:150} INFO - [2024-02-16T20:19:57.441+0000] {dagbag.py:541} INFO - Filling up the DagBag from /usr/local/python/3.10.13/lib/python3.10/site-packages/airflow/example_dags/example_xcomargs.py
[2024-02-16T20:19:57.447+0000] {processor.py:836} INFO - DAG(s) dict_keys(['example_xcom_args', 'example_xcom_args_with_operators']) retrieved from /usr/local/python/3.10.13/lib/python3.10/site-packages/airflow/example_dags/example_xcomargs.py
[2024-02-16T20:19:57.461+0000] {logging_mixin.py:150} INFO - [2024-02-16T20:19:57.461+0000] {dag.py:2742} INFO - Sync 2 DAGs
[2024-02-16T20:19:57.476+0000] {logging_mixin.py:150} INFO - [2024-02-16T20:19:57.476+0000] {dag.py:3504} INFO - Setting next_dagrun for example_xcom_args to None, run_after=None
[2024-02-16T20:19:57.478+0000] {logging_mixin.py:150} INFO - [2024-02-16T20:19:57.478+0000] {dag.py:3504} INFO - Setting next_dagrun for example_xcom_args_with_operators to None, run_after=None
[2024-02-16T20:19:57.526+0000] {processor.py:179} INFO - Processing /usr/local/python/3.10.13/lib/python3.10/site-packages/airflow/example_dags/example_xcomargs.py took 0.088 seconds
[2024-02-16T20:20:33.933+0000] {processor.py:157} INFO - Started process (PID=25396) to work on /usr/local/python/3.10.13/lib/python3.10/site-packages/airflow/example_dags/example_xcomargs.py
[2024-02-16T20:20:33.934+0000] {processor.py:826} INFO - Processing file /usr/local/python/3.10.13/lib/python3.10/site-packages/airflow/example_dags/example_xcomargs.py for tasks to queue
[2024-02-16T20:20:33.934+0000] {logging_mixin.py:150} INFO - [2024-02-16T20:20:33.934+0000] {dagbag.py:541} INFO - Filling up the DagBag from /usr/local/python/3.10.13/lib/python3.10/site-packages/airflow/example_dags/example_xcomargs.py
[2024-02-16T20:20:33.941+0000] {processor.py:836} INFO - DAG(s) dict_keys(['example_xcom_args_with_operators', 'example_xcom_args']) retrieved from /usr/local/python/3.10.13/lib/python3.10/site-packages/airflow/example_dags/example_xcomargs.py
[2024-02-16T20:20:33.954+0000] {logging_mixin.py:150} INFO - [2024-02-16T20:20:33.954+0000] {dag.py:2742} INFO - Sync 2 DAGs
[2024-02-16T20:20:33.970+0000] {logging_mixin.py:150} INFO - [2024-02-16T20:20:33.970+0000] {dag.py:3504} INFO - Setting next_dagrun for example_xcom_args to None, run_after=None
[2024-02-16T20:20:33.974+0000] {logging_mixin.py:150} INFO - [2024-02-16T20:20:33.974+0000] {dag.py:3504} INFO - Setting next_dagrun for example_xcom_args_with_operators to None, run_after=None
[2024-02-16T20:20:34.022+0000] {processor.py:179} INFO - Processing /usr/local/python/3.10.13/lib/python3.10/site-packages/airflow/example_dags/example_xcomargs.py took 0.091 seconds
[2024-02-16T20:21:27.050+0000] {processor.py:157} INFO - Started process (PID=25785) to work on /usr/local/python/3.10.13/lib/python3.10/site-packages/airflow/example_dags/example_xcomargs.py
[2024-02-16T20:21:27.050+0000] {processor.py:826} INFO - Processing file /usr/local/python/3.10.13/lib/python3.10/site-packages/airflow/example_dags/example_xcomargs.py for tasks to queue
[2024-02-16T20:21:27.051+0000] {logging_mixin.py:150} INFO - [2024-02-16T20:21:27.051+0000] {dagbag.py:541} INFO - Filling up the DagBag from /usr/local/python/3.10.13/lib/python3.10/site-packages/airflow/example_dags/example_xcomargs.py
[2024-02-16T20:21:27.057+0000] {processor.py:836} INFO - DAG(s) dict_keys(['example_xcom_args_with_operators', 'example_xcom_args']) retrieved from /usr/local/python/3.10.13/lib/python3.10/site-packages/airflow/example_dags/example_xcomargs.py
[2024-02-16T20:21:27.079+0000] {logging_mixin.py:150} INFO - [2024-02-16T20:21:27.079+0000] {dag.py:2742} INFO - Sync 2 DAGs
[2024-02-16T20:21:27.103+0000] {logging_mixin.py:150} INFO - [2024-02-16T20:21:27.103+0000] {dag.py:3504} INFO - Setting next_dagrun for example_xcom_args to None, run_after=None
[2024-02-16T20:21:27.106+0000] {logging_mixin.py:150} INFO - [2024-02-16T20:21:27.106+0000] {dag.py:3504} INFO - Setting next_dagrun for example_xcom_args_with_operators to None, run_after=None
[2024-02-16T20:21:27.156+0000] {processor.py:179} INFO - Processing /usr/local/python/3.10.13/lib/python3.10/site-packages/airflow/example_dags/example_xcomargs.py took 0.109 seconds
[2024-02-16T20:22:03.975+0000] {processor.py:157} INFO - Started process (PID=26046) to work on /usr/local/python/3.10.13/lib/python3.10/site-packages/airflow/example_dags/example_xcomargs.py
[2024-02-16T20:22:03.976+0000] {processor.py:826} INFO - Processing file /usr/local/python/3.10.13/lib/python3.10/site-packages/airflow/example_dags/example_xcomargs.py for tasks to queue
[2024-02-16T20:22:03.977+0000] {logging_mixin.py:150} INFO - [2024-02-16T20:22:03.976+0000] {dagbag.py:541} INFO - Filling up the DagBag from /usr/local/python/3.10.13/lib/python3.10/site-packages/airflow/example_dags/example_xcomargs.py
[2024-02-16T20:22:03.982+0000] {processor.py:836} INFO - DAG(s) dict_keys(['example_xcom_args', 'example_xcom_args_with_operators']) retrieved from /usr/local/python/3.10.13/lib/python3.10/site-packages/airflow/example_dags/example_xcomargs.py
[2024-02-16T20:22:03.999+0000] {logging_mixin.py:150} INFO - [2024-02-16T20:22:03.999+0000] {dag.py:2742} INFO - Sync 2 DAGs
[2024-02-16T20:22:04.019+0000] {logging_mixin.py:150} INFO - [2024-02-16T20:22:04.019+0000] {dag.py:3504} INFO - Setting next_dagrun for example_xcom_args to None, run_after=None
[2024-02-16T20:22:04.023+0000] {logging_mixin.py:150} INFO - [2024-02-16T20:22:04.023+0000] {dag.py:3504} INFO - Setting next_dagrun for example_xcom_args_with_operators to None, run_after=None
[2024-02-16T20:22:04.078+0000] {processor.py:179} INFO - Processing /usr/local/python/3.10.13/lib/python3.10/site-packages/airflow/example_dags/example_xcomargs.py took 0.105 seconds
[2024-02-16T20:22:40.432+0000] {processor.py:157} INFO - Started process (PID=26336) to work on /usr/local/python/3.10.13/lib/python3.10/site-packages/airflow/example_dags/example_xcomargs.py
[2024-02-16T20:22:40.432+0000] {processor.py:826} INFO - Processing file /usr/local/python/3.10.13/lib/python3.10/site-packages/airflow/example_dags/example_xcomargs.py for tasks to queue
[2024-02-16T20:22:40.433+0000] {logging_mixin.py:150} INFO - [2024-02-16T20:22:40.433+0000] {dagbag.py:541} INFO - Filling up the DagBag from /usr/local/python/3.10.13/lib/python3.10/site-packages/airflow/example_dags/example_xcomargs.py
[2024-02-16T20:22:40.439+0000] {processor.py:836} INFO - DAG(s) dict_keys(['example_xcom_args_with_operators', 'example_xcom_args']) retrieved from /usr/local/python/3.10.13/lib/python3.10/site-packages/airflow/example_dags/example_xcomargs.py
[2024-02-16T20:22:40.452+0000] {logging_mixin.py:150} INFO - [2024-02-16T20:22:40.452+0000] {dag.py:2742} INFO - Sync 2 DAGs
[2024-02-16T20:22:40.467+0000] {logging_mixin.py:150} INFO - [2024-02-16T20:22:40.466+0000] {dag.py:3504} INFO - Setting next_dagrun for example_xcom_args to None, run_after=None
[2024-02-16T20:22:40.469+0000] {logging_mixin.py:150} INFO - [2024-02-16T20:22:40.469+0000] {dag.py:3504} INFO - Setting next_dagrun for example_xcom_args_with_operators to None, run_after=None
[2024-02-16T20:22:40.521+0000] {processor.py:179} INFO - Processing /usr/local/python/3.10.13/lib/python3.10/site-packages/airflow/example_dags/example_xcomargs.py took 0.091 seconds
[2024-02-16T20:23:15.434+0000] {processor.py:157} INFO - Started process (PID=26592) to work on /usr/local/python/3.10.13/lib/python3.10/site-packages/airflow/example_dags/example_xcomargs.py
[2024-02-16T20:23:15.435+0000] {processor.py:826} INFO - Processing file /usr/local/python/3.10.13/lib/python3.10/site-packages/airflow/example_dags/example_xcomargs.py for tasks to queue
[2024-02-16T20:23:15.436+0000] {logging_mixin.py:150} INFO - [2024-02-16T20:23:15.435+0000] {dagbag.py:541} INFO - Filling up the DagBag from /usr/local/python/3.10.13/lib/python3.10/site-packages/airflow/example_dags/example_xcomargs.py
[2024-02-16T20:23:15.442+0000] {processor.py:836} INFO - DAG(s) dict_keys(['example_xcom_args', 'example_xcom_args_with_operators']) retrieved from /usr/local/python/3.10.13/lib/python3.10/site-packages/airflow/example_dags/example_xcomargs.py
[2024-02-16T20:23:15.456+0000] {logging_mixin.py:150} INFO - [2024-02-16T20:23:15.456+0000] {dag.py:2742} INFO - Sync 2 DAGs
[2024-02-16T20:23:15.471+0000] {logging_mixin.py:150} INFO - [2024-02-16T20:23:15.471+0000] {dag.py:3504} INFO - Setting next_dagrun for example_xcom_args to None, run_after=None
[2024-02-16T20:23:15.474+0000] {logging_mixin.py:150} INFO - [2024-02-16T20:23:15.474+0000] {dag.py:3504} INFO - Setting next_dagrun for example_xcom_args_with_operators to None, run_after=None
[2024-02-16T20:23:15.520+0000] {processor.py:179} INFO - Processing /usr/local/python/3.10.13/lib/python3.10/site-packages/airflow/example_dags/example_xcomargs.py took 0.088 seconds
[2024-02-16T20:24:08.128+0000] {processor.py:157} INFO - Started process (PID=27001) to work on /usr/local/python/3.10.13/lib/python3.10/site-packages/airflow/example_dags/example_xcomargs.py
[2024-02-16T20:24:08.129+0000] {processor.py:826} INFO - Processing file /usr/local/python/3.10.13/lib/python3.10/site-packages/airflow/example_dags/example_xcomargs.py for tasks to queue
[2024-02-16T20:24:08.130+0000] {logging_mixin.py:150} INFO - [2024-02-16T20:24:08.130+0000] {dagbag.py:541} INFO - Filling up the DagBag from /usr/local/python/3.10.13/lib/python3.10/site-packages/airflow/example_dags/example_xcomargs.py
[2024-02-16T20:24:08.139+0000] {processor.py:836} INFO - DAG(s) dict_keys(['example_xcom_args_with_operators', 'example_xcom_args']) retrieved from /usr/local/python/3.10.13/lib/python3.10/site-packages/airflow/example_dags/example_xcomargs.py
[2024-02-16T20:24:08.161+0000] {logging_mixin.py:150} INFO - [2024-02-16T20:24:08.161+0000] {dag.py:2742} INFO - Sync 2 DAGs
[2024-02-16T20:24:08.185+0000] {logging_mixin.py:150} INFO - [2024-02-16T20:24:08.185+0000] {dag.py:3504} INFO - Setting next_dagrun for example_xcom_args to None, run_after=None
[2024-02-16T20:24:08.189+0000] {logging_mixin.py:150} INFO - [2024-02-16T20:24:08.189+0000] {dag.py:3504} INFO - Setting next_dagrun for example_xcom_args_with_operators to None, run_after=None
[2024-02-16T20:24:08.243+0000] {processor.py:179} INFO - Processing /usr/local/python/3.10.13/lib/python3.10/site-packages/airflow/example_dags/example_xcomargs.py took 0.118 seconds
