[2024-02-16T20:09:02.935+0000] {processor.py:157} INFO - Started process (PID=19974) to work on /usr/local/python/3.10.13/lib/python3.10/site-packages/airflow/example_dags/example_subdag_operator.py
[2024-02-16T20:09:02.935+0000] {processor.py:826} INFO - Processing file /usr/local/python/3.10.13/lib/python3.10/site-packages/airflow/example_dags/example_subdag_operator.py for tasks to queue
[2024-02-16T20:09:02.936+0000] {logging_mixin.py:150} INFO - [2024-02-16T20:09:02.936+0000] {dagbag.py:541} INFO - Filling up the DagBag from /usr/local/python/3.10.13/lib/python3.10/site-packages/airflow/example_dags/example_subdag_operator.py
[2024-02-16T20:09:02.950+0000] {processor.py:836} INFO - DAG(s) dict_keys(['example_subdag_operator.section-1', 'example_subdag_operator.section-2', 'example_subdag_operator']) retrieved from /usr/local/python/3.10.13/lib/python3.10/site-packages/airflow/example_dags/example_subdag_operator.py
[2024-02-16T20:09:03.099+0000] {logging_mixin.py:150} INFO - [2024-02-16T20:09:03.099+0000] {manager.py:504} INFO - Created Permission View: can read on DAG:example_subdag_operator
[2024-02-16T20:09:03.141+0000] {logging_mixin.py:150} INFO - [2024-02-16T20:09:03.141+0000] {manager.py:504} INFO - Created Permission View: can edit on DAG:example_subdag_operator
[2024-02-16T20:09:03.178+0000] {logging_mixin.py:150} INFO - [2024-02-16T20:09:03.178+0000] {manager.py:504} INFO - Created Permission View: can delete on DAG:example_subdag_operator
[2024-02-16T20:09:03.187+0000] {logging_mixin.py:150} INFO - [2024-02-16T20:09:03.186+0000] {dag.py:2742} INFO - Sync 3 DAGs
[2024-02-16T20:09:03.194+0000] {logging_mixin.py:150} INFO - [2024-02-16T20:09:03.194+0000] {dag.py:2763} INFO - Creating ORM DAG for example_subdag_operator.section-1
[2024-02-16T20:09:03.194+0000] {logging_mixin.py:150} INFO - [2024-02-16T20:09:03.194+0000] {dag.py:2763} INFO - Creating ORM DAG for example_subdag_operator.section-2
[2024-02-16T20:09:03.195+0000] {logging_mixin.py:150} INFO - [2024-02-16T20:09:03.195+0000] {dag.py:2763} INFO - Creating ORM DAG for example_subdag_operator
[2024-02-16T20:09:03.202+0000] {logging_mixin.py:150} INFO - [2024-02-16T20:09:03.202+0000] {dag.py:3504} INFO - Setting next_dagrun for example_subdag_operator to 2022-01-01T00:00:00+00:00, run_after=2022-01-01T00:00:00+00:00
[2024-02-16T20:09:03.203+0000] {logging_mixin.py:150} INFO - [2024-02-16T20:09:03.203+0000] {dag.py:3504} INFO - Setting next_dagrun for example_subdag_operator.section-1 to None, run_after=None
[2024-02-16T20:09:03.203+0000] {logging_mixin.py:150} INFO - [2024-02-16T20:09:03.203+0000] {dag.py:3504} INFO - Setting next_dagrun for example_subdag_operator.section-2 to None, run_after=None
[2024-02-16T20:09:03.208+0000] {logging_mixin.py:150} INFO - [2024-02-16T20:09:03.208+0000] {dag.py:2742} INFO - Sync 2 DAGs
[2024-02-16T20:09:03.211+0000] {logging_mixin.py:150} INFO - [2024-02-16T20:09:03.211+0000] {dag.py:3504} INFO - Setting next_dagrun for example_subdag_operator.section-1 to None, run_after=None
[2024-02-16T20:09:03.213+0000] {logging_mixin.py:150} INFO - [2024-02-16T20:09:03.213+0000] {dag.py:3504} INFO - Setting next_dagrun for example_subdag_operator.section-2 to None, run_after=None
[2024-02-16T20:09:03.254+0000] {processor.py:179} INFO - Processing /usr/local/python/3.10.13/lib/python3.10/site-packages/airflow/example_dags/example_subdag_operator.py took 0.322 seconds
[2024-02-16T20:10:01.214+0000] {processor.py:157} INFO - Started process (PID=20460) to work on /usr/local/python/3.10.13/lib/python3.10/site-packages/airflow/example_dags/example_subdag_operator.py
[2024-02-16T20:10:01.215+0000] {processor.py:826} INFO - Processing file /usr/local/python/3.10.13/lib/python3.10/site-packages/airflow/example_dags/example_subdag_operator.py for tasks to queue
[2024-02-16T20:10:01.216+0000] {logging_mixin.py:150} INFO - [2024-02-16T20:10:01.215+0000] {dagbag.py:541} INFO - Filling up the DagBag from /usr/local/python/3.10.13/lib/python3.10/site-packages/airflow/example_dags/example_subdag_operator.py
[2024-02-16T20:10:01.231+0000] {processor.py:836} INFO - DAG(s) dict_keys(['example_subdag_operator.section-1', 'example_subdag_operator.section-2', 'example_subdag_operator']) retrieved from /usr/local/python/3.10.13/lib/python3.10/site-packages/airflow/example_dags/example_subdag_operator.py
[2024-02-16T20:10:01.243+0000] {logging_mixin.py:150} INFO - [2024-02-16T20:10:01.243+0000] {dag.py:2742} INFO - Sync 3 DAGs
[2024-02-16T20:10:01.258+0000] {logging_mixin.py:150} INFO - [2024-02-16T20:10:01.258+0000] {dag.py:3504} INFO - Setting next_dagrun for example_subdag_operator to 2022-01-01T00:00:00+00:00, run_after=2022-01-01T00:00:00+00:00
[2024-02-16T20:10:01.260+0000] {logging_mixin.py:150} INFO - [2024-02-16T20:10:01.260+0000] {dag.py:3504} INFO - Setting next_dagrun for example_subdag_operator.section-1 to None, run_after=None
[2024-02-16T20:10:01.261+0000] {logging_mixin.py:150} INFO - [2024-02-16T20:10:01.261+0000] {dag.py:3504} INFO - Setting next_dagrun for example_subdag_operator.section-2 to None, run_after=None
[2024-02-16T20:10:01.265+0000] {logging_mixin.py:150} INFO - [2024-02-16T20:10:01.265+0000] {dag.py:2742} INFO - Sync 2 DAGs
[2024-02-16T20:10:01.268+0000] {logging_mixin.py:150} INFO - [2024-02-16T20:10:01.268+0000] {dag.py:3504} INFO - Setting next_dagrun for example_subdag_operator.section-1 to None, run_after=None
[2024-02-16T20:10:01.268+0000] {logging_mixin.py:150} INFO - [2024-02-16T20:10:01.268+0000] {dag.py:3504} INFO - Setting next_dagrun for example_subdag_operator.section-2 to None, run_after=None
[2024-02-16T20:10:01.312+0000] {processor.py:179} INFO - Processing /usr/local/python/3.10.13/lib/python3.10/site-packages/airflow/example_dags/example_subdag_operator.py took 0.101 seconds
[2024-02-16T20:10:43.432+0000] {processor.py:157} INFO - Started process (PID=20873) to work on /usr/local/python/3.10.13/lib/python3.10/site-packages/airflow/example_dags/example_subdag_operator.py
[2024-02-16T20:10:43.432+0000] {processor.py:826} INFO - Processing file /usr/local/python/3.10.13/lib/python3.10/site-packages/airflow/example_dags/example_subdag_operator.py for tasks to queue
[2024-02-16T20:10:43.433+0000] {logging_mixin.py:150} INFO - [2024-02-16T20:10:43.433+0000] {dagbag.py:541} INFO - Filling up the DagBag from /usr/local/python/3.10.13/lib/python3.10/site-packages/airflow/example_dags/example_subdag_operator.py
[2024-02-16T20:10:43.448+0000] {processor.py:836} INFO - DAG(s) dict_keys(['example_subdag_operator.section-1', 'example_subdag_operator.section-2', 'example_subdag_operator']) retrieved from /usr/local/python/3.10.13/lib/python3.10/site-packages/airflow/example_dags/example_subdag_operator.py
[2024-02-16T20:10:43.460+0000] {logging_mixin.py:150} INFO - [2024-02-16T20:10:43.460+0000] {dag.py:2742} INFO - Sync 3 DAGs
[2024-02-16T20:10:43.475+0000] {logging_mixin.py:150} INFO - [2024-02-16T20:10:43.475+0000] {dag.py:3504} INFO - Setting next_dagrun for example_subdag_operator to 2022-01-01T00:00:00+00:00, run_after=2022-01-01T00:00:00+00:00
[2024-02-16T20:10:43.478+0000] {logging_mixin.py:150} INFO - [2024-02-16T20:10:43.478+0000] {dag.py:3504} INFO - Setting next_dagrun for example_subdag_operator.section-1 to None, run_after=None
[2024-02-16T20:10:43.479+0000] {logging_mixin.py:150} INFO - [2024-02-16T20:10:43.479+0000] {dag.py:3504} INFO - Setting next_dagrun for example_subdag_operator.section-2 to None, run_after=None
[2024-02-16T20:10:43.484+0000] {logging_mixin.py:150} INFO - [2024-02-16T20:10:43.484+0000] {dag.py:2742} INFO - Sync 2 DAGs
[2024-02-16T20:10:43.488+0000] {logging_mixin.py:150} INFO - [2024-02-16T20:10:43.488+0000] {dag.py:3504} INFO - Setting next_dagrun for example_subdag_operator.section-1 to None, run_after=None
[2024-02-16T20:10:43.488+0000] {logging_mixin.py:150} INFO - [2024-02-16T20:10:43.488+0000] {dag.py:3504} INFO - Setting next_dagrun for example_subdag_operator.section-2 to None, run_after=None
[2024-02-16T20:10:43.530+0000] {processor.py:179} INFO - Processing /usr/local/python/3.10.13/lib/python3.10/site-packages/airflow/example_dags/example_subdag_operator.py took 0.101 seconds
[2024-02-16T20:11:16.312+0000] {processor.py:157} INFO - Started process (PID=21244) to work on /usr/local/python/3.10.13/lib/python3.10/site-packages/airflow/example_dags/example_subdag_operator.py
[2024-02-16T20:11:16.313+0000] {processor.py:826} INFO - Processing file /usr/local/python/3.10.13/lib/python3.10/site-packages/airflow/example_dags/example_subdag_operator.py for tasks to queue
[2024-02-16T20:11:16.314+0000] {logging_mixin.py:150} INFO - [2024-02-16T20:11:16.313+0000] {dagbag.py:541} INFO - Filling up the DagBag from /usr/local/python/3.10.13/lib/python3.10/site-packages/airflow/example_dags/example_subdag_operator.py
[2024-02-16T20:11:16.336+0000] {processor.py:836} INFO - DAG(s) dict_keys(['example_subdag_operator.section-1', 'example_subdag_operator.section-2', 'example_subdag_operator']) retrieved from /usr/local/python/3.10.13/lib/python3.10/site-packages/airflow/example_dags/example_subdag_operator.py
[2024-02-16T20:11:16.352+0000] {logging_mixin.py:150} INFO - [2024-02-16T20:11:16.352+0000] {dag.py:2742} INFO - Sync 3 DAGs
[2024-02-16T20:11:16.379+0000] {logging_mixin.py:150} INFO - [2024-02-16T20:11:16.379+0000] {dag.py:3504} INFO - Setting next_dagrun for example_subdag_operator to 2022-01-01T00:00:00+00:00, run_after=2022-01-01T00:00:00+00:00
[2024-02-16T20:11:16.383+0000] {logging_mixin.py:150} INFO - [2024-02-16T20:11:16.382+0000] {dag.py:3504} INFO - Setting next_dagrun for example_subdag_operator.section-1 to None, run_after=None
[2024-02-16T20:11:16.383+0000] {logging_mixin.py:150} INFO - [2024-02-16T20:11:16.383+0000] {dag.py:3504} INFO - Setting next_dagrun for example_subdag_operator.section-2 to None, run_after=None
[2024-02-16T20:11:16.388+0000] {logging_mixin.py:150} INFO - [2024-02-16T20:11:16.388+0000] {dag.py:2742} INFO - Sync 2 DAGs
[2024-02-16T20:11:16.391+0000] {logging_mixin.py:150} INFO - [2024-02-16T20:11:16.390+0000] {dag.py:3504} INFO - Setting next_dagrun for example_subdag_operator.section-1 to None, run_after=None
[2024-02-16T20:11:16.391+0000] {logging_mixin.py:150} INFO - [2024-02-16T20:11:16.391+0000] {dag.py:3504} INFO - Setting next_dagrun for example_subdag_operator.section-2 to None, run_after=None
[2024-02-16T20:11:16.433+0000] {processor.py:179} INFO - Processing /usr/local/python/3.10.13/lib/python3.10/site-packages/airflow/example_dags/example_subdag_operator.py took 0.124 seconds
[2024-02-16T20:12:04.566+0000] {processor.py:157} INFO - Started process (PID=21584) to work on /usr/local/python/3.10.13/lib/python3.10/site-packages/airflow/example_dags/example_subdag_operator.py
[2024-02-16T20:12:04.566+0000] {processor.py:826} INFO - Processing file /usr/local/python/3.10.13/lib/python3.10/site-packages/airflow/example_dags/example_subdag_operator.py for tasks to queue
[2024-02-16T20:12:04.567+0000] {logging_mixin.py:150} INFO - [2024-02-16T20:12:04.567+0000] {dagbag.py:541} INFO - Filling up the DagBag from /usr/local/python/3.10.13/lib/python3.10/site-packages/airflow/example_dags/example_subdag_operator.py
[2024-02-16T20:12:04.581+0000] {processor.py:836} INFO - DAG(s) dict_keys(['example_subdag_operator.section-1', 'example_subdag_operator.section-2', 'example_subdag_operator']) retrieved from /usr/local/python/3.10.13/lib/python3.10/site-packages/airflow/example_dags/example_subdag_operator.py
[2024-02-16T20:12:04.593+0000] {logging_mixin.py:150} INFO - [2024-02-16T20:12:04.593+0000] {dag.py:2742} INFO - Sync 3 DAGs
[2024-02-16T20:12:04.608+0000] {logging_mixin.py:150} INFO - [2024-02-16T20:12:04.608+0000] {dag.py:3504} INFO - Setting next_dagrun for example_subdag_operator to 2022-01-01T00:00:00+00:00, run_after=2022-01-01T00:00:00+00:00
[2024-02-16T20:12:04.610+0000] {logging_mixin.py:150} INFO - [2024-02-16T20:12:04.610+0000] {dag.py:3504} INFO - Setting next_dagrun for example_subdag_operator.section-1 to None, run_after=None
[2024-02-16T20:12:04.611+0000] {logging_mixin.py:150} INFO - [2024-02-16T20:12:04.611+0000] {dag.py:3504} INFO - Setting next_dagrun for example_subdag_operator.section-2 to None, run_after=None
[2024-02-16T20:12:04.616+0000] {logging_mixin.py:150} INFO - [2024-02-16T20:12:04.616+0000] {dag.py:2742} INFO - Sync 2 DAGs
[2024-02-16T20:12:04.619+0000] {logging_mixin.py:150} INFO - [2024-02-16T20:12:04.619+0000] {dag.py:3504} INFO - Setting next_dagrun for example_subdag_operator.section-1 to None, run_after=None
[2024-02-16T20:12:04.619+0000] {logging_mixin.py:150} INFO - [2024-02-16T20:12:04.619+0000] {dag.py:3504} INFO - Setting next_dagrun for example_subdag_operator.section-2 to None, run_after=None
[2024-02-16T20:12:04.667+0000] {processor.py:179} INFO - Processing /usr/local/python/3.10.13/lib/python3.10/site-packages/airflow/example_dags/example_subdag_operator.py took 0.103 seconds
[2024-02-16T20:12:51.197+0000] {processor.py:157} INFO - Started process (PID=21923) to work on /usr/local/python/3.10.13/lib/python3.10/site-packages/airflow/example_dags/example_subdag_operator.py
[2024-02-16T20:12:51.198+0000] {processor.py:826} INFO - Processing file /usr/local/python/3.10.13/lib/python3.10/site-packages/airflow/example_dags/example_subdag_operator.py for tasks to queue
[2024-02-16T20:12:51.199+0000] {logging_mixin.py:150} INFO - [2024-02-16T20:12:51.198+0000] {dagbag.py:541} INFO - Filling up the DagBag from /usr/local/python/3.10.13/lib/python3.10/site-packages/airflow/example_dags/example_subdag_operator.py
[2024-02-16T20:12:51.213+0000] {processor.py:836} INFO - DAG(s) dict_keys(['example_subdag_operator.section-1', 'example_subdag_operator.section-2', 'example_subdag_operator']) retrieved from /usr/local/python/3.10.13/lib/python3.10/site-packages/airflow/example_dags/example_subdag_operator.py
[2024-02-16T20:12:51.224+0000] {logging_mixin.py:150} INFO - [2024-02-16T20:12:51.224+0000] {dag.py:2742} INFO - Sync 3 DAGs
[2024-02-16T20:12:51.240+0000] {logging_mixin.py:150} INFO - [2024-02-16T20:12:51.239+0000] {dag.py:3504} INFO - Setting next_dagrun for example_subdag_operator to 2022-01-01T00:00:00+00:00, run_after=2022-01-01T00:00:00+00:00
[2024-02-16T20:12:51.242+0000] {logging_mixin.py:150} INFO - [2024-02-16T20:12:51.242+0000] {dag.py:3504} INFO - Setting next_dagrun for example_subdag_operator.section-1 to None, run_after=None
[2024-02-16T20:12:51.243+0000] {logging_mixin.py:150} INFO - [2024-02-16T20:12:51.243+0000] {dag.py:3504} INFO - Setting next_dagrun for example_subdag_operator.section-2 to None, run_after=None
[2024-02-16T20:12:51.247+0000] {logging_mixin.py:150} INFO - [2024-02-16T20:12:51.247+0000] {dag.py:2742} INFO - Sync 2 DAGs
[2024-02-16T20:12:51.250+0000] {logging_mixin.py:150} INFO - [2024-02-16T20:12:51.250+0000] {dag.py:3504} INFO - Setting next_dagrun for example_subdag_operator.section-1 to None, run_after=None
[2024-02-16T20:12:51.250+0000] {logging_mixin.py:150} INFO - [2024-02-16T20:12:51.250+0000] {dag.py:3504} INFO - Setting next_dagrun for example_subdag_operator.section-2 to None, run_after=None
[2024-02-16T20:12:51.292+0000] {processor.py:179} INFO - Processing /usr/local/python/3.10.13/lib/python3.10/site-packages/airflow/example_dags/example_subdag_operator.py took 0.097 seconds
[2024-02-16T20:13:26.173+0000] {processor.py:157} INFO - Started process (PID=22179) to work on /usr/local/python/3.10.13/lib/python3.10/site-packages/airflow/example_dags/example_subdag_operator.py
[2024-02-16T20:13:26.174+0000] {processor.py:826} INFO - Processing file /usr/local/python/3.10.13/lib/python3.10/site-packages/airflow/example_dags/example_subdag_operator.py for tasks to queue
[2024-02-16T20:13:26.175+0000] {logging_mixin.py:150} INFO - [2024-02-16T20:13:26.175+0000] {dagbag.py:541} INFO - Filling up the DagBag from /usr/local/python/3.10.13/lib/python3.10/site-packages/airflow/example_dags/example_subdag_operator.py
[2024-02-16T20:13:26.196+0000] {processor.py:836} INFO - DAG(s) dict_keys(['example_subdag_operator.section-1', 'example_subdag_operator.section-2', 'example_subdag_operator']) retrieved from /usr/local/python/3.10.13/lib/python3.10/site-packages/airflow/example_dags/example_subdag_operator.py
[2024-02-16T20:13:26.214+0000] {logging_mixin.py:150} INFO - [2024-02-16T20:13:26.214+0000] {dag.py:2742} INFO - Sync 3 DAGs
[2024-02-16T20:13:26.235+0000] {logging_mixin.py:150} INFO - [2024-02-16T20:13:26.235+0000] {dag.py:3504} INFO - Setting next_dagrun for example_subdag_operator to 2022-01-01T00:00:00+00:00, run_after=2022-01-01T00:00:00+00:00
[2024-02-16T20:13:26.239+0000] {logging_mixin.py:150} INFO - [2024-02-16T20:13:26.238+0000] {dag.py:3504} INFO - Setting next_dagrun for example_subdag_operator.section-1 to None, run_after=None
[2024-02-16T20:13:26.239+0000] {logging_mixin.py:150} INFO - [2024-02-16T20:13:26.239+0000] {dag.py:3504} INFO - Setting next_dagrun for example_subdag_operator.section-2 to None, run_after=None
[2024-02-16T20:13:26.244+0000] {logging_mixin.py:150} INFO - [2024-02-16T20:13:26.244+0000] {dag.py:2742} INFO - Sync 2 DAGs
[2024-02-16T20:13:26.248+0000] {logging_mixin.py:150} INFO - [2024-02-16T20:13:26.248+0000] {dag.py:3504} INFO - Setting next_dagrun for example_subdag_operator.section-1 to None, run_after=None
[2024-02-16T20:13:26.248+0000] {logging_mixin.py:150} INFO - [2024-02-16T20:13:26.248+0000] {dag.py:3504} INFO - Setting next_dagrun for example_subdag_operator.section-2 to None, run_after=None
[2024-02-16T20:13:26.294+0000] {processor.py:179} INFO - Processing /usr/local/python/3.10.13/lib/python3.10/site-packages/airflow/example_dags/example_subdag_operator.py took 0.125 seconds
[2024-02-16T20:14:02.436+0000] {processor.py:157} INFO - Started process (PID=22461) to work on /usr/local/python/3.10.13/lib/python3.10/site-packages/airflow/example_dags/example_subdag_operator.py
[2024-02-16T20:14:02.436+0000] {processor.py:826} INFO - Processing file /usr/local/python/3.10.13/lib/python3.10/site-packages/airflow/example_dags/example_subdag_operator.py for tasks to queue
[2024-02-16T20:14:02.437+0000] {logging_mixin.py:150} INFO - [2024-02-16T20:14:02.437+0000] {dagbag.py:541} INFO - Filling up the DagBag from /usr/local/python/3.10.13/lib/python3.10/site-packages/airflow/example_dags/example_subdag_operator.py
[2024-02-16T20:14:02.452+0000] {processor.py:836} INFO - DAG(s) dict_keys(['example_subdag_operator.section-1', 'example_subdag_operator.section-2', 'example_subdag_operator']) retrieved from /usr/local/python/3.10.13/lib/python3.10/site-packages/airflow/example_dags/example_subdag_operator.py
[2024-02-16T20:14:02.463+0000] {logging_mixin.py:150} INFO - [2024-02-16T20:14:02.463+0000] {dag.py:2742} INFO - Sync 3 DAGs
[2024-02-16T20:14:02.478+0000] {logging_mixin.py:150} INFO - [2024-02-16T20:14:02.478+0000] {dag.py:3504} INFO - Setting next_dagrun for example_subdag_operator to 2022-01-01T00:00:00+00:00, run_after=2022-01-01T00:00:00+00:00
[2024-02-16T20:14:02.480+0000] {logging_mixin.py:150} INFO - [2024-02-16T20:14:02.480+0000] {dag.py:3504} INFO - Setting next_dagrun for example_subdag_operator.section-1 to None, run_after=None
[2024-02-16T20:14:02.481+0000] {logging_mixin.py:150} INFO - [2024-02-16T20:14:02.481+0000] {dag.py:3504} INFO - Setting next_dagrun for example_subdag_operator.section-2 to None, run_after=None
[2024-02-16T20:14:02.486+0000] {logging_mixin.py:150} INFO - [2024-02-16T20:14:02.486+0000] {dag.py:2742} INFO - Sync 2 DAGs
[2024-02-16T20:14:02.489+0000] {logging_mixin.py:150} INFO - [2024-02-16T20:14:02.489+0000] {dag.py:3504} INFO - Setting next_dagrun for example_subdag_operator.section-1 to None, run_after=None
[2024-02-16T20:14:02.489+0000] {logging_mixin.py:150} INFO - [2024-02-16T20:14:02.489+0000] {dag.py:3504} INFO - Setting next_dagrun for example_subdag_operator.section-2 to None, run_after=None
[2024-02-16T20:14:02.539+0000] {processor.py:179} INFO - Processing /usr/local/python/3.10.13/lib/python3.10/site-packages/airflow/example_dags/example_subdag_operator.py took 0.106 seconds
[2024-02-16T20:14:39.621+0000] {processor.py:157} INFO - Started process (PID=22747) to work on /usr/local/python/3.10.13/lib/python3.10/site-packages/airflow/example_dags/example_subdag_operator.py
[2024-02-16T20:14:39.622+0000] {processor.py:826} INFO - Processing file /usr/local/python/3.10.13/lib/python3.10/site-packages/airflow/example_dags/example_subdag_operator.py for tasks to queue
[2024-02-16T20:14:39.622+0000] {logging_mixin.py:150} INFO - [2024-02-16T20:14:39.622+0000] {dagbag.py:541} INFO - Filling up the DagBag from /usr/local/python/3.10.13/lib/python3.10/site-packages/airflow/example_dags/example_subdag_operator.py
[2024-02-16T20:14:39.638+0000] {processor.py:836} INFO - DAG(s) dict_keys(['example_subdag_operator.section-1', 'example_subdag_operator.section-2', 'example_subdag_operator']) retrieved from /usr/local/python/3.10.13/lib/python3.10/site-packages/airflow/example_dags/example_subdag_operator.py
[2024-02-16T20:14:39.650+0000] {logging_mixin.py:150} INFO - [2024-02-16T20:14:39.649+0000] {dag.py:2742} INFO - Sync 3 DAGs
[2024-02-16T20:14:39.665+0000] {logging_mixin.py:150} INFO - [2024-02-16T20:14:39.664+0000] {dag.py:3504} INFO - Setting next_dagrun for example_subdag_operator to 2022-01-01T00:00:00+00:00, run_after=2022-01-01T00:00:00+00:00
[2024-02-16T20:14:39.667+0000] {logging_mixin.py:150} INFO - [2024-02-16T20:14:39.667+0000] {dag.py:3504} INFO - Setting next_dagrun for example_subdag_operator.section-1 to None, run_after=None
[2024-02-16T20:14:39.667+0000] {logging_mixin.py:150} INFO - [2024-02-16T20:14:39.667+0000] {dag.py:3504} INFO - Setting next_dagrun for example_subdag_operator.section-2 to None, run_after=None
[2024-02-16T20:14:39.672+0000] {logging_mixin.py:150} INFO - [2024-02-16T20:14:39.672+0000] {dag.py:2742} INFO - Sync 2 DAGs
[2024-02-16T20:14:39.675+0000] {logging_mixin.py:150} INFO - [2024-02-16T20:14:39.675+0000] {dag.py:3504} INFO - Setting next_dagrun for example_subdag_operator.section-1 to None, run_after=None
[2024-02-16T20:14:39.675+0000] {logging_mixin.py:150} INFO - [2024-02-16T20:14:39.675+0000] {dag.py:3504} INFO - Setting next_dagrun for example_subdag_operator.section-2 to None, run_after=None
[2024-02-16T20:14:39.716+0000] {processor.py:179} INFO - Processing /usr/local/python/3.10.13/lib/python3.10/site-packages/airflow/example_dags/example_subdag_operator.py took 0.097 seconds
[2024-02-16T20:15:15.265+0000] {processor.py:157} INFO - Started process (PID=23007) to work on /usr/local/python/3.10.13/lib/python3.10/site-packages/airflow/example_dags/example_subdag_operator.py
[2024-02-16T20:15:15.266+0000] {processor.py:826} INFO - Processing file /usr/local/python/3.10.13/lib/python3.10/site-packages/airflow/example_dags/example_subdag_operator.py for tasks to queue
[2024-02-16T20:15:15.267+0000] {logging_mixin.py:150} INFO - [2024-02-16T20:15:15.266+0000] {dagbag.py:541} INFO - Filling up the DagBag from /usr/local/python/3.10.13/lib/python3.10/site-packages/airflow/example_dags/example_subdag_operator.py
[2024-02-16T20:15:15.283+0000] {processor.py:836} INFO - DAG(s) dict_keys(['example_subdag_operator.section-1', 'example_subdag_operator.section-2', 'example_subdag_operator']) retrieved from /usr/local/python/3.10.13/lib/python3.10/site-packages/airflow/example_dags/example_subdag_operator.py
[2024-02-16T20:15:15.294+0000] {logging_mixin.py:150} INFO - [2024-02-16T20:15:15.294+0000] {dag.py:2742} INFO - Sync 3 DAGs
[2024-02-16T20:15:15.309+0000] {logging_mixin.py:150} INFO - [2024-02-16T20:15:15.308+0000] {dag.py:3504} INFO - Setting next_dagrun for example_subdag_operator to 2022-01-01T00:00:00+00:00, run_after=2022-01-01T00:00:00+00:00
[2024-02-16T20:15:15.311+0000] {logging_mixin.py:150} INFO - [2024-02-16T20:15:15.311+0000] {dag.py:3504} INFO - Setting next_dagrun for example_subdag_operator.section-1 to None, run_after=None
[2024-02-16T20:15:15.311+0000] {logging_mixin.py:150} INFO - [2024-02-16T20:15:15.311+0000] {dag.py:3504} INFO - Setting next_dagrun for example_subdag_operator.section-2 to None, run_after=None
[2024-02-16T20:15:15.316+0000] {logging_mixin.py:150} INFO - [2024-02-16T20:15:15.315+0000] {dag.py:2742} INFO - Sync 2 DAGs
[2024-02-16T20:15:15.318+0000] {logging_mixin.py:150} INFO - [2024-02-16T20:15:15.318+0000] {dag.py:3504} INFO - Setting next_dagrun for example_subdag_operator.section-1 to None, run_after=None
[2024-02-16T20:15:15.319+0000] {logging_mixin.py:150} INFO - [2024-02-16T20:15:15.319+0000] {dag.py:3504} INFO - Setting next_dagrun for example_subdag_operator.section-2 to None, run_after=None
[2024-02-16T20:15:15.359+0000] {processor.py:179} INFO - Processing /usr/local/python/3.10.13/lib/python3.10/site-packages/airflow/example_dags/example_subdag_operator.py took 0.096 seconds
[2024-02-16T20:16:07.194+0000] {processor.py:157} INFO - Started process (PID=23390) to work on /usr/local/python/3.10.13/lib/python3.10/site-packages/airflow/example_dags/example_subdag_operator.py
[2024-02-16T20:16:07.194+0000] {processor.py:826} INFO - Processing file /usr/local/python/3.10.13/lib/python3.10/site-packages/airflow/example_dags/example_subdag_operator.py for tasks to queue
[2024-02-16T20:16:07.195+0000] {logging_mixin.py:150} INFO - [2024-02-16T20:16:07.195+0000] {dagbag.py:541} INFO - Filling up the DagBag from /usr/local/python/3.10.13/lib/python3.10/site-packages/airflow/example_dags/example_subdag_operator.py
[2024-02-16T20:16:07.217+0000] {processor.py:836} INFO - DAG(s) dict_keys(['example_subdag_operator.section-1', 'example_subdag_operator.section-2', 'example_subdag_operator']) retrieved from /usr/local/python/3.10.13/lib/python3.10/site-packages/airflow/example_dags/example_subdag_operator.py
[2024-02-16T20:16:07.236+0000] {logging_mixin.py:150} INFO - [2024-02-16T20:16:07.236+0000] {dag.py:2742} INFO - Sync 3 DAGs
[2024-02-16T20:16:07.258+0000] {logging_mixin.py:150} INFO - [2024-02-16T20:16:07.258+0000] {dag.py:3504} INFO - Setting next_dagrun for example_subdag_operator to 2022-01-01T00:00:00+00:00, run_after=2022-01-01T00:00:00+00:00
[2024-02-16T20:16:07.262+0000] {logging_mixin.py:150} INFO - [2024-02-16T20:16:07.262+0000] {dag.py:3504} INFO - Setting next_dagrun for example_subdag_operator.section-1 to None, run_after=None
[2024-02-16T20:16:07.263+0000] {logging_mixin.py:150} INFO - [2024-02-16T20:16:07.262+0000] {dag.py:3504} INFO - Setting next_dagrun for example_subdag_operator.section-2 to None, run_after=None
[2024-02-16T20:16:07.274+0000] {logging_mixin.py:150} INFO - [2024-02-16T20:16:07.274+0000] {dag.py:2742} INFO - Sync 2 DAGs
[2024-02-16T20:16:07.278+0000] {logging_mixin.py:150} INFO - [2024-02-16T20:16:07.278+0000] {dag.py:3504} INFO - Setting next_dagrun for example_subdag_operator.section-1 to None, run_after=None
[2024-02-16T20:16:07.279+0000] {logging_mixin.py:150} INFO - [2024-02-16T20:16:07.279+0000] {dag.py:3504} INFO - Setting next_dagrun for example_subdag_operator.section-2 to None, run_after=None
[2024-02-16T20:16:07.326+0000] {processor.py:179} INFO - Processing /usr/local/python/3.10.13/lib/python3.10/site-packages/airflow/example_dags/example_subdag_operator.py took 0.135 seconds
[2024-02-16T20:16:42.625+0000] {processor.py:157} INFO - Started process (PID=23666) to work on /usr/local/python/3.10.13/lib/python3.10/site-packages/airflow/example_dags/example_subdag_operator.py
[2024-02-16T20:16:42.625+0000] {processor.py:826} INFO - Processing file /usr/local/python/3.10.13/lib/python3.10/site-packages/airflow/example_dags/example_subdag_operator.py for tasks to queue
[2024-02-16T20:16:42.626+0000] {logging_mixin.py:150} INFO - [2024-02-16T20:16:42.626+0000] {dagbag.py:541} INFO - Filling up the DagBag from /usr/local/python/3.10.13/lib/python3.10/site-packages/airflow/example_dags/example_subdag_operator.py
[2024-02-16T20:16:42.640+0000] {processor.py:836} INFO - DAG(s) dict_keys(['example_subdag_operator.section-1', 'example_subdag_operator.section-2', 'example_subdag_operator']) retrieved from /usr/local/python/3.10.13/lib/python3.10/site-packages/airflow/example_dags/example_subdag_operator.py
[2024-02-16T20:16:42.651+0000] {logging_mixin.py:150} INFO - [2024-02-16T20:16:42.651+0000] {dag.py:2742} INFO - Sync 3 DAGs
[2024-02-16T20:16:42.668+0000] {logging_mixin.py:150} INFO - [2024-02-16T20:16:42.668+0000] {dag.py:3504} INFO - Setting next_dagrun for example_subdag_operator to 2022-01-01T00:00:00+00:00, run_after=2022-01-01T00:00:00+00:00
[2024-02-16T20:16:42.671+0000] {logging_mixin.py:150} INFO - [2024-02-16T20:16:42.671+0000] {dag.py:3504} INFO - Setting next_dagrun for example_subdag_operator.section-1 to None, run_after=None
[2024-02-16T20:16:42.671+0000] {logging_mixin.py:150} INFO - [2024-02-16T20:16:42.671+0000] {dag.py:3504} INFO - Setting next_dagrun for example_subdag_operator.section-2 to None, run_after=None
[2024-02-16T20:16:42.676+0000] {logging_mixin.py:150} INFO - [2024-02-16T20:16:42.676+0000] {dag.py:2742} INFO - Sync 2 DAGs
[2024-02-16T20:16:42.679+0000] {logging_mixin.py:150} INFO - [2024-02-16T20:16:42.679+0000] {dag.py:3504} INFO - Setting next_dagrun for example_subdag_operator.section-1 to None, run_after=None
[2024-02-16T20:16:42.679+0000] {logging_mixin.py:150} INFO - [2024-02-16T20:16:42.679+0000] {dag.py:3504} INFO - Setting next_dagrun for example_subdag_operator.section-2 to None, run_after=None
[2024-02-16T20:16:42.724+0000] {processor.py:179} INFO - Processing /usr/local/python/3.10.13/lib/python3.10/site-packages/airflow/example_dags/example_subdag_operator.py took 0.101 seconds
[2024-02-16T20:17:19.765+0000] {processor.py:157} INFO - Started process (PID=23934) to work on /usr/local/python/3.10.13/lib/python3.10/site-packages/airflow/example_dags/example_subdag_operator.py
[2024-02-16T20:17:19.766+0000] {processor.py:826} INFO - Processing file /usr/local/python/3.10.13/lib/python3.10/site-packages/airflow/example_dags/example_subdag_operator.py for tasks to queue
[2024-02-16T20:17:19.766+0000] {logging_mixin.py:150} INFO - [2024-02-16T20:17:19.766+0000] {dagbag.py:541} INFO - Filling up the DagBag from /usr/local/python/3.10.13/lib/python3.10/site-packages/airflow/example_dags/example_subdag_operator.py
[2024-02-16T20:17:19.781+0000] {processor.py:836} INFO - DAG(s) dict_keys(['example_subdag_operator.section-1', 'example_subdag_operator.section-2', 'example_subdag_operator']) retrieved from /usr/local/python/3.10.13/lib/python3.10/site-packages/airflow/example_dags/example_subdag_operator.py
[2024-02-16T20:17:19.793+0000] {logging_mixin.py:150} INFO - [2024-02-16T20:17:19.793+0000] {dag.py:2742} INFO - Sync 3 DAGs
[2024-02-16T20:17:19.808+0000] {logging_mixin.py:150} INFO - [2024-02-16T20:17:19.808+0000] {dag.py:3504} INFO - Setting next_dagrun for example_subdag_operator to 2022-01-01T00:00:00+00:00, run_after=2022-01-01T00:00:00+00:00
[2024-02-16T20:17:19.810+0000] {logging_mixin.py:150} INFO - [2024-02-16T20:17:19.810+0000] {dag.py:3504} INFO - Setting next_dagrun for example_subdag_operator.section-1 to None, run_after=None
[2024-02-16T20:17:19.811+0000] {logging_mixin.py:150} INFO - [2024-02-16T20:17:19.811+0000] {dag.py:3504} INFO - Setting next_dagrun for example_subdag_operator.section-2 to None, run_after=None
[2024-02-16T20:17:19.815+0000] {logging_mixin.py:150} INFO - [2024-02-16T20:17:19.815+0000] {dag.py:2742} INFO - Sync 2 DAGs
[2024-02-16T20:17:19.818+0000] {logging_mixin.py:150} INFO - [2024-02-16T20:17:19.818+0000] {dag.py:3504} INFO - Setting next_dagrun for example_subdag_operator.section-1 to None, run_after=None
[2024-02-16T20:17:19.819+0000] {logging_mixin.py:150} INFO - [2024-02-16T20:17:19.818+0000] {dag.py:3504} INFO - Setting next_dagrun for example_subdag_operator.section-2 to None, run_after=None
[2024-02-16T20:17:19.860+0000] {processor.py:179} INFO - Processing /usr/local/python/3.10.13/lib/python3.10/site-packages/airflow/example_dags/example_subdag_operator.py took 0.097 seconds
[2024-02-16T20:18:10.184+0000] {processor.py:157} INFO - Started process (PID=24303) to work on /usr/local/python/3.10.13/lib/python3.10/site-packages/airflow/example_dags/example_subdag_operator.py
[2024-02-16T20:18:10.185+0000] {processor.py:826} INFO - Processing file /usr/local/python/3.10.13/lib/python3.10/site-packages/airflow/example_dags/example_subdag_operator.py for tasks to queue
[2024-02-16T20:18:10.185+0000] {logging_mixin.py:150} INFO - [2024-02-16T20:18:10.185+0000] {dagbag.py:541} INFO - Filling up the DagBag from /usr/local/python/3.10.13/lib/python3.10/site-packages/airflow/example_dags/example_subdag_operator.py
[2024-02-16T20:18:10.200+0000] {processor.py:836} INFO - DAG(s) dict_keys(['example_subdag_operator.section-1', 'example_subdag_operator.section-2', 'example_subdag_operator']) retrieved from /usr/local/python/3.10.13/lib/python3.10/site-packages/airflow/example_dags/example_subdag_operator.py
[2024-02-16T20:18:10.211+0000] {logging_mixin.py:150} INFO - [2024-02-16T20:18:10.211+0000] {dag.py:2742} INFO - Sync 3 DAGs
[2024-02-16T20:18:10.226+0000] {logging_mixin.py:150} INFO - [2024-02-16T20:18:10.225+0000] {dag.py:3504} INFO - Setting next_dagrun for example_subdag_operator to 2022-01-01T00:00:00+00:00, run_after=2022-01-01T00:00:00+00:00
[2024-02-16T20:18:10.228+0000] {logging_mixin.py:150} INFO - [2024-02-16T20:18:10.228+0000] {dag.py:3504} INFO - Setting next_dagrun for example_subdag_operator.section-1 to None, run_after=None
[2024-02-16T20:18:10.228+0000] {logging_mixin.py:150} INFO - [2024-02-16T20:18:10.228+0000] {dag.py:3504} INFO - Setting next_dagrun for example_subdag_operator.section-2 to None, run_after=None
[2024-02-16T20:18:10.233+0000] {logging_mixin.py:150} INFO - [2024-02-16T20:18:10.233+0000] {dag.py:2742} INFO - Sync 2 DAGs
[2024-02-16T20:18:10.236+0000] {logging_mixin.py:150} INFO - [2024-02-16T20:18:10.236+0000] {dag.py:3504} INFO - Setting next_dagrun for example_subdag_operator.section-1 to None, run_after=None
[2024-02-16T20:18:10.236+0000] {logging_mixin.py:150} INFO - [2024-02-16T20:18:10.236+0000] {dag.py:3504} INFO - Setting next_dagrun for example_subdag_operator.section-2 to None, run_after=None
[2024-02-16T20:18:10.284+0000] {processor.py:179} INFO - Processing /usr/local/python/3.10.13/lib/python3.10/site-packages/airflow/example_dags/example_subdag_operator.py took 0.102 seconds
[2024-02-16T20:18:45.784+0000] {processor.py:157} INFO - Started process (PID=24584) to work on /usr/local/python/3.10.13/lib/python3.10/site-packages/airflow/example_dags/example_subdag_operator.py
[2024-02-16T20:18:45.785+0000] {processor.py:826} INFO - Processing file /usr/local/python/3.10.13/lib/python3.10/site-packages/airflow/example_dags/example_subdag_operator.py for tasks to queue
[2024-02-16T20:18:45.786+0000] {logging_mixin.py:150} INFO - [2024-02-16T20:18:45.786+0000] {dagbag.py:541} INFO - Filling up the DagBag from /usr/local/python/3.10.13/lib/python3.10/site-packages/airflow/example_dags/example_subdag_operator.py
[2024-02-16T20:18:45.808+0000] {processor.py:836} INFO - DAG(s) dict_keys(['example_subdag_operator.section-1', 'example_subdag_operator.section-2', 'example_subdag_operator']) retrieved from /usr/local/python/3.10.13/lib/python3.10/site-packages/airflow/example_dags/example_subdag_operator.py
[2024-02-16T20:18:45.826+0000] {logging_mixin.py:150} INFO - [2024-02-16T20:18:45.826+0000] {dag.py:2742} INFO - Sync 3 DAGs
[2024-02-16T20:18:45.843+0000] {logging_mixin.py:150} INFO - [2024-02-16T20:18:45.843+0000] {dag.py:3504} INFO - Setting next_dagrun for example_subdag_operator to 2022-01-01T00:00:00+00:00, run_after=2022-01-01T00:00:00+00:00
[2024-02-16T20:18:45.846+0000] {logging_mixin.py:150} INFO - [2024-02-16T20:18:45.845+0000] {dag.py:3504} INFO - Setting next_dagrun for example_subdag_operator.section-1 to None, run_after=None
[2024-02-16T20:18:45.846+0000] {logging_mixin.py:150} INFO - [2024-02-16T20:18:45.846+0000] {dag.py:3504} INFO - Setting next_dagrun for example_subdag_operator.section-2 to None, run_after=None
[2024-02-16T20:18:45.851+0000] {logging_mixin.py:150} INFO - [2024-02-16T20:18:45.851+0000] {dag.py:2742} INFO - Sync 2 DAGs
[2024-02-16T20:18:45.854+0000] {logging_mixin.py:150} INFO - [2024-02-16T20:18:45.854+0000] {dag.py:3504} INFO - Setting next_dagrun for example_subdag_operator.section-1 to None, run_after=None
[2024-02-16T20:18:45.855+0000] {logging_mixin.py:150} INFO - [2024-02-16T20:18:45.855+0000] {dag.py:3504} INFO - Setting next_dagrun for example_subdag_operator.section-2 to None, run_after=None
[2024-02-16T20:18:45.899+0000] {processor.py:179} INFO - Processing /usr/local/python/3.10.13/lib/python3.10/site-packages/airflow/example_dags/example_subdag_operator.py took 0.118 seconds
[2024-02-16T20:19:20.677+0000] {processor.py:157} INFO - Started process (PID=24832) to work on /usr/local/python/3.10.13/lib/python3.10/site-packages/airflow/example_dags/example_subdag_operator.py
[2024-02-16T20:19:20.677+0000] {processor.py:826} INFO - Processing file /usr/local/python/3.10.13/lib/python3.10/site-packages/airflow/example_dags/example_subdag_operator.py for tasks to queue
[2024-02-16T20:19:20.678+0000] {logging_mixin.py:150} INFO - [2024-02-16T20:19:20.678+0000] {dagbag.py:541} INFO - Filling up the DagBag from /usr/local/python/3.10.13/lib/python3.10/site-packages/airflow/example_dags/example_subdag_operator.py
[2024-02-16T20:19:20.692+0000] {processor.py:836} INFO - DAG(s) dict_keys(['example_subdag_operator.section-1', 'example_subdag_operator.section-2', 'example_subdag_operator']) retrieved from /usr/local/python/3.10.13/lib/python3.10/site-packages/airflow/example_dags/example_subdag_operator.py
[2024-02-16T20:19:20.704+0000] {logging_mixin.py:150} INFO - [2024-02-16T20:19:20.704+0000] {dag.py:2742} INFO - Sync 3 DAGs
[2024-02-16T20:19:20.720+0000] {logging_mixin.py:150} INFO - [2024-02-16T20:19:20.720+0000] {dag.py:3504} INFO - Setting next_dagrun for example_subdag_operator to 2022-01-01T00:00:00+00:00, run_after=2022-01-01T00:00:00+00:00
[2024-02-16T20:19:20.722+0000] {logging_mixin.py:150} INFO - [2024-02-16T20:19:20.722+0000] {dag.py:3504} INFO - Setting next_dagrun for example_subdag_operator.section-1 to None, run_after=None
[2024-02-16T20:19:20.723+0000] {logging_mixin.py:150} INFO - [2024-02-16T20:19:20.723+0000] {dag.py:3504} INFO - Setting next_dagrun for example_subdag_operator.section-2 to None, run_after=None
[2024-02-16T20:19:20.728+0000] {logging_mixin.py:150} INFO - [2024-02-16T20:19:20.728+0000] {dag.py:2742} INFO - Sync 2 DAGs
[2024-02-16T20:19:20.731+0000] {logging_mixin.py:150} INFO - [2024-02-16T20:19:20.730+0000] {dag.py:3504} INFO - Setting next_dagrun for example_subdag_operator.section-1 to None, run_after=None
[2024-02-16T20:19:20.731+0000] {logging_mixin.py:150} INFO - [2024-02-16T20:19:20.731+0000] {dag.py:3504} INFO - Setting next_dagrun for example_subdag_operator.section-2 to None, run_after=None
[2024-02-16T20:19:20.774+0000] {processor.py:179} INFO - Processing /usr/local/python/3.10.13/lib/python3.10/site-packages/airflow/example_dags/example_subdag_operator.py took 0.099 seconds
[2024-02-16T20:19:55.527+0000] {processor.py:157} INFO - Started process (PID=25108) to work on /usr/local/python/3.10.13/lib/python3.10/site-packages/airflow/example_dags/example_subdag_operator.py
[2024-02-16T20:19:55.528+0000] {processor.py:826} INFO - Processing file /usr/local/python/3.10.13/lib/python3.10/site-packages/airflow/example_dags/example_subdag_operator.py for tasks to queue
[2024-02-16T20:19:55.529+0000] {logging_mixin.py:150} INFO - [2024-02-16T20:19:55.528+0000] {dagbag.py:541} INFO - Filling up the DagBag from /usr/local/python/3.10.13/lib/python3.10/site-packages/airflow/example_dags/example_subdag_operator.py
[2024-02-16T20:19:55.544+0000] {processor.py:836} INFO - DAG(s) dict_keys(['example_subdag_operator.section-1', 'example_subdag_operator.section-2', 'example_subdag_operator']) retrieved from /usr/local/python/3.10.13/lib/python3.10/site-packages/airflow/example_dags/example_subdag_operator.py
[2024-02-16T20:19:55.556+0000] {logging_mixin.py:150} INFO - [2024-02-16T20:19:55.556+0000] {dag.py:2742} INFO - Sync 3 DAGs
[2024-02-16T20:19:55.573+0000] {logging_mixin.py:150} INFO - [2024-02-16T20:19:55.573+0000] {dag.py:3504} INFO - Setting next_dagrun for example_subdag_operator to 2022-01-01T00:00:00+00:00, run_after=2022-01-01T00:00:00+00:00
[2024-02-16T20:19:55.576+0000] {logging_mixin.py:150} INFO - [2024-02-16T20:19:55.575+0000] {dag.py:3504} INFO - Setting next_dagrun for example_subdag_operator.section-1 to None, run_after=None
[2024-02-16T20:19:55.576+0000] {logging_mixin.py:150} INFO - [2024-02-16T20:19:55.576+0000] {dag.py:3504} INFO - Setting next_dagrun for example_subdag_operator.section-2 to None, run_after=None
[2024-02-16T20:19:55.581+0000] {logging_mixin.py:150} INFO - [2024-02-16T20:19:55.581+0000] {dag.py:2742} INFO - Sync 2 DAGs
[2024-02-16T20:19:55.584+0000] {logging_mixin.py:150} INFO - [2024-02-16T20:19:55.584+0000] {dag.py:3504} INFO - Setting next_dagrun for example_subdag_operator.section-1 to None, run_after=None
[2024-02-16T20:19:55.585+0000] {logging_mixin.py:150} INFO - [2024-02-16T20:19:55.584+0000] {dag.py:3504} INFO - Setting next_dagrun for example_subdag_operator.section-2 to None, run_after=None
[2024-02-16T20:19:55.632+0000] {processor.py:179} INFO - Processing /usr/local/python/3.10.13/lib/python3.10/site-packages/airflow/example_dags/example_subdag_operator.py took 0.107 seconds
[2024-02-16T20:20:32.346+0000] {processor.py:157} INFO - Started process (PID=25362) to work on /usr/local/python/3.10.13/lib/python3.10/site-packages/airflow/example_dags/example_subdag_operator.py
[2024-02-16T20:20:32.347+0000] {processor.py:826} INFO - Processing file /usr/local/python/3.10.13/lib/python3.10/site-packages/airflow/example_dags/example_subdag_operator.py for tasks to queue
[2024-02-16T20:20:32.348+0000] {logging_mixin.py:150} INFO - [2024-02-16T20:20:32.348+0000] {dagbag.py:541} INFO - Filling up the DagBag from /usr/local/python/3.10.13/lib/python3.10/site-packages/airflow/example_dags/example_subdag_operator.py
[2024-02-16T20:20:32.367+0000] {processor.py:836} INFO - DAG(s) dict_keys(['example_subdag_operator.section-1', 'example_subdag_operator.section-2', 'example_subdag_operator']) retrieved from /usr/local/python/3.10.13/lib/python3.10/site-packages/airflow/example_dags/example_subdag_operator.py
[2024-02-16T20:20:32.379+0000] {logging_mixin.py:150} INFO - [2024-02-16T20:20:32.379+0000] {dag.py:2742} INFO - Sync 3 DAGs
[2024-02-16T20:20:32.397+0000] {logging_mixin.py:150} INFO - [2024-02-16T20:20:32.397+0000] {dag.py:3504} INFO - Setting next_dagrun for example_subdag_operator to 2022-01-01T00:00:00+00:00, run_after=2022-01-01T00:00:00+00:00
[2024-02-16T20:20:32.399+0000] {logging_mixin.py:150} INFO - [2024-02-16T20:20:32.399+0000] {dag.py:3504} INFO - Setting next_dagrun for example_subdag_operator.section-1 to None, run_after=None
[2024-02-16T20:20:32.400+0000] {logging_mixin.py:150} INFO - [2024-02-16T20:20:32.400+0000] {dag.py:3504} INFO - Setting next_dagrun for example_subdag_operator.section-2 to None, run_after=None
[2024-02-16T20:20:32.405+0000] {logging_mixin.py:150} INFO - [2024-02-16T20:20:32.404+0000] {dag.py:2742} INFO - Sync 2 DAGs
[2024-02-16T20:20:32.407+0000] {logging_mixin.py:150} INFO - [2024-02-16T20:20:32.407+0000] {dag.py:3504} INFO - Setting next_dagrun for example_subdag_operator.section-1 to None, run_after=None
[2024-02-16T20:20:32.408+0000] {logging_mixin.py:150} INFO - [2024-02-16T20:20:32.408+0000] {dag.py:3504} INFO - Setting next_dagrun for example_subdag_operator.section-2 to None, run_after=None
[2024-02-16T20:20:32.452+0000] {processor.py:179} INFO - Processing /usr/local/python/3.10.13/lib/python3.10/site-packages/airflow/example_dags/example_subdag_operator.py took 0.108 seconds
[2024-02-16T20:21:07.256+0000] {processor.py:157} INFO - Started process (PID=25637) to work on /usr/local/python/3.10.13/lib/python3.10/site-packages/airflow/example_dags/example_subdag_operator.py
[2024-02-16T20:21:07.256+0000] {processor.py:826} INFO - Processing file /usr/local/python/3.10.13/lib/python3.10/site-packages/airflow/example_dags/example_subdag_operator.py for tasks to queue
[2024-02-16T20:21:07.257+0000] {logging_mixin.py:150} INFO - [2024-02-16T20:21:07.257+0000] {dagbag.py:541} INFO - Filling up the DagBag from /usr/local/python/3.10.13/lib/python3.10/site-packages/airflow/example_dags/example_subdag_operator.py
[2024-02-16T20:21:07.271+0000] {processor.py:836} INFO - DAG(s) dict_keys(['example_subdag_operator.section-1', 'example_subdag_operator.section-2', 'example_subdag_operator']) retrieved from /usr/local/python/3.10.13/lib/python3.10/site-packages/airflow/example_dags/example_subdag_operator.py
[2024-02-16T20:21:07.288+0000] {logging_mixin.py:150} INFO - [2024-02-16T20:21:07.288+0000] {dag.py:2742} INFO - Sync 3 DAGs
[2024-02-16T20:21:07.303+0000] {logging_mixin.py:150} INFO - [2024-02-16T20:21:07.303+0000] {dag.py:3504} INFO - Setting next_dagrun for example_subdag_operator to 2022-01-01T00:00:00+00:00, run_after=2022-01-01T00:00:00+00:00
[2024-02-16T20:21:07.305+0000] {logging_mixin.py:150} INFO - [2024-02-16T20:21:07.305+0000] {dag.py:3504} INFO - Setting next_dagrun for example_subdag_operator.section-1 to None, run_after=None
[2024-02-16T20:21:07.306+0000] {logging_mixin.py:150} INFO - [2024-02-16T20:21:07.305+0000] {dag.py:3504} INFO - Setting next_dagrun for example_subdag_operator.section-2 to None, run_after=None
[2024-02-16T20:21:07.310+0000] {logging_mixin.py:150} INFO - [2024-02-16T20:21:07.310+0000] {dag.py:2742} INFO - Sync 2 DAGs
[2024-02-16T20:21:07.313+0000] {logging_mixin.py:150} INFO - [2024-02-16T20:21:07.313+0000] {dag.py:3504} INFO - Setting next_dagrun for example_subdag_operator.section-1 to None, run_after=None
[2024-02-16T20:21:07.313+0000] {logging_mixin.py:150} INFO - [2024-02-16T20:21:07.313+0000] {dag.py:3504} INFO - Setting next_dagrun for example_subdag_operator.section-2 to None, run_after=None
[2024-02-16T20:21:07.353+0000] {processor.py:179} INFO - Processing /usr/local/python/3.10.13/lib/python3.10/site-packages/airflow/example_dags/example_subdag_operator.py took 0.100 seconds
[2024-02-16T20:21:43.349+0000] {processor.py:157} INFO - Started process (PID=25895) to work on /usr/local/python/3.10.13/lib/python3.10/site-packages/airflow/example_dags/example_subdag_operator.py
[2024-02-16T20:21:43.350+0000] {processor.py:826} INFO - Processing file /usr/local/python/3.10.13/lib/python3.10/site-packages/airflow/example_dags/example_subdag_operator.py for tasks to queue
[2024-02-16T20:21:43.351+0000] {logging_mixin.py:150} INFO - [2024-02-16T20:21:43.351+0000] {dagbag.py:541} INFO - Filling up the DagBag from /usr/local/python/3.10.13/lib/python3.10/site-packages/airflow/example_dags/example_subdag_operator.py
[2024-02-16T20:21:43.369+0000] {processor.py:836} INFO - DAG(s) dict_keys(['example_subdag_operator.section-1', 'example_subdag_operator.section-2', 'example_subdag_operator']) retrieved from /usr/local/python/3.10.13/lib/python3.10/site-packages/airflow/example_dags/example_subdag_operator.py
[2024-02-16T20:21:43.385+0000] {logging_mixin.py:150} INFO - [2024-02-16T20:21:43.385+0000] {dag.py:2742} INFO - Sync 3 DAGs
[2024-02-16T20:21:43.410+0000] {logging_mixin.py:150} INFO - [2024-02-16T20:21:43.410+0000] {dag.py:3504} INFO - Setting next_dagrun for example_subdag_operator to 2022-01-01T00:00:00+00:00, run_after=2022-01-01T00:00:00+00:00
[2024-02-16T20:21:43.413+0000] {logging_mixin.py:150} INFO - [2024-02-16T20:21:43.413+0000] {dag.py:3504} INFO - Setting next_dagrun for example_subdag_operator.section-1 to None, run_after=None
[2024-02-16T20:21:43.414+0000] {logging_mixin.py:150} INFO - [2024-02-16T20:21:43.414+0000] {dag.py:3504} INFO - Setting next_dagrun for example_subdag_operator.section-2 to None, run_after=None
[2024-02-16T20:21:43.420+0000] {logging_mixin.py:150} INFO - [2024-02-16T20:21:43.420+0000] {dag.py:2742} INFO - Sync 2 DAGs
[2024-02-16T20:21:43.424+0000] {logging_mixin.py:150} INFO - [2024-02-16T20:21:43.424+0000] {dag.py:3504} INFO - Setting next_dagrun for example_subdag_operator.section-1 to None, run_after=None
[2024-02-16T20:21:43.424+0000] {logging_mixin.py:150} INFO - [2024-02-16T20:21:43.424+0000] {dag.py:3504} INFO - Setting next_dagrun for example_subdag_operator.section-2 to None, run_after=None
[2024-02-16T20:21:43.466+0000] {processor.py:179} INFO - Processing /usr/local/python/3.10.13/lib/python3.10/site-packages/airflow/example_dags/example_subdag_operator.py took 0.119 seconds
[2024-02-16T20:22:22.402+0000] {processor.py:157} INFO - Started process (PID=26199) to work on /usr/local/python/3.10.13/lib/python3.10/site-packages/airflow/example_dags/example_subdag_operator.py
[2024-02-16T20:22:22.404+0000] {processor.py:826} INFO - Processing file /usr/local/python/3.10.13/lib/python3.10/site-packages/airflow/example_dags/example_subdag_operator.py for tasks to queue
[2024-02-16T20:22:22.405+0000] {logging_mixin.py:150} INFO - [2024-02-16T20:22:22.405+0000] {dagbag.py:541} INFO - Filling up the DagBag from /usr/local/python/3.10.13/lib/python3.10/site-packages/airflow/example_dags/example_subdag_operator.py
[2024-02-16T20:22:22.420+0000] {processor.py:836} INFO - DAG(s) dict_keys(['example_subdag_operator.section-1', 'example_subdag_operator.section-2', 'example_subdag_operator']) retrieved from /usr/local/python/3.10.13/lib/python3.10/site-packages/airflow/example_dags/example_subdag_operator.py
[2024-02-16T20:22:22.432+0000] {logging_mixin.py:150} INFO - [2024-02-16T20:22:22.432+0000] {dag.py:2742} INFO - Sync 3 DAGs
[2024-02-16T20:22:22.447+0000] {logging_mixin.py:150} INFO - [2024-02-16T20:22:22.446+0000] {dag.py:3504} INFO - Setting next_dagrun for example_subdag_operator to 2022-01-01T00:00:00+00:00, run_after=2022-01-01T00:00:00+00:00
[2024-02-16T20:22:22.449+0000] {logging_mixin.py:150} INFO - [2024-02-16T20:22:22.449+0000] {dag.py:3504} INFO - Setting next_dagrun for example_subdag_operator.section-1 to None, run_after=None
[2024-02-16T20:22:22.449+0000] {logging_mixin.py:150} INFO - [2024-02-16T20:22:22.449+0000] {dag.py:3504} INFO - Setting next_dagrun for example_subdag_operator.section-2 to None, run_after=None
[2024-02-16T20:22:22.454+0000] {logging_mixin.py:150} INFO - [2024-02-16T20:22:22.454+0000] {dag.py:2742} INFO - Sync 2 DAGs
[2024-02-16T20:22:22.457+0000] {logging_mixin.py:150} INFO - [2024-02-16T20:22:22.456+0000] {dag.py:3504} INFO - Setting next_dagrun for example_subdag_operator.section-1 to None, run_after=None
[2024-02-16T20:22:22.457+0000] {logging_mixin.py:150} INFO - [2024-02-16T20:22:22.457+0000] {dag.py:3504} INFO - Setting next_dagrun for example_subdag_operator.section-2 to None, run_after=None
[2024-02-16T20:22:22.501+0000] {processor.py:179} INFO - Processing /usr/local/python/3.10.13/lib/python3.10/site-packages/airflow/example_dags/example_subdag_operator.py took 0.102 seconds
[2024-02-16T20:22:59.158+0000] {processor.py:157} INFO - Started process (PID=26481) to work on /usr/local/python/3.10.13/lib/python3.10/site-packages/airflow/example_dags/example_subdag_operator.py
[2024-02-16T20:22:59.159+0000] {processor.py:826} INFO - Processing file /usr/local/python/3.10.13/lib/python3.10/site-packages/airflow/example_dags/example_subdag_operator.py for tasks to queue
[2024-02-16T20:22:59.159+0000] {logging_mixin.py:150} INFO - [2024-02-16T20:22:59.159+0000] {dagbag.py:541} INFO - Filling up the DagBag from /usr/local/python/3.10.13/lib/python3.10/site-packages/airflow/example_dags/example_subdag_operator.py
[2024-02-16T20:22:59.174+0000] {processor.py:836} INFO - DAG(s) dict_keys(['example_subdag_operator.section-1', 'example_subdag_operator.section-2', 'example_subdag_operator']) retrieved from /usr/local/python/3.10.13/lib/python3.10/site-packages/airflow/example_dags/example_subdag_operator.py
[2024-02-16T20:22:59.186+0000] {logging_mixin.py:150} INFO - [2024-02-16T20:22:59.186+0000] {dag.py:2742} INFO - Sync 3 DAGs
[2024-02-16T20:22:59.201+0000] {logging_mixin.py:150} INFO - [2024-02-16T20:22:59.201+0000] {dag.py:3504} INFO - Setting next_dagrun for example_subdag_operator to 2022-01-01T00:00:00+00:00, run_after=2022-01-01T00:00:00+00:00
[2024-02-16T20:22:59.204+0000] {logging_mixin.py:150} INFO - [2024-02-16T20:22:59.203+0000] {dag.py:3504} INFO - Setting next_dagrun for example_subdag_operator.section-1 to None, run_after=None
[2024-02-16T20:22:59.204+0000] {logging_mixin.py:150} INFO - [2024-02-16T20:22:59.204+0000] {dag.py:3504} INFO - Setting next_dagrun for example_subdag_operator.section-2 to None, run_after=None
[2024-02-16T20:22:59.209+0000] {logging_mixin.py:150} INFO - [2024-02-16T20:22:59.209+0000] {dag.py:2742} INFO - Sync 2 DAGs
[2024-02-16T20:22:59.212+0000] {logging_mixin.py:150} INFO - [2024-02-16T20:22:59.212+0000] {dag.py:3504} INFO - Setting next_dagrun for example_subdag_operator.section-1 to None, run_after=None
[2024-02-16T20:22:59.212+0000] {logging_mixin.py:150} INFO - [2024-02-16T20:22:59.212+0000] {dag.py:3504} INFO - Setting next_dagrun for example_subdag_operator.section-2 to None, run_after=None
[2024-02-16T20:22:59.254+0000] {processor.py:179} INFO - Processing /usr/local/python/3.10.13/lib/python3.10/site-packages/airflow/example_dags/example_subdag_operator.py took 0.098 seconds
[2024-02-16T20:23:48.961+0000] {processor.py:157} INFO - Started process (PID=26833) to work on /usr/local/python/3.10.13/lib/python3.10/site-packages/airflow/example_dags/example_subdag_operator.py
[2024-02-16T20:23:48.962+0000] {processor.py:826} INFO - Processing file /usr/local/python/3.10.13/lib/python3.10/site-packages/airflow/example_dags/example_subdag_operator.py for tasks to queue
[2024-02-16T20:23:48.962+0000] {logging_mixin.py:150} INFO - [2024-02-16T20:23:48.962+0000] {dagbag.py:541} INFO - Filling up the DagBag from /usr/local/python/3.10.13/lib/python3.10/site-packages/airflow/example_dags/example_subdag_operator.py
[2024-02-16T20:23:48.979+0000] {processor.py:836} INFO - DAG(s) dict_keys(['example_subdag_operator.section-1', 'example_subdag_operator.section-2', 'example_subdag_operator']) retrieved from /usr/local/python/3.10.13/lib/python3.10/site-packages/airflow/example_dags/example_subdag_operator.py
[2024-02-16T20:23:48.991+0000] {logging_mixin.py:150} INFO - [2024-02-16T20:23:48.991+0000] {dag.py:2742} INFO - Sync 3 DAGs
[2024-02-16T20:23:49.005+0000] {logging_mixin.py:150} INFO - [2024-02-16T20:23:49.005+0000] {dag.py:3504} INFO - Setting next_dagrun for example_subdag_operator to 2022-01-01T00:00:00+00:00, run_after=2022-01-01T00:00:00+00:00
[2024-02-16T20:23:49.007+0000] {logging_mixin.py:150} INFO - [2024-02-16T20:23:49.007+0000] {dag.py:3504} INFO - Setting next_dagrun for example_subdag_operator.section-1 to None, run_after=None
[2024-02-16T20:23:49.008+0000] {logging_mixin.py:150} INFO - [2024-02-16T20:23:49.008+0000] {dag.py:3504} INFO - Setting next_dagrun for example_subdag_operator.section-2 to None, run_after=None
[2024-02-16T20:23:49.013+0000] {logging_mixin.py:150} INFO - [2024-02-16T20:23:49.012+0000] {dag.py:2742} INFO - Sync 2 DAGs
[2024-02-16T20:23:49.015+0000] {logging_mixin.py:150} INFO - [2024-02-16T20:23:49.015+0000] {dag.py:3504} INFO - Setting next_dagrun for example_subdag_operator.section-1 to None, run_after=None
[2024-02-16T20:23:49.016+0000] {logging_mixin.py:150} INFO - [2024-02-16T20:23:49.016+0000] {dag.py:3504} INFO - Setting next_dagrun for example_subdag_operator.section-2 to None, run_after=None
[2024-02-16T20:23:49.058+0000] {processor.py:179} INFO - Processing /usr/local/python/3.10.13/lib/python3.10/site-packages/airflow/example_dags/example_subdag_operator.py took 0.099 seconds
[2024-02-16T20:24:28.500+0000] {processor.py:157} INFO - Started process (PID=27198) to work on /usr/local/python/3.10.13/lib/python3.10/site-packages/airflow/example_dags/example_subdag_operator.py
[2024-02-16T20:24:28.501+0000] {processor.py:826} INFO - Processing file /usr/local/python/3.10.13/lib/python3.10/site-packages/airflow/example_dags/example_subdag_operator.py for tasks to queue
[2024-02-16T20:24:28.501+0000] {logging_mixin.py:150} INFO - [2024-02-16T20:24:28.501+0000] {dagbag.py:541} INFO - Filling up the DagBag from /usr/local/python/3.10.13/lib/python3.10/site-packages/airflow/example_dags/example_subdag_operator.py
[2024-02-16T20:24:28.516+0000] {processor.py:836} INFO - DAG(s) dict_keys(['example_subdag_operator.section-1', 'example_subdag_operator.section-2', 'example_subdag_operator']) retrieved from /usr/local/python/3.10.13/lib/python3.10/site-packages/airflow/example_dags/example_subdag_operator.py
[2024-02-16T20:24:28.528+0000] {logging_mixin.py:150} INFO - [2024-02-16T20:24:28.528+0000] {dag.py:2742} INFO - Sync 3 DAGs
[2024-02-16T20:24:28.542+0000] {logging_mixin.py:150} INFO - [2024-02-16T20:24:28.542+0000] {dag.py:3504} INFO - Setting next_dagrun for example_subdag_operator to 2022-01-01T00:00:00+00:00, run_after=2022-01-01T00:00:00+00:00
[2024-02-16T20:24:28.544+0000] {logging_mixin.py:150} INFO - [2024-02-16T20:24:28.544+0000] {dag.py:3504} INFO - Setting next_dagrun for example_subdag_operator.section-1 to None, run_after=None
[2024-02-16T20:24:28.545+0000] {logging_mixin.py:150} INFO - [2024-02-16T20:24:28.545+0000] {dag.py:3504} INFO - Setting next_dagrun for example_subdag_operator.section-2 to None, run_after=None
[2024-02-16T20:24:28.549+0000] {logging_mixin.py:150} INFO - [2024-02-16T20:24:28.549+0000] {dag.py:2742} INFO - Sync 2 DAGs
[2024-02-16T20:24:28.552+0000] {logging_mixin.py:150} INFO - [2024-02-16T20:24:28.552+0000] {dag.py:3504} INFO - Setting next_dagrun for example_subdag_operator.section-1 to None, run_after=None
[2024-02-16T20:24:28.553+0000] {logging_mixin.py:150} INFO - [2024-02-16T20:24:28.552+0000] {dag.py:3504} INFO - Setting next_dagrun for example_subdag_operator.section-2 to None, run_after=None
[2024-02-16T20:24:28.596+0000] {processor.py:179} INFO - Processing /usr/local/python/3.10.13/lib/python3.10/site-packages/airflow/example_dags/example_subdag_operator.py took 0.098 seconds
[2024-02-16T20:25:06.908+0000] {processor.py:157} INFO - Started process (PID=27624) to work on /usr/local/python/3.10.13/lib/python3.10/site-packages/airflow/example_dags/example_subdag_operator.py
[2024-02-16T20:25:06.909+0000] {processor.py:826} INFO - Processing file /usr/local/python/3.10.13/lib/python3.10/site-packages/airflow/example_dags/example_subdag_operator.py for tasks to queue
[2024-02-16T20:25:06.910+0000] {logging_mixin.py:150} INFO - [2024-02-16T20:25:06.909+0000] {dagbag.py:541} INFO - Filling up the DagBag from /usr/local/python/3.10.13/lib/python3.10/site-packages/airflow/example_dags/example_subdag_operator.py
[2024-02-16T20:25:06.926+0000] {processor.py:836} INFO - DAG(s) dict_keys(['example_subdag_operator.section-1', 'example_subdag_operator.section-2', 'example_subdag_operator']) retrieved from /usr/local/python/3.10.13/lib/python3.10/site-packages/airflow/example_dags/example_subdag_operator.py
[2024-02-16T20:25:06.940+0000] {logging_mixin.py:150} INFO - [2024-02-16T20:25:06.940+0000] {dag.py:2742} INFO - Sync 3 DAGs
[2024-02-16T20:25:06.959+0000] {logging_mixin.py:150} INFO - [2024-02-16T20:25:06.959+0000] {dag.py:3504} INFO - Setting next_dagrun for example_subdag_operator to 2022-01-01T00:00:00+00:00, run_after=2022-01-01T00:00:00+00:00
[2024-02-16T20:25:06.962+0000] {logging_mixin.py:150} INFO - [2024-02-16T20:25:06.962+0000] {dag.py:3504} INFO - Setting next_dagrun for example_subdag_operator.section-1 to None, run_after=None
[2024-02-16T20:25:06.963+0000] {logging_mixin.py:150} INFO - [2024-02-16T20:25:06.963+0000] {dag.py:3504} INFO - Setting next_dagrun for example_subdag_operator.section-2 to None, run_after=None
[2024-02-16T20:25:06.968+0000] {logging_mixin.py:150} INFO - [2024-02-16T20:25:06.968+0000] {dag.py:2742} INFO - Sync 2 DAGs
[2024-02-16T20:25:06.972+0000] {logging_mixin.py:150} INFO - [2024-02-16T20:25:06.972+0000] {dag.py:3504} INFO - Setting next_dagrun for example_subdag_operator.section-1 to None, run_after=None
[2024-02-16T20:25:06.973+0000] {logging_mixin.py:150} INFO - [2024-02-16T20:25:06.973+0000] {dag.py:3504} INFO - Setting next_dagrun for example_subdag_operator.section-2 to None, run_after=None
[2024-02-16T20:25:07.018+0000] {processor.py:179} INFO - Processing /usr/local/python/3.10.13/lib/python3.10/site-packages/airflow/example_dags/example_subdag_operator.py took 0.112 seconds
