[2024-02-16T20:09:48.320+0000] {processor.py:157} INFO - Started process (PID=20365) to work on /usr/local/python/3.10.13/lib/python3.10/site-packages/airflow/example_dags/example_dynamic_task_mapping.py
[2024-02-16T20:09:48.320+0000] {processor.py:826} INFO - Processing file /usr/local/python/3.10.13/lib/python3.10/site-packages/airflow/example_dags/example_dynamic_task_mapping.py for tasks to queue
[2024-02-16T20:09:48.321+0000] {logging_mixin.py:150} INFO - [2024-02-16T20:09:48.321+0000] {dagbag.py:541} INFO - Filling up the DagBag from /usr/local/python/3.10.13/lib/python3.10/site-packages/airflow/example_dags/example_dynamic_task_mapping.py
[2024-02-16T20:09:48.327+0000] {processor.py:836} INFO - DAG(s) dict_keys(['example_dynamic_task_mapping']) retrieved from /usr/local/python/3.10.13/lib/python3.10/site-packages/airflow/example_dags/example_dynamic_task_mapping.py
[2024-02-16T20:09:48.472+0000] {logging_mixin.py:150} INFO - [2024-02-16T20:09:48.472+0000] {manager.py:504} INFO - Created Permission View: can read on DAG:example_dynamic_task_mapping
[2024-02-16T20:09:48.512+0000] {logging_mixin.py:150} INFO - [2024-02-16T20:09:48.512+0000] {manager.py:504} INFO - Created Permission View: can edit on DAG:example_dynamic_task_mapping
[2024-02-16T20:09:48.548+0000] {logging_mixin.py:150} INFO - [2024-02-16T20:09:48.548+0000] {manager.py:504} INFO - Created Permission View: can delete on DAG:example_dynamic_task_mapping
[2024-02-16T20:09:48.556+0000] {logging_mixin.py:150} INFO - [2024-02-16T20:09:48.556+0000] {dag.py:2742} INFO - Sync 1 DAGs
[2024-02-16T20:09:48.565+0000] {logging_mixin.py:150} INFO - [2024-02-16T20:09:48.565+0000] {dag.py:2763} INFO - Creating ORM DAG for example_dynamic_task_mapping
[2024-02-16T20:09:48.572+0000] {logging_mixin.py:150} INFO - [2024-02-16T20:09:48.572+0000] {dag.py:3504} INFO - Setting next_dagrun for example_dynamic_task_mapping to 2022-03-04T00:00:00+00:00, run_after=2022-03-05T00:00:00+00:00
[2024-02-16T20:09:48.628+0000] {processor.py:179} INFO - Processing /usr/local/python/3.10.13/lib/python3.10/site-packages/airflow/example_dags/example_dynamic_task_mapping.py took 0.311 seconds
[2024-02-16T20:10:49.970+0000] {processor.py:157} INFO - Started process (PID=20931) to work on /usr/local/python/3.10.13/lib/python3.10/site-packages/airflow/example_dags/example_dynamic_task_mapping.py
[2024-02-16T20:10:49.971+0000] {processor.py:826} INFO - Processing file /usr/local/python/3.10.13/lib/python3.10/site-packages/airflow/example_dags/example_dynamic_task_mapping.py for tasks to queue
[2024-02-16T20:10:49.972+0000] {logging_mixin.py:150} INFO - [2024-02-16T20:10:49.971+0000] {dagbag.py:541} INFO - Filling up the DagBag from /usr/local/python/3.10.13/lib/python3.10/site-packages/airflow/example_dags/example_dynamic_task_mapping.py
[2024-02-16T20:10:49.977+0000] {processor.py:836} INFO - DAG(s) dict_keys(['example_dynamic_task_mapping']) retrieved from /usr/local/python/3.10.13/lib/python3.10/site-packages/airflow/example_dags/example_dynamic_task_mapping.py
[2024-02-16T20:10:49.988+0000] {logging_mixin.py:150} INFO - [2024-02-16T20:10:49.987+0000] {dag.py:2742} INFO - Sync 1 DAGs
[2024-02-16T20:10:50.003+0000] {logging_mixin.py:150} INFO - [2024-02-16T20:10:50.002+0000] {dag.py:3504} INFO - Setting next_dagrun for example_dynamic_task_mapping to 2022-03-04T00:00:00+00:00, run_after=2022-03-05T00:00:00+00:00
[2024-02-16T20:10:50.047+0000] {processor.py:179} INFO - Processing /usr/local/python/3.10.13/lib/python3.10/site-packages/airflow/example_dags/example_dynamic_task_mapping.py took 0.079 seconds
[2024-02-16T20:11:51.891+0000] {processor.py:157} INFO - Started process (PID=21492) to work on /usr/local/python/3.10.13/lib/python3.10/site-packages/airflow/example_dags/example_dynamic_task_mapping.py
[2024-02-16T20:11:51.892+0000] {processor.py:826} INFO - Processing file /usr/local/python/3.10.13/lib/python3.10/site-packages/airflow/example_dags/example_dynamic_task_mapping.py for tasks to queue
[2024-02-16T20:11:51.892+0000] {logging_mixin.py:150} INFO - [2024-02-16T20:11:51.892+0000] {dagbag.py:541} INFO - Filling up the DagBag from /usr/local/python/3.10.13/lib/python3.10/site-packages/airflow/example_dags/example_dynamic_task_mapping.py
[2024-02-16T20:11:51.898+0000] {processor.py:836} INFO - DAG(s) dict_keys(['example_dynamic_task_mapping']) retrieved from /usr/local/python/3.10.13/lib/python3.10/site-packages/airflow/example_dags/example_dynamic_task_mapping.py
[2024-02-16T20:11:51.908+0000] {logging_mixin.py:150} INFO - [2024-02-16T20:11:51.908+0000] {dag.py:2742} INFO - Sync 1 DAGs
[2024-02-16T20:11:51.923+0000] {logging_mixin.py:150} INFO - [2024-02-16T20:11:51.923+0000] {dag.py:3504} INFO - Setting next_dagrun for example_dynamic_task_mapping to 2022-03-04T00:00:00+00:00, run_after=2022-03-05T00:00:00+00:00
[2024-02-16T20:11:51.966+0000] {processor.py:179} INFO - Processing /usr/local/python/3.10.13/lib/python3.10/site-packages/airflow/example_dags/example_dynamic_task_mapping.py took 0.077 seconds
[2024-02-16T20:12:44.829+0000] {processor.py:157} INFO - Started process (PID=21869) to work on /usr/local/python/3.10.13/lib/python3.10/site-packages/airflow/example_dags/example_dynamic_task_mapping.py
[2024-02-16T20:12:44.830+0000] {processor.py:826} INFO - Processing file /usr/local/python/3.10.13/lib/python3.10/site-packages/airflow/example_dags/example_dynamic_task_mapping.py for tasks to queue
[2024-02-16T20:12:44.830+0000] {logging_mixin.py:150} INFO - [2024-02-16T20:12:44.830+0000] {dagbag.py:541} INFO - Filling up the DagBag from /usr/local/python/3.10.13/lib/python3.10/site-packages/airflow/example_dags/example_dynamic_task_mapping.py
[2024-02-16T20:12:44.836+0000] {processor.py:836} INFO - DAG(s) dict_keys(['example_dynamic_task_mapping']) retrieved from /usr/local/python/3.10.13/lib/python3.10/site-packages/airflow/example_dags/example_dynamic_task_mapping.py
[2024-02-16T20:12:44.846+0000] {logging_mixin.py:150} INFO - [2024-02-16T20:12:44.846+0000] {dag.py:2742} INFO - Sync 1 DAGs
[2024-02-16T20:12:44.862+0000] {logging_mixin.py:150} INFO - [2024-02-16T20:12:44.862+0000] {dag.py:3504} INFO - Setting next_dagrun for example_dynamic_task_mapping to 2022-03-04T00:00:00+00:00, run_after=2022-03-05T00:00:00+00:00
[2024-02-16T20:12:44.911+0000] {processor.py:179} INFO - Processing /usr/local/python/3.10.13/lib/python3.10/site-packages/airflow/example_dags/example_dynamic_task_mapping.py took 0.084 seconds
[2024-02-16T20:13:35.152+0000] {processor.py:157} INFO - Started process (PID=22241) to work on /usr/local/python/3.10.13/lib/python3.10/site-packages/airflow/example_dags/example_dynamic_task_mapping.py
[2024-02-16T20:13:35.152+0000] {processor.py:826} INFO - Processing file /usr/local/python/3.10.13/lib/python3.10/site-packages/airflow/example_dags/example_dynamic_task_mapping.py for tasks to queue
[2024-02-16T20:13:35.153+0000] {logging_mixin.py:150} INFO - [2024-02-16T20:13:35.153+0000] {dagbag.py:541} INFO - Filling up the DagBag from /usr/local/python/3.10.13/lib/python3.10/site-packages/airflow/example_dags/example_dynamic_task_mapping.py
[2024-02-16T20:13:35.159+0000] {processor.py:836} INFO - DAG(s) dict_keys(['example_dynamic_task_mapping']) retrieved from /usr/local/python/3.10.13/lib/python3.10/site-packages/airflow/example_dags/example_dynamic_task_mapping.py
[2024-02-16T20:13:35.170+0000] {logging_mixin.py:150} INFO - [2024-02-16T20:13:35.170+0000] {dag.py:2742} INFO - Sync 1 DAGs
[2024-02-16T20:13:35.185+0000] {logging_mixin.py:150} INFO - [2024-02-16T20:13:35.185+0000] {dag.py:3504} INFO - Setting next_dagrun for example_dynamic_task_mapping to 2022-03-04T00:00:00+00:00, run_after=2022-03-05T00:00:00+00:00
[2024-02-16T20:13:35.239+0000] {processor.py:179} INFO - Processing /usr/local/python/3.10.13/lib/python3.10/site-packages/airflow/example_dags/example_dynamic_task_mapping.py took 0.089 seconds
[2024-02-16T20:14:31.779+0000] {processor.py:157} INFO - Started process (PID=22685) to work on /usr/local/python/3.10.13/lib/python3.10/site-packages/airflow/example_dags/example_dynamic_task_mapping.py
[2024-02-16T20:14:31.779+0000] {processor.py:826} INFO - Processing file /usr/local/python/3.10.13/lib/python3.10/site-packages/airflow/example_dags/example_dynamic_task_mapping.py for tasks to queue
[2024-02-16T20:14:31.780+0000] {logging_mixin.py:150} INFO - [2024-02-16T20:14:31.780+0000] {dagbag.py:541} INFO - Filling up the DagBag from /usr/local/python/3.10.13/lib/python3.10/site-packages/airflow/example_dags/example_dynamic_task_mapping.py
[2024-02-16T20:14:31.785+0000] {processor.py:836} INFO - DAG(s) dict_keys(['example_dynamic_task_mapping']) retrieved from /usr/local/python/3.10.13/lib/python3.10/site-packages/airflow/example_dags/example_dynamic_task_mapping.py
[2024-02-16T20:14:31.796+0000] {logging_mixin.py:150} INFO - [2024-02-16T20:14:31.796+0000] {dag.py:2742} INFO - Sync 1 DAGs
[2024-02-16T20:14:31.811+0000] {logging_mixin.py:150} INFO - [2024-02-16T20:14:31.811+0000] {dag.py:3504} INFO - Setting next_dagrun for example_dynamic_task_mapping to 2022-03-04T00:00:00+00:00, run_after=2022-03-05T00:00:00+00:00
[2024-02-16T20:14:31.857+0000] {processor.py:179} INFO - Processing /usr/local/python/3.10.13/lib/python3.10/site-packages/airflow/example_dags/example_dynamic_task_mapping.py took 0.080 seconds
[2024-02-16T20:15:24.157+0000] {processor.py:157} INFO - Started process (PID=23077) to work on /usr/local/python/3.10.13/lib/python3.10/site-packages/airflow/example_dags/example_dynamic_task_mapping.py
[2024-02-16T20:15:24.157+0000] {processor.py:826} INFO - Processing file /usr/local/python/3.10.13/lib/python3.10/site-packages/airflow/example_dags/example_dynamic_task_mapping.py for tasks to queue
[2024-02-16T20:15:24.158+0000] {logging_mixin.py:150} INFO - [2024-02-16T20:15:24.158+0000] {dagbag.py:541} INFO - Filling up the DagBag from /usr/local/python/3.10.13/lib/python3.10/site-packages/airflow/example_dags/example_dynamic_task_mapping.py
[2024-02-16T20:15:24.163+0000] {processor.py:836} INFO - DAG(s) dict_keys(['example_dynamic_task_mapping']) retrieved from /usr/local/python/3.10.13/lib/python3.10/site-packages/airflow/example_dags/example_dynamic_task_mapping.py
[2024-02-16T20:15:24.174+0000] {logging_mixin.py:150} INFO - [2024-02-16T20:15:24.174+0000] {dag.py:2742} INFO - Sync 1 DAGs
[2024-02-16T20:15:24.190+0000] {logging_mixin.py:150} INFO - [2024-02-16T20:15:24.190+0000] {dag.py:3504} INFO - Setting next_dagrun for example_dynamic_task_mapping to 2022-03-04T00:00:00+00:00, run_after=2022-03-05T00:00:00+00:00
[2024-02-16T20:15:24.243+0000] {processor.py:179} INFO - Processing /usr/local/python/3.10.13/lib/python3.10/site-packages/airflow/example_dags/example_dynamic_task_mapping.py took 0.090 seconds
[2024-02-16T20:16:16.070+0000] {processor.py:157} INFO - Started process (PID=23460) to work on /usr/local/python/3.10.13/lib/python3.10/site-packages/airflow/example_dags/example_dynamic_task_mapping.py
[2024-02-16T20:16:16.071+0000] {processor.py:826} INFO - Processing file /usr/local/python/3.10.13/lib/python3.10/site-packages/airflow/example_dags/example_dynamic_task_mapping.py for tasks to queue
[2024-02-16T20:16:16.071+0000] {logging_mixin.py:150} INFO - [2024-02-16T20:16:16.071+0000] {dagbag.py:541} INFO - Filling up the DagBag from /usr/local/python/3.10.13/lib/python3.10/site-packages/airflow/example_dags/example_dynamic_task_mapping.py
[2024-02-16T20:16:16.077+0000] {processor.py:836} INFO - DAG(s) dict_keys(['example_dynamic_task_mapping']) retrieved from /usr/local/python/3.10.13/lib/python3.10/site-packages/airflow/example_dags/example_dynamic_task_mapping.py
[2024-02-16T20:16:16.088+0000] {logging_mixin.py:150} INFO - [2024-02-16T20:16:16.088+0000] {dag.py:2742} INFO - Sync 1 DAGs
[2024-02-16T20:16:16.103+0000] {logging_mixin.py:150} INFO - [2024-02-16T20:16:16.103+0000] {dag.py:3504} INFO - Setting next_dagrun for example_dynamic_task_mapping to 2022-03-04T00:00:00+00:00, run_after=2022-03-05T00:00:00+00:00
[2024-02-16T20:16:16.150+0000] {processor.py:179} INFO - Processing /usr/local/python/3.10.13/lib/python3.10/site-packages/airflow/example_dags/example_dynamic_task_mapping.py took 0.082 seconds
[2024-02-16T20:17:10.296+0000] {processor.py:157} INFO - Started process (PID=23864) to work on /usr/local/python/3.10.13/lib/python3.10/site-packages/airflow/example_dags/example_dynamic_task_mapping.py
[2024-02-16T20:17:10.297+0000] {processor.py:826} INFO - Processing file /usr/local/python/3.10.13/lib/python3.10/site-packages/airflow/example_dags/example_dynamic_task_mapping.py for tasks to queue
[2024-02-16T20:17:10.298+0000] {logging_mixin.py:150} INFO - [2024-02-16T20:17:10.297+0000] {dagbag.py:541} INFO - Filling up the DagBag from /usr/local/python/3.10.13/lib/python3.10/site-packages/airflow/example_dags/example_dynamic_task_mapping.py
[2024-02-16T20:17:10.305+0000] {processor.py:836} INFO - DAG(s) dict_keys(['example_dynamic_task_mapping']) retrieved from /usr/local/python/3.10.13/lib/python3.10/site-packages/airflow/example_dags/example_dynamic_task_mapping.py
[2024-02-16T20:17:10.321+0000] {logging_mixin.py:150} INFO - [2024-02-16T20:17:10.321+0000] {dag.py:2742} INFO - Sync 1 DAGs
[2024-02-16T20:17:10.343+0000] {logging_mixin.py:150} INFO - [2024-02-16T20:17:10.343+0000] {dag.py:3504} INFO - Setting next_dagrun for example_dynamic_task_mapping to 2022-03-04T00:00:00+00:00, run_after=2022-03-05T00:00:00+00:00
[2024-02-16T20:17:10.395+0000] {processor.py:179} INFO - Processing /usr/local/python/3.10.13/lib/python3.10/site-packages/airflow/example_dags/example_dynamic_task_mapping.py took 0.102 seconds
[2024-02-16T20:18:01.775+0000] {processor.py:157} INFO - Started process (PID=24262) to work on /usr/local/python/3.10.13/lib/python3.10/site-packages/airflow/example_dags/example_dynamic_task_mapping.py
[2024-02-16T20:18:01.775+0000] {processor.py:826} INFO - Processing file /usr/local/python/3.10.13/lib/python3.10/site-packages/airflow/example_dags/example_dynamic_task_mapping.py for tasks to queue
[2024-02-16T20:18:01.776+0000] {logging_mixin.py:150} INFO - [2024-02-16T20:18:01.776+0000] {dagbag.py:541} INFO - Filling up the DagBag from /usr/local/python/3.10.13/lib/python3.10/site-packages/airflow/example_dags/example_dynamic_task_mapping.py
[2024-02-16T20:18:01.781+0000] {processor.py:836} INFO - DAG(s) dict_keys(['example_dynamic_task_mapping']) retrieved from /usr/local/python/3.10.13/lib/python3.10/site-packages/airflow/example_dags/example_dynamic_task_mapping.py
[2024-02-16T20:18:01.793+0000] {logging_mixin.py:150} INFO - [2024-02-16T20:18:01.792+0000] {dag.py:2742} INFO - Sync 1 DAGs
[2024-02-16T20:18:01.807+0000] {logging_mixin.py:150} INFO - [2024-02-16T20:18:01.807+0000] {dag.py:3504} INFO - Setting next_dagrun for example_dynamic_task_mapping to 2022-03-04T00:00:00+00:00, run_after=2022-03-05T00:00:00+00:00
[2024-02-16T20:18:01.858+0000] {processor.py:179} INFO - Processing /usr/local/python/3.10.13/lib/python3.10/site-packages/airflow/example_dags/example_dynamic_task_mapping.py took 0.085 seconds
[2024-02-16T20:18:56.042+0000] {processor.py:157} INFO - Started process (PID=24662) to work on /usr/local/python/3.10.13/lib/python3.10/site-packages/airflow/example_dags/example_dynamic_task_mapping.py
[2024-02-16T20:18:56.043+0000] {processor.py:826} INFO - Processing file /usr/local/python/3.10.13/lib/python3.10/site-packages/airflow/example_dags/example_dynamic_task_mapping.py for tasks to queue
[2024-02-16T20:18:56.043+0000] {logging_mixin.py:150} INFO - [2024-02-16T20:18:56.043+0000] {dagbag.py:541} INFO - Filling up the DagBag from /usr/local/python/3.10.13/lib/python3.10/site-packages/airflow/example_dags/example_dynamic_task_mapping.py
[2024-02-16T20:18:56.048+0000] {processor.py:836} INFO - DAG(s) dict_keys(['example_dynamic_task_mapping']) retrieved from /usr/local/python/3.10.13/lib/python3.10/site-packages/airflow/example_dags/example_dynamic_task_mapping.py
[2024-02-16T20:18:56.060+0000] {logging_mixin.py:150} INFO - [2024-02-16T20:18:56.060+0000] {dag.py:2742} INFO - Sync 1 DAGs
[2024-02-16T20:18:56.075+0000] {logging_mixin.py:150} INFO - [2024-02-16T20:18:56.075+0000] {dag.py:3504} INFO - Setting next_dagrun for example_dynamic_task_mapping to 2022-03-04T00:00:00+00:00, run_after=2022-03-05T00:00:00+00:00
[2024-02-16T20:18:56.122+0000] {processor.py:179} INFO - Processing /usr/local/python/3.10.13/lib/python3.10/site-packages/airflow/example_dags/example_dynamic_task_mapping.py took 0.082 seconds
[2024-02-16T20:19:47.163+0000] {processor.py:157} INFO - Started process (PID=25042) to work on /usr/local/python/3.10.13/lib/python3.10/site-packages/airflow/example_dags/example_dynamic_task_mapping.py
[2024-02-16T20:19:47.163+0000] {processor.py:826} INFO - Processing file /usr/local/python/3.10.13/lib/python3.10/site-packages/airflow/example_dags/example_dynamic_task_mapping.py for tasks to queue
[2024-02-16T20:19:47.164+0000] {logging_mixin.py:150} INFO - [2024-02-16T20:19:47.164+0000] {dagbag.py:541} INFO - Filling up the DagBag from /usr/local/python/3.10.13/lib/python3.10/site-packages/airflow/example_dags/example_dynamic_task_mapping.py
[2024-02-16T20:19:47.172+0000] {processor.py:836} INFO - DAG(s) dict_keys(['example_dynamic_task_mapping']) retrieved from /usr/local/python/3.10.13/lib/python3.10/site-packages/airflow/example_dags/example_dynamic_task_mapping.py
[2024-02-16T20:19:47.187+0000] {logging_mixin.py:150} INFO - [2024-02-16T20:19:47.187+0000] {dag.py:2742} INFO - Sync 1 DAGs
[2024-02-16T20:19:47.204+0000] {logging_mixin.py:150} INFO - [2024-02-16T20:19:47.204+0000] {dag.py:3504} INFO - Setting next_dagrun for example_dynamic_task_mapping to 2022-03-04T00:00:00+00:00, run_after=2022-03-05T00:00:00+00:00
[2024-02-16T20:19:47.255+0000] {processor.py:179} INFO - Processing /usr/local/python/3.10.13/lib/python3.10/site-packages/airflow/example_dags/example_dynamic_task_mapping.py took 0.096 seconds
[2024-02-16T20:20:42.760+0000] {processor.py:157} INFO - Started process (PID=25440) to work on /usr/local/python/3.10.13/lib/python3.10/site-packages/airflow/example_dags/example_dynamic_task_mapping.py
[2024-02-16T20:20:42.760+0000] {processor.py:826} INFO - Processing file /usr/local/python/3.10.13/lib/python3.10/site-packages/airflow/example_dags/example_dynamic_task_mapping.py for tasks to queue
[2024-02-16T20:20:42.761+0000] {logging_mixin.py:150} INFO - [2024-02-16T20:20:42.761+0000] {dagbag.py:541} INFO - Filling up the DagBag from /usr/local/python/3.10.13/lib/python3.10/site-packages/airflow/example_dags/example_dynamic_task_mapping.py
[2024-02-16T20:20:42.767+0000] {processor.py:836} INFO - DAG(s) dict_keys(['example_dynamic_task_mapping']) retrieved from /usr/local/python/3.10.13/lib/python3.10/site-packages/airflow/example_dags/example_dynamic_task_mapping.py
[2024-02-16T20:20:42.778+0000] {logging_mixin.py:150} INFO - [2024-02-16T20:20:42.777+0000] {dag.py:2742} INFO - Sync 1 DAGs
[2024-02-16T20:20:42.793+0000] {logging_mixin.py:150} INFO - [2024-02-16T20:20:42.792+0000] {dag.py:3504} INFO - Setting next_dagrun for example_dynamic_task_mapping to 2022-03-04T00:00:00+00:00, run_after=2022-03-05T00:00:00+00:00
[2024-02-16T20:20:42.846+0000] {processor.py:179} INFO - Processing /usr/local/python/3.10.13/lib/python3.10/site-packages/airflow/example_dags/example_dynamic_task_mapping.py took 0.088 seconds
[2024-02-16T20:21:35.718+0000] {processor.py:157} INFO - Started process (PID=25854) to work on /usr/local/python/3.10.13/lib/python3.10/site-packages/airflow/example_dags/example_dynamic_task_mapping.py
[2024-02-16T20:21:35.719+0000] {processor.py:826} INFO - Processing file /usr/local/python/3.10.13/lib/python3.10/site-packages/airflow/example_dags/example_dynamic_task_mapping.py for tasks to queue
[2024-02-16T20:21:35.720+0000] {logging_mixin.py:150} INFO - [2024-02-16T20:21:35.719+0000] {dagbag.py:541} INFO - Filling up the DagBag from /usr/local/python/3.10.13/lib/python3.10/site-packages/airflow/example_dags/example_dynamic_task_mapping.py
[2024-02-16T20:21:35.727+0000] {processor.py:836} INFO - DAG(s) dict_keys(['example_dynamic_task_mapping']) retrieved from /usr/local/python/3.10.13/lib/python3.10/site-packages/airflow/example_dags/example_dynamic_task_mapping.py
[2024-02-16T20:21:35.737+0000] {logging_mixin.py:150} INFO - [2024-02-16T20:21:35.737+0000] {dag.py:2742} INFO - Sync 1 DAGs
[2024-02-16T20:21:35.755+0000] {logging_mixin.py:150} INFO - [2024-02-16T20:21:35.754+0000] {dag.py:3504} INFO - Setting next_dagrun for example_dynamic_task_mapping to 2022-03-04T00:00:00+00:00, run_after=2022-03-05T00:00:00+00:00
[2024-02-16T20:21:35.801+0000] {processor.py:179} INFO - Processing /usr/local/python/3.10.13/lib/python3.10/site-packages/airflow/example_dags/example_dynamic_task_mapping.py took 0.085 seconds
[2024-02-16T20:22:31.568+0000] {processor.py:157} INFO - Started process (PID=26269) to work on /usr/local/python/3.10.13/lib/python3.10/site-packages/airflow/example_dags/example_dynamic_task_mapping.py
[2024-02-16T20:22:31.569+0000] {processor.py:826} INFO - Processing file /usr/local/python/3.10.13/lib/python3.10/site-packages/airflow/example_dags/example_dynamic_task_mapping.py for tasks to queue
[2024-02-16T20:22:31.570+0000] {logging_mixin.py:150} INFO - [2024-02-16T20:22:31.569+0000] {dagbag.py:541} INFO - Filling up the DagBag from /usr/local/python/3.10.13/lib/python3.10/site-packages/airflow/example_dags/example_dynamic_task_mapping.py
[2024-02-16T20:22:31.575+0000] {processor.py:836} INFO - DAG(s) dict_keys(['example_dynamic_task_mapping']) retrieved from /usr/local/python/3.10.13/lib/python3.10/site-packages/airflow/example_dags/example_dynamic_task_mapping.py
[2024-02-16T20:22:31.586+0000] {logging_mixin.py:150} INFO - [2024-02-16T20:22:31.586+0000] {dag.py:2742} INFO - Sync 1 DAGs
[2024-02-16T20:22:31.601+0000] {logging_mixin.py:150} INFO - [2024-02-16T20:22:31.601+0000] {dag.py:3504} INFO - Setting next_dagrun for example_dynamic_task_mapping to 2022-03-04T00:00:00+00:00, run_after=2022-03-05T00:00:00+00:00
[2024-02-16T20:22:31.650+0000] {processor.py:179} INFO - Processing /usr/local/python/3.10.13/lib/python3.10/site-packages/airflow/example_dags/example_dynamic_task_mapping.py took 0.084 seconds
[2024-02-16T20:23:23.105+0000] {processor.py:157} INFO - Started process (PID=26655) to work on /usr/local/python/3.10.13/lib/python3.10/site-packages/airflow/example_dags/example_dynamic_task_mapping.py
[2024-02-16T20:23:23.106+0000] {processor.py:826} INFO - Processing file /usr/local/python/3.10.13/lib/python3.10/site-packages/airflow/example_dags/example_dynamic_task_mapping.py for tasks to queue
[2024-02-16T20:23:23.106+0000] {logging_mixin.py:150} INFO - [2024-02-16T20:23:23.106+0000] {dagbag.py:541} INFO - Filling up the DagBag from /usr/local/python/3.10.13/lib/python3.10/site-packages/airflow/example_dags/example_dynamic_task_mapping.py
[2024-02-16T20:23:23.112+0000] {processor.py:836} INFO - DAG(s) dict_keys(['example_dynamic_task_mapping']) retrieved from /usr/local/python/3.10.13/lib/python3.10/site-packages/airflow/example_dags/example_dynamic_task_mapping.py
[2024-02-16T20:23:23.123+0000] {logging_mixin.py:150} INFO - [2024-02-16T20:23:23.123+0000] {dag.py:2742} INFO - Sync 1 DAGs
[2024-02-16T20:23:23.138+0000] {logging_mixin.py:150} INFO - [2024-02-16T20:23:23.138+0000] {dag.py:3504} INFO - Setting next_dagrun for example_dynamic_task_mapping to 2022-03-04T00:00:00+00:00, run_after=2022-03-05T00:00:00+00:00
[2024-02-16T20:23:23.184+0000] {processor.py:179} INFO - Processing /usr/local/python/3.10.13/lib/python3.10/site-packages/airflow/example_dags/example_dynamic_task_mapping.py took 0.082 seconds
[2024-02-16T20:24:19.501+0000] {processor.py:157} INFO - Started process (PID=27128) to work on /usr/local/python/3.10.13/lib/python3.10/site-packages/airflow/example_dags/example_dynamic_task_mapping.py
[2024-02-16T20:24:19.501+0000] {processor.py:826} INFO - Processing file /usr/local/python/3.10.13/lib/python3.10/site-packages/airflow/example_dags/example_dynamic_task_mapping.py for tasks to queue
[2024-02-16T20:24:19.502+0000] {logging_mixin.py:150} INFO - [2024-02-16T20:24:19.502+0000] {dagbag.py:541} INFO - Filling up the DagBag from /usr/local/python/3.10.13/lib/python3.10/site-packages/airflow/example_dags/example_dynamic_task_mapping.py
[2024-02-16T20:24:19.508+0000] {processor.py:836} INFO - DAG(s) dict_keys(['example_dynamic_task_mapping']) retrieved from /usr/local/python/3.10.13/lib/python3.10/site-packages/airflow/example_dags/example_dynamic_task_mapping.py
[2024-02-16T20:24:19.519+0000] {logging_mixin.py:150} INFO - [2024-02-16T20:24:19.518+0000] {dag.py:2742} INFO - Sync 1 DAGs
[2024-02-16T20:24:19.534+0000] {logging_mixin.py:150} INFO - [2024-02-16T20:24:19.534+0000] {dag.py:3504} INFO - Setting next_dagrun for example_dynamic_task_mapping to 2022-03-04T00:00:00+00:00, run_after=2022-03-05T00:00:00+00:00
[2024-02-16T20:24:19.583+0000] {processor.py:179} INFO - Processing /usr/local/python/3.10.13/lib/python3.10/site-packages/airflow/example_dags/example_dynamic_task_mapping.py took 0.084 seconds
