[2024-02-16T20:09:12.635+0000] {processor.py:157} INFO - Started process (PID=20043) to work on /usr/local/python/3.10.13/lib/python3.10/site-packages/airflow/example_dags/example_trigger_target_dag.py
[2024-02-16T20:09:12.636+0000] {processor.py:826} INFO - Processing file /usr/local/python/3.10.13/lib/python3.10/site-packages/airflow/example_dags/example_trigger_target_dag.py for tasks to queue
[2024-02-16T20:09:12.636+0000] {logging_mixin.py:150} INFO - [2024-02-16T20:09:12.636+0000] {dagbag.py:541} INFO - Filling up the DagBag from /usr/local/python/3.10.13/lib/python3.10/site-packages/airflow/example_dags/example_trigger_target_dag.py
[2024-02-16T20:09:12.641+0000] {processor.py:836} INFO - DAG(s) dict_keys(['example_trigger_target_dag']) retrieved from /usr/local/python/3.10.13/lib/python3.10/site-packages/airflow/example_dags/example_trigger_target_dag.py
[2024-02-16T20:09:12.789+0000] {logging_mixin.py:150} INFO - [2024-02-16T20:09:12.789+0000] {manager.py:504} INFO - Created Permission View: can read on DAG:example_trigger_target_dag
[2024-02-16T20:09:12.828+0000] {logging_mixin.py:150} INFO - [2024-02-16T20:09:12.827+0000] {manager.py:504} INFO - Created Permission View: can edit on DAG:example_trigger_target_dag
[2024-02-16T20:09:12.866+0000] {logging_mixin.py:150} INFO - [2024-02-16T20:09:12.866+0000] {manager.py:504} INFO - Created Permission View: can delete on DAG:example_trigger_target_dag
[2024-02-16T20:09:12.874+0000] {logging_mixin.py:150} INFO - [2024-02-16T20:09:12.874+0000] {dag.py:2742} INFO - Sync 1 DAGs
[2024-02-16T20:09:12.883+0000] {logging_mixin.py:150} INFO - [2024-02-16T20:09:12.883+0000] {dag.py:2763} INFO - Creating ORM DAG for example_trigger_target_dag
[2024-02-16T20:09:12.890+0000] {logging_mixin.py:150} INFO - [2024-02-16T20:09:12.890+0000] {dag.py:3504} INFO - Setting next_dagrun for example_trigger_target_dag to None, run_after=None
[2024-02-16T20:09:12.941+0000] {processor.py:179} INFO - Processing /usr/local/python/3.10.13/lib/python3.10/site-packages/airflow/example_dags/example_trigger_target_dag.py took 0.308 seconds
[2024-02-16T20:10:09.236+0000] {processor.py:157} INFO - Started process (PID=20522) to work on /usr/local/python/3.10.13/lib/python3.10/site-packages/airflow/example_dags/example_trigger_target_dag.py
[2024-02-16T20:10:09.237+0000] {processor.py:826} INFO - Processing file /usr/local/python/3.10.13/lib/python3.10/site-packages/airflow/example_dags/example_trigger_target_dag.py for tasks to queue
[2024-02-16T20:10:09.238+0000] {logging_mixin.py:150} INFO - [2024-02-16T20:10:09.238+0000] {dagbag.py:541} INFO - Filling up the DagBag from /usr/local/python/3.10.13/lib/python3.10/site-packages/airflow/example_dags/example_trigger_target_dag.py
[2024-02-16T20:10:09.244+0000] {processor.py:836} INFO - DAG(s) dict_keys(['example_trigger_target_dag']) retrieved from /usr/local/python/3.10.13/lib/python3.10/site-packages/airflow/example_dags/example_trigger_target_dag.py
[2024-02-16T20:10:09.260+0000] {logging_mixin.py:150} INFO - [2024-02-16T20:10:09.260+0000] {dag.py:2742} INFO - Sync 1 DAGs
[2024-02-16T20:10:09.278+0000] {logging_mixin.py:150} INFO - [2024-02-16T20:10:09.278+0000] {dag.py:3504} INFO - Setting next_dagrun for example_trigger_target_dag to None, run_after=None
[2024-02-16T20:10:09.324+0000] {processor.py:179} INFO - Processing /usr/local/python/3.10.13/lib/python3.10/site-packages/airflow/example_dags/example_trigger_target_dag.py took 0.090 seconds
[2024-02-16T20:11:24.173+0000] {processor.py:157} INFO - Started process (PID=21301) to work on /usr/local/python/3.10.13/lib/python3.10/site-packages/airflow/example_dags/example_trigger_target_dag.py
[2024-02-16T20:11:24.174+0000] {processor.py:826} INFO - Processing file /usr/local/python/3.10.13/lib/python3.10/site-packages/airflow/example_dags/example_trigger_target_dag.py for tasks to queue
[2024-02-16T20:11:24.174+0000] {logging_mixin.py:150} INFO - [2024-02-16T20:11:24.174+0000] {dagbag.py:541} INFO - Filling up the DagBag from /usr/local/python/3.10.13/lib/python3.10/site-packages/airflow/example_dags/example_trigger_target_dag.py
[2024-02-16T20:11:24.178+0000] {processor.py:836} INFO - DAG(s) dict_keys(['example_trigger_target_dag']) retrieved from /usr/local/python/3.10.13/lib/python3.10/site-packages/airflow/example_dags/example_trigger_target_dag.py
[2024-02-16T20:11:24.195+0000] {logging_mixin.py:150} INFO - [2024-02-16T20:11:24.194+0000] {dag.py:2742} INFO - Sync 1 DAGs
[2024-02-16T20:11:24.211+0000] {logging_mixin.py:150} INFO - [2024-02-16T20:11:24.211+0000] {dag.py:3504} INFO - Setting next_dagrun for example_trigger_target_dag to None, run_after=None
[2024-02-16T20:11:24.258+0000] {processor.py:179} INFO - Processing /usr/local/python/3.10.13/lib/python3.10/site-packages/airflow/example_dags/example_trigger_target_dag.py took 0.090 seconds
[2024-02-16T20:12:12.059+0000] {processor.py:157} INFO - Started process (PID=21641) to work on /usr/local/python/3.10.13/lib/python3.10/site-packages/airflow/example_dags/example_trigger_target_dag.py
[2024-02-16T20:12:12.059+0000] {processor.py:826} INFO - Processing file /usr/local/python/3.10.13/lib/python3.10/site-packages/airflow/example_dags/example_trigger_target_dag.py for tasks to queue
[2024-02-16T20:12:12.060+0000] {logging_mixin.py:150} INFO - [2024-02-16T20:12:12.060+0000] {dagbag.py:541} INFO - Filling up the DagBag from /usr/local/python/3.10.13/lib/python3.10/site-packages/airflow/example_dags/example_trigger_target_dag.py
[2024-02-16T20:12:12.064+0000] {processor.py:836} INFO - DAG(s) dict_keys(['example_trigger_target_dag']) retrieved from /usr/local/python/3.10.13/lib/python3.10/site-packages/airflow/example_dags/example_trigger_target_dag.py
[2024-02-16T20:12:12.076+0000] {logging_mixin.py:150} INFO - [2024-02-16T20:12:12.075+0000] {dag.py:2742} INFO - Sync 1 DAGs
[2024-02-16T20:12:12.091+0000] {logging_mixin.py:150} INFO - [2024-02-16T20:12:12.090+0000] {dag.py:3504} INFO - Setting next_dagrun for example_trigger_target_dag to None, run_after=None
[2024-02-16T20:12:12.140+0000] {processor.py:179} INFO - Processing /usr/local/python/3.10.13/lib/python3.10/site-packages/airflow/example_dags/example_trigger_target_dag.py took 0.083 seconds
[2024-02-16T20:12:58.070+0000] {processor.py:157} INFO - Started process (PID=21989) to work on /usr/local/python/3.10.13/lib/python3.10/site-packages/airflow/example_dags/example_trigger_target_dag.py
[2024-02-16T20:12:58.071+0000] {processor.py:826} INFO - Processing file /usr/local/python/3.10.13/lib/python3.10/site-packages/airflow/example_dags/example_trigger_target_dag.py for tasks to queue
[2024-02-16T20:12:58.072+0000] {logging_mixin.py:150} INFO - [2024-02-16T20:12:58.071+0000] {dagbag.py:541} INFO - Filling up the DagBag from /usr/local/python/3.10.13/lib/python3.10/site-packages/airflow/example_dags/example_trigger_target_dag.py
[2024-02-16T20:12:58.076+0000] {processor.py:836} INFO - DAG(s) dict_keys(['example_trigger_target_dag']) retrieved from /usr/local/python/3.10.13/lib/python3.10/site-packages/airflow/example_dags/example_trigger_target_dag.py
[2024-02-16T20:12:58.088+0000] {logging_mixin.py:150} INFO - [2024-02-16T20:12:58.088+0000] {dag.py:2742} INFO - Sync 1 DAGs
[2024-02-16T20:12:58.104+0000] {logging_mixin.py:150} INFO - [2024-02-16T20:12:58.104+0000] {dag.py:3504} INFO - Setting next_dagrun for example_trigger_target_dag to None, run_after=None
[2024-02-16T20:12:58.150+0000] {processor.py:179} INFO - Processing /usr/local/python/3.10.13/lib/python3.10/site-packages/airflow/example_dags/example_trigger_target_dag.py took 0.082 seconds
[2024-02-16T20:13:49.910+0000] {processor.py:157} INFO - Started process (PID=22371) to work on /usr/local/python/3.10.13/lib/python3.10/site-packages/airflow/example_dags/example_trigger_target_dag.py
[2024-02-16T20:13:49.911+0000] {processor.py:826} INFO - Processing file /usr/local/python/3.10.13/lib/python3.10/site-packages/airflow/example_dags/example_trigger_target_dag.py for tasks to queue
[2024-02-16T20:13:49.912+0000] {logging_mixin.py:150} INFO - [2024-02-16T20:13:49.911+0000] {dagbag.py:541} INFO - Filling up the DagBag from /usr/local/python/3.10.13/lib/python3.10/site-packages/airflow/example_dags/example_trigger_target_dag.py
[2024-02-16T20:13:49.916+0000] {processor.py:836} INFO - DAG(s) dict_keys(['example_trigger_target_dag']) retrieved from /usr/local/python/3.10.13/lib/python3.10/site-packages/airflow/example_dags/example_trigger_target_dag.py
[2024-02-16T20:13:49.927+0000] {logging_mixin.py:150} INFO - [2024-02-16T20:13:49.927+0000] {dag.py:2742} INFO - Sync 1 DAGs
[2024-02-16T20:13:49.942+0000] {logging_mixin.py:150} INFO - [2024-02-16T20:13:49.942+0000] {dag.py:3504} INFO - Setting next_dagrun for example_trigger_target_dag to None, run_after=None
[2024-02-16T20:13:49.989+0000] {processor.py:179} INFO - Processing /usr/local/python/3.10.13/lib/python3.10/site-packages/airflow/example_dags/example_trigger_target_dag.py took 0.082 seconds
[2024-02-16T20:14:43.099+0000] {processor.py:157} INFO - Started process (PID=22765) to work on /usr/local/python/3.10.13/lib/python3.10/site-packages/airflow/example_dags/example_trigger_target_dag.py
[2024-02-16T20:14:43.100+0000] {processor.py:826} INFO - Processing file /usr/local/python/3.10.13/lib/python3.10/site-packages/airflow/example_dags/example_trigger_target_dag.py for tasks to queue
[2024-02-16T20:14:43.101+0000] {logging_mixin.py:150} INFO - [2024-02-16T20:14:43.100+0000] {dagbag.py:541} INFO - Filling up the DagBag from /usr/local/python/3.10.13/lib/python3.10/site-packages/airflow/example_dags/example_trigger_target_dag.py
[2024-02-16T20:14:43.105+0000] {processor.py:836} INFO - DAG(s) dict_keys(['example_trigger_target_dag']) retrieved from /usr/local/python/3.10.13/lib/python3.10/site-packages/airflow/example_dags/example_trigger_target_dag.py
[2024-02-16T20:14:43.117+0000] {logging_mixin.py:150} INFO - [2024-02-16T20:14:43.116+0000] {dag.py:2742} INFO - Sync 1 DAGs
[2024-02-16T20:14:43.132+0000] {logging_mixin.py:150} INFO - [2024-02-16T20:14:43.132+0000] {dag.py:3504} INFO - Setting next_dagrun for example_trigger_target_dag to None, run_after=None
[2024-02-16T20:14:43.183+0000] {processor.py:179} INFO - Processing /usr/local/python/3.10.13/lib/python3.10/site-packages/airflow/example_dags/example_trigger_target_dag.py took 0.086 seconds
[2024-02-16T20:15:33.117+0000] {processor.py:157} INFO - Started process (PID=23142) to work on /usr/local/python/3.10.13/lib/python3.10/site-packages/airflow/example_dags/example_trigger_target_dag.py
[2024-02-16T20:15:33.117+0000] {processor.py:826} INFO - Processing file /usr/local/python/3.10.13/lib/python3.10/site-packages/airflow/example_dags/example_trigger_target_dag.py for tasks to queue
[2024-02-16T20:15:33.118+0000] {logging_mixin.py:150} INFO - [2024-02-16T20:15:33.118+0000] {dagbag.py:541} INFO - Filling up the DagBag from /usr/local/python/3.10.13/lib/python3.10/site-packages/airflow/example_dags/example_trigger_target_dag.py
[2024-02-16T20:15:33.123+0000] {processor.py:836} INFO - DAG(s) dict_keys(['example_trigger_target_dag']) retrieved from /usr/local/python/3.10.13/lib/python3.10/site-packages/airflow/example_dags/example_trigger_target_dag.py
[2024-02-16T20:15:33.134+0000] {logging_mixin.py:150} INFO - [2024-02-16T20:15:33.134+0000] {dag.py:2742} INFO - Sync 1 DAGs
[2024-02-16T20:15:33.151+0000] {logging_mixin.py:150} INFO - [2024-02-16T20:15:33.151+0000] {dag.py:3504} INFO - Setting next_dagrun for example_trigger_target_dag to None, run_after=None
[2024-02-16T20:15:33.202+0000] {processor.py:179} INFO - Processing /usr/local/python/3.10.13/lib/python3.10/site-packages/airflow/example_dags/example_trigger_target_dag.py took 0.087 seconds
[2024-02-16T20:16:25.999+0000] {processor.py:157} INFO - Started process (PID=23537) to work on /usr/local/python/3.10.13/lib/python3.10/site-packages/airflow/example_dags/example_trigger_target_dag.py
[2024-02-16T20:16:26.000+0000] {processor.py:826} INFO - Processing file /usr/local/python/3.10.13/lib/python3.10/site-packages/airflow/example_dags/example_trigger_target_dag.py for tasks to queue
[2024-02-16T20:16:26.001+0000] {logging_mixin.py:150} INFO - [2024-02-16T20:16:26.001+0000] {dagbag.py:541} INFO - Filling up the DagBag from /usr/local/python/3.10.13/lib/python3.10/site-packages/airflow/example_dags/example_trigger_target_dag.py
[2024-02-16T20:16:26.006+0000] {processor.py:836} INFO - DAG(s) dict_keys(['example_trigger_target_dag']) retrieved from /usr/local/python/3.10.13/lib/python3.10/site-packages/airflow/example_dags/example_trigger_target_dag.py
[2024-02-16T20:16:26.018+0000] {logging_mixin.py:150} INFO - [2024-02-16T20:16:26.018+0000] {dag.py:2742} INFO - Sync 1 DAGs
[2024-02-16T20:16:26.032+0000] {logging_mixin.py:150} INFO - [2024-02-16T20:16:26.032+0000] {dag.py:3504} INFO - Setting next_dagrun for example_trigger_target_dag to None, run_after=None
[2024-02-16T20:16:26.079+0000] {processor.py:179} INFO - Processing /usr/local/python/3.10.13/lib/python3.10/site-packages/airflow/example_dags/example_trigger_target_dag.py took 0.083 seconds
[2024-02-16T20:17:04.590+0000] {processor.py:157} INFO - Started process (PID=23825) to work on /usr/local/python/3.10.13/lib/python3.10/site-packages/airflow/example_dags/example_trigger_target_dag.py
[2024-02-16T20:17:04.591+0000] {processor.py:826} INFO - Processing file /usr/local/python/3.10.13/lib/python3.10/site-packages/airflow/example_dags/example_trigger_target_dag.py for tasks to queue
[2024-02-16T20:17:04.592+0000] {logging_mixin.py:150} INFO - [2024-02-16T20:17:04.591+0000] {dagbag.py:541} INFO - Filling up the DagBag from /usr/local/python/3.10.13/lib/python3.10/site-packages/airflow/example_dags/example_trigger_target_dag.py
[2024-02-16T20:17:04.596+0000] {processor.py:836} INFO - DAG(s) dict_keys(['example_trigger_target_dag']) retrieved from /usr/local/python/3.10.13/lib/python3.10/site-packages/airflow/example_dags/example_trigger_target_dag.py
[2024-02-16T20:17:04.607+0000] {logging_mixin.py:150} INFO - [2024-02-16T20:17:04.607+0000] {dag.py:2742} INFO - Sync 1 DAGs
[2024-02-16T20:17:04.622+0000] {logging_mixin.py:150} INFO - [2024-02-16T20:17:04.621+0000] {dag.py:3504} INFO - Setting next_dagrun for example_trigger_target_dag to None, run_after=None
[2024-02-16T20:17:04.671+0000] {processor.py:179} INFO - Processing /usr/local/python/3.10.13/lib/python3.10/site-packages/airflow/example_dags/example_trigger_target_dag.py took 0.083 seconds
[2024-02-16T20:17:55.897+0000] {processor.py:157} INFO - Started process (PID=24205) to work on /usr/local/python/3.10.13/lib/python3.10/site-packages/airflow/example_dags/example_trigger_target_dag.py
[2024-02-16T20:17:55.897+0000] {processor.py:826} INFO - Processing file /usr/local/python/3.10.13/lib/python3.10/site-packages/airflow/example_dags/example_trigger_target_dag.py for tasks to queue
[2024-02-16T20:17:55.898+0000] {logging_mixin.py:150} INFO - [2024-02-16T20:17:55.898+0000] {dagbag.py:541} INFO - Filling up the DagBag from /usr/local/python/3.10.13/lib/python3.10/site-packages/airflow/example_dags/example_trigger_target_dag.py
[2024-02-16T20:17:55.902+0000] {processor.py:836} INFO - DAG(s) dict_keys(['example_trigger_target_dag']) retrieved from /usr/local/python/3.10.13/lib/python3.10/site-packages/airflow/example_dags/example_trigger_target_dag.py
[2024-02-16T20:17:55.914+0000] {logging_mixin.py:150} INFO - [2024-02-16T20:17:55.914+0000] {dag.py:2742} INFO - Sync 1 DAGs
[2024-02-16T20:17:55.936+0000] {logging_mixin.py:150} INFO - [2024-02-16T20:17:55.936+0000] {dag.py:3504} INFO - Setting next_dagrun for example_trigger_target_dag to None, run_after=None
[2024-02-16T20:17:56.000+0000] {processor.py:179} INFO - Processing /usr/local/python/3.10.13/lib/python3.10/site-packages/airflow/example_dags/example_trigger_target_dag.py took 0.105 seconds
[2024-02-16T20:18:49.641+0000] {processor.py:157} INFO - Started process (PID=24601) to work on /usr/local/python/3.10.13/lib/python3.10/site-packages/airflow/example_dags/example_trigger_target_dag.py
[2024-02-16T20:18:49.641+0000] {processor.py:826} INFO - Processing file /usr/local/python/3.10.13/lib/python3.10/site-packages/airflow/example_dags/example_trigger_target_dag.py for tasks to queue
[2024-02-16T20:18:49.642+0000] {logging_mixin.py:150} INFO - [2024-02-16T20:18:49.642+0000] {dagbag.py:541} INFO - Filling up the DagBag from /usr/local/python/3.10.13/lib/python3.10/site-packages/airflow/example_dags/example_trigger_target_dag.py
[2024-02-16T20:18:49.648+0000] {processor.py:836} INFO - DAG(s) dict_keys(['example_trigger_target_dag']) retrieved from /usr/local/python/3.10.13/lib/python3.10/site-packages/airflow/example_dags/example_trigger_target_dag.py
[2024-02-16T20:18:49.665+0000] {logging_mixin.py:150} INFO - [2024-02-16T20:18:49.665+0000] {dag.py:2742} INFO - Sync 1 DAGs
[2024-02-16T20:18:49.688+0000] {logging_mixin.py:150} INFO - [2024-02-16T20:18:49.687+0000] {dag.py:3504} INFO - Setting next_dagrun for example_trigger_target_dag to None, run_after=None
[2024-02-16T20:18:49.745+0000] {processor.py:179} INFO - Processing /usr/local/python/3.10.13/lib/python3.10/site-packages/airflow/example_dags/example_trigger_target_dag.py took 0.107 seconds
[2024-02-16T20:19:41.986+0000] {processor.py:157} INFO - Started process (PID=24990) to work on /usr/local/python/3.10.13/lib/python3.10/site-packages/airflow/example_dags/example_trigger_target_dag.py
[2024-02-16T20:19:41.986+0000] {processor.py:826} INFO - Processing file /usr/local/python/3.10.13/lib/python3.10/site-packages/airflow/example_dags/example_trigger_target_dag.py for tasks to queue
[2024-02-16T20:19:41.987+0000] {logging_mixin.py:150} INFO - [2024-02-16T20:19:41.987+0000] {dagbag.py:541} INFO - Filling up the DagBag from /usr/local/python/3.10.13/lib/python3.10/site-packages/airflow/example_dags/example_trigger_target_dag.py
[2024-02-16T20:19:41.992+0000] {processor.py:836} INFO - DAG(s) dict_keys(['example_trigger_target_dag']) retrieved from /usr/local/python/3.10.13/lib/python3.10/site-packages/airflow/example_dags/example_trigger_target_dag.py
[2024-02-16T20:19:42.003+0000] {logging_mixin.py:150} INFO - [2024-02-16T20:19:42.003+0000] {dag.py:2742} INFO - Sync 1 DAGs
[2024-02-16T20:19:42.017+0000] {logging_mixin.py:150} INFO - [2024-02-16T20:19:42.017+0000] {dag.py:3504} INFO - Setting next_dagrun for example_trigger_target_dag to None, run_after=None
[2024-02-16T20:19:42.064+0000] {processor.py:179} INFO - Processing /usr/local/python/3.10.13/lib/python3.10/site-packages/airflow/example_dags/example_trigger_target_dag.py took 0.081 seconds
[2024-02-16T20:20:36.111+0000] {processor.py:157} INFO - Started process (PID=25404) to work on /usr/local/python/3.10.13/lib/python3.10/site-packages/airflow/example_dags/example_trigger_target_dag.py
[2024-02-16T20:20:36.112+0000] {processor.py:826} INFO - Processing file /usr/local/python/3.10.13/lib/python3.10/site-packages/airflow/example_dags/example_trigger_target_dag.py for tasks to queue
[2024-02-16T20:20:36.113+0000] {logging_mixin.py:150} INFO - [2024-02-16T20:20:36.112+0000] {dagbag.py:541} INFO - Filling up the DagBag from /usr/local/python/3.10.13/lib/python3.10/site-packages/airflow/example_dags/example_trigger_target_dag.py
[2024-02-16T20:20:36.117+0000] {processor.py:836} INFO - DAG(s) dict_keys(['example_trigger_target_dag']) retrieved from /usr/local/python/3.10.13/lib/python3.10/site-packages/airflow/example_dags/example_trigger_target_dag.py
[2024-02-16T20:20:36.128+0000] {logging_mixin.py:150} INFO - [2024-02-16T20:20:36.128+0000] {dag.py:2742} INFO - Sync 1 DAGs
[2024-02-16T20:20:36.143+0000] {logging_mixin.py:150} INFO - [2024-02-16T20:20:36.143+0000] {dag.py:3504} INFO - Setting next_dagrun for example_trigger_target_dag to None, run_after=None
[2024-02-16T20:20:36.191+0000] {processor.py:179} INFO - Processing /usr/local/python/3.10.13/lib/python3.10/site-packages/airflow/example_dags/example_trigger_target_dag.py took 0.082 seconds
[2024-02-16T20:21:29.350+0000] {processor.py:157} INFO - Started process (PID=25801) to work on /usr/local/python/3.10.13/lib/python3.10/site-packages/airflow/example_dags/example_trigger_target_dag.py
[2024-02-16T20:21:29.350+0000] {processor.py:826} INFO - Processing file /usr/local/python/3.10.13/lib/python3.10/site-packages/airflow/example_dags/example_trigger_target_dag.py for tasks to queue
[2024-02-16T20:21:29.351+0000] {logging_mixin.py:150} INFO - [2024-02-16T20:21:29.351+0000] {dagbag.py:541} INFO - Filling up the DagBag from /usr/local/python/3.10.13/lib/python3.10/site-packages/airflow/example_dags/example_trigger_target_dag.py
[2024-02-16T20:21:29.357+0000] {processor.py:836} INFO - DAG(s) dict_keys(['example_trigger_target_dag']) retrieved from /usr/local/python/3.10.13/lib/python3.10/site-packages/airflow/example_dags/example_trigger_target_dag.py
[2024-02-16T20:21:29.374+0000] {logging_mixin.py:150} INFO - [2024-02-16T20:21:29.373+0000] {dag.py:2742} INFO - Sync 1 DAGs
[2024-02-16T20:21:29.389+0000] {logging_mixin.py:150} INFO - [2024-02-16T20:21:29.389+0000] {dag.py:3504} INFO - Setting next_dagrun for example_trigger_target_dag to None, run_after=None
[2024-02-16T20:21:29.436+0000] {processor.py:179} INFO - Processing /usr/local/python/3.10.13/lib/python3.10/site-packages/airflow/example_dags/example_trigger_target_dag.py took 0.089 seconds
[2024-02-16T20:22:26.398+0000] {processor.py:157} INFO - Started process (PID=26236) to work on /usr/local/python/3.10.13/lib/python3.10/site-packages/airflow/example_dags/example_trigger_target_dag.py
[2024-02-16T20:22:26.398+0000] {processor.py:826} INFO - Processing file /usr/local/python/3.10.13/lib/python3.10/site-packages/airflow/example_dags/example_trigger_target_dag.py for tasks to queue
[2024-02-16T20:22:26.399+0000] {logging_mixin.py:150} INFO - [2024-02-16T20:22:26.399+0000] {dagbag.py:541} INFO - Filling up the DagBag from /usr/local/python/3.10.13/lib/python3.10/site-packages/airflow/example_dags/example_trigger_target_dag.py
[2024-02-16T20:22:26.403+0000] {processor.py:836} INFO - DAG(s) dict_keys(['example_trigger_target_dag']) retrieved from /usr/local/python/3.10.13/lib/python3.10/site-packages/airflow/example_dags/example_trigger_target_dag.py
[2024-02-16T20:22:26.414+0000] {logging_mixin.py:150} INFO - [2024-02-16T20:22:26.414+0000] {dag.py:2742} INFO - Sync 1 DAGs
[2024-02-16T20:22:26.429+0000] {logging_mixin.py:150} INFO - [2024-02-16T20:22:26.428+0000] {dag.py:3504} INFO - Setting next_dagrun for example_trigger_target_dag to None, run_after=None
[2024-02-16T20:22:26.474+0000] {processor.py:179} INFO - Processing /usr/local/python/3.10.13/lib/python3.10/site-packages/airflow/example_dags/example_trigger_target_dag.py took 0.078 seconds
[2024-02-16T20:23:17.415+0000] {processor.py:157} INFO - Started process (PID=26625) to work on /usr/local/python/3.10.13/lib/python3.10/site-packages/airflow/example_dags/example_trigger_target_dag.py
[2024-02-16T20:23:17.415+0000] {processor.py:826} INFO - Processing file /usr/local/python/3.10.13/lib/python3.10/site-packages/airflow/example_dags/example_trigger_target_dag.py for tasks to queue
[2024-02-16T20:23:17.416+0000] {logging_mixin.py:150} INFO - [2024-02-16T20:23:17.416+0000] {dagbag.py:541} INFO - Filling up the DagBag from /usr/local/python/3.10.13/lib/python3.10/site-packages/airflow/example_dags/example_trigger_target_dag.py
[2024-02-16T20:23:17.422+0000] {processor.py:836} INFO - DAG(s) dict_keys(['example_trigger_target_dag']) retrieved from /usr/local/python/3.10.13/lib/python3.10/site-packages/airflow/example_dags/example_trigger_target_dag.py
[2024-02-16T20:23:17.434+0000] {logging_mixin.py:150} INFO - [2024-02-16T20:23:17.434+0000] {dag.py:2742} INFO - Sync 1 DAGs
[2024-02-16T20:23:17.449+0000] {logging_mixin.py:150} INFO - [2024-02-16T20:23:17.448+0000] {dag.py:3504} INFO - Setting next_dagrun for example_trigger_target_dag to None, run_after=None
[2024-02-16T20:23:17.497+0000] {processor.py:179} INFO - Processing /usr/local/python/3.10.13/lib/python3.10/site-packages/airflow/example_dags/example_trigger_target_dag.py took 0.084 seconds
[2024-02-16T20:24:12.582+0000] {processor.py:157} INFO - Started process (PID=27058) to work on /usr/local/python/3.10.13/lib/python3.10/site-packages/airflow/example_dags/example_trigger_target_dag.py
[2024-02-16T20:24:12.582+0000] {processor.py:826} INFO - Processing file /usr/local/python/3.10.13/lib/python3.10/site-packages/airflow/example_dags/example_trigger_target_dag.py for tasks to queue
[2024-02-16T20:24:12.583+0000] {logging_mixin.py:150} INFO - [2024-02-16T20:24:12.583+0000] {dagbag.py:541} INFO - Filling up the DagBag from /usr/local/python/3.10.13/lib/python3.10/site-packages/airflow/example_dags/example_trigger_target_dag.py
[2024-02-16T20:24:12.587+0000] {processor.py:836} INFO - DAG(s) dict_keys(['example_trigger_target_dag']) retrieved from /usr/local/python/3.10.13/lib/python3.10/site-packages/airflow/example_dags/example_trigger_target_dag.py
[2024-02-16T20:24:12.600+0000] {logging_mixin.py:150} INFO - [2024-02-16T20:24:12.600+0000] {dag.py:2742} INFO - Sync 1 DAGs
[2024-02-16T20:24:12.620+0000] {logging_mixin.py:150} INFO - [2024-02-16T20:24:12.620+0000] {dag.py:3504} INFO - Setting next_dagrun for example_trigger_target_dag to None, run_after=None
[2024-02-16T20:24:12.671+0000] {processor.py:179} INFO - Processing /usr/local/python/3.10.13/lib/python3.10/site-packages/airflow/example_dags/example_trigger_target_dag.py took 0.092 seconds
[2024-02-16T20:24:51.381+0000] {processor.py:157} INFO - Started process (PID=27454) to work on /usr/local/python/3.10.13/lib/python3.10/site-packages/airflow/example_dags/example_trigger_target_dag.py
[2024-02-16T20:24:51.382+0000] {processor.py:826} INFO - Processing file /usr/local/python/3.10.13/lib/python3.10/site-packages/airflow/example_dags/example_trigger_target_dag.py for tasks to queue
[2024-02-16T20:24:51.383+0000] {logging_mixin.py:150} INFO - [2024-02-16T20:24:51.382+0000] {dagbag.py:541} INFO - Filling up the DagBag from /usr/local/python/3.10.13/lib/python3.10/site-packages/airflow/example_dags/example_trigger_target_dag.py
[2024-02-16T20:24:51.387+0000] {processor.py:836} INFO - DAG(s) dict_keys(['example_trigger_target_dag']) retrieved from /usr/local/python/3.10.13/lib/python3.10/site-packages/airflow/example_dags/example_trigger_target_dag.py
[2024-02-16T20:24:51.398+0000] {logging_mixin.py:150} INFO - [2024-02-16T20:24:51.398+0000] {dag.py:2742} INFO - Sync 1 DAGs
[2024-02-16T20:24:51.415+0000] {logging_mixin.py:150} INFO - [2024-02-16T20:24:51.414+0000] {dag.py:3504} INFO - Setting next_dagrun for example_trigger_target_dag to None, run_after=None
[2024-02-16T20:24:51.461+0000] {processor.py:179} INFO - Processing /usr/local/python/3.10.13/lib/python3.10/site-packages/airflow/example_dags/example_trigger_target_dag.py took 0.082 seconds
