[2024-02-16T20:09:01.475+0000] {processor.py:157} INFO - Started process (PID=19964) to work on /usr/local/python/3.10.13/lib/python3.10/site-packages/airflow/example_dags/example_trigger_controller_dag.py
[2024-02-16T20:09:01.476+0000] {processor.py:826} INFO - Processing file /usr/local/python/3.10.13/lib/python3.10/site-packages/airflow/example_dags/example_trigger_controller_dag.py for tasks to queue
[2024-02-16T20:09:01.476+0000] {logging_mixin.py:150} INFO - [2024-02-16T20:09:01.476+0000] {dagbag.py:541} INFO - Filling up the DagBag from /usr/local/python/3.10.13/lib/python3.10/site-packages/airflow/example_dags/example_trigger_controller_dag.py
[2024-02-16T20:09:01.486+0000] {processor.py:836} INFO - DAG(s) dict_keys(['example_trigger_controller_dag']) retrieved from /usr/local/python/3.10.13/lib/python3.10/site-packages/airflow/example_dags/example_trigger_controller_dag.py
[2024-02-16T20:09:01.662+0000] {logging_mixin.py:150} INFO - [2024-02-16T20:09:01.661+0000] {manager.py:504} INFO - Created Permission View: can read on DAG:example_trigger_controller_dag
[2024-02-16T20:09:01.700+0000] {logging_mixin.py:150} INFO - [2024-02-16T20:09:01.700+0000] {manager.py:504} INFO - Created Permission View: can edit on DAG:example_trigger_controller_dag
[2024-02-16T20:09:01.735+0000] {logging_mixin.py:150} INFO - [2024-02-16T20:09:01.735+0000] {manager.py:504} INFO - Created Permission View: can delete on DAG:example_trigger_controller_dag
[2024-02-16T20:09:01.744+0000] {logging_mixin.py:150} INFO - [2024-02-16T20:09:01.744+0000] {dag.py:2742} INFO - Sync 1 DAGs
[2024-02-16T20:09:01.751+0000] {logging_mixin.py:150} INFO - [2024-02-16T20:09:01.751+0000] {dag.py:2763} INFO - Creating ORM DAG for example_trigger_controller_dag
[2024-02-16T20:09:01.758+0000] {logging_mixin.py:150} INFO - [2024-02-16T20:09:01.758+0000] {dag.py:3504} INFO - Setting next_dagrun for example_trigger_controller_dag to 2021-01-01T00:00:00+00:00, run_after=2021-01-01T00:00:00+00:00
[2024-02-16T20:09:01.812+0000] {processor.py:179} INFO - Processing /usr/local/python/3.10.13/lib/python3.10/site-packages/airflow/example_dags/example_trigger_controller_dag.py took 0.340 seconds
[2024-02-16T20:09:59.945+0000] {processor.py:157} INFO - Started process (PID=20453) to work on /usr/local/python/3.10.13/lib/python3.10/site-packages/airflow/example_dags/example_trigger_controller_dag.py
[2024-02-16T20:09:59.946+0000] {processor.py:826} INFO - Processing file /usr/local/python/3.10.13/lib/python3.10/site-packages/airflow/example_dags/example_trigger_controller_dag.py for tasks to queue
[2024-02-16T20:09:59.947+0000] {logging_mixin.py:150} INFO - [2024-02-16T20:09:59.946+0000] {dagbag.py:541} INFO - Filling up the DagBag from /usr/local/python/3.10.13/lib/python3.10/site-packages/airflow/example_dags/example_trigger_controller_dag.py
[2024-02-16T20:09:59.951+0000] {processor.py:836} INFO - DAG(s) dict_keys(['example_trigger_controller_dag']) retrieved from /usr/local/python/3.10.13/lib/python3.10/site-packages/airflow/example_dags/example_trigger_controller_dag.py
[2024-02-16T20:09:59.968+0000] {logging_mixin.py:150} INFO - [2024-02-16T20:09:59.968+0000] {dag.py:2742} INFO - Sync 1 DAGs
[2024-02-16T20:10:00.001+0000] {logging_mixin.py:150} INFO - [2024-02-16T20:10:00.000+0000] {dag.py:3504} INFO - Setting next_dagrun for example_trigger_controller_dag to 2021-01-01T00:00:00+00:00, run_after=2021-01-01T00:00:00+00:00
[2024-02-16T20:10:00.055+0000] {processor.py:179} INFO - Processing /usr/local/python/3.10.13/lib/python3.10/site-packages/airflow/example_dags/example_trigger_controller_dag.py took 0.113 seconds
[2024-02-16T20:10:43.060+0000] {processor.py:157} INFO - Started process (PID=20870) to work on /usr/local/python/3.10.13/lib/python3.10/site-packages/airflow/example_dags/example_trigger_controller_dag.py
[2024-02-16T20:10:43.060+0000] {processor.py:826} INFO - Processing file /usr/local/python/3.10.13/lib/python3.10/site-packages/airflow/example_dags/example_trigger_controller_dag.py for tasks to queue
[2024-02-16T20:10:43.061+0000] {logging_mixin.py:150} INFO - [2024-02-16T20:10:43.061+0000] {dagbag.py:541} INFO - Filling up the DagBag from /usr/local/python/3.10.13/lib/python3.10/site-packages/airflow/example_dags/example_trigger_controller_dag.py
[2024-02-16T20:10:43.065+0000] {processor.py:836} INFO - DAG(s) dict_keys(['example_trigger_controller_dag']) retrieved from /usr/local/python/3.10.13/lib/python3.10/site-packages/airflow/example_dags/example_trigger_controller_dag.py
[2024-02-16T20:10:43.084+0000] {logging_mixin.py:150} INFO - [2024-02-16T20:10:43.084+0000] {dag.py:2742} INFO - Sync 1 DAGs
[2024-02-16T20:10:43.108+0000] {logging_mixin.py:150} INFO - [2024-02-16T20:10:43.107+0000] {dag.py:3504} INFO - Setting next_dagrun for example_trigger_controller_dag to 2021-01-01T00:00:00+00:00, run_after=2021-01-01T00:00:00+00:00
[2024-02-16T20:10:43.177+0000] {processor.py:179} INFO - Processing /usr/local/python/3.10.13/lib/python3.10/site-packages/airflow/example_dags/example_trigger_controller_dag.py took 0.120 seconds
[2024-02-16T20:11:15.134+0000] {processor.py:157} INFO - Started process (PID=21237) to work on /usr/local/python/3.10.13/lib/python3.10/site-packages/airflow/example_dags/example_trigger_controller_dag.py
[2024-02-16T20:11:15.134+0000] {processor.py:826} INFO - Processing file /usr/local/python/3.10.13/lib/python3.10/site-packages/airflow/example_dags/example_trigger_controller_dag.py for tasks to queue
[2024-02-16T20:11:15.135+0000] {logging_mixin.py:150} INFO - [2024-02-16T20:11:15.135+0000] {dagbag.py:541} INFO - Filling up the DagBag from /usr/local/python/3.10.13/lib/python3.10/site-packages/airflow/example_dags/example_trigger_controller_dag.py
[2024-02-16T20:11:15.140+0000] {processor.py:836} INFO - DAG(s) dict_keys(['example_trigger_controller_dag']) retrieved from /usr/local/python/3.10.13/lib/python3.10/site-packages/airflow/example_dags/example_trigger_controller_dag.py
[2024-02-16T20:11:15.153+0000] {logging_mixin.py:150} INFO - [2024-02-16T20:11:15.153+0000] {dag.py:2742} INFO - Sync 1 DAGs
[2024-02-16T20:11:15.175+0000] {logging_mixin.py:150} INFO - [2024-02-16T20:11:15.175+0000] {dag.py:3504} INFO - Setting next_dagrun for example_trigger_controller_dag to 2021-01-01T00:00:00+00:00, run_after=2021-01-01T00:00:00+00:00
[2024-02-16T20:11:15.225+0000] {processor.py:179} INFO - Processing /usr/local/python/3.10.13/lib/python3.10/site-packages/airflow/example_dags/example_trigger_controller_dag.py took 0.094 seconds
[2024-02-16T20:12:03.368+0000] {processor.py:157} INFO - Started process (PID=21577) to work on /usr/local/python/3.10.13/lib/python3.10/site-packages/airflow/example_dags/example_trigger_controller_dag.py
[2024-02-16T20:12:03.368+0000] {processor.py:826} INFO - Processing file /usr/local/python/3.10.13/lib/python3.10/site-packages/airflow/example_dags/example_trigger_controller_dag.py for tasks to queue
[2024-02-16T20:12:03.369+0000] {logging_mixin.py:150} INFO - [2024-02-16T20:12:03.369+0000] {dagbag.py:541} INFO - Filling up the DagBag from /usr/local/python/3.10.13/lib/python3.10/site-packages/airflow/example_dags/example_trigger_controller_dag.py
[2024-02-16T20:12:03.372+0000] {processor.py:836} INFO - DAG(s) dict_keys(['example_trigger_controller_dag']) retrieved from /usr/local/python/3.10.13/lib/python3.10/site-packages/airflow/example_dags/example_trigger_controller_dag.py
[2024-02-16T20:12:03.384+0000] {logging_mixin.py:150} INFO - [2024-02-16T20:12:03.384+0000] {dag.py:2742} INFO - Sync 1 DAGs
[2024-02-16T20:12:03.406+0000] {logging_mixin.py:150} INFO - [2024-02-16T20:12:03.406+0000] {dag.py:3504} INFO - Setting next_dagrun for example_trigger_controller_dag to 2021-01-01T00:00:00+00:00, run_after=2021-01-01T00:00:00+00:00
[2024-02-16T20:12:03.460+0000] {processor.py:179} INFO - Processing /usr/local/python/3.10.13/lib/python3.10/site-packages/airflow/example_dags/example_trigger_controller_dag.py took 0.095 seconds
[2024-02-16T20:12:50.000+0000] {processor.py:157} INFO - Started process (PID=21919) to work on /usr/local/python/3.10.13/lib/python3.10/site-packages/airflow/example_dags/example_trigger_controller_dag.py
[2024-02-16T20:12:50.001+0000] {processor.py:826} INFO - Processing file /usr/local/python/3.10.13/lib/python3.10/site-packages/airflow/example_dags/example_trigger_controller_dag.py for tasks to queue
[2024-02-16T20:12:50.001+0000] {logging_mixin.py:150} INFO - [2024-02-16T20:12:50.001+0000] {dagbag.py:541} INFO - Filling up the DagBag from /usr/local/python/3.10.13/lib/python3.10/site-packages/airflow/example_dags/example_trigger_controller_dag.py
[2024-02-16T20:12:50.004+0000] {processor.py:836} INFO - DAG(s) dict_keys(['example_trigger_controller_dag']) retrieved from /usr/local/python/3.10.13/lib/python3.10/site-packages/airflow/example_dags/example_trigger_controller_dag.py
[2024-02-16T20:12:50.016+0000] {logging_mixin.py:150} INFO - [2024-02-16T20:12:50.016+0000] {dag.py:2742} INFO - Sync 1 DAGs
[2024-02-16T20:12:50.031+0000] {logging_mixin.py:150} INFO - [2024-02-16T20:12:50.031+0000] {dag.py:3504} INFO - Setting next_dagrun for example_trigger_controller_dag to 2021-01-01T00:00:00+00:00, run_after=2021-01-01T00:00:00+00:00
[2024-02-16T20:12:50.082+0000] {processor.py:179} INFO - Processing /usr/local/python/3.10.13/lib/python3.10/site-packages/airflow/example_dags/example_trigger_controller_dag.py took 0.084 seconds
[2024-02-16T20:13:25.163+0000] {processor.py:157} INFO - Started process (PID=22177) to work on /usr/local/python/3.10.13/lib/python3.10/site-packages/airflow/example_dags/example_trigger_controller_dag.py
[2024-02-16T20:13:25.164+0000] {processor.py:826} INFO - Processing file /usr/local/python/3.10.13/lib/python3.10/site-packages/airflow/example_dags/example_trigger_controller_dag.py for tasks to queue
[2024-02-16T20:13:25.164+0000] {logging_mixin.py:150} INFO - [2024-02-16T20:13:25.164+0000] {dagbag.py:541} INFO - Filling up the DagBag from /usr/local/python/3.10.13/lib/python3.10/site-packages/airflow/example_dags/example_trigger_controller_dag.py
[2024-02-16T20:13:25.167+0000] {processor.py:836} INFO - DAG(s) dict_keys(['example_trigger_controller_dag']) retrieved from /usr/local/python/3.10.13/lib/python3.10/site-packages/airflow/example_dags/example_trigger_controller_dag.py
[2024-02-16T20:13:25.183+0000] {logging_mixin.py:150} INFO - [2024-02-16T20:13:25.183+0000] {dag.py:2742} INFO - Sync 1 DAGs
[2024-02-16T20:13:25.199+0000] {logging_mixin.py:150} INFO - [2024-02-16T20:13:25.199+0000] {dag.py:3504} INFO - Setting next_dagrun for example_trigger_controller_dag to 2021-01-01T00:00:00+00:00, run_after=2021-01-01T00:00:00+00:00
[2024-02-16T20:13:25.248+0000] {processor.py:179} INFO - Processing /usr/local/python/3.10.13/lib/python3.10/site-packages/airflow/example_dags/example_trigger_controller_dag.py took 0.088 seconds
[2024-02-16T20:14:01.302+0000] {processor.py:157} INFO - Started process (PID=22451) to work on /usr/local/python/3.10.13/lib/python3.10/site-packages/airflow/example_dags/example_trigger_controller_dag.py
[2024-02-16T20:14:01.302+0000] {processor.py:826} INFO - Processing file /usr/local/python/3.10.13/lib/python3.10/site-packages/airflow/example_dags/example_trigger_controller_dag.py for tasks to queue
[2024-02-16T20:14:01.303+0000] {logging_mixin.py:150} INFO - [2024-02-16T20:14:01.303+0000] {dagbag.py:541} INFO - Filling up the DagBag from /usr/local/python/3.10.13/lib/python3.10/site-packages/airflow/example_dags/example_trigger_controller_dag.py
[2024-02-16T20:14:01.306+0000] {processor.py:836} INFO - DAG(s) dict_keys(['example_trigger_controller_dag']) retrieved from /usr/local/python/3.10.13/lib/python3.10/site-packages/airflow/example_dags/example_trigger_controller_dag.py
[2024-02-16T20:14:01.318+0000] {logging_mixin.py:150} INFO - [2024-02-16T20:14:01.318+0000] {dag.py:2742} INFO - Sync 1 DAGs
[2024-02-16T20:14:01.332+0000] {logging_mixin.py:150} INFO - [2024-02-16T20:14:01.332+0000] {dag.py:3504} INFO - Setting next_dagrun for example_trigger_controller_dag to 2021-01-01T00:00:00+00:00, run_after=2021-01-01T00:00:00+00:00
[2024-02-16T20:14:01.386+0000] {processor.py:179} INFO - Processing /usr/local/python/3.10.13/lib/python3.10/site-packages/airflow/example_dags/example_trigger_controller_dag.py took 0.086 seconds
[2024-02-16T20:14:39.071+0000] {processor.py:157} INFO - Started process (PID=22740) to work on /usr/local/python/3.10.13/lib/python3.10/site-packages/airflow/example_dags/example_trigger_controller_dag.py
[2024-02-16T20:14:39.072+0000] {processor.py:826} INFO - Processing file /usr/local/python/3.10.13/lib/python3.10/site-packages/airflow/example_dags/example_trigger_controller_dag.py for tasks to queue
[2024-02-16T20:14:39.073+0000] {logging_mixin.py:150} INFO - [2024-02-16T20:14:39.072+0000] {dagbag.py:541} INFO - Filling up the DagBag from /usr/local/python/3.10.13/lib/python3.10/site-packages/airflow/example_dags/example_trigger_controller_dag.py
[2024-02-16T20:14:39.076+0000] {processor.py:836} INFO - DAG(s) dict_keys(['example_trigger_controller_dag']) retrieved from /usr/local/python/3.10.13/lib/python3.10/site-packages/airflow/example_dags/example_trigger_controller_dag.py
[2024-02-16T20:14:39.088+0000] {logging_mixin.py:150} INFO - [2024-02-16T20:14:39.088+0000] {dag.py:2742} INFO - Sync 1 DAGs
[2024-02-16T20:14:39.103+0000] {logging_mixin.py:150} INFO - [2024-02-16T20:14:39.103+0000] {dag.py:3504} INFO - Setting next_dagrun for example_trigger_controller_dag to 2021-01-01T00:00:00+00:00, run_after=2021-01-01T00:00:00+00:00
[2024-02-16T20:14:39.162+0000] {processor.py:179} INFO - Processing /usr/local/python/3.10.13/lib/python3.10/site-packages/airflow/example_dags/example_trigger_controller_dag.py took 0.093 seconds
[2024-02-16T20:15:14.736+0000] {processor.py:157} INFO - Started process (PID=23000) to work on /usr/local/python/3.10.13/lib/python3.10/site-packages/airflow/example_dags/example_trigger_controller_dag.py
[2024-02-16T20:15:14.737+0000] {processor.py:826} INFO - Processing file /usr/local/python/3.10.13/lib/python3.10/site-packages/airflow/example_dags/example_trigger_controller_dag.py for tasks to queue
[2024-02-16T20:15:14.737+0000] {logging_mixin.py:150} INFO - [2024-02-16T20:15:14.737+0000] {dagbag.py:541} INFO - Filling up the DagBag from /usr/local/python/3.10.13/lib/python3.10/site-packages/airflow/example_dags/example_trigger_controller_dag.py
[2024-02-16T20:15:14.741+0000] {processor.py:836} INFO - DAG(s) dict_keys(['example_trigger_controller_dag']) retrieved from /usr/local/python/3.10.13/lib/python3.10/site-packages/airflow/example_dags/example_trigger_controller_dag.py
[2024-02-16T20:15:14.752+0000] {logging_mixin.py:150} INFO - [2024-02-16T20:15:14.752+0000] {dag.py:2742} INFO - Sync 1 DAGs
[2024-02-16T20:15:14.767+0000] {logging_mixin.py:150} INFO - [2024-02-16T20:15:14.767+0000] {dag.py:3504} INFO - Setting next_dagrun for example_trigger_controller_dag to 2021-01-01T00:00:00+00:00, run_after=2021-01-01T00:00:00+00:00
[2024-02-16T20:15:14.813+0000] {processor.py:179} INFO - Processing /usr/local/python/3.10.13/lib/python3.10/site-packages/airflow/example_dags/example_trigger_controller_dag.py took 0.079 seconds
[2024-02-16T20:16:06.537+0000] {processor.py:157} INFO - Started process (PID=23383) to work on /usr/local/python/3.10.13/lib/python3.10/site-packages/airflow/example_dags/example_trigger_controller_dag.py
[2024-02-16T20:16:06.537+0000] {processor.py:826} INFO - Processing file /usr/local/python/3.10.13/lib/python3.10/site-packages/airflow/example_dags/example_trigger_controller_dag.py for tasks to queue
[2024-02-16T20:16:06.538+0000] {logging_mixin.py:150} INFO - [2024-02-16T20:16:06.538+0000] {dagbag.py:541} INFO - Filling up the DagBag from /usr/local/python/3.10.13/lib/python3.10/site-packages/airflow/example_dags/example_trigger_controller_dag.py
[2024-02-16T20:16:06.541+0000] {processor.py:836} INFO - DAG(s) dict_keys(['example_trigger_controller_dag']) retrieved from /usr/local/python/3.10.13/lib/python3.10/site-packages/airflow/example_dags/example_trigger_controller_dag.py
[2024-02-16T20:16:06.553+0000] {logging_mixin.py:150} INFO - [2024-02-16T20:16:06.553+0000] {dag.py:2742} INFO - Sync 1 DAGs
[2024-02-16T20:16:06.567+0000] {logging_mixin.py:150} INFO - [2024-02-16T20:16:06.567+0000] {dag.py:3504} INFO - Setting next_dagrun for example_trigger_controller_dag to 2021-01-01T00:00:00+00:00, run_after=2021-01-01T00:00:00+00:00
[2024-02-16T20:16:06.613+0000] {processor.py:179} INFO - Processing /usr/local/python/3.10.13/lib/python3.10/site-packages/airflow/example_dags/example_trigger_controller_dag.py took 0.079 seconds
[2024-02-16T20:16:41.467+0000] {processor.py:157} INFO - Started process (PID=23659) to work on /usr/local/python/3.10.13/lib/python3.10/site-packages/airflow/example_dags/example_trigger_controller_dag.py
[2024-02-16T20:16:41.468+0000] {processor.py:826} INFO - Processing file /usr/local/python/3.10.13/lib/python3.10/site-packages/airflow/example_dags/example_trigger_controller_dag.py for tasks to queue
[2024-02-16T20:16:41.468+0000] {logging_mixin.py:150} INFO - [2024-02-16T20:16:41.468+0000] {dagbag.py:541} INFO - Filling up the DagBag from /usr/local/python/3.10.13/lib/python3.10/site-packages/airflow/example_dags/example_trigger_controller_dag.py
[2024-02-16T20:16:41.471+0000] {processor.py:836} INFO - DAG(s) dict_keys(['example_trigger_controller_dag']) retrieved from /usr/local/python/3.10.13/lib/python3.10/site-packages/airflow/example_dags/example_trigger_controller_dag.py
[2024-02-16T20:16:41.483+0000] {logging_mixin.py:150} INFO - [2024-02-16T20:16:41.483+0000] {dag.py:2742} INFO - Sync 1 DAGs
[2024-02-16T20:16:41.498+0000] {logging_mixin.py:150} INFO - [2024-02-16T20:16:41.498+0000] {dag.py:3504} INFO - Setting next_dagrun for example_trigger_controller_dag to 2021-01-01T00:00:00+00:00, run_after=2021-01-01T00:00:00+00:00
[2024-02-16T20:16:41.550+0000] {processor.py:179} INFO - Processing /usr/local/python/3.10.13/lib/python3.10/site-packages/airflow/example_dags/example_trigger_controller_dag.py took 0.085 seconds
[2024-02-16T20:17:18.609+0000] {processor.py:157} INFO - Started process (PID=23924) to work on /usr/local/python/3.10.13/lib/python3.10/site-packages/airflow/example_dags/example_trigger_controller_dag.py
[2024-02-16T20:17:18.609+0000] {processor.py:826} INFO - Processing file /usr/local/python/3.10.13/lib/python3.10/site-packages/airflow/example_dags/example_trigger_controller_dag.py for tasks to queue
[2024-02-16T20:17:18.610+0000] {logging_mixin.py:150} INFO - [2024-02-16T20:17:18.610+0000] {dagbag.py:541} INFO - Filling up the DagBag from /usr/local/python/3.10.13/lib/python3.10/site-packages/airflow/example_dags/example_trigger_controller_dag.py
[2024-02-16T20:17:18.614+0000] {processor.py:836} INFO - DAG(s) dict_keys(['example_trigger_controller_dag']) retrieved from /usr/local/python/3.10.13/lib/python3.10/site-packages/airflow/example_dags/example_trigger_controller_dag.py
[2024-02-16T20:17:18.625+0000] {logging_mixin.py:150} INFO - [2024-02-16T20:17:18.625+0000] {dag.py:2742} INFO - Sync 1 DAGs
[2024-02-16T20:17:18.640+0000] {logging_mixin.py:150} INFO - [2024-02-16T20:17:18.640+0000] {dag.py:3504} INFO - Setting next_dagrun for example_trigger_controller_dag to 2021-01-01T00:00:00+00:00, run_after=2021-01-01T00:00:00+00:00
[2024-02-16T20:17:18.691+0000] {processor.py:179} INFO - Processing /usr/local/python/3.10.13/lib/python3.10/site-packages/airflow/example_dags/example_trigger_controller_dag.py took 0.084 seconds
[2024-02-16T20:18:09.050+0000] {processor.py:157} INFO - Started process (PID=24296) to work on /usr/local/python/3.10.13/lib/python3.10/site-packages/airflow/example_dags/example_trigger_controller_dag.py
[2024-02-16T20:18:09.051+0000] {processor.py:826} INFO - Processing file /usr/local/python/3.10.13/lib/python3.10/site-packages/airflow/example_dags/example_trigger_controller_dag.py for tasks to queue
[2024-02-16T20:18:09.051+0000] {logging_mixin.py:150} INFO - [2024-02-16T20:18:09.051+0000] {dagbag.py:541} INFO - Filling up the DagBag from /usr/local/python/3.10.13/lib/python3.10/site-packages/airflow/example_dags/example_trigger_controller_dag.py
[2024-02-16T20:18:09.056+0000] {processor.py:836} INFO - DAG(s) dict_keys(['example_trigger_controller_dag']) retrieved from /usr/local/python/3.10.13/lib/python3.10/site-packages/airflow/example_dags/example_trigger_controller_dag.py
[2024-02-16T20:18:09.078+0000] {logging_mixin.py:150} INFO - [2024-02-16T20:18:09.077+0000] {dag.py:2742} INFO - Sync 1 DAGs
[2024-02-16T20:18:09.095+0000] {logging_mixin.py:150} INFO - [2024-02-16T20:18:09.095+0000] {dag.py:3504} INFO - Setting next_dagrun for example_trigger_controller_dag to 2021-01-01T00:00:00+00:00, run_after=2021-01-01T00:00:00+00:00
[2024-02-16T20:18:09.142+0000] {processor.py:179} INFO - Processing /usr/local/python/3.10.13/lib/python3.10/site-packages/airflow/example_dags/example_trigger_controller_dag.py took 0.095 seconds
[2024-02-16T20:18:44.503+0000] {processor.py:157} INFO - Started process (PID=24569) to work on /usr/local/python/3.10.13/lib/python3.10/site-packages/airflow/example_dags/example_trigger_controller_dag.py
[2024-02-16T20:18:44.503+0000] {processor.py:826} INFO - Processing file /usr/local/python/3.10.13/lib/python3.10/site-packages/airflow/example_dags/example_trigger_controller_dag.py for tasks to queue
[2024-02-16T20:18:44.504+0000] {logging_mixin.py:150} INFO - [2024-02-16T20:18:44.504+0000] {dagbag.py:541} INFO - Filling up the DagBag from /usr/local/python/3.10.13/lib/python3.10/site-packages/airflow/example_dags/example_trigger_controller_dag.py
[2024-02-16T20:18:44.509+0000] {processor.py:836} INFO - DAG(s) dict_keys(['example_trigger_controller_dag']) retrieved from /usr/local/python/3.10.13/lib/python3.10/site-packages/airflow/example_dags/example_trigger_controller_dag.py
[2024-02-16T20:18:44.525+0000] {logging_mixin.py:150} INFO - [2024-02-16T20:18:44.524+0000] {dag.py:2742} INFO - Sync 1 DAGs
[2024-02-16T20:18:44.546+0000] {logging_mixin.py:150} INFO - [2024-02-16T20:18:44.546+0000] {dag.py:3504} INFO - Setting next_dagrun for example_trigger_controller_dag to 2021-01-01T00:00:00+00:00, run_after=2021-01-01T00:00:00+00:00
[2024-02-16T20:18:44.617+0000] {processor.py:179} INFO - Processing /usr/local/python/3.10.13/lib/python3.10/site-packages/airflow/example_dags/example_trigger_controller_dag.py took 0.117 seconds
[2024-02-16T20:19:19.509+0000] {processor.py:157} INFO - Started process (PID=24825) to work on /usr/local/python/3.10.13/lib/python3.10/site-packages/airflow/example_dags/example_trigger_controller_dag.py
[2024-02-16T20:19:19.509+0000] {processor.py:826} INFO - Processing file /usr/local/python/3.10.13/lib/python3.10/site-packages/airflow/example_dags/example_trigger_controller_dag.py for tasks to queue
[2024-02-16T20:19:19.510+0000] {logging_mixin.py:150} INFO - [2024-02-16T20:19:19.510+0000] {dagbag.py:541} INFO - Filling up the DagBag from /usr/local/python/3.10.13/lib/python3.10/site-packages/airflow/example_dags/example_trigger_controller_dag.py
[2024-02-16T20:19:19.513+0000] {processor.py:836} INFO - DAG(s) dict_keys(['example_trigger_controller_dag']) retrieved from /usr/local/python/3.10.13/lib/python3.10/site-packages/airflow/example_dags/example_trigger_controller_dag.py
[2024-02-16T20:19:19.524+0000] {logging_mixin.py:150} INFO - [2024-02-16T20:19:19.524+0000] {dag.py:2742} INFO - Sync 1 DAGs
[2024-02-16T20:19:19.538+0000] {logging_mixin.py:150} INFO - [2024-02-16T20:19:19.538+0000] {dag.py:3504} INFO - Setting next_dagrun for example_trigger_controller_dag to 2021-01-01T00:00:00+00:00, run_after=2021-01-01T00:00:00+00:00
[2024-02-16T20:19:19.584+0000] {processor.py:179} INFO - Processing /usr/local/python/3.10.13/lib/python3.10/site-packages/airflow/example_dags/example_trigger_controller_dag.py took 0.078 seconds
[2024-02-16T20:19:54.392+0000] {processor.py:157} INFO - Started process (PID=25095) to work on /usr/local/python/3.10.13/lib/python3.10/site-packages/airflow/example_dags/example_trigger_controller_dag.py
[2024-02-16T20:19:54.393+0000] {processor.py:826} INFO - Processing file /usr/local/python/3.10.13/lib/python3.10/site-packages/airflow/example_dags/example_trigger_controller_dag.py for tasks to queue
[2024-02-16T20:19:54.394+0000] {logging_mixin.py:150} INFO - [2024-02-16T20:19:54.393+0000] {dagbag.py:541} INFO - Filling up the DagBag from /usr/local/python/3.10.13/lib/python3.10/site-packages/airflow/example_dags/example_trigger_controller_dag.py
[2024-02-16T20:19:54.397+0000] {processor.py:836} INFO - DAG(s) dict_keys(['example_trigger_controller_dag']) retrieved from /usr/local/python/3.10.13/lib/python3.10/site-packages/airflow/example_dags/example_trigger_controller_dag.py
[2024-02-16T20:19:54.408+0000] {logging_mixin.py:150} INFO - [2024-02-16T20:19:54.408+0000] {dag.py:2742} INFO - Sync 1 DAGs
[2024-02-16T20:19:54.423+0000] {logging_mixin.py:150} INFO - [2024-02-16T20:19:54.423+0000] {dag.py:3504} INFO - Setting next_dagrun for example_trigger_controller_dag to 2021-01-01T00:00:00+00:00, run_after=2021-01-01T00:00:00+00:00
[2024-02-16T20:19:54.469+0000] {processor.py:179} INFO - Processing /usr/local/python/3.10.13/lib/python3.10/site-packages/airflow/example_dags/example_trigger_controller_dag.py took 0.079 seconds
[2024-02-16T20:20:31.160+0000] {processor.py:157} INFO - Started process (PID=25358) to work on /usr/local/python/3.10.13/lib/python3.10/site-packages/airflow/example_dags/example_trigger_controller_dag.py
[2024-02-16T20:20:31.161+0000] {processor.py:826} INFO - Processing file /usr/local/python/3.10.13/lib/python3.10/site-packages/airflow/example_dags/example_trigger_controller_dag.py for tasks to queue
[2024-02-16T20:20:31.162+0000] {logging_mixin.py:150} INFO - [2024-02-16T20:20:31.162+0000] {dagbag.py:541} INFO - Filling up the DagBag from /usr/local/python/3.10.13/lib/python3.10/site-packages/airflow/example_dags/example_trigger_controller_dag.py
[2024-02-16T20:20:31.165+0000] {processor.py:836} INFO - DAG(s) dict_keys(['example_trigger_controller_dag']) retrieved from /usr/local/python/3.10.13/lib/python3.10/site-packages/airflow/example_dags/example_trigger_controller_dag.py
[2024-02-16T20:20:31.177+0000] {logging_mixin.py:150} INFO - [2024-02-16T20:20:31.177+0000] {dag.py:2742} INFO - Sync 1 DAGs
[2024-02-16T20:20:31.191+0000] {logging_mixin.py:150} INFO - [2024-02-16T20:20:31.191+0000] {dag.py:3504} INFO - Setting next_dagrun for example_trigger_controller_dag to 2021-01-01T00:00:00+00:00, run_after=2021-01-01T00:00:00+00:00
[2024-02-16T20:20:31.240+0000] {processor.py:179} INFO - Processing /usr/local/python/3.10.13/lib/python3.10/site-packages/airflow/example_dags/example_trigger_controller_dag.py took 0.082 seconds
[2024-02-16T20:21:06.673+0000] {processor.py:157} INFO - Started process (PID=25636) to work on /usr/local/python/3.10.13/lib/python3.10/site-packages/airflow/example_dags/example_trigger_controller_dag.py
[2024-02-16T20:21:06.673+0000] {processor.py:826} INFO - Processing file /usr/local/python/3.10.13/lib/python3.10/site-packages/airflow/example_dags/example_trigger_controller_dag.py for tasks to queue
[2024-02-16T20:21:06.674+0000] {logging_mixin.py:150} INFO - [2024-02-16T20:21:06.674+0000] {dagbag.py:541} INFO - Filling up the DagBag from /usr/local/python/3.10.13/lib/python3.10/site-packages/airflow/example_dags/example_trigger_controller_dag.py
[2024-02-16T20:21:06.678+0000] {processor.py:836} INFO - DAG(s) dict_keys(['example_trigger_controller_dag']) retrieved from /usr/local/python/3.10.13/lib/python3.10/site-packages/airflow/example_dags/example_trigger_controller_dag.py
[2024-02-16T20:21:06.700+0000] {logging_mixin.py:150} INFO - [2024-02-16T20:21:06.700+0000] {dag.py:2742} INFO - Sync 1 DAGs
[2024-02-16T20:21:06.723+0000] {logging_mixin.py:150} INFO - [2024-02-16T20:21:06.723+0000] {dag.py:3504} INFO - Setting next_dagrun for example_trigger_controller_dag to 2021-01-01T00:00:00+00:00, run_after=2021-01-01T00:00:00+00:00
[2024-02-16T20:21:06.778+0000] {processor.py:179} INFO - Processing /usr/local/python/3.10.13/lib/python3.10/site-packages/airflow/example_dags/example_trigger_controller_dag.py took 0.108 seconds
[2024-02-16T20:21:43.160+0000] {processor.py:157} INFO - Started process (PID=25888) to work on /usr/local/python/3.10.13/lib/python3.10/site-packages/airflow/example_dags/example_trigger_controller_dag.py
[2024-02-16T20:21:43.160+0000] {processor.py:826} INFO - Processing file /usr/local/python/3.10.13/lib/python3.10/site-packages/airflow/example_dags/example_trigger_controller_dag.py for tasks to queue
[2024-02-16T20:21:43.161+0000] {logging_mixin.py:150} INFO - [2024-02-16T20:21:43.161+0000] {dagbag.py:541} INFO - Filling up the DagBag from /usr/local/python/3.10.13/lib/python3.10/site-packages/airflow/example_dags/example_trigger_controller_dag.py
[2024-02-16T20:21:43.164+0000] {processor.py:836} INFO - DAG(s) dict_keys(['example_trigger_controller_dag']) retrieved from /usr/local/python/3.10.13/lib/python3.10/site-packages/airflow/example_dags/example_trigger_controller_dag.py
[2024-02-16T20:21:43.179+0000] {logging_mixin.py:150} INFO - [2024-02-16T20:21:43.179+0000] {dag.py:2742} INFO - Sync 1 DAGs
[2024-02-16T20:21:43.195+0000] {logging_mixin.py:150} INFO - [2024-02-16T20:21:43.195+0000] {dag.py:3504} INFO - Setting next_dagrun for example_trigger_controller_dag to 2021-01-01T00:00:00+00:00, run_after=2021-01-01T00:00:00+00:00
[2024-02-16T20:21:43.248+0000] {processor.py:179} INFO - Processing /usr/local/python/3.10.13/lib/python3.10/site-packages/airflow/example_dags/example_trigger_controller_dag.py took 0.090 seconds
[2024-02-16T20:22:21.233+0000] {processor.py:157} INFO - Started process (PID=26192) to work on /usr/local/python/3.10.13/lib/python3.10/site-packages/airflow/example_dags/example_trigger_controller_dag.py
[2024-02-16T20:22:21.234+0000] {processor.py:826} INFO - Processing file /usr/local/python/3.10.13/lib/python3.10/site-packages/airflow/example_dags/example_trigger_controller_dag.py for tasks to queue
[2024-02-16T20:22:21.235+0000] {logging_mixin.py:150} INFO - [2024-02-16T20:22:21.234+0000] {dagbag.py:541} INFO - Filling up the DagBag from /usr/local/python/3.10.13/lib/python3.10/site-packages/airflow/example_dags/example_trigger_controller_dag.py
[2024-02-16T20:22:21.238+0000] {processor.py:836} INFO - DAG(s) dict_keys(['example_trigger_controller_dag']) retrieved from /usr/local/python/3.10.13/lib/python3.10/site-packages/airflow/example_dags/example_trigger_controller_dag.py
[2024-02-16T20:22:21.250+0000] {logging_mixin.py:150} INFO - [2024-02-16T20:22:21.250+0000] {dag.py:2742} INFO - Sync 1 DAGs
[2024-02-16T20:22:21.266+0000] {logging_mixin.py:150} INFO - [2024-02-16T20:22:21.266+0000] {dag.py:3504} INFO - Setting next_dagrun for example_trigger_controller_dag to 2021-01-01T00:00:00+00:00, run_after=2021-01-01T00:00:00+00:00
[2024-02-16T20:22:21.311+0000] {processor.py:179} INFO - Processing /usr/local/python/3.10.13/lib/python3.10/site-packages/airflow/example_dags/example_trigger_controller_dag.py took 0.081 seconds
[2024-02-16T20:22:58.284+0000] {processor.py:157} INFO - Started process (PID=26480) to work on /usr/local/python/3.10.13/lib/python3.10/site-packages/airflow/example_dags/example_trigger_controller_dag.py
[2024-02-16T20:22:58.285+0000] {processor.py:826} INFO - Processing file /usr/local/python/3.10.13/lib/python3.10/site-packages/airflow/example_dags/example_trigger_controller_dag.py for tasks to queue
[2024-02-16T20:22:58.286+0000] {logging_mixin.py:150} INFO - [2024-02-16T20:22:58.285+0000] {dagbag.py:541} INFO - Filling up the DagBag from /usr/local/python/3.10.13/lib/python3.10/site-packages/airflow/example_dags/example_trigger_controller_dag.py
[2024-02-16T20:22:58.289+0000] {processor.py:836} INFO - DAG(s) dict_keys(['example_trigger_controller_dag']) retrieved from /usr/local/python/3.10.13/lib/python3.10/site-packages/airflow/example_dags/example_trigger_controller_dag.py
[2024-02-16T20:22:58.300+0000] {logging_mixin.py:150} INFO - [2024-02-16T20:22:58.300+0000] {dag.py:2742} INFO - Sync 1 DAGs
[2024-02-16T20:22:58.318+0000] {logging_mixin.py:150} INFO - [2024-02-16T20:22:58.318+0000] {dag.py:3504} INFO - Setting next_dagrun for example_trigger_controller_dag to 2021-01-01T00:00:00+00:00, run_after=2021-01-01T00:00:00+00:00
[2024-02-16T20:22:58.369+0000] {processor.py:179} INFO - Processing /usr/local/python/3.10.13/lib/python3.10/site-packages/airflow/example_dags/example_trigger_controller_dag.py took 0.088 seconds
[2024-02-16T20:23:47.825+0000] {processor.py:157} INFO - Started process (PID=26826) to work on /usr/local/python/3.10.13/lib/python3.10/site-packages/airflow/example_dags/example_trigger_controller_dag.py
[2024-02-16T20:23:47.826+0000] {processor.py:826} INFO - Processing file /usr/local/python/3.10.13/lib/python3.10/site-packages/airflow/example_dags/example_trigger_controller_dag.py for tasks to queue
[2024-02-16T20:23:47.826+0000] {logging_mixin.py:150} INFO - [2024-02-16T20:23:47.826+0000] {dagbag.py:541} INFO - Filling up the DagBag from /usr/local/python/3.10.13/lib/python3.10/site-packages/airflow/example_dags/example_trigger_controller_dag.py
[2024-02-16T20:23:47.830+0000] {processor.py:836} INFO - DAG(s) dict_keys(['example_trigger_controller_dag']) retrieved from /usr/local/python/3.10.13/lib/python3.10/site-packages/airflow/example_dags/example_trigger_controller_dag.py
[2024-02-16T20:23:47.842+0000] {logging_mixin.py:150} INFO - [2024-02-16T20:23:47.841+0000] {dag.py:2742} INFO - Sync 1 DAGs
[2024-02-16T20:23:47.856+0000] {logging_mixin.py:150} INFO - [2024-02-16T20:23:47.856+0000] {dag.py:3504} INFO - Setting next_dagrun for example_trigger_controller_dag to 2021-01-01T00:00:00+00:00, run_after=2021-01-01T00:00:00+00:00
[2024-02-16T20:23:47.906+0000] {processor.py:179} INFO - Processing /usr/local/python/3.10.13/lib/python3.10/site-packages/airflow/example_dags/example_trigger_controller_dag.py took 0.084 seconds
[2024-02-16T20:24:28.013+0000] {processor.py:157} INFO - Started process (PID=27197) to work on /usr/local/python/3.10.13/lib/python3.10/site-packages/airflow/example_dags/example_trigger_controller_dag.py
[2024-02-16T20:24:28.014+0000] {processor.py:826} INFO - Processing file /usr/local/python/3.10.13/lib/python3.10/site-packages/airflow/example_dags/example_trigger_controller_dag.py for tasks to queue
[2024-02-16T20:24:28.015+0000] {logging_mixin.py:150} INFO - [2024-02-16T20:24:28.015+0000] {dagbag.py:541} INFO - Filling up the DagBag from /usr/local/python/3.10.13/lib/python3.10/site-packages/airflow/example_dags/example_trigger_controller_dag.py
[2024-02-16T20:24:28.019+0000] {processor.py:836} INFO - DAG(s) dict_keys(['example_trigger_controller_dag']) retrieved from /usr/local/python/3.10.13/lib/python3.10/site-packages/airflow/example_dags/example_trigger_controller_dag.py
[2024-02-16T20:24:28.043+0000] {logging_mixin.py:150} INFO - [2024-02-16T20:24:28.043+0000] {dag.py:2742} INFO - Sync 1 DAGs
[2024-02-16T20:24:28.061+0000] {logging_mixin.py:150} INFO - [2024-02-16T20:24:28.061+0000] {dag.py:3504} INFO - Setting next_dagrun for example_trigger_controller_dag to 2021-01-01T00:00:00+00:00, run_after=2021-01-01T00:00:00+00:00
[2024-02-16T20:24:28.114+0000] {processor.py:179} INFO - Processing /usr/local/python/3.10.13/lib/python3.10/site-packages/airflow/example_dags/example_trigger_controller_dag.py took 0.104 seconds
