[2024-02-16T20:09:30.901+0000] {processor.py:157} INFO - Started process (PID=20203) to work on /usr/local/python/3.10.13/lib/python3.10/site-packages/airflow/example_dags/example_nested_branch_dag.py
[2024-02-16T20:09:30.901+0000] {processor.py:826} INFO - Processing file /usr/local/python/3.10.13/lib/python3.10/site-packages/airflow/example_dags/example_nested_branch_dag.py for tasks to queue
[2024-02-16T20:09:30.902+0000] {logging_mixin.py:150} INFO - [2024-02-16T20:09:30.902+0000] {dagbag.py:541} INFO - Filling up the DagBag from /usr/local/python/3.10.13/lib/python3.10/site-packages/airflow/example_dags/example_nested_branch_dag.py
[2024-02-16T20:09:30.909+0000] {processor.py:836} INFO - DAG(s) dict_keys(['example_nested_branch_dag']) retrieved from /usr/local/python/3.10.13/lib/python3.10/site-packages/airflow/example_dags/example_nested_branch_dag.py
[2024-02-16T20:09:31.092+0000] {logging_mixin.py:150} INFO - [2024-02-16T20:09:31.091+0000] {manager.py:504} INFO - Created Permission View: can read on DAG:example_nested_branch_dag
[2024-02-16T20:09:31.134+0000] {logging_mixin.py:150} INFO - [2024-02-16T20:09:31.134+0000] {manager.py:504} INFO - Created Permission View: can edit on DAG:example_nested_branch_dag
[2024-02-16T20:09:31.188+0000] {logging_mixin.py:150} INFO - [2024-02-16T20:09:31.188+0000] {manager.py:504} INFO - Created Permission View: can delete on DAG:example_nested_branch_dag
[2024-02-16T20:09:31.197+0000] {logging_mixin.py:150} INFO - [2024-02-16T20:09:31.197+0000] {dag.py:2742} INFO - Sync 1 DAGs
[2024-02-16T20:09:31.204+0000] {logging_mixin.py:150} INFO - [2024-02-16T20:09:31.204+0000] {dag.py:2763} INFO - Creating ORM DAG for example_nested_branch_dag
[2024-02-16T20:09:31.212+0000] {logging_mixin.py:150} INFO - [2024-02-16T20:09:31.212+0000] {dag.py:3504} INFO - Setting next_dagrun for example_nested_branch_dag to 2024-02-15T00:00:00+00:00, run_after=2024-02-16T00:00:00+00:00
[2024-02-16T20:09:31.267+0000] {processor.py:179} INFO - Processing /usr/local/python/3.10.13/lib/python3.10/site-packages/airflow/example_dags/example_nested_branch_dag.py took 0.369 seconds
[2024-02-16T20:10:23.018+0000] {processor.py:157} INFO - Started process (PID=20648) to work on /usr/local/python/3.10.13/lib/python3.10/site-packages/airflow/example_dags/example_nested_branch_dag.py
[2024-02-16T20:10:23.019+0000] {processor.py:826} INFO - Processing file /usr/local/python/3.10.13/lib/python3.10/site-packages/airflow/example_dags/example_nested_branch_dag.py for tasks to queue
[2024-02-16T20:10:23.020+0000] {logging_mixin.py:150} INFO - [2024-02-16T20:10:23.019+0000] {dagbag.py:541} INFO - Filling up the DagBag from /usr/local/python/3.10.13/lib/python3.10/site-packages/airflow/example_dags/example_nested_branch_dag.py
[2024-02-16T20:10:23.028+0000] {processor.py:836} INFO - DAG(s) dict_keys(['example_nested_branch_dag']) retrieved from /usr/local/python/3.10.13/lib/python3.10/site-packages/airflow/example_dags/example_nested_branch_dag.py
[2024-02-16T20:10:23.040+0000] {logging_mixin.py:150} INFO - [2024-02-16T20:10:23.040+0000] {dag.py:2742} INFO - Sync 1 DAGs
[2024-02-16T20:10:23.057+0000] {logging_mixin.py:150} INFO - [2024-02-16T20:10:23.057+0000] {dag.py:3504} INFO - Setting next_dagrun for example_nested_branch_dag to 2024-02-15T00:00:00+00:00, run_after=2024-02-16T00:00:00+00:00
[2024-02-16T20:10:23.107+0000] {processor.py:179} INFO - Processing /usr/local/python/3.10.13/lib/python3.10/site-packages/airflow/example_dags/example_nested_branch_dag.py took 0.090 seconds
[2024-02-16T20:11:38.760+0000] {processor.py:157} INFO - Started process (PID=21399) to work on /usr/local/python/3.10.13/lib/python3.10/site-packages/airflow/example_dags/example_nested_branch_dag.py
[2024-02-16T20:11:38.760+0000] {processor.py:826} INFO - Processing file /usr/local/python/3.10.13/lib/python3.10/site-packages/airflow/example_dags/example_nested_branch_dag.py for tasks to queue
[2024-02-16T20:11:38.761+0000] {logging_mixin.py:150} INFO - [2024-02-16T20:11:38.761+0000] {dagbag.py:541} INFO - Filling up the DagBag from /usr/local/python/3.10.13/lib/python3.10/site-packages/airflow/example_dags/example_nested_branch_dag.py
[2024-02-16T20:11:38.768+0000] {processor.py:836} INFO - DAG(s) dict_keys(['example_nested_branch_dag']) retrieved from /usr/local/python/3.10.13/lib/python3.10/site-packages/airflow/example_dags/example_nested_branch_dag.py
[2024-02-16T20:11:38.783+0000] {logging_mixin.py:150} INFO - [2024-02-16T20:11:38.783+0000] {dag.py:2742} INFO - Sync 1 DAGs
[2024-02-16T20:11:38.799+0000] {logging_mixin.py:150} INFO - [2024-02-16T20:11:38.799+0000] {dag.py:3504} INFO - Setting next_dagrun for example_nested_branch_dag to 2024-02-15T00:00:00+00:00, run_after=2024-02-16T00:00:00+00:00
[2024-02-16T20:11:38.847+0000] {processor.py:179} INFO - Processing /usr/local/python/3.10.13/lib/python3.10/site-packages/airflow/example_dags/example_nested_branch_dag.py took 0.089 seconds
[2024-02-16T20:12:26.485+0000] {processor.py:157} INFO - Started process (PID=21756) to work on /usr/local/python/3.10.13/lib/python3.10/site-packages/airflow/example_dags/example_nested_branch_dag.py
[2024-02-16T20:12:26.485+0000] {processor.py:826} INFO - Processing file /usr/local/python/3.10.13/lib/python3.10/site-packages/airflow/example_dags/example_nested_branch_dag.py for tasks to queue
[2024-02-16T20:12:26.486+0000] {logging_mixin.py:150} INFO - [2024-02-16T20:12:26.486+0000] {dagbag.py:541} INFO - Filling up the DagBag from /usr/local/python/3.10.13/lib/python3.10/site-packages/airflow/example_dags/example_nested_branch_dag.py
[2024-02-16T20:12:26.494+0000] {processor.py:836} INFO - DAG(s) dict_keys(['example_nested_branch_dag']) retrieved from /usr/local/python/3.10.13/lib/python3.10/site-packages/airflow/example_dags/example_nested_branch_dag.py
[2024-02-16T20:12:26.507+0000] {logging_mixin.py:150} INFO - [2024-02-16T20:12:26.507+0000] {dag.py:2742} INFO - Sync 1 DAGs
[2024-02-16T20:12:26.524+0000] {logging_mixin.py:150} INFO - [2024-02-16T20:12:26.524+0000] {dag.py:3504} INFO - Setting next_dagrun for example_nested_branch_dag to 2024-02-15T00:00:00+00:00, run_after=2024-02-16T00:00:00+00:00
[2024-02-16T20:12:26.571+0000] {processor.py:179} INFO - Processing /usr/local/python/3.10.13/lib/python3.10/site-packages/airflow/example_dags/example_nested_branch_dag.py took 0.089 seconds
[2024-02-16T20:13:15.818+0000] {processor.py:157} INFO - Started process (PID=22101) to work on /usr/local/python/3.10.13/lib/python3.10/site-packages/airflow/example_dags/example_nested_branch_dag.py
[2024-02-16T20:13:15.819+0000] {processor.py:826} INFO - Processing file /usr/local/python/3.10.13/lib/python3.10/site-packages/airflow/example_dags/example_nested_branch_dag.py for tasks to queue
[2024-02-16T20:13:15.820+0000] {logging_mixin.py:150} INFO - [2024-02-16T20:13:15.819+0000] {dagbag.py:541} INFO - Filling up the DagBag from /usr/local/python/3.10.13/lib/python3.10/site-packages/airflow/example_dags/example_nested_branch_dag.py
[2024-02-16T20:13:15.827+0000] {processor.py:836} INFO - DAG(s) dict_keys(['example_nested_branch_dag']) retrieved from /usr/local/python/3.10.13/lib/python3.10/site-packages/airflow/example_dags/example_nested_branch_dag.py
[2024-02-16T20:13:15.839+0000] {logging_mixin.py:150} INFO - [2024-02-16T20:13:15.839+0000] {dag.py:2742} INFO - Sync 1 DAGs
[2024-02-16T20:13:15.855+0000] {logging_mixin.py:150} INFO - [2024-02-16T20:13:15.855+0000] {dag.py:3504} INFO - Setting next_dagrun for example_nested_branch_dag to 2024-02-15T00:00:00+00:00, run_after=2024-02-16T00:00:00+00:00
[2024-02-16T20:13:15.902+0000] {processor.py:179} INFO - Processing /usr/local/python/3.10.13/lib/python3.10/site-packages/airflow/example_dags/example_nested_branch_dag.py took 0.086 seconds
[2024-02-16T20:14:09.044+0000] {processor.py:157} INFO - Started process (PID=22521) to work on /usr/local/python/3.10.13/lib/python3.10/site-packages/airflow/example_dags/example_nested_branch_dag.py
[2024-02-16T20:14:09.045+0000] {processor.py:826} INFO - Processing file /usr/local/python/3.10.13/lib/python3.10/site-packages/airflow/example_dags/example_nested_branch_dag.py for tasks to queue
[2024-02-16T20:14:09.046+0000] {logging_mixin.py:150} INFO - [2024-02-16T20:14:09.045+0000] {dagbag.py:541} INFO - Filling up the DagBag from /usr/local/python/3.10.13/lib/python3.10/site-packages/airflow/example_dags/example_nested_branch_dag.py
[2024-02-16T20:14:09.053+0000] {processor.py:836} INFO - DAG(s) dict_keys(['example_nested_branch_dag']) retrieved from /usr/local/python/3.10.13/lib/python3.10/site-packages/airflow/example_dags/example_nested_branch_dag.py
[2024-02-16T20:14:09.066+0000] {logging_mixin.py:150} INFO - [2024-02-16T20:14:09.066+0000] {dag.py:2742} INFO - Sync 1 DAGs
[2024-02-16T20:14:09.082+0000] {logging_mixin.py:150} INFO - [2024-02-16T20:14:09.081+0000] {dag.py:3504} INFO - Setting next_dagrun for example_nested_branch_dag to 2024-02-15T00:00:00+00:00, run_after=2024-02-16T00:00:00+00:00
[2024-02-16T20:14:09.129+0000] {processor.py:179} INFO - Processing /usr/local/python/3.10.13/lib/python3.10/site-packages/airflow/example_dags/example_nested_branch_dag.py took 0.086 seconds
[2024-02-16T20:15:04.669+0000] {processor.py:157} INFO - Started process (PID=22927) to work on /usr/local/python/3.10.13/lib/python3.10/site-packages/airflow/example_dags/example_nested_branch_dag.py
[2024-02-16T20:15:04.670+0000] {processor.py:826} INFO - Processing file /usr/local/python/3.10.13/lib/python3.10/site-packages/airflow/example_dags/example_nested_branch_dag.py for tasks to queue
[2024-02-16T20:15:04.670+0000] {logging_mixin.py:150} INFO - [2024-02-16T20:15:04.670+0000] {dagbag.py:541} INFO - Filling up the DagBag from /usr/local/python/3.10.13/lib/python3.10/site-packages/airflow/example_dags/example_nested_branch_dag.py
[2024-02-16T20:15:04.678+0000] {processor.py:836} INFO - DAG(s) dict_keys(['example_nested_branch_dag']) retrieved from /usr/local/python/3.10.13/lib/python3.10/site-packages/airflow/example_dags/example_nested_branch_dag.py
[2024-02-16T20:15:04.691+0000] {logging_mixin.py:150} INFO - [2024-02-16T20:15:04.691+0000] {dag.py:2742} INFO - Sync 1 DAGs
[2024-02-16T20:15:04.708+0000] {logging_mixin.py:150} INFO - [2024-02-16T20:15:04.707+0000] {dag.py:3504} INFO - Setting next_dagrun for example_nested_branch_dag to 2024-02-15T00:00:00+00:00, run_after=2024-02-16T00:00:00+00:00
[2024-02-16T20:15:04.755+0000] {processor.py:179} INFO - Processing /usr/local/python/3.10.13/lib/python3.10/site-packages/airflow/example_dags/example_nested_branch_dag.py took 0.089 seconds
[2024-02-16T20:15:53.998+0000] {processor.py:157} INFO - Started process (PID=23296) to work on /usr/local/python/3.10.13/lib/python3.10/site-packages/airflow/example_dags/example_nested_branch_dag.py
[2024-02-16T20:15:53.999+0000] {processor.py:826} INFO - Processing file /usr/local/python/3.10.13/lib/python3.10/site-packages/airflow/example_dags/example_nested_branch_dag.py for tasks to queue
[2024-02-16T20:15:53.999+0000] {logging_mixin.py:150} INFO - [2024-02-16T20:15:53.999+0000] {dagbag.py:541} INFO - Filling up the DagBag from /usr/local/python/3.10.13/lib/python3.10/site-packages/airflow/example_dags/example_nested_branch_dag.py
[2024-02-16T20:15:54.007+0000] {processor.py:836} INFO - DAG(s) dict_keys(['example_nested_branch_dag']) retrieved from /usr/local/python/3.10.13/lib/python3.10/site-packages/airflow/example_dags/example_nested_branch_dag.py
[2024-02-16T20:15:54.020+0000] {logging_mixin.py:150} INFO - [2024-02-16T20:15:54.020+0000] {dag.py:2742} INFO - Sync 1 DAGs
[2024-02-16T20:15:54.036+0000] {logging_mixin.py:150} INFO - [2024-02-16T20:15:54.036+0000] {dag.py:3504} INFO - Setting next_dagrun for example_nested_branch_dag to 2024-02-15T00:00:00+00:00, run_after=2024-02-16T00:00:00+00:00
[2024-02-16T20:15:54.083+0000] {processor.py:179} INFO - Processing /usr/local/python/3.10.13/lib/python3.10/site-packages/airflow/example_dags/example_nested_branch_dag.py took 0.087 seconds
[2024-02-16T20:16:48.991+0000] {processor.py:157} INFO - Started process (PID=23699) to work on /usr/local/python/3.10.13/lib/python3.10/site-packages/airflow/example_dags/example_nested_branch_dag.py
[2024-02-16T20:16:48.992+0000] {processor.py:826} INFO - Processing file /usr/local/python/3.10.13/lib/python3.10/site-packages/airflow/example_dags/example_nested_branch_dag.py for tasks to queue
[2024-02-16T20:16:48.993+0000] {logging_mixin.py:150} INFO - [2024-02-16T20:16:48.992+0000] {dagbag.py:541} INFO - Filling up the DagBag from /usr/local/python/3.10.13/lib/python3.10/site-packages/airflow/example_dags/example_nested_branch_dag.py
[2024-02-16T20:16:49.000+0000] {processor.py:836} INFO - DAG(s) dict_keys(['example_nested_branch_dag']) retrieved from /usr/local/python/3.10.13/lib/python3.10/site-packages/airflow/example_dags/example_nested_branch_dag.py
[2024-02-16T20:16:49.012+0000] {logging_mixin.py:150} INFO - [2024-02-16T20:16:49.012+0000] {dag.py:2742} INFO - Sync 1 DAGs
[2024-02-16T20:16:49.030+0000] {logging_mixin.py:150} INFO - [2024-02-16T20:16:49.030+0000] {dag.py:3504} INFO - Setting next_dagrun for example_nested_branch_dag to 2024-02-15T00:00:00+00:00, run_after=2024-02-16T00:00:00+00:00
[2024-02-16T20:16:49.086+0000] {processor.py:179} INFO - Processing /usr/local/python/3.10.13/lib/python3.10/site-packages/airflow/example_dags/example_nested_branch_dag.py took 0.097 seconds
[2024-02-16T20:17:41.010+0000] {processor.py:157} INFO - Started process (PID=24109) to work on /usr/local/python/3.10.13/lib/python3.10/site-packages/airflow/example_dags/example_nested_branch_dag.py
[2024-02-16T20:17:41.010+0000] {processor.py:826} INFO - Processing file /usr/local/python/3.10.13/lib/python3.10/site-packages/airflow/example_dags/example_nested_branch_dag.py for tasks to queue
[2024-02-16T20:17:41.011+0000] {logging_mixin.py:150} INFO - [2024-02-16T20:17:41.011+0000] {dagbag.py:541} INFO - Filling up the DagBag from /usr/local/python/3.10.13/lib/python3.10/site-packages/airflow/example_dags/example_nested_branch_dag.py
[2024-02-16T20:17:41.020+0000] {processor.py:836} INFO - DAG(s) dict_keys(['example_nested_branch_dag']) retrieved from /usr/local/python/3.10.13/lib/python3.10/site-packages/airflow/example_dags/example_nested_branch_dag.py
[2024-02-16T20:17:41.033+0000] {logging_mixin.py:150} INFO - [2024-02-16T20:17:41.033+0000] {dag.py:2742} INFO - Sync 1 DAGs
[2024-02-16T20:17:41.049+0000] {logging_mixin.py:150} INFO - [2024-02-16T20:17:41.049+0000] {dag.py:3504} INFO - Setting next_dagrun for example_nested_branch_dag to 2024-02-15T00:00:00+00:00, run_after=2024-02-16T00:00:00+00:00
[2024-02-16T20:17:41.100+0000] {processor.py:179} INFO - Processing /usr/local/python/3.10.13/lib/python3.10/site-packages/airflow/example_dags/example_nested_branch_dag.py took 0.092 seconds
[2024-02-16T20:18:34.205+0000] {processor.py:157} INFO - Started process (PID=24498) to work on /usr/local/python/3.10.13/lib/python3.10/site-packages/airflow/example_dags/example_nested_branch_dag.py
[2024-02-16T20:18:34.207+0000] {processor.py:826} INFO - Processing file /usr/local/python/3.10.13/lib/python3.10/site-packages/airflow/example_dags/example_nested_branch_dag.py for tasks to queue
[2024-02-16T20:18:34.208+0000] {logging_mixin.py:150} INFO - [2024-02-16T20:18:34.208+0000] {dagbag.py:541} INFO - Filling up the DagBag from /usr/local/python/3.10.13/lib/python3.10/site-packages/airflow/example_dags/example_nested_branch_dag.py
[2024-02-16T20:18:34.234+0000] {processor.py:836} INFO - DAG(s) dict_keys(['example_nested_branch_dag']) retrieved from /usr/local/python/3.10.13/lib/python3.10/site-packages/airflow/example_dags/example_nested_branch_dag.py
[2024-02-16T20:18:34.259+0000] {logging_mixin.py:150} INFO - [2024-02-16T20:18:34.259+0000] {dag.py:2742} INFO - Sync 1 DAGs
[2024-02-16T20:18:34.283+0000] {logging_mixin.py:150} INFO - [2024-02-16T20:18:34.282+0000] {dag.py:3504} INFO - Setting next_dagrun for example_nested_branch_dag to 2024-02-15T00:00:00+00:00, run_after=2024-02-16T00:00:00+00:00
[2024-02-16T20:18:34.331+0000] {processor.py:179} INFO - Processing /usr/local/python/3.10.13/lib/python3.10/site-packages/airflow/example_dags/example_nested_branch_dag.py took 0.129 seconds
[2024-02-16T20:19:25.969+0000] {processor.py:157} INFO - Started process (PID=24877) to work on /usr/local/python/3.10.13/lib/python3.10/site-packages/airflow/example_dags/example_nested_branch_dag.py
[2024-02-16T20:19:25.969+0000] {processor.py:826} INFO - Processing file /usr/local/python/3.10.13/lib/python3.10/site-packages/airflow/example_dags/example_nested_branch_dag.py for tasks to queue
[2024-02-16T20:19:25.970+0000] {logging_mixin.py:150} INFO - [2024-02-16T20:19:25.970+0000] {dagbag.py:541} INFO - Filling up the DagBag from /usr/local/python/3.10.13/lib/python3.10/site-packages/airflow/example_dags/example_nested_branch_dag.py
[2024-02-16T20:19:25.978+0000] {processor.py:836} INFO - DAG(s) dict_keys(['example_nested_branch_dag']) retrieved from /usr/local/python/3.10.13/lib/python3.10/site-packages/airflow/example_dags/example_nested_branch_dag.py
[2024-02-16T20:19:25.991+0000] {logging_mixin.py:150} INFO - [2024-02-16T20:19:25.991+0000] {dag.py:2742} INFO - Sync 1 DAGs
[2024-02-16T20:19:26.006+0000] {logging_mixin.py:150} INFO - [2024-02-16T20:19:26.006+0000] {dag.py:3504} INFO - Setting next_dagrun for example_nested_branch_dag to 2024-02-15T00:00:00+00:00, run_after=2024-02-16T00:00:00+00:00
[2024-02-16T20:19:26.054+0000] {processor.py:179} INFO - Processing /usr/local/python/3.10.13/lib/python3.10/site-packages/airflow/example_dags/example_nested_branch_dag.py took 0.087 seconds
[2024-02-16T20:20:21.830+0000] {processor.py:157} INFO - Started process (PID=25280) to work on /usr/local/python/3.10.13/lib/python3.10/site-packages/airflow/example_dags/example_nested_branch_dag.py
[2024-02-16T20:20:21.831+0000] {processor.py:826} INFO - Processing file /usr/local/python/3.10.13/lib/python3.10/site-packages/airflow/example_dags/example_nested_branch_dag.py for tasks to queue
[2024-02-16T20:20:21.832+0000] {logging_mixin.py:150} INFO - [2024-02-16T20:20:21.831+0000] {dagbag.py:541} INFO - Filling up the DagBag from /usr/local/python/3.10.13/lib/python3.10/site-packages/airflow/example_dags/example_nested_branch_dag.py
[2024-02-16T20:20:21.839+0000] {processor.py:836} INFO - DAG(s) dict_keys(['example_nested_branch_dag']) retrieved from /usr/local/python/3.10.13/lib/python3.10/site-packages/airflow/example_dags/example_nested_branch_dag.py
[2024-02-16T20:20:21.852+0000] {logging_mixin.py:150} INFO - [2024-02-16T20:20:21.852+0000] {dag.py:2742} INFO - Sync 1 DAGs
[2024-02-16T20:20:21.868+0000] {logging_mixin.py:150} INFO - [2024-02-16T20:20:21.868+0000] {dag.py:3504} INFO - Setting next_dagrun for example_nested_branch_dag to 2024-02-15T00:00:00+00:00, run_after=2024-02-16T00:00:00+00:00
[2024-02-16T20:20:21.914+0000] {processor.py:179} INFO - Processing /usr/local/python/3.10.13/lib/python3.10/site-packages/airflow/example_dags/example_nested_branch_dag.py took 0.086 seconds
[2024-02-16T20:21:12.946+0000] {processor.py:157} INFO - Started process (PID=25673) to work on /usr/local/python/3.10.13/lib/python3.10/site-packages/airflow/example_dags/example_nested_branch_dag.py
[2024-02-16T20:21:12.947+0000] {processor.py:826} INFO - Processing file /usr/local/python/3.10.13/lib/python3.10/site-packages/airflow/example_dags/example_nested_branch_dag.py for tasks to queue
[2024-02-16T20:21:12.947+0000] {logging_mixin.py:150} INFO - [2024-02-16T20:21:12.947+0000] {dagbag.py:541} INFO - Filling up the DagBag from /usr/local/python/3.10.13/lib/python3.10/site-packages/airflow/example_dags/example_nested_branch_dag.py
[2024-02-16T20:21:12.955+0000] {processor.py:836} INFO - DAG(s) dict_keys(['example_nested_branch_dag']) retrieved from /usr/local/python/3.10.13/lib/python3.10/site-packages/airflow/example_dags/example_nested_branch_dag.py
[2024-02-16T20:21:12.969+0000] {logging_mixin.py:150} INFO - [2024-02-16T20:21:12.969+0000] {dag.py:2742} INFO - Sync 1 DAGs
[2024-02-16T20:21:12.986+0000] {logging_mixin.py:150} INFO - [2024-02-16T20:21:12.986+0000] {dag.py:3504} INFO - Setting next_dagrun for example_nested_branch_dag to 2024-02-15T00:00:00+00:00, run_after=2024-02-16T00:00:00+00:00
[2024-02-16T20:21:13.033+0000] {processor.py:179} INFO - Processing /usr/local/python/3.10.13/lib/python3.10/site-packages/airflow/example_dags/example_nested_branch_dag.py took 0.089 seconds
[2024-02-16T20:22:08.445+0000] {processor.py:157} INFO - Started process (PID=26099) to work on /usr/local/python/3.10.13/lib/python3.10/site-packages/airflow/example_dags/example_nested_branch_dag.py
[2024-02-16T20:22:08.445+0000] {processor.py:826} INFO - Processing file /usr/local/python/3.10.13/lib/python3.10/site-packages/airflow/example_dags/example_nested_branch_dag.py for tasks to queue
[2024-02-16T20:22:08.446+0000] {logging_mixin.py:150} INFO - [2024-02-16T20:22:08.446+0000] {dagbag.py:541} INFO - Filling up the DagBag from /usr/local/python/3.10.13/lib/python3.10/site-packages/airflow/example_dags/example_nested_branch_dag.py
[2024-02-16T20:22:08.454+0000] {processor.py:836} INFO - DAG(s) dict_keys(['example_nested_branch_dag']) retrieved from /usr/local/python/3.10.13/lib/python3.10/site-packages/airflow/example_dags/example_nested_branch_dag.py
[2024-02-16T20:22:08.466+0000] {logging_mixin.py:150} INFO - [2024-02-16T20:22:08.466+0000] {dag.py:2742} INFO - Sync 1 DAGs
[2024-02-16T20:22:08.483+0000] {logging_mixin.py:150} INFO - [2024-02-16T20:22:08.483+0000] {dag.py:3504} INFO - Setting next_dagrun for example_nested_branch_dag to 2024-02-15T00:00:00+00:00, run_after=2024-02-16T00:00:00+00:00
[2024-02-16T20:22:08.531+0000] {processor.py:179} INFO - Processing /usr/local/python/3.10.13/lib/python3.10/site-packages/airflow/example_dags/example_nested_branch_dag.py took 0.089 seconds
[2024-02-16T20:23:03.580+0000] {processor.py:157} INFO - Started process (PID=26506) to work on /usr/local/python/3.10.13/lib/python3.10/site-packages/airflow/example_dags/example_nested_branch_dag.py
[2024-02-16T20:23:03.581+0000] {processor.py:826} INFO - Processing file /usr/local/python/3.10.13/lib/python3.10/site-packages/airflow/example_dags/example_nested_branch_dag.py for tasks to queue
[2024-02-16T20:23:03.581+0000] {logging_mixin.py:150} INFO - [2024-02-16T20:23:03.581+0000] {dagbag.py:541} INFO - Filling up the DagBag from /usr/local/python/3.10.13/lib/python3.10/site-packages/airflow/example_dags/example_nested_branch_dag.py
[2024-02-16T20:23:03.590+0000] {processor.py:836} INFO - DAG(s) dict_keys(['example_nested_branch_dag']) retrieved from /usr/local/python/3.10.13/lib/python3.10/site-packages/airflow/example_dags/example_nested_branch_dag.py
[2024-02-16T20:23:03.604+0000] {logging_mixin.py:150} INFO - [2024-02-16T20:23:03.604+0000] {dag.py:2742} INFO - Sync 1 DAGs
[2024-02-16T20:23:03.621+0000] {logging_mixin.py:150} INFO - [2024-02-16T20:23:03.621+0000] {dag.py:3504} INFO - Setting next_dagrun for example_nested_branch_dag to 2024-02-15T00:00:00+00:00, run_after=2024-02-16T00:00:00+00:00
[2024-02-16T20:23:03.669+0000] {processor.py:179} INFO - Processing /usr/local/python/3.10.13/lib/python3.10/site-packages/airflow/example_dags/example_nested_branch_dag.py took 0.091 seconds
[2024-02-16T20:23:55.638+0000] {processor.py:157} INFO - Started process (PID=26873) to work on /usr/local/python/3.10.13/lib/python3.10/site-packages/airflow/example_dags/example_nested_branch_dag.py
[2024-02-16T20:23:55.639+0000] {processor.py:826} INFO - Processing file /usr/local/python/3.10.13/lib/python3.10/site-packages/airflow/example_dags/example_nested_branch_dag.py for tasks to queue
[2024-02-16T20:23:55.640+0000] {logging_mixin.py:150} INFO - [2024-02-16T20:23:55.639+0000] {dagbag.py:541} INFO - Filling up the DagBag from /usr/local/python/3.10.13/lib/python3.10/site-packages/airflow/example_dags/example_nested_branch_dag.py
[2024-02-16T20:23:55.648+0000] {processor.py:836} INFO - DAG(s) dict_keys(['example_nested_branch_dag']) retrieved from /usr/local/python/3.10.13/lib/python3.10/site-packages/airflow/example_dags/example_nested_branch_dag.py
[2024-02-16T20:23:55.662+0000] {logging_mixin.py:150} INFO - [2024-02-16T20:23:55.662+0000] {dag.py:2742} INFO - Sync 1 DAGs
[2024-02-16T20:23:55.681+0000] {logging_mixin.py:150} INFO - [2024-02-16T20:23:55.680+0000] {dag.py:3504} INFO - Setting next_dagrun for example_nested_branch_dag to 2024-02-15T00:00:00+00:00, run_after=2024-02-16T00:00:00+00:00
[2024-02-16T20:23:55.733+0000] {processor.py:179} INFO - Processing /usr/local/python/3.10.13/lib/python3.10/site-packages/airflow/example_dags/example_nested_branch_dag.py took 0.097 seconds
