[2024-02-16T20:09:26.266+0000] {processor.py:157} INFO - Started process (PID=20166) to work on /usr/local/python/3.10.13/lib/python3.10/site-packages/airflow/example_dags/example_skip_dag.py
[2024-02-16T20:09:26.266+0000] {processor.py:826} INFO - Processing file /usr/local/python/3.10.13/lib/python3.10/site-packages/airflow/example_dags/example_skip_dag.py for tasks to queue
[2024-02-16T20:09:26.267+0000] {logging_mixin.py:150} INFO - [2024-02-16T20:09:26.267+0000] {dagbag.py:541} INFO - Filling up the DagBag from /usr/local/python/3.10.13/lib/python3.10/site-packages/airflow/example_dags/example_skip_dag.py
[2024-02-16T20:09:26.275+0000] {processor.py:836} INFO - DAG(s) dict_keys(['example_skip_dag']) retrieved from /usr/local/python/3.10.13/lib/python3.10/site-packages/airflow/example_dags/example_skip_dag.py
[2024-02-16T20:09:26.439+0000] {logging_mixin.py:150} INFO - [2024-02-16T20:09:26.438+0000] {manager.py:504} INFO - Created Permission View: can read on DAG:example_skip_dag
[2024-02-16T20:09:26.476+0000] {logging_mixin.py:150} INFO - [2024-02-16T20:09:26.476+0000] {manager.py:504} INFO - Created Permission View: can edit on DAG:example_skip_dag
[2024-02-16T20:09:26.514+0000] {logging_mixin.py:150} INFO - [2024-02-16T20:09:26.514+0000] {manager.py:504} INFO - Created Permission View: can delete on DAG:example_skip_dag
[2024-02-16T20:09:26.522+0000] {logging_mixin.py:150} INFO - [2024-02-16T20:09:26.522+0000] {dag.py:2742} INFO - Sync 1 DAGs
[2024-02-16T20:09:26.529+0000] {logging_mixin.py:150} INFO - [2024-02-16T20:09:26.529+0000] {dag.py:2763} INFO - Creating ORM DAG for example_skip_dag
[2024-02-16T20:09:26.536+0000] {logging_mixin.py:150} INFO - [2024-02-16T20:09:26.536+0000] {dag.py:3504} INFO - Setting next_dagrun for example_skip_dag to 2024-02-15T20:09:26.536322+00:00, run_after=2024-02-16T20:09:26.536322+00:00
[2024-02-16T20:09:26.587+0000] {processor.py:179} INFO - Processing /usr/local/python/3.10.13/lib/python3.10/site-packages/airflow/example_dags/example_skip_dag.py took 0.325 seconds
[2024-02-16T20:10:19.093+0000] {processor.py:157} INFO - Started process (PID=20591) to work on /usr/local/python/3.10.13/lib/python3.10/site-packages/airflow/example_dags/example_skip_dag.py
[2024-02-16T20:10:19.094+0000] {processor.py:826} INFO - Processing file /usr/local/python/3.10.13/lib/python3.10/site-packages/airflow/example_dags/example_skip_dag.py for tasks to queue
[2024-02-16T20:10:19.094+0000] {logging_mixin.py:150} INFO - [2024-02-16T20:10:19.094+0000] {dagbag.py:541} INFO - Filling up the DagBag from /usr/local/python/3.10.13/lib/python3.10/site-packages/airflow/example_dags/example_skip_dag.py
[2024-02-16T20:10:19.100+0000] {processor.py:836} INFO - DAG(s) dict_keys(['example_skip_dag']) retrieved from /usr/local/python/3.10.13/lib/python3.10/site-packages/airflow/example_dags/example_skip_dag.py
[2024-02-16T20:10:19.112+0000] {logging_mixin.py:150} INFO - [2024-02-16T20:10:19.112+0000] {dag.py:2742} INFO - Sync 1 DAGs
[2024-02-16T20:10:19.128+0000] {logging_mixin.py:150} INFO - [2024-02-16T20:10:19.128+0000] {dag.py:3504} INFO - Setting next_dagrun for example_skip_dag to 2024-02-15T20:10:19.128552+00:00, run_after=2024-02-16T20:10:19.128552+00:00
[2024-02-16T20:10:19.181+0000] {processor.py:179} INFO - Processing /usr/local/python/3.10.13/lib/python3.10/site-packages/airflow/example_dags/example_skip_dag.py took 0.090 seconds
[2024-02-16T20:11:34.620+0000] {processor.py:157} INFO - Started process (PID=21377) to work on /usr/local/python/3.10.13/lib/python3.10/site-packages/airflow/example_dags/example_skip_dag.py
[2024-02-16T20:11:34.621+0000] {processor.py:826} INFO - Processing file /usr/local/python/3.10.13/lib/python3.10/site-packages/airflow/example_dags/example_skip_dag.py for tasks to queue
[2024-02-16T20:11:34.621+0000] {logging_mixin.py:150} INFO - [2024-02-16T20:11:34.621+0000] {dagbag.py:541} INFO - Filling up the DagBag from /usr/local/python/3.10.13/lib/python3.10/site-packages/airflow/example_dags/example_skip_dag.py
[2024-02-16T20:11:34.627+0000] {processor.py:836} INFO - DAG(s) dict_keys(['example_skip_dag']) retrieved from /usr/local/python/3.10.13/lib/python3.10/site-packages/airflow/example_dags/example_skip_dag.py
[2024-02-16T20:11:34.640+0000] {logging_mixin.py:150} INFO - [2024-02-16T20:11:34.640+0000] {dag.py:2742} INFO - Sync 1 DAGs
[2024-02-16T20:11:34.656+0000] {logging_mixin.py:150} INFO - [2024-02-16T20:11:34.656+0000] {dag.py:3504} INFO - Setting next_dagrun for example_skip_dag to 2024-02-15T20:11:34.656157+00:00, run_after=2024-02-16T20:11:34.656157+00:00
[2024-02-16T20:11:34.704+0000] {processor.py:179} INFO - Processing /usr/local/python/3.10.13/lib/python3.10/site-packages/airflow/example_dags/example_skip_dag.py took 0.086 seconds
[2024-02-16T20:12:22.213+0000] {processor.py:157} INFO - Started process (PID=21716) to work on /usr/local/python/3.10.13/lib/python3.10/site-packages/airflow/example_dags/example_skip_dag.py
[2024-02-16T20:12:22.214+0000] {processor.py:826} INFO - Processing file /usr/local/python/3.10.13/lib/python3.10/site-packages/airflow/example_dags/example_skip_dag.py for tasks to queue
[2024-02-16T20:12:22.214+0000] {logging_mixin.py:150} INFO - [2024-02-16T20:12:22.214+0000] {dagbag.py:541} INFO - Filling up the DagBag from /usr/local/python/3.10.13/lib/python3.10/site-packages/airflow/example_dags/example_skip_dag.py
[2024-02-16T20:12:22.220+0000] {processor.py:836} INFO - DAG(s) dict_keys(['example_skip_dag']) retrieved from /usr/local/python/3.10.13/lib/python3.10/site-packages/airflow/example_dags/example_skip_dag.py
[2024-02-16T20:12:22.232+0000] {logging_mixin.py:150} INFO - [2024-02-16T20:12:22.232+0000] {dag.py:2742} INFO - Sync 1 DAGs
[2024-02-16T20:12:22.247+0000] {logging_mixin.py:150} INFO - [2024-02-16T20:12:22.246+0000] {dag.py:3504} INFO - Setting next_dagrun for example_skip_dag to 2024-02-15T20:12:22.246818+00:00, run_after=2024-02-16T20:12:22.246818+00:00
[2024-02-16T20:12:22.296+0000] {processor.py:179} INFO - Processing /usr/local/python/3.10.13/lib/python3.10/site-packages/airflow/example_dags/example_skip_dag.py took 0.085 seconds
[2024-02-16T20:13:11.840+0000] {processor.py:157} INFO - Started process (PID=22079) to work on /usr/local/python/3.10.13/lib/python3.10/site-packages/airflow/example_dags/example_skip_dag.py
[2024-02-16T20:13:11.841+0000] {processor.py:826} INFO - Processing file /usr/local/python/3.10.13/lib/python3.10/site-packages/airflow/example_dags/example_skip_dag.py for tasks to queue
[2024-02-16T20:13:11.842+0000] {logging_mixin.py:150} INFO - [2024-02-16T20:13:11.841+0000] {dagbag.py:541} INFO - Filling up the DagBag from /usr/local/python/3.10.13/lib/python3.10/site-packages/airflow/example_dags/example_skip_dag.py
[2024-02-16T20:13:11.847+0000] {processor.py:836} INFO - DAG(s) dict_keys(['example_skip_dag']) retrieved from /usr/local/python/3.10.13/lib/python3.10/site-packages/airflow/example_dags/example_skip_dag.py
[2024-02-16T20:13:11.859+0000] {logging_mixin.py:150} INFO - [2024-02-16T20:13:11.859+0000] {dag.py:2742} INFO - Sync 1 DAGs
[2024-02-16T20:13:11.877+0000] {logging_mixin.py:150} INFO - [2024-02-16T20:13:11.876+0000] {dag.py:3504} INFO - Setting next_dagrun for example_skip_dag to 2024-02-15T20:13:11.876786+00:00, run_after=2024-02-16T20:13:11.876786+00:00
[2024-02-16T20:13:11.927+0000] {processor.py:179} INFO - Processing /usr/local/python/3.10.13/lib/python3.10/site-packages/airflow/example_dags/example_skip_dag.py took 0.089 seconds
[2024-02-16T20:14:06.117+0000] {processor.py:157} INFO - Started process (PID=22476) to work on /usr/local/python/3.10.13/lib/python3.10/site-packages/airflow/example_dags/example_skip_dag.py
[2024-02-16T20:14:06.117+0000] {processor.py:826} INFO - Processing file /usr/local/python/3.10.13/lib/python3.10/site-packages/airflow/example_dags/example_skip_dag.py for tasks to queue
[2024-02-16T20:14:06.118+0000] {logging_mixin.py:150} INFO - [2024-02-16T20:14:06.118+0000] {dagbag.py:541} INFO - Filling up the DagBag from /usr/local/python/3.10.13/lib/python3.10/site-packages/airflow/example_dags/example_skip_dag.py
[2024-02-16T20:14:06.124+0000] {processor.py:836} INFO - DAG(s) dict_keys(['example_skip_dag']) retrieved from /usr/local/python/3.10.13/lib/python3.10/site-packages/airflow/example_dags/example_skip_dag.py
[2024-02-16T20:14:06.136+0000] {logging_mixin.py:150} INFO - [2024-02-16T20:14:06.136+0000] {dag.py:2742} INFO - Sync 1 DAGs
[2024-02-16T20:14:06.150+0000] {logging_mixin.py:150} INFO - [2024-02-16T20:14:06.150+0000] {dag.py:3504} INFO - Setting next_dagrun for example_skip_dag to 2024-02-15T20:14:06.150417+00:00, run_after=2024-02-16T20:14:06.150417+00:00
[2024-02-16T20:14:06.197+0000] {processor.py:179} INFO - Processing /usr/local/python/3.10.13/lib/python3.10/site-packages/airflow/example_dags/example_skip_dag.py took 0.082 seconds
[2024-02-16T20:14:53.311+0000] {processor.py:157} INFO - Started process (PID=22842) to work on /usr/local/python/3.10.13/lib/python3.10/site-packages/airflow/example_dags/example_skip_dag.py
[2024-02-16T20:14:53.312+0000] {processor.py:826} INFO - Processing file /usr/local/python/3.10.13/lib/python3.10/site-packages/airflow/example_dags/example_skip_dag.py for tasks to queue
[2024-02-16T20:14:53.312+0000] {logging_mixin.py:150} INFO - [2024-02-16T20:14:53.312+0000] {dagbag.py:541} INFO - Filling up the DagBag from /usr/local/python/3.10.13/lib/python3.10/site-packages/airflow/example_dags/example_skip_dag.py
[2024-02-16T20:14:53.318+0000] {processor.py:836} INFO - DAG(s) dict_keys(['example_skip_dag']) retrieved from /usr/local/python/3.10.13/lib/python3.10/site-packages/airflow/example_dags/example_skip_dag.py
[2024-02-16T20:14:53.330+0000] {logging_mixin.py:150} INFO - [2024-02-16T20:14:53.330+0000] {dag.py:2742} INFO - Sync 1 DAGs
[2024-02-16T20:14:53.344+0000] {logging_mixin.py:150} INFO - [2024-02-16T20:14:53.344+0000] {dag.py:3504} INFO - Setting next_dagrun for example_skip_dag to 2024-02-15T20:14:53.344531+00:00, run_after=2024-02-16T20:14:53.344531+00:00
[2024-02-16T20:14:53.390+0000] {processor.py:179} INFO - Processing /usr/local/python/3.10.13/lib/python3.10/site-packages/airflow/example_dags/example_skip_dag.py took 0.081 seconds
[2024-02-16T20:15:43.565+0000] {processor.py:157} INFO - Started process (PID=23218) to work on /usr/local/python/3.10.13/lib/python3.10/site-packages/airflow/example_dags/example_skip_dag.py
[2024-02-16T20:15:43.565+0000] {processor.py:826} INFO - Processing file /usr/local/python/3.10.13/lib/python3.10/site-packages/airflow/example_dags/example_skip_dag.py for tasks to queue
[2024-02-16T20:15:43.566+0000] {logging_mixin.py:150} INFO - [2024-02-16T20:15:43.566+0000] {dagbag.py:541} INFO - Filling up the DagBag from /usr/local/python/3.10.13/lib/python3.10/site-packages/airflow/example_dags/example_skip_dag.py
[2024-02-16T20:15:43.572+0000] {processor.py:836} INFO - DAG(s) dict_keys(['example_skip_dag']) retrieved from /usr/local/python/3.10.13/lib/python3.10/site-packages/airflow/example_dags/example_skip_dag.py
[2024-02-16T20:15:43.586+0000] {logging_mixin.py:150} INFO - [2024-02-16T20:15:43.585+0000] {dag.py:2742} INFO - Sync 1 DAGs
[2024-02-16T20:15:43.601+0000] {logging_mixin.py:150} INFO - [2024-02-16T20:15:43.600+0000] {dag.py:3504} INFO - Setting next_dagrun for example_skip_dag to 2024-02-15T20:15:43.600678+00:00, run_after=2024-02-16T20:15:43.600678+00:00
[2024-02-16T20:15:43.665+0000] {processor.py:179} INFO - Processing /usr/local/python/3.10.13/lib/python3.10/site-packages/airflow/example_dags/example_skip_dag.py took 0.102 seconds
[2024-02-16T20:16:36.843+0000] {processor.py:157} INFO - Started process (PID=23614) to work on /usr/local/python/3.10.13/lib/python3.10/site-packages/airflow/example_dags/example_skip_dag.py
[2024-02-16T20:16:36.844+0000] {processor.py:826} INFO - Processing file /usr/local/python/3.10.13/lib/python3.10/site-packages/airflow/example_dags/example_skip_dag.py for tasks to queue
[2024-02-16T20:16:36.845+0000] {logging_mixin.py:150} INFO - [2024-02-16T20:16:36.844+0000] {dagbag.py:541} INFO - Filling up the DagBag from /usr/local/python/3.10.13/lib/python3.10/site-packages/airflow/example_dags/example_skip_dag.py
[2024-02-16T20:16:36.850+0000] {processor.py:836} INFO - DAG(s) dict_keys(['example_skip_dag']) retrieved from /usr/local/python/3.10.13/lib/python3.10/site-packages/airflow/example_dags/example_skip_dag.py
[2024-02-16T20:16:36.862+0000] {logging_mixin.py:150} INFO - [2024-02-16T20:16:36.862+0000] {dag.py:2742} INFO - Sync 1 DAGs
[2024-02-16T20:16:36.876+0000] {logging_mixin.py:150} INFO - [2024-02-16T20:16:36.876+0000] {dag.py:3504} INFO - Setting next_dagrun for example_skip_dag to 2024-02-15T20:16:36.876636+00:00, run_after=2024-02-16T20:16:36.876636+00:00
[2024-02-16T20:16:36.930+0000] {processor.py:179} INFO - Processing /usr/local/python/3.10.13/lib/python3.10/site-packages/airflow/example_dags/example_skip_dag.py took 0.088 seconds
[2024-02-16T20:17:30.659+0000] {processor.py:157} INFO - Started process (PID=24011) to work on /usr/local/python/3.10.13/lib/python3.10/site-packages/airflow/example_dags/example_skip_dag.py
[2024-02-16T20:17:30.660+0000] {processor.py:826} INFO - Processing file /usr/local/python/3.10.13/lib/python3.10/site-packages/airflow/example_dags/example_skip_dag.py for tasks to queue
[2024-02-16T20:17:30.661+0000] {logging_mixin.py:150} INFO - [2024-02-16T20:17:30.661+0000] {dagbag.py:541} INFO - Filling up the DagBag from /usr/local/python/3.10.13/lib/python3.10/site-packages/airflow/example_dags/example_skip_dag.py
[2024-02-16T20:17:30.675+0000] {processor.py:836} INFO - DAG(s) dict_keys(['example_skip_dag']) retrieved from /usr/local/python/3.10.13/lib/python3.10/site-packages/airflow/example_dags/example_skip_dag.py
[2024-02-16T20:17:30.696+0000] {logging_mixin.py:150} INFO - [2024-02-16T20:17:30.696+0000] {dag.py:2742} INFO - Sync 1 DAGs
[2024-02-16T20:17:30.724+0000] {logging_mixin.py:150} INFO - [2024-02-16T20:17:30.724+0000] {dag.py:3504} INFO - Setting next_dagrun for example_skip_dag to 2024-02-15T20:17:30.723865+00:00, run_after=2024-02-16T20:17:30.723865+00:00
[2024-02-16T20:17:30.782+0000] {processor.py:179} INFO - Processing /usr/local/python/3.10.13/lib/python3.10/site-packages/airflow/example_dags/example_skip_dag.py took 0.126 seconds
[2024-02-16T20:18:22.952+0000] {processor.py:157} INFO - Started process (PID=24412) to work on /usr/local/python/3.10.13/lib/python3.10/site-packages/airflow/example_dags/example_skip_dag.py
[2024-02-16T20:18:22.953+0000] {processor.py:826} INFO - Processing file /usr/local/python/3.10.13/lib/python3.10/site-packages/airflow/example_dags/example_skip_dag.py for tasks to queue
[2024-02-16T20:18:22.953+0000] {logging_mixin.py:150} INFO - [2024-02-16T20:18:22.953+0000] {dagbag.py:541} INFO - Filling up the DagBag from /usr/local/python/3.10.13/lib/python3.10/site-packages/airflow/example_dags/example_skip_dag.py
[2024-02-16T20:18:22.958+0000] {processor.py:836} INFO - DAG(s) dict_keys(['example_skip_dag']) retrieved from /usr/local/python/3.10.13/lib/python3.10/site-packages/airflow/example_dags/example_skip_dag.py
[2024-02-16T20:18:22.970+0000] {logging_mixin.py:150} INFO - [2024-02-16T20:18:22.970+0000] {dag.py:2742} INFO - Sync 1 DAGs
[2024-02-16T20:18:22.986+0000] {logging_mixin.py:150} INFO - [2024-02-16T20:18:22.986+0000] {dag.py:3504} INFO - Setting next_dagrun for example_skip_dag to 2024-02-15T20:18:22.986040+00:00, run_after=2024-02-16T20:18:22.986040+00:00
[2024-02-16T20:18:23.031+0000] {processor.py:179} INFO - Processing /usr/local/python/3.10.13/lib/python3.10/site-packages/airflow/example_dags/example_skip_dag.py took 0.081 seconds
[2024-02-16T20:19:15.510+0000] {processor.py:157} INFO - Started process (PID=24800) to work on /usr/local/python/3.10.13/lib/python3.10/site-packages/airflow/example_dags/example_skip_dag.py
[2024-02-16T20:19:15.510+0000] {processor.py:826} INFO - Processing file /usr/local/python/3.10.13/lib/python3.10/site-packages/airflow/example_dags/example_skip_dag.py for tasks to queue
[2024-02-16T20:19:15.511+0000] {logging_mixin.py:150} INFO - [2024-02-16T20:19:15.511+0000] {dagbag.py:541} INFO - Filling up the DagBag from /usr/local/python/3.10.13/lib/python3.10/site-packages/airflow/example_dags/example_skip_dag.py
[2024-02-16T20:19:15.517+0000] {processor.py:836} INFO - DAG(s) dict_keys(['example_skip_dag']) retrieved from /usr/local/python/3.10.13/lib/python3.10/site-packages/airflow/example_dags/example_skip_dag.py
[2024-02-16T20:19:15.529+0000] {logging_mixin.py:150} INFO - [2024-02-16T20:19:15.529+0000] {dag.py:2742} INFO - Sync 1 DAGs
[2024-02-16T20:19:15.548+0000] {logging_mixin.py:150} INFO - [2024-02-16T20:19:15.547+0000] {dag.py:3504} INFO - Setting next_dagrun for example_skip_dag to 2024-02-15T20:19:15.547633+00:00, run_after=2024-02-16T20:19:15.547633+00:00
[2024-02-16T20:19:15.601+0000] {processor.py:179} INFO - Processing /usr/local/python/3.10.13/lib/python3.10/site-packages/airflow/example_dags/example_skip_dag.py took 0.093 seconds
[2024-02-16T20:20:09.191+0000] {processor.py:157} INFO - Started process (PID=25196) to work on /usr/local/python/3.10.13/lib/python3.10/site-packages/airflow/example_dags/example_skip_dag.py
[2024-02-16T20:20:09.191+0000] {processor.py:826} INFO - Processing file /usr/local/python/3.10.13/lib/python3.10/site-packages/airflow/example_dags/example_skip_dag.py for tasks to queue
[2024-02-16T20:20:09.192+0000] {logging_mixin.py:150} INFO - [2024-02-16T20:20:09.192+0000] {dagbag.py:541} INFO - Filling up the DagBag from /usr/local/python/3.10.13/lib/python3.10/site-packages/airflow/example_dags/example_skip_dag.py
[2024-02-16T20:20:09.198+0000] {processor.py:836} INFO - DAG(s) dict_keys(['example_skip_dag']) retrieved from /usr/local/python/3.10.13/lib/python3.10/site-packages/airflow/example_dags/example_skip_dag.py
[2024-02-16T20:20:09.216+0000] {logging_mixin.py:150} INFO - [2024-02-16T20:20:09.216+0000] {dag.py:2742} INFO - Sync 1 DAGs
[2024-02-16T20:20:09.231+0000] {logging_mixin.py:150} INFO - [2024-02-16T20:20:09.231+0000] {dag.py:3504} INFO - Setting next_dagrun for example_skip_dag to 2024-02-15T20:20:09.230922+00:00, run_after=2024-02-16T20:20:09.230922+00:00
[2024-02-16T20:20:09.279+0000] {processor.py:179} INFO - Processing /usr/local/python/3.10.13/lib/python3.10/site-packages/airflow/example_dags/example_skip_dag.py took 0.090 seconds
[2024-02-16T20:21:03.445+0000] {processor.py:157} INFO - Started process (PID=25596) to work on /usr/local/python/3.10.13/lib/python3.10/site-packages/airflow/example_dags/example_skip_dag.py
[2024-02-16T20:21:03.445+0000] {processor.py:826} INFO - Processing file /usr/local/python/3.10.13/lib/python3.10/site-packages/airflow/example_dags/example_skip_dag.py for tasks to queue
[2024-02-16T20:21:03.446+0000] {logging_mixin.py:150} INFO - [2024-02-16T20:21:03.446+0000] {dagbag.py:541} INFO - Filling up the DagBag from /usr/local/python/3.10.13/lib/python3.10/site-packages/airflow/example_dags/example_skip_dag.py
[2024-02-16T20:21:03.451+0000] {processor.py:836} INFO - DAG(s) dict_keys(['example_skip_dag']) retrieved from /usr/local/python/3.10.13/lib/python3.10/site-packages/airflow/example_dags/example_skip_dag.py
[2024-02-16T20:21:03.463+0000] {logging_mixin.py:150} INFO - [2024-02-16T20:21:03.463+0000] {dag.py:2742} INFO - Sync 1 DAGs
[2024-02-16T20:21:03.478+0000] {logging_mixin.py:150} INFO - [2024-02-16T20:21:03.478+0000] {dag.py:3504} INFO - Setting next_dagrun for example_skip_dag to 2024-02-15T20:21:03.478224+00:00, run_after=2024-02-16T20:21:03.478224+00:00
[2024-02-16T20:21:03.528+0000] {processor.py:179} INFO - Processing /usr/local/python/3.10.13/lib/python3.10/site-packages/airflow/example_dags/example_skip_dag.py took 0.085 seconds
[2024-02-16T20:21:57.349+0000] {processor.py:157} INFO - Started process (PID=26012) to work on /usr/local/python/3.10.13/lib/python3.10/site-packages/airflow/example_dags/example_skip_dag.py
[2024-02-16T20:21:57.350+0000] {processor.py:826} INFO - Processing file /usr/local/python/3.10.13/lib/python3.10/site-packages/airflow/example_dags/example_skip_dag.py for tasks to queue
[2024-02-16T20:21:57.351+0000] {logging_mixin.py:150} INFO - [2024-02-16T20:21:57.351+0000] {dagbag.py:541} INFO - Filling up the DagBag from /usr/local/python/3.10.13/lib/python3.10/site-packages/airflow/example_dags/example_skip_dag.py
[2024-02-16T20:21:57.356+0000] {processor.py:836} INFO - DAG(s) dict_keys(['example_skip_dag']) retrieved from /usr/local/python/3.10.13/lib/python3.10/site-packages/airflow/example_dags/example_skip_dag.py
[2024-02-16T20:21:57.369+0000] {logging_mixin.py:150} INFO - [2024-02-16T20:21:57.368+0000] {dag.py:2742} INFO - Sync 1 DAGs
[2024-02-16T20:21:57.383+0000] {logging_mixin.py:150} INFO - [2024-02-16T20:21:57.383+0000] {dag.py:3504} INFO - Setting next_dagrun for example_skip_dag to 2024-02-15T20:21:57.383642+00:00, run_after=2024-02-16T20:21:57.383642+00:00
[2024-02-16T20:21:57.445+0000] {processor.py:179} INFO - Processing /usr/local/python/3.10.13/lib/python3.10/site-packages/airflow/example_dags/example_skip_dag.py took 0.098 seconds
[2024-02-16T20:22:52.112+0000] {processor.py:157} INFO - Started process (PID=26426) to work on /usr/local/python/3.10.13/lib/python3.10/site-packages/airflow/example_dags/example_skip_dag.py
[2024-02-16T20:22:52.113+0000] {processor.py:826} INFO - Processing file /usr/local/python/3.10.13/lib/python3.10/site-packages/airflow/example_dags/example_skip_dag.py for tasks to queue
[2024-02-16T20:22:52.113+0000] {logging_mixin.py:150} INFO - [2024-02-16T20:22:52.113+0000] {dagbag.py:541} INFO - Filling up the DagBag from /usr/local/python/3.10.13/lib/python3.10/site-packages/airflow/example_dags/example_skip_dag.py
[2024-02-16T20:22:52.119+0000] {processor.py:836} INFO - DAG(s) dict_keys(['example_skip_dag']) retrieved from /usr/local/python/3.10.13/lib/python3.10/site-packages/airflow/example_dags/example_skip_dag.py
[2024-02-16T20:22:52.132+0000] {logging_mixin.py:150} INFO - [2024-02-16T20:22:52.132+0000] {dag.py:2742} INFO - Sync 1 DAGs
[2024-02-16T20:22:52.149+0000] {logging_mixin.py:150} INFO - [2024-02-16T20:22:52.149+0000] {dag.py:3504} INFO - Setting next_dagrun for example_skip_dag to 2024-02-15T20:22:52.148808+00:00, run_after=2024-02-16T20:22:52.148808+00:00
[2024-02-16T20:22:52.195+0000] {processor.py:179} INFO - Processing /usr/local/python/3.10.13/lib/python3.10/site-packages/airflow/example_dags/example_skip_dag.py took 0.085 seconds
[2024-02-16T20:23:43.454+0000] {processor.py:157} INFO - Started process (PID=26784) to work on /usr/local/python/3.10.13/lib/python3.10/site-packages/airflow/example_dags/example_skip_dag.py
[2024-02-16T20:23:43.455+0000] {processor.py:826} INFO - Processing file /usr/local/python/3.10.13/lib/python3.10/site-packages/airflow/example_dags/example_skip_dag.py for tasks to queue
[2024-02-16T20:23:43.455+0000] {logging_mixin.py:150} INFO - [2024-02-16T20:23:43.455+0000] {dagbag.py:541} INFO - Filling up the DagBag from /usr/local/python/3.10.13/lib/python3.10/site-packages/airflow/example_dags/example_skip_dag.py
[2024-02-16T20:23:43.461+0000] {processor.py:836} INFO - DAG(s) dict_keys(['example_skip_dag']) retrieved from /usr/local/python/3.10.13/lib/python3.10/site-packages/airflow/example_dags/example_skip_dag.py
[2024-02-16T20:23:43.474+0000] {logging_mixin.py:150} INFO - [2024-02-16T20:23:43.474+0000] {dag.py:2742} INFO - Sync 1 DAGs
[2024-02-16T20:23:43.490+0000] {logging_mixin.py:150} INFO - [2024-02-16T20:23:43.490+0000] {dag.py:3504} INFO - Setting next_dagrun for example_skip_dag to 2024-02-15T20:23:43.490077+00:00, run_after=2024-02-16T20:23:43.490077+00:00
[2024-02-16T20:23:43.536+0000] {processor.py:179} INFO - Processing /usr/local/python/3.10.13/lib/python3.10/site-packages/airflow/example_dags/example_skip_dag.py took 0.084 seconds
