[2024-02-16T20:09:49.971+0000] {processor.py:157} INFO - Started process (PID=20376) to work on /usr/local/python/3.10.13/lib/python3.10/site-packages/airflow/example_dags/example_bash_operator.py
[2024-02-16T20:09:49.971+0000] {processor.py:826} INFO - Processing file /usr/local/python/3.10.13/lib/python3.10/site-packages/airflow/example_dags/example_bash_operator.py for tasks to queue
[2024-02-16T20:09:49.972+0000] {logging_mixin.py:150} INFO - [2024-02-16T20:09:49.972+0000] {dagbag.py:541} INFO - Filling up the DagBag from /usr/local/python/3.10.13/lib/python3.10/site-packages/airflow/example_dags/example_bash_operator.py
[2024-02-16T20:09:49.981+0000] {processor.py:836} INFO - DAG(s) dict_keys(['example_bash_operator']) retrieved from /usr/local/python/3.10.13/lib/python3.10/site-packages/airflow/example_dags/example_bash_operator.py
[2024-02-16T20:09:50.134+0000] {logging_mixin.py:150} INFO - [2024-02-16T20:09:50.133+0000] {manager.py:504} INFO - Created Permission View: can read on DAG:example_bash_operator
[2024-02-16T20:09:50.172+0000] {logging_mixin.py:150} INFO - [2024-02-16T20:09:50.172+0000] {manager.py:504} INFO - Created Permission View: can edit on DAG:example_bash_operator
[2024-02-16T20:09:50.210+0000] {logging_mixin.py:150} INFO - [2024-02-16T20:09:50.210+0000] {manager.py:504} INFO - Created Permission View: can delete on DAG:example_bash_operator
[2024-02-16T20:09:50.219+0000] {logging_mixin.py:150} INFO - [2024-02-16T20:09:50.219+0000] {dag.py:2742} INFO - Sync 1 DAGs
[2024-02-16T20:09:50.227+0000] {logging_mixin.py:150} INFO - [2024-02-16T20:09:50.227+0000] {dag.py:2763} INFO - Creating ORM DAG for example_bash_operator
[2024-02-16T20:09:50.235+0000] {logging_mixin.py:150} INFO - [2024-02-16T20:09:50.235+0000] {dag.py:3504} INFO - Setting next_dagrun for example_bash_operator to 2024-02-15T00:00:00+00:00, run_after=2024-02-16T00:00:00+00:00
[2024-02-16T20:09:50.287+0000] {processor.py:179} INFO - Processing /usr/local/python/3.10.13/lib/python3.10/site-packages/airflow/example_dags/example_bash_operator.py took 0.319 seconds
[2024-02-16T20:10:51.571+0000] {processor.py:157} INFO - Started process (PID=20939) to work on /usr/local/python/3.10.13/lib/python3.10/site-packages/airflow/example_dags/example_bash_operator.py
[2024-02-16T20:10:51.572+0000] {processor.py:826} INFO - Processing file /usr/local/python/3.10.13/lib/python3.10/site-packages/airflow/example_dags/example_bash_operator.py for tasks to queue
[2024-02-16T20:10:51.572+0000] {logging_mixin.py:150} INFO - [2024-02-16T20:10:51.572+0000] {dagbag.py:541} INFO - Filling up the DagBag from /usr/local/python/3.10.13/lib/python3.10/site-packages/airflow/example_dags/example_bash_operator.py
[2024-02-16T20:10:51.581+0000] {processor.py:836} INFO - DAG(s) dict_keys(['example_bash_operator']) retrieved from /usr/local/python/3.10.13/lib/python3.10/site-packages/airflow/example_dags/example_bash_operator.py
[2024-02-16T20:10:51.599+0000] {logging_mixin.py:150} INFO - [2024-02-16T20:10:51.599+0000] {dag.py:2742} INFO - Sync 1 DAGs
[2024-02-16T20:10:51.616+0000] {logging_mixin.py:150} INFO - [2024-02-16T20:10:51.616+0000] {dag.py:3504} INFO - Setting next_dagrun for example_bash_operator to 2024-02-15T00:00:00+00:00, run_after=2024-02-16T00:00:00+00:00
[2024-02-16T20:10:51.669+0000] {processor.py:179} INFO - Processing /usr/local/python/3.10.13/lib/python3.10/site-packages/airflow/example_dags/example_bash_operator.py took 0.100 seconds
[2024-02-16T20:11:54.219+0000] {processor.py:157} INFO - Started process (PID=21507) to work on /usr/local/python/3.10.13/lib/python3.10/site-packages/airflow/example_dags/example_bash_operator.py
[2024-02-16T20:11:54.219+0000] {processor.py:826} INFO - Processing file /usr/local/python/3.10.13/lib/python3.10/site-packages/airflow/example_dags/example_bash_operator.py for tasks to queue
[2024-02-16T20:11:54.220+0000] {logging_mixin.py:150} INFO - [2024-02-16T20:11:54.220+0000] {dagbag.py:541} INFO - Filling up the DagBag from /usr/local/python/3.10.13/lib/python3.10/site-packages/airflow/example_dags/example_bash_operator.py
[2024-02-16T20:11:54.228+0000] {processor.py:836} INFO - DAG(s) dict_keys(['example_bash_operator']) retrieved from /usr/local/python/3.10.13/lib/python3.10/site-packages/airflow/example_dags/example_bash_operator.py
[2024-02-16T20:11:54.247+0000] {logging_mixin.py:150} INFO - [2024-02-16T20:11:54.247+0000] {dag.py:2742} INFO - Sync 1 DAGs
[2024-02-16T20:11:54.263+0000] {logging_mixin.py:150} INFO - [2024-02-16T20:11:54.263+0000] {dag.py:3504} INFO - Setting next_dagrun for example_bash_operator to 2024-02-15T00:00:00+00:00, run_after=2024-02-16T00:00:00+00:00
[2024-02-16T20:11:54.317+0000] {processor.py:179} INFO - Processing /usr/local/python/3.10.13/lib/python3.10/site-packages/airflow/example_dags/example_bash_operator.py took 0.101 seconds
[2024-02-16T20:12:47.159+0000] {processor.py:157} INFO - Started process (PID=21904) to work on /usr/local/python/3.10.13/lib/python3.10/site-packages/airflow/example_dags/example_bash_operator.py
[2024-02-16T20:12:47.160+0000] {processor.py:826} INFO - Processing file /usr/local/python/3.10.13/lib/python3.10/site-packages/airflow/example_dags/example_bash_operator.py for tasks to queue
[2024-02-16T20:12:47.161+0000] {logging_mixin.py:150} INFO - [2024-02-16T20:12:47.160+0000] {dagbag.py:541} INFO - Filling up the DagBag from /usr/local/python/3.10.13/lib/python3.10/site-packages/airflow/example_dags/example_bash_operator.py
[2024-02-16T20:12:47.169+0000] {processor.py:836} INFO - DAG(s) dict_keys(['example_bash_operator']) retrieved from /usr/local/python/3.10.13/lib/python3.10/site-packages/airflow/example_dags/example_bash_operator.py
[2024-02-16T20:12:47.188+0000] {logging_mixin.py:150} INFO - [2024-02-16T20:12:47.188+0000] {dag.py:2742} INFO - Sync 1 DAGs
[2024-02-16T20:12:47.204+0000] {logging_mixin.py:150} INFO - [2024-02-16T20:12:47.204+0000] {dag.py:3504} INFO - Setting next_dagrun for example_bash_operator to 2024-02-15T00:00:00+00:00, run_after=2024-02-16T00:00:00+00:00
[2024-02-16T20:12:47.250+0000] {processor.py:179} INFO - Processing /usr/local/python/3.10.13/lib/python3.10/site-packages/airflow/example_dags/example_bash_operator.py took 0.093 seconds
[2024-02-16T20:13:36.732+0000] {processor.py:157} INFO - Started process (PID=22278) to work on /usr/local/python/3.10.13/lib/python3.10/site-packages/airflow/example_dags/example_bash_operator.py
[2024-02-16T20:13:36.733+0000] {processor.py:826} INFO - Processing file /usr/local/python/3.10.13/lib/python3.10/site-packages/airflow/example_dags/example_bash_operator.py for tasks to queue
[2024-02-16T20:13:36.734+0000] {logging_mixin.py:150} INFO - [2024-02-16T20:13:36.734+0000] {dagbag.py:541} INFO - Filling up the DagBag from /usr/local/python/3.10.13/lib/python3.10/site-packages/airflow/example_dags/example_bash_operator.py
[2024-02-16T20:13:36.743+0000] {processor.py:836} INFO - DAG(s) dict_keys(['example_bash_operator']) retrieved from /usr/local/python/3.10.13/lib/python3.10/site-packages/airflow/example_dags/example_bash_operator.py
[2024-02-16T20:13:36.764+0000] {logging_mixin.py:150} INFO - [2024-02-16T20:13:36.764+0000] {dag.py:2742} INFO - Sync 1 DAGs
[2024-02-16T20:13:36.781+0000] {logging_mixin.py:150} INFO - [2024-02-16T20:13:36.781+0000] {dag.py:3504} INFO - Setting next_dagrun for example_bash_operator to 2024-02-15T00:00:00+00:00, run_after=2024-02-16T00:00:00+00:00
[2024-02-16T20:13:36.827+0000] {processor.py:179} INFO - Processing /usr/local/python/3.10.13/lib/python3.10/site-packages/airflow/example_dags/example_bash_operator.py took 0.097 seconds
[2024-02-16T20:14:33.896+0000] {processor.py:157} INFO - Started process (PID=22696) to work on /usr/local/python/3.10.13/lib/python3.10/site-packages/airflow/example_dags/example_bash_operator.py
[2024-02-16T20:14:33.896+0000] {processor.py:826} INFO - Processing file /usr/local/python/3.10.13/lib/python3.10/site-packages/airflow/example_dags/example_bash_operator.py for tasks to queue
[2024-02-16T20:14:33.897+0000] {logging_mixin.py:150} INFO - [2024-02-16T20:14:33.897+0000] {dagbag.py:541} INFO - Filling up the DagBag from /usr/local/python/3.10.13/lib/python3.10/site-packages/airflow/example_dags/example_bash_operator.py
[2024-02-16T20:14:33.905+0000] {processor.py:836} INFO - DAG(s) dict_keys(['example_bash_operator']) retrieved from /usr/local/python/3.10.13/lib/python3.10/site-packages/airflow/example_dags/example_bash_operator.py
[2024-02-16T20:14:33.926+0000] {logging_mixin.py:150} INFO - [2024-02-16T20:14:33.926+0000] {dag.py:2742} INFO - Sync 1 DAGs
[2024-02-16T20:14:33.942+0000] {logging_mixin.py:150} INFO - [2024-02-16T20:14:33.942+0000] {dag.py:3504} INFO - Setting next_dagrun for example_bash_operator to 2024-02-15T00:00:00+00:00, run_after=2024-02-16T00:00:00+00:00
[2024-02-16T20:14:33.987+0000] {processor.py:179} INFO - Processing /usr/local/python/3.10.13/lib/python3.10/site-packages/airflow/example_dags/example_bash_operator.py took 0.094 seconds
[2024-02-16T20:15:25.616+0000] {processor.py:157} INFO - Started process (PID=23085) to work on /usr/local/python/3.10.13/lib/python3.10/site-packages/airflow/example_dags/example_bash_operator.py
[2024-02-16T20:15:25.617+0000] {processor.py:826} INFO - Processing file /usr/local/python/3.10.13/lib/python3.10/site-packages/airflow/example_dags/example_bash_operator.py for tasks to queue
[2024-02-16T20:15:25.617+0000] {logging_mixin.py:150} INFO - [2024-02-16T20:15:25.617+0000] {dagbag.py:541} INFO - Filling up the DagBag from /usr/local/python/3.10.13/lib/python3.10/site-packages/airflow/example_dags/example_bash_operator.py
[2024-02-16T20:15:25.626+0000] {processor.py:836} INFO - DAG(s) dict_keys(['example_bash_operator']) retrieved from /usr/local/python/3.10.13/lib/python3.10/site-packages/airflow/example_dags/example_bash_operator.py
[2024-02-16T20:15:25.645+0000] {logging_mixin.py:150} INFO - [2024-02-16T20:15:25.644+0000] {dag.py:2742} INFO - Sync 1 DAGs
[2024-02-16T20:15:25.661+0000] {logging_mixin.py:150} INFO - [2024-02-16T20:15:25.661+0000] {dag.py:3504} INFO - Setting next_dagrun for example_bash_operator to 2024-02-15T00:00:00+00:00, run_after=2024-02-16T00:00:00+00:00
[2024-02-16T20:15:25.707+0000] {processor.py:179} INFO - Processing /usr/local/python/3.10.13/lib/python3.10/site-packages/airflow/example_dags/example_bash_operator.py took 0.094 seconds
[2024-02-16T20:16:17.645+0000] {processor.py:157} INFO - Started process (PID=23468) to work on /usr/local/python/3.10.13/lib/python3.10/site-packages/airflow/example_dags/example_bash_operator.py
[2024-02-16T20:16:17.645+0000] {processor.py:826} INFO - Processing file /usr/local/python/3.10.13/lib/python3.10/site-packages/airflow/example_dags/example_bash_operator.py for tasks to queue
[2024-02-16T20:16:17.646+0000] {logging_mixin.py:150} INFO - [2024-02-16T20:16:17.646+0000] {dagbag.py:541} INFO - Filling up the DagBag from /usr/local/python/3.10.13/lib/python3.10/site-packages/airflow/example_dags/example_bash_operator.py
[2024-02-16T20:16:17.657+0000] {processor.py:836} INFO - DAG(s) dict_keys(['example_bash_operator']) retrieved from /usr/local/python/3.10.13/lib/python3.10/site-packages/airflow/example_dags/example_bash_operator.py
[2024-02-16T20:16:17.676+0000] {logging_mixin.py:150} INFO - [2024-02-16T20:16:17.676+0000] {dag.py:2742} INFO - Sync 1 DAGs
[2024-02-16T20:16:17.693+0000] {logging_mixin.py:150} INFO - [2024-02-16T20:16:17.693+0000] {dag.py:3504} INFO - Setting next_dagrun for example_bash_operator to 2024-02-15T00:00:00+00:00, run_after=2024-02-16T00:00:00+00:00
[2024-02-16T20:16:17.744+0000] {processor.py:179} INFO - Processing /usr/local/python/3.10.13/lib/python3.10/site-packages/airflow/example_dags/example_bash_operator.py took 0.101 seconds
[2024-02-16T20:17:11.974+0000] {processor.py:157} INFO - Started process (PID=23884) to work on /usr/local/python/3.10.13/lib/python3.10/site-packages/airflow/example_dags/example_bash_operator.py
[2024-02-16T20:17:11.975+0000] {processor.py:826} INFO - Processing file /usr/local/python/3.10.13/lib/python3.10/site-packages/airflow/example_dags/example_bash_operator.py for tasks to queue
[2024-02-16T20:17:11.976+0000] {logging_mixin.py:150} INFO - [2024-02-16T20:17:11.976+0000] {dagbag.py:541} INFO - Filling up the DagBag from /usr/local/python/3.10.13/lib/python3.10/site-packages/airflow/example_dags/example_bash_operator.py
[2024-02-16T20:17:11.989+0000] {processor.py:836} INFO - DAG(s) dict_keys(['example_bash_operator']) retrieved from /usr/local/python/3.10.13/lib/python3.10/site-packages/airflow/example_dags/example_bash_operator.py
[2024-02-16T20:17:12.007+0000] {logging_mixin.py:150} INFO - [2024-02-16T20:17:12.007+0000] {dag.py:2742} INFO - Sync 1 DAGs
[2024-02-16T20:17:12.023+0000] {logging_mixin.py:150} INFO - [2024-02-16T20:17:12.023+0000] {dag.py:3504} INFO - Setting next_dagrun for example_bash_operator to 2024-02-15T00:00:00+00:00, run_after=2024-02-16T00:00:00+00:00
[2024-02-16T20:17:12.067+0000] {processor.py:179} INFO - Processing /usr/local/python/3.10.13/lib/python3.10/site-packages/airflow/example_dags/example_bash_operator.py took 0.096 seconds
[2024-02-16T20:18:03.794+0000] {processor.py:157} INFO - Started process (PID=24270) to work on /usr/local/python/3.10.13/lib/python3.10/site-packages/airflow/example_dags/example_bash_operator.py
[2024-02-16T20:18:03.795+0000] {processor.py:826} INFO - Processing file /usr/local/python/3.10.13/lib/python3.10/site-packages/airflow/example_dags/example_bash_operator.py for tasks to queue
[2024-02-16T20:18:03.795+0000] {logging_mixin.py:150} INFO - [2024-02-16T20:18:03.795+0000] {dagbag.py:541} INFO - Filling up the DagBag from /usr/local/python/3.10.13/lib/python3.10/site-packages/airflow/example_dags/example_bash_operator.py
[2024-02-16T20:18:03.804+0000] {processor.py:836} INFO - DAG(s) dict_keys(['example_bash_operator']) retrieved from /usr/local/python/3.10.13/lib/python3.10/site-packages/airflow/example_dags/example_bash_operator.py
[2024-02-16T20:18:03.823+0000] {logging_mixin.py:150} INFO - [2024-02-16T20:18:03.823+0000] {dag.py:2742} INFO - Sync 1 DAGs
[2024-02-16T20:18:03.839+0000] {logging_mixin.py:150} INFO - [2024-02-16T20:18:03.839+0000] {dag.py:3504} INFO - Setting next_dagrun for example_bash_operator to 2024-02-15T00:00:00+00:00, run_after=2024-02-16T00:00:00+00:00
[2024-02-16T20:18:03.886+0000] {processor.py:179} INFO - Processing /usr/local/python/3.10.13/lib/python3.10/site-packages/airflow/example_dags/example_bash_operator.py took 0.094 seconds
[2024-02-16T20:18:57.914+0000] {processor.py:157} INFO - Started process (PID=24670) to work on /usr/local/python/3.10.13/lib/python3.10/site-packages/airflow/example_dags/example_bash_operator.py
[2024-02-16T20:18:57.914+0000] {processor.py:826} INFO - Processing file /usr/local/python/3.10.13/lib/python3.10/site-packages/airflow/example_dags/example_bash_operator.py for tasks to queue
[2024-02-16T20:18:57.915+0000] {logging_mixin.py:150} INFO - [2024-02-16T20:18:57.915+0000] {dagbag.py:541} INFO - Filling up the DagBag from /usr/local/python/3.10.13/lib/python3.10/site-packages/airflow/example_dags/example_bash_operator.py
[2024-02-16T20:18:57.923+0000] {processor.py:836} INFO - DAG(s) dict_keys(['example_bash_operator']) retrieved from /usr/local/python/3.10.13/lib/python3.10/site-packages/airflow/example_dags/example_bash_operator.py
[2024-02-16T20:18:57.941+0000] {logging_mixin.py:150} INFO - [2024-02-16T20:18:57.941+0000] {dag.py:2742} INFO - Sync 1 DAGs
[2024-02-16T20:18:57.957+0000] {logging_mixin.py:150} INFO - [2024-02-16T20:18:57.957+0000] {dag.py:3504} INFO - Setting next_dagrun for example_bash_operator to 2024-02-15T00:00:00+00:00, run_after=2024-02-16T00:00:00+00:00
[2024-02-16T20:18:58.007+0000] {processor.py:179} INFO - Processing /usr/local/python/3.10.13/lib/python3.10/site-packages/airflow/example_dags/example_bash_operator.py took 0.095 seconds
[2024-02-16T20:19:49.454+0000] {processor.py:157} INFO - Started process (PID=25050) to work on /usr/local/python/3.10.13/lib/python3.10/site-packages/airflow/example_dags/example_bash_operator.py
[2024-02-16T20:19:49.455+0000] {processor.py:826} INFO - Processing file /usr/local/python/3.10.13/lib/python3.10/site-packages/airflow/example_dags/example_bash_operator.py for tasks to queue
[2024-02-16T20:19:49.456+0000] {logging_mixin.py:150} INFO - [2024-02-16T20:19:49.455+0000] {dagbag.py:541} INFO - Filling up the DagBag from /usr/local/python/3.10.13/lib/python3.10/site-packages/airflow/example_dags/example_bash_operator.py
[2024-02-16T20:19:49.464+0000] {processor.py:836} INFO - DAG(s) dict_keys(['example_bash_operator']) retrieved from /usr/local/python/3.10.13/lib/python3.10/site-packages/airflow/example_dags/example_bash_operator.py
[2024-02-16T20:19:49.483+0000] {logging_mixin.py:150} INFO - [2024-02-16T20:19:49.482+0000] {dag.py:2742} INFO - Sync 1 DAGs
[2024-02-16T20:19:49.500+0000] {logging_mixin.py:150} INFO - [2024-02-16T20:19:49.500+0000] {dag.py:3504} INFO - Setting next_dagrun for example_bash_operator to 2024-02-15T00:00:00+00:00, run_after=2024-02-16T00:00:00+00:00
[2024-02-16T20:19:49.549+0000] {processor.py:179} INFO - Processing /usr/local/python/3.10.13/lib/python3.10/site-packages/airflow/example_dags/example_bash_operator.py took 0.097 seconds
[2024-02-16T20:20:44.274+0000] {processor.py:157} INFO - Started process (PID=25467) to work on /usr/local/python/3.10.13/lib/python3.10/site-packages/airflow/example_dags/example_bash_operator.py
[2024-02-16T20:20:44.275+0000] {processor.py:826} INFO - Processing file /usr/local/python/3.10.13/lib/python3.10/site-packages/airflow/example_dags/example_bash_operator.py for tasks to queue
[2024-02-16T20:20:44.276+0000] {logging_mixin.py:150} INFO - [2024-02-16T20:20:44.275+0000] {dagbag.py:541} INFO - Filling up the DagBag from /usr/local/python/3.10.13/lib/python3.10/site-packages/airflow/example_dags/example_bash_operator.py
[2024-02-16T20:20:44.284+0000] {processor.py:836} INFO - DAG(s) dict_keys(['example_bash_operator']) retrieved from /usr/local/python/3.10.13/lib/python3.10/site-packages/airflow/example_dags/example_bash_operator.py
[2024-02-16T20:20:44.303+0000] {logging_mixin.py:150} INFO - [2024-02-16T20:20:44.303+0000] {dag.py:2742} INFO - Sync 1 DAGs
[2024-02-16T20:20:44.320+0000] {logging_mixin.py:150} INFO - [2024-02-16T20:20:44.319+0000] {dag.py:3504} INFO - Setting next_dagrun for example_bash_operator to 2024-02-15T00:00:00+00:00, run_after=2024-02-16T00:00:00+00:00
[2024-02-16T20:20:44.368+0000] {processor.py:179} INFO - Processing /usr/local/python/3.10.13/lib/python3.10/site-packages/airflow/example_dags/example_bash_operator.py took 0.096 seconds
[2024-02-16T20:21:37.184+0000] {processor.py:157} INFO - Started process (PID=25862) to work on /usr/local/python/3.10.13/lib/python3.10/site-packages/airflow/example_dags/example_bash_operator.py
[2024-02-16T20:21:37.185+0000] {processor.py:826} INFO - Processing file /usr/local/python/3.10.13/lib/python3.10/site-packages/airflow/example_dags/example_bash_operator.py for tasks to queue
[2024-02-16T20:21:37.186+0000] {logging_mixin.py:150} INFO - [2024-02-16T20:21:37.185+0000] {dagbag.py:541} INFO - Filling up the DagBag from /usr/local/python/3.10.13/lib/python3.10/site-packages/airflow/example_dags/example_bash_operator.py
[2024-02-16T20:21:37.196+0000] {processor.py:836} INFO - DAG(s) dict_keys(['example_bash_operator']) retrieved from /usr/local/python/3.10.13/lib/python3.10/site-packages/airflow/example_dags/example_bash_operator.py
[2024-02-16T20:21:37.218+0000] {logging_mixin.py:150} INFO - [2024-02-16T20:21:37.218+0000] {dag.py:2742} INFO - Sync 1 DAGs
[2024-02-16T20:21:37.243+0000] {logging_mixin.py:150} INFO - [2024-02-16T20:21:37.242+0000] {dag.py:3504} INFO - Setting next_dagrun for example_bash_operator to 2024-02-15T00:00:00+00:00, run_after=2024-02-16T00:00:00+00:00
[2024-02-16T20:21:37.299+0000] {processor.py:179} INFO - Processing /usr/local/python/3.10.13/lib/python3.10/site-packages/airflow/example_dags/example_bash_operator.py took 0.118 seconds
[2024-02-16T20:22:33.893+0000] {processor.py:157} INFO - Started process (PID=26283) to work on /usr/local/python/3.10.13/lib/python3.10/site-packages/airflow/example_dags/example_bash_operator.py
[2024-02-16T20:22:33.894+0000] {processor.py:826} INFO - Processing file /usr/local/python/3.10.13/lib/python3.10/site-packages/airflow/example_dags/example_bash_operator.py for tasks to queue
[2024-02-16T20:22:33.894+0000] {logging_mixin.py:150} INFO - [2024-02-16T20:22:33.894+0000] {dagbag.py:541} INFO - Filling up the DagBag from /usr/local/python/3.10.13/lib/python3.10/site-packages/airflow/example_dags/example_bash_operator.py
[2024-02-16T20:22:33.902+0000] {processor.py:836} INFO - DAG(s) dict_keys(['example_bash_operator']) retrieved from /usr/local/python/3.10.13/lib/python3.10/site-packages/airflow/example_dags/example_bash_operator.py
[2024-02-16T20:22:33.923+0000] {logging_mixin.py:150} INFO - [2024-02-16T20:22:33.923+0000] {dag.py:2742} INFO - Sync 1 DAGs
[2024-02-16T20:22:33.940+0000] {logging_mixin.py:150} INFO - [2024-02-16T20:22:33.939+0000] {dag.py:3504} INFO - Setting next_dagrun for example_bash_operator to 2024-02-15T00:00:00+00:00, run_after=2024-02-16T00:00:00+00:00
[2024-02-16T20:22:33.986+0000] {processor.py:179} INFO - Processing /usr/local/python/3.10.13/lib/python3.10/site-packages/airflow/example_dags/example_bash_operator.py took 0.096 seconds
[2024-02-16T20:23:25.431+0000] {processor.py:157} INFO - Started process (PID=26663) to work on /usr/local/python/3.10.13/lib/python3.10/site-packages/airflow/example_dags/example_bash_operator.py
[2024-02-16T20:23:25.431+0000] {processor.py:826} INFO - Processing file /usr/local/python/3.10.13/lib/python3.10/site-packages/airflow/example_dags/example_bash_operator.py for tasks to queue
[2024-02-16T20:23:25.432+0000] {logging_mixin.py:150} INFO - [2024-02-16T20:23:25.432+0000] {dagbag.py:541} INFO - Filling up the DagBag from /usr/local/python/3.10.13/lib/python3.10/site-packages/airflow/example_dags/example_bash_operator.py
[2024-02-16T20:23:25.441+0000] {processor.py:836} INFO - DAG(s) dict_keys(['example_bash_operator']) retrieved from /usr/local/python/3.10.13/lib/python3.10/site-packages/airflow/example_dags/example_bash_operator.py
[2024-02-16T20:23:25.460+0000] {logging_mixin.py:150} INFO - [2024-02-16T20:23:25.460+0000] {dag.py:2742} INFO - Sync 1 DAGs
[2024-02-16T20:23:25.476+0000] {logging_mixin.py:150} INFO - [2024-02-16T20:23:25.476+0000] {dag.py:3504} INFO - Setting next_dagrun for example_bash_operator to 2024-02-15T00:00:00+00:00, run_after=2024-02-16T00:00:00+00:00
[2024-02-16T20:23:25.533+0000] {processor.py:179} INFO - Processing /usr/local/python/3.10.13/lib/python3.10/site-packages/airflow/example_dags/example_bash_operator.py took 0.105 seconds
[2024-02-16T20:24:21.708+0000] {processor.py:157} INFO - Started process (PID=27139) to work on /usr/local/python/3.10.13/lib/python3.10/site-packages/airflow/example_dags/example_bash_operator.py
[2024-02-16T20:24:21.709+0000] {processor.py:826} INFO - Processing file /usr/local/python/3.10.13/lib/python3.10/site-packages/airflow/example_dags/example_bash_operator.py for tasks to queue
[2024-02-16T20:24:21.710+0000] {logging_mixin.py:150} INFO - [2024-02-16T20:24:21.709+0000] {dagbag.py:541} INFO - Filling up the DagBag from /usr/local/python/3.10.13/lib/python3.10/site-packages/airflow/example_dags/example_bash_operator.py
[2024-02-16T20:24:21.720+0000] {processor.py:836} INFO - DAG(s) dict_keys(['example_bash_operator']) retrieved from /usr/local/python/3.10.13/lib/python3.10/site-packages/airflow/example_dags/example_bash_operator.py
[2024-02-16T20:24:21.746+0000] {logging_mixin.py:150} INFO - [2024-02-16T20:24:21.746+0000] {dag.py:2742} INFO - Sync 1 DAGs
[2024-02-16T20:24:21.763+0000] {logging_mixin.py:150} INFO - [2024-02-16T20:24:21.762+0000] {dag.py:3504} INFO - Setting next_dagrun for example_bash_operator to 2024-02-15T00:00:00+00:00, run_after=2024-02-16T00:00:00+00:00
[2024-02-16T20:24:21.815+0000] {processor.py:179} INFO - Processing /usr/local/python/3.10.13/lib/python3.10/site-packages/airflow/example_dags/example_bash_operator.py took 0.109 seconds
