[2024-02-16T20:09:39.782+0000] {processor.py:157} INFO - Started process (PID=20285) to work on /usr/local/python/3.10.13/lib/python3.10/site-packages/airflow/example_dags/example_complex.py
[2024-02-16T20:09:39.783+0000] {processor.py:826} INFO - Processing file /usr/local/python/3.10.13/lib/python3.10/site-packages/airflow/example_dags/example_complex.py for tasks to queue
[2024-02-16T20:09:39.784+0000] {logging_mixin.py:150} INFO - [2024-02-16T20:09:39.783+0000] {dagbag.py:541} INFO - Filling up the DagBag from /usr/local/python/3.10.13/lib/python3.10/site-packages/airflow/example_dags/example_complex.py
[2024-02-16T20:09:39.792+0000] {processor.py:836} INFO - DAG(s) dict_keys(['example_complex']) retrieved from /usr/local/python/3.10.13/lib/python3.10/site-packages/airflow/example_dags/example_complex.py
[2024-02-16T20:09:39.953+0000] {logging_mixin.py:150} INFO - [2024-02-16T20:09:39.953+0000] {manager.py:504} INFO - Created Permission View: can read on DAG:example_complex
[2024-02-16T20:09:39.991+0000] {logging_mixin.py:150} INFO - [2024-02-16T20:09:39.991+0000] {manager.py:504} INFO - Created Permission View: can edit on DAG:example_complex
[2024-02-16T20:09:40.026+0000] {logging_mixin.py:150} INFO - [2024-02-16T20:09:40.026+0000] {manager.py:504} INFO - Created Permission View: can delete on DAG:example_complex
[2024-02-16T20:09:40.035+0000] {logging_mixin.py:150} INFO - [2024-02-16T20:09:40.035+0000] {dag.py:2742} INFO - Sync 1 DAGs
[2024-02-16T20:09:40.043+0000] {logging_mixin.py:150} INFO - [2024-02-16T20:09:40.043+0000] {dag.py:2763} INFO - Creating ORM DAG for example_complex
[2024-02-16T20:09:40.050+0000] {logging_mixin.py:150} INFO - [2024-02-16T20:09:40.050+0000] {dag.py:3504} INFO - Setting next_dagrun for example_complex to None, run_after=None
[2024-02-16T20:09:40.116+0000] {processor.py:179} INFO - Processing /usr/local/python/3.10.13/lib/python3.10/site-packages/airflow/example_dags/example_complex.py took 0.336 seconds
[2024-02-16T20:10:30.769+0000] {processor.py:157} INFO - Started process (PID=20736) to work on /usr/local/python/3.10.13/lib/python3.10/site-packages/airflow/example_dags/example_complex.py
[2024-02-16T20:10:30.770+0000] {processor.py:826} INFO - Processing file /usr/local/python/3.10.13/lib/python3.10/site-packages/airflow/example_dags/example_complex.py for tasks to queue
[2024-02-16T20:10:30.771+0000] {logging_mixin.py:150} INFO - [2024-02-16T20:10:30.771+0000] {dagbag.py:541} INFO - Filling up the DagBag from /usr/local/python/3.10.13/lib/python3.10/site-packages/airflow/example_dags/example_complex.py
[2024-02-16T20:10:30.792+0000] {processor.py:836} INFO - DAG(s) dict_keys(['example_complex']) retrieved from /usr/local/python/3.10.13/lib/python3.10/site-packages/airflow/example_dags/example_complex.py
[2024-02-16T20:10:30.864+0000] {logging_mixin.py:150} INFO - [2024-02-16T20:10:30.864+0000] {dag.py:2742} INFO - Sync 1 DAGs
[2024-02-16T20:10:30.905+0000] {logging_mixin.py:150} INFO - [2024-02-16T20:10:30.905+0000] {dag.py:3504} INFO - Setting next_dagrun for example_complex to None, run_after=None
[2024-02-16T20:10:30.962+0000] {processor.py:179} INFO - Processing /usr/local/python/3.10.13/lib/python3.10/site-packages/airflow/example_dags/example_complex.py took 0.196 seconds
[2024-02-16T20:11:46.219+0000] {processor.py:157} INFO - Started process (PID=21460) to work on /usr/local/python/3.10.13/lib/python3.10/site-packages/airflow/example_dags/example_complex.py
[2024-02-16T20:11:46.220+0000] {processor.py:826} INFO - Processing file /usr/local/python/3.10.13/lib/python3.10/site-packages/airflow/example_dags/example_complex.py for tasks to queue
[2024-02-16T20:11:46.220+0000] {logging_mixin.py:150} INFO - [2024-02-16T20:11:46.220+0000] {dagbag.py:541} INFO - Filling up the DagBag from /usr/local/python/3.10.13/lib/python3.10/site-packages/airflow/example_dags/example_complex.py
[2024-02-16T20:11:46.229+0000] {processor.py:836} INFO - DAG(s) dict_keys(['example_complex']) retrieved from /usr/local/python/3.10.13/lib/python3.10/site-packages/airflow/example_dags/example_complex.py
[2024-02-16T20:11:46.250+0000] {logging_mixin.py:150} INFO - [2024-02-16T20:11:46.250+0000] {dag.py:2742} INFO - Sync 1 DAGs
[2024-02-16T20:11:46.265+0000] {logging_mixin.py:150} INFO - [2024-02-16T20:11:46.265+0000] {dag.py:3504} INFO - Setting next_dagrun for example_complex to None, run_after=None
[2024-02-16T20:11:46.317+0000] {processor.py:179} INFO - Processing /usr/local/python/3.10.13/lib/python3.10/site-packages/airflow/example_dags/example_complex.py took 0.100 seconds
[2024-02-16T20:12:38.935+0000] {processor.py:157} INFO - Started process (PID=21836) to work on /usr/local/python/3.10.13/lib/python3.10/site-packages/airflow/example_dags/example_complex.py
[2024-02-16T20:12:38.936+0000] {processor.py:826} INFO - Processing file /usr/local/python/3.10.13/lib/python3.10/site-packages/airflow/example_dags/example_complex.py for tasks to queue
[2024-02-16T20:12:38.937+0000] {logging_mixin.py:150} INFO - [2024-02-16T20:12:38.936+0000] {dagbag.py:541} INFO - Filling up the DagBag from /usr/local/python/3.10.13/lib/python3.10/site-packages/airflow/example_dags/example_complex.py
[2024-02-16T20:12:38.945+0000] {processor.py:836} INFO - DAG(s) dict_keys(['example_complex']) retrieved from /usr/local/python/3.10.13/lib/python3.10/site-packages/airflow/example_dags/example_complex.py
[2024-02-16T20:12:38.965+0000] {logging_mixin.py:150} INFO - [2024-02-16T20:12:38.965+0000] {dag.py:2742} INFO - Sync 1 DAGs
[2024-02-16T20:12:38.980+0000] {logging_mixin.py:150} INFO - [2024-02-16T20:12:38.980+0000] {dag.py:3504} INFO - Setting next_dagrun for example_complex to None, run_after=None
[2024-02-16T20:12:39.028+0000] {processor.py:179} INFO - Processing /usr/local/python/3.10.13/lib/python3.10/site-packages/airflow/example_dags/example_complex.py took 0.095 seconds
[2024-02-16T20:13:28.380+0000] {processor.py:157} INFO - Started process (PID=22208) to work on /usr/local/python/3.10.13/lib/python3.10/site-packages/airflow/example_dags/example_complex.py
[2024-02-16T20:13:28.380+0000] {processor.py:826} INFO - Processing file /usr/local/python/3.10.13/lib/python3.10/site-packages/airflow/example_dags/example_complex.py for tasks to queue
[2024-02-16T20:13:28.381+0000] {logging_mixin.py:150} INFO - [2024-02-16T20:13:28.381+0000] {dagbag.py:541} INFO - Filling up the DagBag from /usr/local/python/3.10.13/lib/python3.10/site-packages/airflow/example_dags/example_complex.py
[2024-02-16T20:13:28.390+0000] {processor.py:836} INFO - DAG(s) dict_keys(['example_complex']) retrieved from /usr/local/python/3.10.13/lib/python3.10/site-packages/airflow/example_dags/example_complex.py
[2024-02-16T20:13:28.409+0000] {logging_mixin.py:150} INFO - [2024-02-16T20:13:28.409+0000] {dag.py:2742} INFO - Sync 1 DAGs
[2024-02-16T20:13:28.424+0000] {logging_mixin.py:150} INFO - [2024-02-16T20:13:28.424+0000] {dag.py:3504} INFO - Setting next_dagrun for example_complex to None, run_after=None
[2024-02-16T20:13:28.479+0000] {processor.py:179} INFO - Processing /usr/local/python/3.10.13/lib/python3.10/site-packages/airflow/example_dags/example_complex.py took 0.102 seconds
[2024-02-16T20:14:16.357+0000] {processor.py:157} INFO - Started process (PID=22555) to work on /usr/local/python/3.10.13/lib/python3.10/site-packages/airflow/example_dags/example_complex.py
[2024-02-16T20:14:16.357+0000] {processor.py:826} INFO - Processing file /usr/local/python/3.10.13/lib/python3.10/site-packages/airflow/example_dags/example_complex.py for tasks to queue
[2024-02-16T20:14:16.358+0000] {logging_mixin.py:150} INFO - [2024-02-16T20:14:16.358+0000] {dagbag.py:541} INFO - Filling up the DagBag from /usr/local/python/3.10.13/lib/python3.10/site-packages/airflow/example_dags/example_complex.py
[2024-02-16T20:14:16.366+0000] {processor.py:836} INFO - DAG(s) dict_keys(['example_complex']) retrieved from /usr/local/python/3.10.13/lib/python3.10/site-packages/airflow/example_dags/example_complex.py
[2024-02-16T20:14:16.387+0000] {logging_mixin.py:150} INFO - [2024-02-16T20:14:16.387+0000] {dag.py:2742} INFO - Sync 1 DAGs
[2024-02-16T20:14:16.402+0000] {logging_mixin.py:150} INFO - [2024-02-16T20:14:16.402+0000] {dag.py:3504} INFO - Setting next_dagrun for example_complex to None, run_after=None
[2024-02-16T20:14:16.449+0000] {processor.py:179} INFO - Processing /usr/local/python/3.10.13/lib/python3.10/site-packages/airflow/example_dags/example_complex.py took 0.094 seconds
[2024-02-16T20:15:10.091+0000] {processor.py:157} INFO - Started process (PID=22975) to work on /usr/local/python/3.10.13/lib/python3.10/site-packages/airflow/example_dags/example_complex.py
[2024-02-16T20:15:10.092+0000] {processor.py:826} INFO - Processing file /usr/local/python/3.10.13/lib/python3.10/site-packages/airflow/example_dags/example_complex.py for tasks to queue
[2024-02-16T20:15:10.092+0000] {logging_mixin.py:150} INFO - [2024-02-16T20:15:10.092+0000] {dagbag.py:541} INFO - Filling up the DagBag from /usr/local/python/3.10.13/lib/python3.10/site-packages/airflow/example_dags/example_complex.py
[2024-02-16T20:15:10.101+0000] {processor.py:836} INFO - DAG(s) dict_keys(['example_complex']) retrieved from /usr/local/python/3.10.13/lib/python3.10/site-packages/airflow/example_dags/example_complex.py
[2024-02-16T20:15:10.121+0000] {logging_mixin.py:150} INFO - [2024-02-16T20:15:10.121+0000] {dag.py:2742} INFO - Sync 1 DAGs
[2024-02-16T20:15:10.135+0000] {logging_mixin.py:150} INFO - [2024-02-16T20:15:10.135+0000] {dag.py:3504} INFO - Setting next_dagrun for example_complex to None, run_after=None
[2024-02-16T20:15:10.184+0000] {processor.py:179} INFO - Processing /usr/local/python/3.10.13/lib/python3.10/site-packages/airflow/example_dags/example_complex.py took 0.096 seconds
[2024-02-16T20:16:00.780+0000] {processor.py:157} INFO - Started process (PID=23356) to work on /usr/local/python/3.10.13/lib/python3.10/site-packages/airflow/example_dags/example_complex.py
[2024-02-16T20:16:00.781+0000] {processor.py:826} INFO - Processing file /usr/local/python/3.10.13/lib/python3.10/site-packages/airflow/example_dags/example_complex.py for tasks to queue
[2024-02-16T20:16:00.781+0000] {logging_mixin.py:150} INFO - [2024-02-16T20:16:00.781+0000] {dagbag.py:541} INFO - Filling up the DagBag from /usr/local/python/3.10.13/lib/python3.10/site-packages/airflow/example_dags/example_complex.py
[2024-02-16T20:16:00.790+0000] {processor.py:836} INFO - DAG(s) dict_keys(['example_complex']) retrieved from /usr/local/python/3.10.13/lib/python3.10/site-packages/airflow/example_dags/example_complex.py
[2024-02-16T20:16:00.810+0000] {logging_mixin.py:150} INFO - [2024-02-16T20:16:00.810+0000] {dag.py:2742} INFO - Sync 1 DAGs
[2024-02-16T20:16:00.825+0000] {logging_mixin.py:150} INFO - [2024-02-16T20:16:00.825+0000] {dag.py:3504} INFO - Setting next_dagrun for example_complex to None, run_after=None
[2024-02-16T20:16:00.870+0000] {processor.py:179} INFO - Processing /usr/local/python/3.10.13/lib/python3.10/site-packages/airflow/example_dags/example_complex.py took 0.092 seconds
[2024-02-16T20:16:55.050+0000] {processor.py:157} INFO - Started process (PID=23756) to work on /usr/local/python/3.10.13/lib/python3.10/site-packages/airflow/example_dags/example_complex.py
[2024-02-16T20:16:55.051+0000] {processor.py:826} INFO - Processing file /usr/local/python/3.10.13/lib/python3.10/site-packages/airflow/example_dags/example_complex.py for tasks to queue
[2024-02-16T20:16:55.051+0000] {logging_mixin.py:150} INFO - [2024-02-16T20:16:55.051+0000] {dagbag.py:541} INFO - Filling up the DagBag from /usr/local/python/3.10.13/lib/python3.10/site-packages/airflow/example_dags/example_complex.py
[2024-02-16T20:16:55.060+0000] {processor.py:836} INFO - DAG(s) dict_keys(['example_complex']) retrieved from /usr/local/python/3.10.13/lib/python3.10/site-packages/airflow/example_dags/example_complex.py
[2024-02-16T20:16:55.081+0000] {logging_mixin.py:150} INFO - [2024-02-16T20:16:55.081+0000] {dag.py:2742} INFO - Sync 1 DAGs
[2024-02-16T20:16:55.097+0000] {logging_mixin.py:150} INFO - [2024-02-16T20:16:55.096+0000] {dag.py:3504} INFO - Setting next_dagrun for example_complex to None, run_after=None
[2024-02-16T20:16:55.148+0000] {processor.py:179} INFO - Processing /usr/local/python/3.10.13/lib/python3.10/site-packages/airflow/example_dags/example_complex.py took 0.100 seconds
[2024-02-16T20:17:47.373+0000] {processor.py:157} INFO - Started process (PID=24143) to work on /usr/local/python/3.10.13/lib/python3.10/site-packages/airflow/example_dags/example_complex.py
[2024-02-16T20:17:47.374+0000] {processor.py:826} INFO - Processing file /usr/local/python/3.10.13/lib/python3.10/site-packages/airflow/example_dags/example_complex.py for tasks to queue
[2024-02-16T20:17:47.374+0000] {logging_mixin.py:150} INFO - [2024-02-16T20:17:47.374+0000] {dagbag.py:541} INFO - Filling up the DagBag from /usr/local/python/3.10.13/lib/python3.10/site-packages/airflow/example_dags/example_complex.py
[2024-02-16T20:17:47.384+0000] {processor.py:836} INFO - DAG(s) dict_keys(['example_complex']) retrieved from /usr/local/python/3.10.13/lib/python3.10/site-packages/airflow/example_dags/example_complex.py
[2024-02-16T20:17:47.404+0000] {logging_mixin.py:150} INFO - [2024-02-16T20:17:47.403+0000] {dag.py:2742} INFO - Sync 1 DAGs
[2024-02-16T20:17:47.418+0000] {logging_mixin.py:150} INFO - [2024-02-16T20:17:47.418+0000] {dag.py:3504} INFO - Setting next_dagrun for example_complex to None, run_after=None
[2024-02-16T20:17:47.472+0000] {processor.py:179} INFO - Processing /usr/local/python/3.10.13/lib/python3.10/site-packages/airflow/example_dags/example_complex.py took 0.102 seconds
[2024-02-16T20:18:41.439+0000] {processor.py:157} INFO - Started process (PID=24540) to work on /usr/local/python/3.10.13/lib/python3.10/site-packages/airflow/example_dags/example_complex.py
[2024-02-16T20:18:41.439+0000] {processor.py:826} INFO - Processing file /usr/local/python/3.10.13/lib/python3.10/site-packages/airflow/example_dags/example_complex.py for tasks to queue
[2024-02-16T20:18:41.440+0000] {logging_mixin.py:150} INFO - [2024-02-16T20:18:41.440+0000] {dagbag.py:541} INFO - Filling up the DagBag from /usr/local/python/3.10.13/lib/python3.10/site-packages/airflow/example_dags/example_complex.py
[2024-02-16T20:18:41.449+0000] {processor.py:836} INFO - DAG(s) dict_keys(['example_complex']) retrieved from /usr/local/python/3.10.13/lib/python3.10/site-packages/airflow/example_dags/example_complex.py
[2024-02-16T20:18:41.473+0000] {logging_mixin.py:150} INFO - [2024-02-16T20:18:41.472+0000] {dag.py:2742} INFO - Sync 1 DAGs
[2024-02-16T20:18:41.496+0000] {logging_mixin.py:150} INFO - [2024-02-16T20:18:41.496+0000] {dag.py:3504} INFO - Setting next_dagrun for example_complex to None, run_after=None
[2024-02-16T20:18:41.548+0000] {processor.py:179} INFO - Processing /usr/local/python/3.10.13/lib/python3.10/site-packages/airflow/example_dags/example_complex.py took 0.111 seconds
[2024-02-16T20:19:33.426+0000] {processor.py:157} INFO - Started process (PID=24939) to work on /usr/local/python/3.10.13/lib/python3.10/site-packages/airflow/example_dags/example_complex.py
[2024-02-16T20:19:33.427+0000] {processor.py:826} INFO - Processing file /usr/local/python/3.10.13/lib/python3.10/site-packages/airflow/example_dags/example_complex.py for tasks to queue
[2024-02-16T20:19:33.427+0000] {logging_mixin.py:150} INFO - [2024-02-16T20:19:33.427+0000] {dagbag.py:541} INFO - Filling up the DagBag from /usr/local/python/3.10.13/lib/python3.10/site-packages/airflow/example_dags/example_complex.py
[2024-02-16T20:19:33.436+0000] {processor.py:836} INFO - DAG(s) dict_keys(['example_complex']) retrieved from /usr/local/python/3.10.13/lib/python3.10/site-packages/airflow/example_dags/example_complex.py
[2024-02-16T20:19:33.456+0000] {logging_mixin.py:150} INFO - [2024-02-16T20:19:33.456+0000] {dag.py:2742} INFO - Sync 1 DAGs
[2024-02-16T20:19:33.471+0000] {logging_mixin.py:150} INFO - [2024-02-16T20:19:33.471+0000] {dag.py:3504} INFO - Setting next_dagrun for example_complex to None, run_after=None
[2024-02-16T20:19:33.524+0000] {processor.py:179} INFO - Processing /usr/local/python/3.10.13/lib/python3.10/site-packages/airflow/example_dags/example_complex.py took 0.100 seconds
[2024-02-16T20:20:27.471+0000] {processor.py:157} INFO - Started process (PID=25335) to work on /usr/local/python/3.10.13/lib/python3.10/site-packages/airflow/example_dags/example_complex.py
[2024-02-16T20:20:27.471+0000] {processor.py:826} INFO - Processing file /usr/local/python/3.10.13/lib/python3.10/site-packages/airflow/example_dags/example_complex.py for tasks to queue
[2024-02-16T20:20:27.472+0000] {logging_mixin.py:150} INFO - [2024-02-16T20:20:27.472+0000] {dagbag.py:541} INFO - Filling up the DagBag from /usr/local/python/3.10.13/lib/python3.10/site-packages/airflow/example_dags/example_complex.py
[2024-02-16T20:20:27.481+0000] {processor.py:836} INFO - DAG(s) dict_keys(['example_complex']) retrieved from /usr/local/python/3.10.13/lib/python3.10/site-packages/airflow/example_dags/example_complex.py
[2024-02-16T20:20:27.502+0000] {logging_mixin.py:150} INFO - [2024-02-16T20:20:27.502+0000] {dag.py:2742} INFO - Sync 1 DAGs
[2024-02-16T20:20:27.517+0000] {logging_mixin.py:150} INFO - [2024-02-16T20:20:27.517+0000] {dag.py:3504} INFO - Setting next_dagrun for example_complex to None, run_after=None
[2024-02-16T20:20:27.565+0000] {processor.py:179} INFO - Processing /usr/local/python/3.10.13/lib/python3.10/site-packages/airflow/example_dags/example_complex.py took 0.096 seconds
[2024-02-16T20:21:20.470+0000] {processor.py:157} INFO - Started process (PID=25732) to work on /usr/local/python/3.10.13/lib/python3.10/site-packages/airflow/example_dags/example_complex.py
[2024-02-16T20:21:20.471+0000] {processor.py:826} INFO - Processing file /usr/local/python/3.10.13/lib/python3.10/site-packages/airflow/example_dags/example_complex.py for tasks to queue
[2024-02-16T20:21:20.471+0000] {logging_mixin.py:150} INFO - [2024-02-16T20:21:20.471+0000] {dagbag.py:541} INFO - Filling up the DagBag from /usr/local/python/3.10.13/lib/python3.10/site-packages/airflow/example_dags/example_complex.py
[2024-02-16T20:21:20.480+0000] {processor.py:836} INFO - DAG(s) dict_keys(['example_complex']) retrieved from /usr/local/python/3.10.13/lib/python3.10/site-packages/airflow/example_dags/example_complex.py
[2024-02-16T20:21:20.500+0000] {logging_mixin.py:150} INFO - [2024-02-16T20:21:20.500+0000] {dag.py:2742} INFO - Sync 1 DAGs
[2024-02-16T20:21:20.516+0000] {logging_mixin.py:150} INFO - [2024-02-16T20:21:20.516+0000] {dag.py:3504} INFO - Setting next_dagrun for example_complex to None, run_after=None
[2024-02-16T20:21:20.562+0000] {processor.py:179} INFO - Processing /usr/local/python/3.10.13/lib/python3.10/site-packages/airflow/example_dags/example_complex.py took 0.094 seconds
[2024-02-16T20:22:15.940+0000] {processor.py:157} INFO - Started process (PID=26160) to work on /usr/local/python/3.10.13/lib/python3.10/site-packages/airflow/example_dags/example_complex.py
[2024-02-16T20:22:15.940+0000] {processor.py:826} INFO - Processing file /usr/local/python/3.10.13/lib/python3.10/site-packages/airflow/example_dags/example_complex.py for tasks to queue
[2024-02-16T20:22:15.941+0000] {logging_mixin.py:150} INFO - [2024-02-16T20:22:15.941+0000] {dagbag.py:541} INFO - Filling up the DagBag from /usr/local/python/3.10.13/lib/python3.10/site-packages/airflow/example_dags/example_complex.py
[2024-02-16T20:22:15.950+0000] {processor.py:836} INFO - DAG(s) dict_keys(['example_complex']) retrieved from /usr/local/python/3.10.13/lib/python3.10/site-packages/airflow/example_dags/example_complex.py
[2024-02-16T20:22:15.971+0000] {logging_mixin.py:150} INFO - [2024-02-16T20:22:15.971+0000] {dag.py:2742} INFO - Sync 1 DAGs
[2024-02-16T20:22:15.991+0000] {logging_mixin.py:150} INFO - [2024-02-16T20:22:15.990+0000] {dag.py:3504} INFO - Setting next_dagrun for example_complex to None, run_after=None
[2024-02-16T20:22:16.041+0000] {processor.py:179} INFO - Processing /usr/local/python/3.10.13/lib/python3.10/site-packages/airflow/example_dags/example_complex.py took 0.103 seconds
[2024-02-16T20:23:09.760+0000] {processor.py:157} INFO - Started process (PID=26561) to work on /usr/local/python/3.10.13/lib/python3.10/site-packages/airflow/example_dags/example_complex.py
[2024-02-16T20:23:09.761+0000] {processor.py:826} INFO - Processing file /usr/local/python/3.10.13/lib/python3.10/site-packages/airflow/example_dags/example_complex.py for tasks to queue
[2024-02-16T20:23:09.762+0000] {logging_mixin.py:150} INFO - [2024-02-16T20:23:09.761+0000] {dagbag.py:541} INFO - Filling up the DagBag from /usr/local/python/3.10.13/lib/python3.10/site-packages/airflow/example_dags/example_complex.py
[2024-02-16T20:23:09.770+0000] {processor.py:836} INFO - DAG(s) dict_keys(['example_complex']) retrieved from /usr/local/python/3.10.13/lib/python3.10/site-packages/airflow/example_dags/example_complex.py
[2024-02-16T20:23:09.792+0000] {logging_mixin.py:150} INFO - [2024-02-16T20:23:09.792+0000] {dag.py:2742} INFO - Sync 1 DAGs
[2024-02-16T20:23:09.807+0000] {logging_mixin.py:150} INFO - [2024-02-16T20:23:09.807+0000] {dag.py:3504} INFO - Setting next_dagrun for example_complex to None, run_after=None
[2024-02-16T20:23:09.853+0000] {processor.py:179} INFO - Processing /usr/local/python/3.10.13/lib/python3.10/site-packages/airflow/example_dags/example_complex.py took 0.095 seconds
[2024-02-16T20:24:02.594+0000] {processor.py:157} INFO - Started process (PID=26931) to work on /usr/local/python/3.10.13/lib/python3.10/site-packages/airflow/example_dags/example_complex.py
[2024-02-16T20:24:02.594+0000] {processor.py:826} INFO - Processing file /usr/local/python/3.10.13/lib/python3.10/site-packages/airflow/example_dags/example_complex.py for tasks to queue
[2024-02-16T20:24:02.595+0000] {logging_mixin.py:150} INFO - [2024-02-16T20:24:02.595+0000] {dagbag.py:541} INFO - Filling up the DagBag from /usr/local/python/3.10.13/lib/python3.10/site-packages/airflow/example_dags/example_complex.py
[2024-02-16T20:24:02.604+0000] {processor.py:836} INFO - DAG(s) dict_keys(['example_complex']) retrieved from /usr/local/python/3.10.13/lib/python3.10/site-packages/airflow/example_dags/example_complex.py
[2024-02-16T20:24:02.625+0000] {logging_mixin.py:150} INFO - [2024-02-16T20:24:02.625+0000] {dag.py:2742} INFO - Sync 1 DAGs
[2024-02-16T20:24:02.640+0000] {logging_mixin.py:150} INFO - [2024-02-16T20:24:02.640+0000] {dag.py:3504} INFO - Setting next_dagrun for example_complex to None, run_after=None
[2024-02-16T20:24:02.688+0000] {processor.py:179} INFO - Processing /usr/local/python/3.10.13/lib/python3.10/site-packages/airflow/example_dags/example_complex.py took 0.097 seconds
[2024-02-16T20:25:00.824+0000] {processor.py:157} INFO - Started process (PID=27567) to work on /usr/local/python/3.10.13/lib/python3.10/site-packages/airflow/example_dags/example_complex.py
[2024-02-16T20:25:00.825+0000] {processor.py:826} INFO - Processing file /usr/local/python/3.10.13/lib/python3.10/site-packages/airflow/example_dags/example_complex.py for tasks to queue
[2024-02-16T20:25:00.825+0000] {logging_mixin.py:150} INFO - [2024-02-16T20:25:00.825+0000] {dagbag.py:541} INFO - Filling up the DagBag from /usr/local/python/3.10.13/lib/python3.10/site-packages/airflow/example_dags/example_complex.py
[2024-02-16T20:25:00.838+0000] {processor.py:836} INFO - DAG(s) dict_keys(['example_complex']) retrieved from /usr/local/python/3.10.13/lib/python3.10/site-packages/airflow/example_dags/example_complex.py
[2024-02-16T20:25:00.873+0000] {logging_mixin.py:150} INFO - [2024-02-16T20:25:00.873+0000] {dag.py:2742} INFO - Sync 1 DAGs
[2024-02-16T20:25:00.899+0000] {logging_mixin.py:150} INFO - [2024-02-16T20:25:00.899+0000] {dag.py:3504} INFO - Setting next_dagrun for example_complex to None, run_after=None
[2024-02-16T20:25:00.963+0000] {processor.py:179} INFO - Processing /usr/local/python/3.10.13/lib/python3.10/site-packages/airflow/example_dags/example_complex.py took 0.142 seconds
