[2024-02-16T20:09:35.745+0000] {processor.py:157} INFO - Started process (PID=20240) to work on /usr/local/python/3.10.13/lib/python3.10/site-packages/airflow/example_dags/example_dynamic_task_mapping_with_no_taskflow_operators.py
[2024-02-16T20:09:35.745+0000] {processor.py:826} INFO - Processing file /usr/local/python/3.10.13/lib/python3.10/site-packages/airflow/example_dags/example_dynamic_task_mapping_with_no_taskflow_operators.py for tasks to queue
[2024-02-16T20:09:35.746+0000] {logging_mixin.py:150} INFO - [2024-02-16T20:09:35.746+0000] {dagbag.py:541} INFO - Filling up the DagBag from /usr/local/python/3.10.13/lib/python3.10/site-packages/airflow/example_dags/example_dynamic_task_mapping_with_no_taskflow_operators.py
[2024-02-16T20:09:35.752+0000] {processor.py:836} INFO - DAG(s) dict_keys(['example_dynamic_task_mapping_with_no_taskflow_operators']) retrieved from /usr/local/python/3.10.13/lib/python3.10/site-packages/airflow/example_dags/example_dynamic_task_mapping_with_no_taskflow_operators.py
[2024-02-16T20:09:35.896+0000] {logging_mixin.py:150} INFO - [2024-02-16T20:09:35.895+0000] {manager.py:504} INFO - Created Permission View: can read on DAG:example_dynamic_task_mapping_with_no_taskflow_operators
[2024-02-16T20:09:35.935+0000] {logging_mixin.py:150} INFO - [2024-02-16T20:09:35.934+0000] {manager.py:504} INFO - Created Permission View: can edit on DAG:example_dynamic_task_mapping_with_no_taskflow_operators
[2024-02-16T20:09:35.976+0000] {logging_mixin.py:150} INFO - [2024-02-16T20:09:35.976+0000] {manager.py:504} INFO - Created Permission View: can delete on DAG:example_dynamic_task_mapping_with_no_taskflow_operators
[2024-02-16T20:09:35.990+0000] {logging_mixin.py:150} INFO - [2024-02-16T20:09:35.990+0000] {dag.py:2742} INFO - Sync 1 DAGs
[2024-02-16T20:09:35.997+0000] {logging_mixin.py:150} INFO - [2024-02-16T20:09:35.997+0000] {dag.py:2763} INFO - Creating ORM DAG for example_dynamic_task_mapping_with_no_taskflow_operators
[2024-02-16T20:09:36.006+0000] {logging_mixin.py:150} INFO - [2024-02-16T20:09:36.006+0000] {dag.py:3504} INFO - Setting next_dagrun for example_dynamic_task_mapping_with_no_taskflow_operators to 2024-02-15T20:09:36.005925+00:00, run_after=2024-02-16T20:09:36.005925+00:00
[2024-02-16T20:09:36.066+0000] {processor.py:179} INFO - Processing /usr/local/python/3.10.13/lib/python3.10/site-packages/airflow/example_dags/example_dynamic_task_mapping_with_no_taskflow_operators.py took 0.324 seconds
[2024-02-16T20:10:27.062+0000] {processor.py:157} INFO - Started process (PID=20686) to work on /usr/local/python/3.10.13/lib/python3.10/site-packages/airflow/example_dags/example_dynamic_task_mapping_with_no_taskflow_operators.py
[2024-02-16T20:10:27.063+0000] {processor.py:826} INFO - Processing file /usr/local/python/3.10.13/lib/python3.10/site-packages/airflow/example_dags/example_dynamic_task_mapping_with_no_taskflow_operators.py for tasks to queue
[2024-02-16T20:10:27.064+0000] {logging_mixin.py:150} INFO - [2024-02-16T20:10:27.064+0000] {dagbag.py:541} INFO - Filling up the DagBag from /usr/local/python/3.10.13/lib/python3.10/site-packages/airflow/example_dags/example_dynamic_task_mapping_with_no_taskflow_operators.py
[2024-02-16T20:10:27.072+0000] {processor.py:836} INFO - DAG(s) dict_keys(['example_dynamic_task_mapping_with_no_taskflow_operators']) retrieved from /usr/local/python/3.10.13/lib/python3.10/site-packages/airflow/example_dags/example_dynamic_task_mapping_with_no_taskflow_operators.py
[2024-02-16T20:10:27.087+0000] {logging_mixin.py:150} INFO - [2024-02-16T20:10:27.087+0000] {dag.py:2742} INFO - Sync 1 DAGs
[2024-02-16T20:10:27.103+0000] {logging_mixin.py:150} INFO - [2024-02-16T20:10:27.103+0000] {dag.py:3504} INFO - Setting next_dagrun for example_dynamic_task_mapping_with_no_taskflow_operators to 2024-02-15T20:10:27.102844+00:00, run_after=2024-02-16T20:10:27.102844+00:00
[2024-02-16T20:10:27.169+0000] {processor.py:179} INFO - Processing /usr/local/python/3.10.13/lib/python3.10/site-packages/airflow/example_dags/example_dynamic_task_mapping_with_no_taskflow_operators.py took 0.110 seconds
[2024-02-16T20:11:42.736+0000] {processor.py:157} INFO - Started process (PID=21424) to work on /usr/local/python/3.10.13/lib/python3.10/site-packages/airflow/example_dags/example_dynamic_task_mapping_with_no_taskflow_operators.py
[2024-02-16T20:11:42.736+0000] {processor.py:826} INFO - Processing file /usr/local/python/3.10.13/lib/python3.10/site-packages/airflow/example_dags/example_dynamic_task_mapping_with_no_taskflow_operators.py for tasks to queue
[2024-02-16T20:11:42.737+0000] {logging_mixin.py:150} INFO - [2024-02-16T20:11:42.737+0000] {dagbag.py:541} INFO - Filling up the DagBag from /usr/local/python/3.10.13/lib/python3.10/site-packages/airflow/example_dags/example_dynamic_task_mapping_with_no_taskflow_operators.py
[2024-02-16T20:11:42.742+0000] {processor.py:836} INFO - DAG(s) dict_keys(['example_dynamic_task_mapping_with_no_taskflow_operators']) retrieved from /usr/local/python/3.10.13/lib/python3.10/site-packages/airflow/example_dags/example_dynamic_task_mapping_with_no_taskflow_operators.py
[2024-02-16T20:11:42.754+0000] {logging_mixin.py:150} INFO - [2024-02-16T20:11:42.754+0000] {dag.py:2742} INFO - Sync 1 DAGs
[2024-02-16T20:11:42.769+0000] {logging_mixin.py:150} INFO - [2024-02-16T20:11:42.769+0000] {dag.py:3504} INFO - Setting next_dagrun for example_dynamic_task_mapping_with_no_taskflow_operators to 2024-02-15T20:11:42.769084+00:00, run_after=2024-02-16T20:11:42.769084+00:00
[2024-02-16T20:11:42.815+0000] {processor.py:179} INFO - Processing /usr/local/python/3.10.13/lib/python3.10/site-packages/airflow/example_dags/example_dynamic_task_mapping_with_no_taskflow_operators.py took 0.081 seconds
[2024-02-16T20:12:30.398+0000] {processor.py:157} INFO - Started process (PID=21777) to work on /usr/local/python/3.10.13/lib/python3.10/site-packages/airflow/example_dags/example_dynamic_task_mapping_with_no_taskflow_operators.py
[2024-02-16T20:12:30.398+0000] {processor.py:826} INFO - Processing file /usr/local/python/3.10.13/lib/python3.10/site-packages/airflow/example_dags/example_dynamic_task_mapping_with_no_taskflow_operators.py for tasks to queue
[2024-02-16T20:12:30.399+0000] {logging_mixin.py:150} INFO - [2024-02-16T20:12:30.399+0000] {dagbag.py:541} INFO - Filling up the DagBag from /usr/local/python/3.10.13/lib/python3.10/site-packages/airflow/example_dags/example_dynamic_task_mapping_with_no_taskflow_operators.py
[2024-02-16T20:12:30.406+0000] {processor.py:836} INFO - DAG(s) dict_keys(['example_dynamic_task_mapping_with_no_taskflow_operators']) retrieved from /usr/local/python/3.10.13/lib/python3.10/site-packages/airflow/example_dags/example_dynamic_task_mapping_with_no_taskflow_operators.py
[2024-02-16T20:12:30.423+0000] {logging_mixin.py:150} INFO - [2024-02-16T20:12:30.423+0000] {dag.py:2742} INFO - Sync 1 DAGs
[2024-02-16T20:12:30.447+0000] {logging_mixin.py:150} INFO - [2024-02-16T20:12:30.447+0000] {dag.py:3504} INFO - Setting next_dagrun for example_dynamic_task_mapping_with_no_taskflow_operators to 2024-02-15T20:12:30.446951+00:00, run_after=2024-02-16T20:12:30.446951+00:00
[2024-02-16T20:12:30.493+0000] {processor.py:179} INFO - Processing /usr/local/python/3.10.13/lib/python3.10/site-packages/airflow/example_dags/example_dynamic_task_mapping_with_no_taskflow_operators.py took 0.098 seconds
[2024-02-16T20:13:20.639+0000] {processor.py:157} INFO - Started process (PID=22145) to work on /usr/local/python/3.10.13/lib/python3.10/site-packages/airflow/example_dags/example_dynamic_task_mapping_with_no_taskflow_operators.py
[2024-02-16T20:13:20.640+0000] {processor.py:826} INFO - Processing file /usr/local/python/3.10.13/lib/python3.10/site-packages/airflow/example_dags/example_dynamic_task_mapping_with_no_taskflow_operators.py for tasks to queue
[2024-02-16T20:13:20.641+0000] {logging_mixin.py:150} INFO - [2024-02-16T20:13:20.640+0000] {dagbag.py:541} INFO - Filling up the DagBag from /usr/local/python/3.10.13/lib/python3.10/site-packages/airflow/example_dags/example_dynamic_task_mapping_with_no_taskflow_operators.py
[2024-02-16T20:13:20.646+0000] {processor.py:836} INFO - DAG(s) dict_keys(['example_dynamic_task_mapping_with_no_taskflow_operators']) retrieved from /usr/local/python/3.10.13/lib/python3.10/site-packages/airflow/example_dags/example_dynamic_task_mapping_with_no_taskflow_operators.py
[2024-02-16T20:13:20.656+0000] {logging_mixin.py:150} INFO - [2024-02-16T20:13:20.656+0000] {dag.py:2742} INFO - Sync 1 DAGs
[2024-02-16T20:13:20.671+0000] {logging_mixin.py:150} INFO - [2024-02-16T20:13:20.671+0000] {dag.py:3504} INFO - Setting next_dagrun for example_dynamic_task_mapping_with_no_taskflow_operators to 2024-02-15T20:13:20.671478+00:00, run_after=2024-02-16T20:13:20.671478+00:00
[2024-02-16T20:13:20.728+0000] {processor.py:179} INFO - Processing /usr/local/python/3.10.13/lib/python3.10/site-packages/airflow/example_dags/example_dynamic_task_mapping_with_no_taskflow_operators.py took 0.090 seconds
[2024-02-16T20:14:12.873+0000] {processor.py:157} INFO - Started process (PID=22540) to work on /usr/local/python/3.10.13/lib/python3.10/site-packages/airflow/example_dags/example_dynamic_task_mapping_with_no_taskflow_operators.py
[2024-02-16T20:14:12.874+0000] {processor.py:826} INFO - Processing file /usr/local/python/3.10.13/lib/python3.10/site-packages/airflow/example_dags/example_dynamic_task_mapping_with_no_taskflow_operators.py for tasks to queue
[2024-02-16T20:14:12.874+0000] {logging_mixin.py:150} INFO - [2024-02-16T20:14:12.874+0000] {dagbag.py:541} INFO - Filling up the DagBag from /usr/local/python/3.10.13/lib/python3.10/site-packages/airflow/example_dags/example_dynamic_task_mapping_with_no_taskflow_operators.py
[2024-02-16T20:14:12.880+0000] {processor.py:836} INFO - DAG(s) dict_keys(['example_dynamic_task_mapping_with_no_taskflow_operators']) retrieved from /usr/local/python/3.10.13/lib/python3.10/site-packages/airflow/example_dags/example_dynamic_task_mapping_with_no_taskflow_operators.py
[2024-02-16T20:14:12.892+0000] {logging_mixin.py:150} INFO - [2024-02-16T20:14:12.892+0000] {dag.py:2742} INFO - Sync 1 DAGs
[2024-02-16T20:14:12.910+0000] {logging_mixin.py:150} INFO - [2024-02-16T20:14:12.909+0000] {dag.py:3504} INFO - Setting next_dagrun for example_dynamic_task_mapping_with_no_taskflow_operators to 2024-02-15T20:14:12.909727+00:00, run_after=2024-02-16T20:14:12.909727+00:00
[2024-02-16T20:14:12.957+0000] {processor.py:179} INFO - Processing /usr/local/python/3.10.13/lib/python3.10/site-packages/airflow/example_dags/example_dynamic_task_mapping_with_no_taskflow_operators.py took 0.086 seconds
[2024-02-16T20:15:07.354+0000] {processor.py:157} INFO - Started process (PID=22937) to work on /usr/local/python/3.10.13/lib/python3.10/site-packages/airflow/example_dags/example_dynamic_task_mapping_with_no_taskflow_operators.py
[2024-02-16T20:15:07.355+0000] {processor.py:826} INFO - Processing file /usr/local/python/3.10.13/lib/python3.10/site-packages/airflow/example_dags/example_dynamic_task_mapping_with_no_taskflow_operators.py for tasks to queue
[2024-02-16T20:15:07.355+0000] {logging_mixin.py:150} INFO - [2024-02-16T20:15:07.355+0000] {dagbag.py:541} INFO - Filling up the DagBag from /usr/local/python/3.10.13/lib/python3.10/site-packages/airflow/example_dags/example_dynamic_task_mapping_with_no_taskflow_operators.py
[2024-02-16T20:15:07.363+0000] {processor.py:836} INFO - DAG(s) dict_keys(['example_dynamic_task_mapping_with_no_taskflow_operators']) retrieved from /usr/local/python/3.10.13/lib/python3.10/site-packages/airflow/example_dags/example_dynamic_task_mapping_with_no_taskflow_operators.py
[2024-02-16T20:15:07.380+0000] {logging_mixin.py:150} INFO - [2024-02-16T20:15:07.379+0000] {dag.py:2742} INFO - Sync 1 DAGs
[2024-02-16T20:15:07.400+0000] {logging_mixin.py:150} INFO - [2024-02-16T20:15:07.400+0000] {dag.py:3504} INFO - Setting next_dagrun for example_dynamic_task_mapping_with_no_taskflow_operators to 2024-02-15T20:15:07.400017+00:00, run_after=2024-02-16T20:15:07.400017+00:00
[2024-02-16T20:15:07.448+0000] {processor.py:179} INFO - Processing /usr/local/python/3.10.13/lib/python3.10/site-packages/airflow/example_dags/example_dynamic_task_mapping_with_no_taskflow_operators.py took 0.097 seconds
[2024-02-16T20:15:57.935+0000] {processor.py:157} INFO - Started process (PID=23318) to work on /usr/local/python/3.10.13/lib/python3.10/site-packages/airflow/example_dags/example_dynamic_task_mapping_with_no_taskflow_operators.py
[2024-02-16T20:15:57.936+0000] {processor.py:826} INFO - Processing file /usr/local/python/3.10.13/lib/python3.10/site-packages/airflow/example_dags/example_dynamic_task_mapping_with_no_taskflow_operators.py for tasks to queue
[2024-02-16T20:15:57.936+0000] {logging_mixin.py:150} INFO - [2024-02-16T20:15:57.936+0000] {dagbag.py:541} INFO - Filling up the DagBag from /usr/local/python/3.10.13/lib/python3.10/site-packages/airflow/example_dags/example_dynamic_task_mapping_with_no_taskflow_operators.py
[2024-02-16T20:15:57.941+0000] {processor.py:836} INFO - DAG(s) dict_keys(['example_dynamic_task_mapping_with_no_taskflow_operators']) retrieved from /usr/local/python/3.10.13/lib/python3.10/site-packages/airflow/example_dags/example_dynamic_task_mapping_with_no_taskflow_operators.py
[2024-02-16T20:15:57.952+0000] {logging_mixin.py:150} INFO - [2024-02-16T20:15:57.951+0000] {dag.py:2742} INFO - Sync 1 DAGs
[2024-02-16T20:15:57.967+0000] {logging_mixin.py:150} INFO - [2024-02-16T20:15:57.966+0000] {dag.py:3504} INFO - Setting next_dagrun for example_dynamic_task_mapping_with_no_taskflow_operators to 2024-02-15T20:15:57.966822+00:00, run_after=2024-02-16T20:15:57.966822+00:00
[2024-02-16T20:15:58.033+0000] {processor.py:179} INFO - Processing /usr/local/python/3.10.13/lib/python3.10/site-packages/airflow/example_dags/example_dynamic_task_mapping_with_no_taskflow_operators.py took 0.100 seconds
[2024-02-16T20:16:52.861+0000] {processor.py:157} INFO - Started process (PID=23744) to work on /usr/local/python/3.10.13/lib/python3.10/site-packages/airflow/example_dags/example_dynamic_task_mapping_with_no_taskflow_operators.py
[2024-02-16T20:16:52.861+0000] {processor.py:826} INFO - Processing file /usr/local/python/3.10.13/lib/python3.10/site-packages/airflow/example_dags/example_dynamic_task_mapping_with_no_taskflow_operators.py for tasks to queue
[2024-02-16T20:16:52.862+0000] {logging_mixin.py:150} INFO - [2024-02-16T20:16:52.862+0000] {dagbag.py:541} INFO - Filling up the DagBag from /usr/local/python/3.10.13/lib/python3.10/site-packages/airflow/example_dags/example_dynamic_task_mapping_with_no_taskflow_operators.py
[2024-02-16T20:16:52.867+0000] {processor.py:836} INFO - DAG(s) dict_keys(['example_dynamic_task_mapping_with_no_taskflow_operators']) retrieved from /usr/local/python/3.10.13/lib/python3.10/site-packages/airflow/example_dags/example_dynamic_task_mapping_with_no_taskflow_operators.py
[2024-02-16T20:16:52.878+0000] {logging_mixin.py:150} INFO - [2024-02-16T20:16:52.878+0000] {dag.py:2742} INFO - Sync 1 DAGs
[2024-02-16T20:16:52.895+0000] {logging_mixin.py:150} INFO - [2024-02-16T20:16:52.894+0000] {dag.py:3504} INFO - Setting next_dagrun for example_dynamic_task_mapping_with_no_taskflow_operators to 2024-02-15T20:16:52.894757+00:00, run_after=2024-02-16T20:16:52.894757+00:00
[2024-02-16T20:16:52.954+0000] {processor.py:179} INFO - Processing /usr/local/python/3.10.13/lib/python3.10/site-packages/airflow/example_dags/example_dynamic_task_mapping_with_no_taskflow_operators.py took 0.095 seconds
[2024-02-16T20:17:44.725+0000] {processor.py:157} INFO - Started process (PID=24125) to work on /usr/local/python/3.10.13/lib/python3.10/site-packages/airflow/example_dags/example_dynamic_task_mapping_with_no_taskflow_operators.py
[2024-02-16T20:17:44.726+0000] {processor.py:826} INFO - Processing file /usr/local/python/3.10.13/lib/python3.10/site-packages/airflow/example_dags/example_dynamic_task_mapping_with_no_taskflow_operators.py for tasks to queue
[2024-02-16T20:17:44.727+0000] {logging_mixin.py:150} INFO - [2024-02-16T20:17:44.726+0000] {dagbag.py:541} INFO - Filling up the DagBag from /usr/local/python/3.10.13/lib/python3.10/site-packages/airflow/example_dags/example_dynamic_task_mapping_with_no_taskflow_operators.py
[2024-02-16T20:17:44.732+0000] {processor.py:836} INFO - DAG(s) dict_keys(['example_dynamic_task_mapping_with_no_taskflow_operators']) retrieved from /usr/local/python/3.10.13/lib/python3.10/site-packages/airflow/example_dags/example_dynamic_task_mapping_with_no_taskflow_operators.py
[2024-02-16T20:17:44.742+0000] {logging_mixin.py:150} INFO - [2024-02-16T20:17:44.742+0000] {dag.py:2742} INFO - Sync 1 DAGs
[2024-02-16T20:17:44.757+0000] {logging_mixin.py:150} INFO - [2024-02-16T20:17:44.757+0000] {dag.py:3504} INFO - Setting next_dagrun for example_dynamic_task_mapping_with_no_taskflow_operators to 2024-02-15T20:17:44.757268+00:00, run_after=2024-02-16T20:17:44.757268+00:00
[2024-02-16T20:17:44.806+0000] {processor.py:179} INFO - Processing /usr/local/python/3.10.13/lib/python3.10/site-packages/airflow/example_dags/example_dynamic_task_mapping_with_no_taskflow_operators.py took 0.083 seconds
[2024-02-16T20:18:38.197+0000] {processor.py:157} INFO - Started process (PID=24516) to work on /usr/local/python/3.10.13/lib/python3.10/site-packages/airflow/example_dags/example_dynamic_task_mapping_with_no_taskflow_operators.py
[2024-02-16T20:18:38.197+0000] {processor.py:826} INFO - Processing file /usr/local/python/3.10.13/lib/python3.10/site-packages/airflow/example_dags/example_dynamic_task_mapping_with_no_taskflow_operators.py for tasks to queue
[2024-02-16T20:18:38.198+0000] {logging_mixin.py:150} INFO - [2024-02-16T20:18:38.198+0000] {dagbag.py:541} INFO - Filling up the DagBag from /usr/local/python/3.10.13/lib/python3.10/site-packages/airflow/example_dags/example_dynamic_task_mapping_with_no_taskflow_operators.py
[2024-02-16T20:18:38.203+0000] {processor.py:836} INFO - DAG(s) dict_keys(['example_dynamic_task_mapping_with_no_taskflow_operators']) retrieved from /usr/local/python/3.10.13/lib/python3.10/site-packages/airflow/example_dags/example_dynamic_task_mapping_with_no_taskflow_operators.py
[2024-02-16T20:18:38.213+0000] {logging_mixin.py:150} INFO - [2024-02-16T20:18:38.213+0000] {dag.py:2742} INFO - Sync 1 DAGs
[2024-02-16T20:18:38.228+0000] {logging_mixin.py:150} INFO - [2024-02-16T20:18:38.228+0000] {dag.py:3504} INFO - Setting next_dagrun for example_dynamic_task_mapping_with_no_taskflow_operators to 2024-02-15T20:18:38.228439+00:00, run_after=2024-02-16T20:18:38.228439+00:00
[2024-02-16T20:18:38.276+0000] {processor.py:179} INFO - Processing /usr/local/python/3.10.13/lib/python3.10/site-packages/airflow/example_dags/example_dynamic_task_mapping_with_no_taskflow_operators.py took 0.082 seconds
[2024-02-16T20:19:29.944+0000] {processor.py:157} INFO - Started process (PID=24903) to work on /usr/local/python/3.10.13/lib/python3.10/site-packages/airflow/example_dags/example_dynamic_task_mapping_with_no_taskflow_operators.py
[2024-02-16T20:19:29.945+0000] {processor.py:826} INFO - Processing file /usr/local/python/3.10.13/lib/python3.10/site-packages/airflow/example_dags/example_dynamic_task_mapping_with_no_taskflow_operators.py for tasks to queue
[2024-02-16T20:19:29.946+0000] {logging_mixin.py:150} INFO - [2024-02-16T20:19:29.945+0000] {dagbag.py:541} INFO - Filling up the DagBag from /usr/local/python/3.10.13/lib/python3.10/site-packages/airflow/example_dags/example_dynamic_task_mapping_with_no_taskflow_operators.py
[2024-02-16T20:19:29.952+0000] {processor.py:836} INFO - DAG(s) dict_keys(['example_dynamic_task_mapping_with_no_taskflow_operators']) retrieved from /usr/local/python/3.10.13/lib/python3.10/site-packages/airflow/example_dags/example_dynamic_task_mapping_with_no_taskflow_operators.py
[2024-02-16T20:19:29.962+0000] {logging_mixin.py:150} INFO - [2024-02-16T20:19:29.962+0000] {dag.py:2742} INFO - Sync 1 DAGs
[2024-02-16T20:19:29.978+0000] {logging_mixin.py:150} INFO - [2024-02-16T20:19:29.978+0000] {dag.py:3504} INFO - Setting next_dagrun for example_dynamic_task_mapping_with_no_taskflow_operators to 2024-02-15T20:19:29.978477+00:00, run_after=2024-02-16T20:19:29.978477+00:00
[2024-02-16T20:19:30.022+0000] {processor.py:179} INFO - Processing /usr/local/python/3.10.13/lib/python3.10/site-packages/airflow/example_dags/example_dynamic_task_mapping_with_no_taskflow_operators.py took 0.080 seconds
[2024-02-16T20:20:24.817+0000] {processor.py:157} INFO - Started process (PID=25323) to work on /usr/local/python/3.10.13/lib/python3.10/site-packages/airflow/example_dags/example_dynamic_task_mapping_with_no_taskflow_operators.py
[2024-02-16T20:20:24.818+0000] {processor.py:826} INFO - Processing file /usr/local/python/3.10.13/lib/python3.10/site-packages/airflow/example_dags/example_dynamic_task_mapping_with_no_taskflow_operators.py for tasks to queue
[2024-02-16T20:20:24.819+0000] {logging_mixin.py:150} INFO - [2024-02-16T20:20:24.818+0000] {dagbag.py:541} INFO - Filling up the DagBag from /usr/local/python/3.10.13/lib/python3.10/site-packages/airflow/example_dags/example_dynamic_task_mapping_with_no_taskflow_operators.py
[2024-02-16T20:20:24.824+0000] {processor.py:836} INFO - DAG(s) dict_keys(['example_dynamic_task_mapping_with_no_taskflow_operators']) retrieved from /usr/local/python/3.10.13/lib/python3.10/site-packages/airflow/example_dags/example_dynamic_task_mapping_with_no_taskflow_operators.py
[2024-02-16T20:20:24.834+0000] {logging_mixin.py:150} INFO - [2024-02-16T20:20:24.834+0000] {dag.py:2742} INFO - Sync 1 DAGs
[2024-02-16T20:20:24.850+0000] {logging_mixin.py:150} INFO - [2024-02-16T20:20:24.850+0000] {dag.py:3504} INFO - Setting next_dagrun for example_dynamic_task_mapping_with_no_taskflow_operators to 2024-02-15T20:20:24.850327+00:00, run_after=2024-02-16T20:20:24.850327+00:00
[2024-02-16T20:20:24.895+0000] {processor.py:179} INFO - Processing /usr/local/python/3.10.13/lib/python3.10/site-packages/airflow/example_dags/example_dynamic_task_mapping_with_no_taskflow_operators.py took 0.080 seconds
[2024-02-16T20:21:16.923+0000] {processor.py:157} INFO - Started process (PID=25708) to work on /usr/local/python/3.10.13/lib/python3.10/site-packages/airflow/example_dags/example_dynamic_task_mapping_with_no_taskflow_operators.py
[2024-02-16T20:21:16.924+0000] {processor.py:826} INFO - Processing file /usr/local/python/3.10.13/lib/python3.10/site-packages/airflow/example_dags/example_dynamic_task_mapping_with_no_taskflow_operators.py for tasks to queue
[2024-02-16T20:21:16.924+0000] {logging_mixin.py:150} INFO - [2024-02-16T20:21:16.924+0000] {dagbag.py:541} INFO - Filling up the DagBag from /usr/local/python/3.10.13/lib/python3.10/site-packages/airflow/example_dags/example_dynamic_task_mapping_with_no_taskflow_operators.py
[2024-02-16T20:21:16.932+0000] {processor.py:836} INFO - DAG(s) dict_keys(['example_dynamic_task_mapping_with_no_taskflow_operators']) retrieved from /usr/local/python/3.10.13/lib/python3.10/site-packages/airflow/example_dags/example_dynamic_task_mapping_with_no_taskflow_operators.py
[2024-02-16T20:21:16.948+0000] {logging_mixin.py:150} INFO - [2024-02-16T20:21:16.948+0000] {dag.py:2742} INFO - Sync 1 DAGs
[2024-02-16T20:21:16.972+0000] {logging_mixin.py:150} INFO - [2024-02-16T20:21:16.971+0000] {dag.py:3504} INFO - Setting next_dagrun for example_dynamic_task_mapping_with_no_taskflow_operators to 2024-02-15T20:21:16.971617+00:00, run_after=2024-02-16T20:21:16.971617+00:00
[2024-02-16T20:21:17.022+0000] {processor.py:179} INFO - Processing /usr/local/python/3.10.13/lib/python3.10/site-packages/airflow/example_dags/example_dynamic_task_mapping_with_no_taskflow_operators.py took 0.103 seconds
[2024-02-16T20:22:13.186+0000] {processor.py:157} INFO - Started process (PID=26130) to work on /usr/local/python/3.10.13/lib/python3.10/site-packages/airflow/example_dags/example_dynamic_task_mapping_with_no_taskflow_operators.py
[2024-02-16T20:22:13.187+0000] {processor.py:826} INFO - Processing file /usr/local/python/3.10.13/lib/python3.10/site-packages/airflow/example_dags/example_dynamic_task_mapping_with_no_taskflow_operators.py for tasks to queue
[2024-02-16T20:22:13.187+0000] {logging_mixin.py:150} INFO - [2024-02-16T20:22:13.187+0000] {dagbag.py:541} INFO - Filling up the DagBag from /usr/local/python/3.10.13/lib/python3.10/site-packages/airflow/example_dags/example_dynamic_task_mapping_with_no_taskflow_operators.py
[2024-02-16T20:22:13.193+0000] {processor.py:836} INFO - DAG(s) dict_keys(['example_dynamic_task_mapping_with_no_taskflow_operators']) retrieved from /usr/local/python/3.10.13/lib/python3.10/site-packages/airflow/example_dags/example_dynamic_task_mapping_with_no_taskflow_operators.py
[2024-02-16T20:22:13.204+0000] {logging_mixin.py:150} INFO - [2024-02-16T20:22:13.204+0000] {dag.py:2742} INFO - Sync 1 DAGs
[2024-02-16T20:22:13.221+0000] {logging_mixin.py:150} INFO - [2024-02-16T20:22:13.221+0000] {dag.py:3504} INFO - Setting next_dagrun for example_dynamic_task_mapping_with_no_taskflow_operators to 2024-02-15T20:22:13.221110+00:00, run_after=2024-02-16T20:22:13.221110+00:00
[2024-02-16T20:22:13.270+0000] {processor.py:179} INFO - Processing /usr/local/python/3.10.13/lib/python3.10/site-packages/airflow/example_dags/example_dynamic_task_mapping_with_no_taskflow_operators.py took 0.086 seconds
[2024-02-16T20:23:07.282+0000] {processor.py:157} INFO - Started process (PID=26552) to work on /usr/local/python/3.10.13/lib/python3.10/site-packages/airflow/example_dags/example_dynamic_task_mapping_with_no_taskflow_operators.py
[2024-02-16T20:23:07.282+0000] {processor.py:826} INFO - Processing file /usr/local/python/3.10.13/lib/python3.10/site-packages/airflow/example_dags/example_dynamic_task_mapping_with_no_taskflow_operators.py for tasks to queue
[2024-02-16T20:23:07.283+0000] {logging_mixin.py:150} INFO - [2024-02-16T20:23:07.283+0000] {dagbag.py:541} INFO - Filling up the DagBag from /usr/local/python/3.10.13/lib/python3.10/site-packages/airflow/example_dags/example_dynamic_task_mapping_with_no_taskflow_operators.py
[2024-02-16T20:23:07.289+0000] {processor.py:836} INFO - DAG(s) dict_keys(['example_dynamic_task_mapping_with_no_taskflow_operators']) retrieved from /usr/local/python/3.10.13/lib/python3.10/site-packages/airflow/example_dags/example_dynamic_task_mapping_with_no_taskflow_operators.py
[2024-02-16T20:23:07.299+0000] {logging_mixin.py:150} INFO - [2024-02-16T20:23:07.299+0000] {dag.py:2742} INFO - Sync 1 DAGs
[2024-02-16T20:23:07.319+0000] {logging_mixin.py:150} INFO - [2024-02-16T20:23:07.318+0000] {dag.py:3504} INFO - Setting next_dagrun for example_dynamic_task_mapping_with_no_taskflow_operators to 2024-02-15T20:23:07.318585+00:00, run_after=2024-02-16T20:23:07.318585+00:00
[2024-02-16T20:23:07.364+0000] {processor.py:179} INFO - Processing /usr/local/python/3.10.13/lib/python3.10/site-packages/airflow/example_dags/example_dynamic_task_mapping_with_no_taskflow_operators.py took 0.085 seconds
[2024-02-16T20:23:59.614+0000] {processor.py:157} INFO - Started process (PID=26910) to work on /usr/local/python/3.10.13/lib/python3.10/site-packages/airflow/example_dags/example_dynamic_task_mapping_with_no_taskflow_operators.py
[2024-02-16T20:23:59.615+0000] {processor.py:826} INFO - Processing file /usr/local/python/3.10.13/lib/python3.10/site-packages/airflow/example_dags/example_dynamic_task_mapping_with_no_taskflow_operators.py for tasks to queue
[2024-02-16T20:23:59.615+0000] {logging_mixin.py:150} INFO - [2024-02-16T20:23:59.615+0000] {dagbag.py:541} INFO - Filling up the DagBag from /usr/local/python/3.10.13/lib/python3.10/site-packages/airflow/example_dags/example_dynamic_task_mapping_with_no_taskflow_operators.py
[2024-02-16T20:23:59.621+0000] {processor.py:836} INFO - DAG(s) dict_keys(['example_dynamic_task_mapping_with_no_taskflow_operators']) retrieved from /usr/local/python/3.10.13/lib/python3.10/site-packages/airflow/example_dags/example_dynamic_task_mapping_with_no_taskflow_operators.py
[2024-02-16T20:23:59.631+0000] {logging_mixin.py:150} INFO - [2024-02-16T20:23:59.631+0000] {dag.py:2742} INFO - Sync 1 DAGs
[2024-02-16T20:23:59.646+0000] {logging_mixin.py:150} INFO - [2024-02-16T20:23:59.646+0000] {dag.py:3504} INFO - Setting next_dagrun for example_dynamic_task_mapping_with_no_taskflow_operators to 2024-02-15T20:23:59.646637+00:00, run_after=2024-02-16T20:23:59.646637+00:00
[2024-02-16T20:23:59.694+0000] {processor.py:179} INFO - Processing /usr/local/python/3.10.13/lib/python3.10/site-packages/airflow/example_dags/example_dynamic_task_mapping_with_no_taskflow_operators.py took 0.082 seconds
[2024-02-16T20:24:57.830+0000] {processor.py:157} INFO - Started process (PID=27505) to work on /usr/local/python/3.10.13/lib/python3.10/site-packages/airflow/example_dags/example_dynamic_task_mapping_with_no_taskflow_operators.py
[2024-02-16T20:24:57.831+0000] {processor.py:826} INFO - Processing file /usr/local/python/3.10.13/lib/python3.10/site-packages/airflow/example_dags/example_dynamic_task_mapping_with_no_taskflow_operators.py for tasks to queue
[2024-02-16T20:24:57.831+0000] {logging_mixin.py:150} INFO - [2024-02-16T20:24:57.831+0000] {dagbag.py:541} INFO - Filling up the DagBag from /usr/local/python/3.10.13/lib/python3.10/site-packages/airflow/example_dags/example_dynamic_task_mapping_with_no_taskflow_operators.py
[2024-02-16T20:24:57.837+0000] {processor.py:836} INFO - DAG(s) dict_keys(['example_dynamic_task_mapping_with_no_taskflow_operators']) retrieved from /usr/local/python/3.10.13/lib/python3.10/site-packages/airflow/example_dags/example_dynamic_task_mapping_with_no_taskflow_operators.py
[2024-02-16T20:24:57.849+0000] {logging_mixin.py:150} INFO - [2024-02-16T20:24:57.848+0000] {dag.py:2742} INFO - Sync 1 DAGs
[2024-02-16T20:24:57.865+0000] {logging_mixin.py:150} INFO - [2024-02-16T20:24:57.865+0000] {dag.py:3504} INFO - Setting next_dagrun for example_dynamic_task_mapping_with_no_taskflow_operators to 2024-02-15T20:24:57.864963+00:00, run_after=2024-02-16T20:24:57.864963+00:00
[2024-02-16T20:24:57.913+0000] {processor.py:179} INFO - Processing /usr/local/python/3.10.13/lib/python3.10/site-packages/airflow/example_dags/example_dynamic_task_mapping_with_no_taskflow_operators.py took 0.085 seconds
