[2024-02-16T20:09:19.246+0000] {processor.py:157} INFO - Started process (PID=20088) to work on /usr/local/python/3.10.13/lib/python3.10/site-packages/airflow/example_dags/example_local_kubernetes_executor.py
[2024-02-16T20:09:19.247+0000] {processor.py:826} INFO - Processing file /usr/local/python/3.10.13/lib/python3.10/site-packages/airflow/example_dags/example_local_kubernetes_executor.py for tasks to queue
[2024-02-16T20:09:19.248+0000] {logging_mixin.py:150} INFO - [2024-02-16T20:09:19.247+0000] {dagbag.py:541} INFO - Filling up the DagBag from /usr/local/python/3.10.13/lib/python3.10/site-packages/airflow/example_dags/example_local_kubernetes_executor.py
[2024-02-16T20:09:19.251+0000] {logging_mixin.py:150} INFO - [2024-02-16T20:09:19.250+0000] {example_local_kubernetes_executor.py:39} WARNING - Could not import DAGs in example_local_kubernetes_executor.py
Traceback (most recent call last):
  File "/usr/local/python/3.10.13/lib/python3.10/site-packages/airflow/example_dags/example_local_kubernetes_executor.py", line 37, in <module>
    from kubernetes.client import models as k8s
ModuleNotFoundError: No module named 'kubernetes'
[2024-02-16T20:09:19.251+0000] {logging_mixin.py:150} INFO - [2024-02-16T20:09:19.251+0000] {example_local_kubernetes_executor.py:40} WARNING - Install Kubernetes dependencies with: pip install apache-airflow[cncf.kubernetes]
[2024-02-16T20:09:19.251+0000] {processor.py:838} WARNING - No viable dags retrieved from /usr/local/python/3.10.13/lib/python3.10/site-packages/airflow/example_dags/example_local_kubernetes_executor.py
[2024-02-16T20:09:19.261+0000] {processor.py:179} INFO - Processing /usr/local/python/3.10.13/lib/python3.10/site-packages/airflow/example_dags/example_local_kubernetes_executor.py took 0.017 seconds
[2024-02-16T20:10:13.994+0000] {processor.py:157} INFO - Started process (PID=20565) to work on /usr/local/python/3.10.13/lib/python3.10/site-packages/airflow/example_dags/example_local_kubernetes_executor.py
[2024-02-16T20:10:13.994+0000] {processor.py:826} INFO - Processing file /usr/local/python/3.10.13/lib/python3.10/site-packages/airflow/example_dags/example_local_kubernetes_executor.py for tasks to queue
[2024-02-16T20:10:13.995+0000] {logging_mixin.py:150} INFO - [2024-02-16T20:10:13.995+0000] {dagbag.py:541} INFO - Filling up the DagBag from /usr/local/python/3.10.13/lib/python3.10/site-packages/airflow/example_dags/example_local_kubernetes_executor.py
[2024-02-16T20:10:13.997+0000] {logging_mixin.py:150} INFO - [2024-02-16T20:10:13.997+0000] {example_local_kubernetes_executor.py:39} WARNING - Could not import DAGs in example_local_kubernetes_executor.py
Traceback (most recent call last):
  File "/usr/local/python/3.10.13/lib/python3.10/site-packages/airflow/example_dags/example_local_kubernetes_executor.py", line 37, in <module>
    from kubernetes.client import models as k8s
ModuleNotFoundError: No module named 'kubernetes'
[2024-02-16T20:10:13.998+0000] {logging_mixin.py:150} INFO - [2024-02-16T20:10:13.998+0000] {example_local_kubernetes_executor.py:40} WARNING - Install Kubernetes dependencies with: pip install apache-airflow[cncf.kubernetes]
[2024-02-16T20:10:13.998+0000] {processor.py:838} WARNING - No viable dags retrieved from /usr/local/python/3.10.13/lib/python3.10/site-packages/airflow/example_dags/example_local_kubernetes_executor.py
[2024-02-16T20:10:14.004+0000] {processor.py:179} INFO - Processing /usr/local/python/3.10.13/lib/python3.10/site-packages/airflow/example_dags/example_local_kubernetes_executor.py took 0.013 seconds
[2024-02-16T20:11:29.389+0000] {processor.py:157} INFO - Started process (PID=21333) to work on /usr/local/python/3.10.13/lib/python3.10/site-packages/airflow/example_dags/example_local_kubernetes_executor.py
[2024-02-16T20:11:29.389+0000] {processor.py:826} INFO - Processing file /usr/local/python/3.10.13/lib/python3.10/site-packages/airflow/example_dags/example_local_kubernetes_executor.py for tasks to queue
[2024-02-16T20:11:29.390+0000] {logging_mixin.py:150} INFO - [2024-02-16T20:11:29.390+0000] {dagbag.py:541} INFO - Filling up the DagBag from /usr/local/python/3.10.13/lib/python3.10/site-packages/airflow/example_dags/example_local_kubernetes_executor.py
[2024-02-16T20:11:29.392+0000] {logging_mixin.py:150} INFO - [2024-02-16T20:11:29.392+0000] {example_local_kubernetes_executor.py:39} WARNING - Could not import DAGs in example_local_kubernetes_executor.py
Traceback (most recent call last):
  File "/usr/local/python/3.10.13/lib/python3.10/site-packages/airflow/example_dags/example_local_kubernetes_executor.py", line 37, in <module>
    from kubernetes.client import models as k8s
ModuleNotFoundError: No module named 'kubernetes'
[2024-02-16T20:11:29.393+0000] {logging_mixin.py:150} INFO - [2024-02-16T20:11:29.393+0000] {example_local_kubernetes_executor.py:40} WARNING - Install Kubernetes dependencies with: pip install apache-airflow[cncf.kubernetes]
[2024-02-16T20:11:29.393+0000] {processor.py:838} WARNING - No viable dags retrieved from /usr/local/python/3.10.13/lib/python3.10/site-packages/airflow/example_dags/example_local_kubernetes_executor.py
[2024-02-16T20:11:29.399+0000] {processor.py:179} INFO - Processing /usr/local/python/3.10.13/lib/python3.10/site-packages/airflow/example_dags/example_local_kubernetes_executor.py took 0.013 seconds
[2024-02-16T20:12:17.348+0000] {processor.py:157} INFO - Started process (PID=21690) to work on /usr/local/python/3.10.13/lib/python3.10/site-packages/airflow/example_dags/example_local_kubernetes_executor.py
[2024-02-16T20:12:17.349+0000] {processor.py:826} INFO - Processing file /usr/local/python/3.10.13/lib/python3.10/site-packages/airflow/example_dags/example_local_kubernetes_executor.py for tasks to queue
[2024-02-16T20:12:17.349+0000] {logging_mixin.py:150} INFO - [2024-02-16T20:12:17.349+0000] {dagbag.py:541} INFO - Filling up the DagBag from /usr/local/python/3.10.13/lib/python3.10/site-packages/airflow/example_dags/example_local_kubernetes_executor.py
[2024-02-16T20:12:17.352+0000] {logging_mixin.py:150} INFO - [2024-02-16T20:12:17.351+0000] {example_local_kubernetes_executor.py:39} WARNING - Could not import DAGs in example_local_kubernetes_executor.py
Traceback (most recent call last):
  File "/usr/local/python/3.10.13/lib/python3.10/site-packages/airflow/example_dags/example_local_kubernetes_executor.py", line 37, in <module>
    from kubernetes.client import models as k8s
ModuleNotFoundError: No module named 'kubernetes'
[2024-02-16T20:12:17.352+0000] {logging_mixin.py:150} INFO - [2024-02-16T20:12:17.352+0000] {example_local_kubernetes_executor.py:40} WARNING - Install Kubernetes dependencies with: pip install apache-airflow[cncf.kubernetes]
[2024-02-16T20:12:17.352+0000] {processor.py:838} WARNING - No viable dags retrieved from /usr/local/python/3.10.13/lib/python3.10/site-packages/airflow/example_dags/example_local_kubernetes_executor.py
[2024-02-16T20:12:17.359+0000] {processor.py:179} INFO - Processing /usr/local/python/3.10.13/lib/python3.10/site-packages/airflow/example_dags/example_local_kubernetes_executor.py took 0.013 seconds
[2024-02-16T20:13:03.839+0000] {processor.py:157} INFO - Started process (PID=22015) to work on /usr/local/python/3.10.13/lib/python3.10/site-packages/airflow/example_dags/example_local_kubernetes_executor.py
[2024-02-16T20:13:03.840+0000] {processor.py:826} INFO - Processing file /usr/local/python/3.10.13/lib/python3.10/site-packages/airflow/example_dags/example_local_kubernetes_executor.py for tasks to queue
[2024-02-16T20:13:03.841+0000] {logging_mixin.py:150} INFO - [2024-02-16T20:13:03.840+0000] {dagbag.py:541} INFO - Filling up the DagBag from /usr/local/python/3.10.13/lib/python3.10/site-packages/airflow/example_dags/example_local_kubernetes_executor.py
[2024-02-16T20:13:03.843+0000] {logging_mixin.py:150} INFO - [2024-02-16T20:13:03.843+0000] {example_local_kubernetes_executor.py:39} WARNING - Could not import DAGs in example_local_kubernetes_executor.py
Traceback (most recent call last):
  File "/usr/local/python/3.10.13/lib/python3.10/site-packages/airflow/example_dags/example_local_kubernetes_executor.py", line 37, in <module>
    from kubernetes.client import models as k8s
ModuleNotFoundError: No module named 'kubernetes'
[2024-02-16T20:13:03.843+0000] {logging_mixin.py:150} INFO - [2024-02-16T20:13:03.843+0000] {example_local_kubernetes_executor.py:40} WARNING - Install Kubernetes dependencies with: pip install apache-airflow[cncf.kubernetes]
[2024-02-16T20:13:03.843+0000] {processor.py:838} WARNING - No viable dags retrieved from /usr/local/python/3.10.13/lib/python3.10/site-packages/airflow/example_dags/example_local_kubernetes_executor.py
[2024-02-16T20:13:03.850+0000] {processor.py:179} INFO - Processing /usr/local/python/3.10.13/lib/python3.10/site-packages/airflow/example_dags/example_local_kubernetes_executor.py took 0.013 seconds
[2024-02-16T20:13:55.502+0000] {processor.py:157} INFO - Started process (PID=22397) to work on /usr/local/python/3.10.13/lib/python3.10/site-packages/airflow/example_dags/example_local_kubernetes_executor.py
[2024-02-16T20:13:55.503+0000] {processor.py:826} INFO - Processing file /usr/local/python/3.10.13/lib/python3.10/site-packages/airflow/example_dags/example_local_kubernetes_executor.py for tasks to queue
[2024-02-16T20:13:55.503+0000] {logging_mixin.py:150} INFO - [2024-02-16T20:13:55.503+0000] {dagbag.py:541} INFO - Filling up the DagBag from /usr/local/python/3.10.13/lib/python3.10/site-packages/airflow/example_dags/example_local_kubernetes_executor.py
[2024-02-16T20:13:55.506+0000] {logging_mixin.py:150} INFO - [2024-02-16T20:13:55.506+0000] {example_local_kubernetes_executor.py:39} WARNING - Could not import DAGs in example_local_kubernetes_executor.py
Traceback (most recent call last):
  File "/usr/local/python/3.10.13/lib/python3.10/site-packages/airflow/example_dags/example_local_kubernetes_executor.py", line 37, in <module>
    from kubernetes.client import models as k8s
ModuleNotFoundError: No module named 'kubernetes'
[2024-02-16T20:13:55.506+0000] {logging_mixin.py:150} INFO - [2024-02-16T20:13:55.506+0000] {example_local_kubernetes_executor.py:40} WARNING - Install Kubernetes dependencies with: pip install apache-airflow[cncf.kubernetes]
[2024-02-16T20:13:55.507+0000] {processor.py:838} WARNING - No viable dags retrieved from /usr/local/python/3.10.13/lib/python3.10/site-packages/airflow/example_dags/example_local_kubernetes_executor.py
[2024-02-16T20:13:55.513+0000] {processor.py:179} INFO - Processing /usr/local/python/3.10.13/lib/python3.10/site-packages/airflow/example_dags/example_local_kubernetes_executor.py took 0.013 seconds
[2024-02-16T20:14:48.859+0000] {processor.py:157} INFO - Started process (PID=22815) to work on /usr/local/python/3.10.13/lib/python3.10/site-packages/airflow/example_dags/example_local_kubernetes_executor.py
[2024-02-16T20:14:48.859+0000] {processor.py:826} INFO - Processing file /usr/local/python/3.10.13/lib/python3.10/site-packages/airflow/example_dags/example_local_kubernetes_executor.py for tasks to queue
[2024-02-16T20:14:48.860+0000] {logging_mixin.py:150} INFO - [2024-02-16T20:14:48.859+0000] {dagbag.py:541} INFO - Filling up the DagBag from /usr/local/python/3.10.13/lib/python3.10/site-packages/airflow/example_dags/example_local_kubernetes_executor.py
[2024-02-16T20:14:48.862+0000] {logging_mixin.py:150} INFO - [2024-02-16T20:14:48.862+0000] {example_local_kubernetes_executor.py:39} WARNING - Could not import DAGs in example_local_kubernetes_executor.py
Traceback (most recent call last):
  File "/usr/local/python/3.10.13/lib/python3.10/site-packages/airflow/example_dags/example_local_kubernetes_executor.py", line 37, in <module>
    from kubernetes.client import models as k8s
ModuleNotFoundError: No module named 'kubernetes'
[2024-02-16T20:14:48.862+0000] {logging_mixin.py:150} INFO - [2024-02-16T20:14:48.862+0000] {example_local_kubernetes_executor.py:40} WARNING - Install Kubernetes dependencies with: pip install apache-airflow[cncf.kubernetes]
[2024-02-16T20:14:48.863+0000] {processor.py:838} WARNING - No viable dags retrieved from /usr/local/python/3.10.13/lib/python3.10/site-packages/airflow/example_dags/example_local_kubernetes_executor.py
[2024-02-16T20:14:48.869+0000] {processor.py:179} INFO - Processing /usr/local/python/3.10.13/lib/python3.10/site-packages/airflow/example_dags/example_local_kubernetes_executor.py took 0.013 seconds
[2024-02-16T20:15:38.286+0000] {processor.py:157} INFO - Started process (PID=23174) to work on /usr/local/python/3.10.13/lib/python3.10/site-packages/airflow/example_dags/example_local_kubernetes_executor.py
[2024-02-16T20:15:38.287+0000] {processor.py:826} INFO - Processing file /usr/local/python/3.10.13/lib/python3.10/site-packages/airflow/example_dags/example_local_kubernetes_executor.py for tasks to queue
[2024-02-16T20:15:38.287+0000] {logging_mixin.py:150} INFO - [2024-02-16T20:15:38.287+0000] {dagbag.py:541} INFO - Filling up the DagBag from /usr/local/python/3.10.13/lib/python3.10/site-packages/airflow/example_dags/example_local_kubernetes_executor.py
[2024-02-16T20:15:38.290+0000] {logging_mixin.py:150} INFO - [2024-02-16T20:15:38.289+0000] {example_local_kubernetes_executor.py:39} WARNING - Could not import DAGs in example_local_kubernetes_executor.py
Traceback (most recent call last):
  File "/usr/local/python/3.10.13/lib/python3.10/site-packages/airflow/example_dags/example_local_kubernetes_executor.py", line 37, in <module>
    from kubernetes.client import models as k8s
ModuleNotFoundError: No module named 'kubernetes'
[2024-02-16T20:15:38.290+0000] {logging_mixin.py:150} INFO - [2024-02-16T20:15:38.290+0000] {example_local_kubernetes_executor.py:40} WARNING - Install Kubernetes dependencies with: pip install apache-airflow[cncf.kubernetes]
[2024-02-16T20:15:38.290+0000] {processor.py:838} WARNING - No viable dags retrieved from /usr/local/python/3.10.13/lib/python3.10/site-packages/airflow/example_dags/example_local_kubernetes_executor.py
[2024-02-16T20:15:38.297+0000] {processor.py:179} INFO - Processing /usr/local/python/3.10.13/lib/python3.10/site-packages/airflow/example_dags/example_local_kubernetes_executor.py took 0.013 seconds
[2024-02-16T20:16:31.333+0000] {processor.py:157} INFO - Started process (PID=23582) to work on /usr/local/python/3.10.13/lib/python3.10/site-packages/airflow/example_dags/example_local_kubernetes_executor.py
[2024-02-16T20:16:31.334+0000] {processor.py:826} INFO - Processing file /usr/local/python/3.10.13/lib/python3.10/site-packages/airflow/example_dags/example_local_kubernetes_executor.py for tasks to queue
[2024-02-16T20:16:31.334+0000] {logging_mixin.py:150} INFO - [2024-02-16T20:16:31.334+0000] {dagbag.py:541} INFO - Filling up the DagBag from /usr/local/python/3.10.13/lib/python3.10/site-packages/airflow/example_dags/example_local_kubernetes_executor.py
[2024-02-16T20:16:31.337+0000] {logging_mixin.py:150} INFO - [2024-02-16T20:16:31.336+0000] {example_local_kubernetes_executor.py:39} WARNING - Could not import DAGs in example_local_kubernetes_executor.py
Traceback (most recent call last):
  File "/usr/local/python/3.10.13/lib/python3.10/site-packages/airflow/example_dags/example_local_kubernetes_executor.py", line 37, in <module>
    from kubernetes.client import models as k8s
ModuleNotFoundError: No module named 'kubernetes'
[2024-02-16T20:16:31.337+0000] {logging_mixin.py:150} INFO - [2024-02-16T20:16:31.337+0000] {example_local_kubernetes_executor.py:40} WARNING - Install Kubernetes dependencies with: pip install apache-airflow[cncf.kubernetes]
[2024-02-16T20:16:31.337+0000] {processor.py:838} WARNING - No viable dags retrieved from /usr/local/python/3.10.13/lib/python3.10/site-packages/airflow/example_dags/example_local_kubernetes_executor.py
[2024-02-16T20:16:31.343+0000] {processor.py:179} INFO - Processing /usr/local/python/3.10.13/lib/python3.10/site-packages/airflow/example_dags/example_local_kubernetes_executor.py took 0.013 seconds
[2024-02-16T20:17:25.473+0000] {processor.py:157} INFO - Started process (PID=23979) to work on /usr/local/python/3.10.13/lib/python3.10/site-packages/airflow/example_dags/example_local_kubernetes_executor.py
[2024-02-16T20:17:25.473+0000] {processor.py:826} INFO - Processing file /usr/local/python/3.10.13/lib/python3.10/site-packages/airflow/example_dags/example_local_kubernetes_executor.py for tasks to queue
[2024-02-16T20:17:25.474+0000] {logging_mixin.py:150} INFO - [2024-02-16T20:17:25.474+0000] {dagbag.py:541} INFO - Filling up the DagBag from /usr/local/python/3.10.13/lib/python3.10/site-packages/airflow/example_dags/example_local_kubernetes_executor.py
[2024-02-16T20:17:25.476+0000] {logging_mixin.py:150} INFO - [2024-02-16T20:17:25.476+0000] {example_local_kubernetes_executor.py:39} WARNING - Could not import DAGs in example_local_kubernetes_executor.py
Traceback (most recent call last):
  File "/usr/local/python/3.10.13/lib/python3.10/site-packages/airflow/example_dags/example_local_kubernetes_executor.py", line 37, in <module>
    from kubernetes.client import models as k8s
ModuleNotFoundError: No module named 'kubernetes'
[2024-02-16T20:17:25.476+0000] {logging_mixin.py:150} INFO - [2024-02-16T20:17:25.476+0000] {example_local_kubernetes_executor.py:40} WARNING - Install Kubernetes dependencies with: pip install apache-airflow[cncf.kubernetes]
[2024-02-16T20:17:25.477+0000] {processor.py:838} WARNING - No viable dags retrieved from /usr/local/python/3.10.13/lib/python3.10/site-packages/airflow/example_dags/example_local_kubernetes_executor.py
[2024-02-16T20:17:25.484+0000] {processor.py:179} INFO - Processing /usr/local/python/3.10.13/lib/python3.10/site-packages/airflow/example_dags/example_local_kubernetes_executor.py took 0.013 seconds
[2024-02-16T20:18:18.512+0000] {processor.py:157} INFO - Started process (PID=24373) to work on /usr/local/python/3.10.13/lib/python3.10/site-packages/airflow/example_dags/example_local_kubernetes_executor.py
[2024-02-16T20:18:18.513+0000] {processor.py:826} INFO - Processing file /usr/local/python/3.10.13/lib/python3.10/site-packages/airflow/example_dags/example_local_kubernetes_executor.py for tasks to queue
[2024-02-16T20:18:18.513+0000] {logging_mixin.py:150} INFO - [2024-02-16T20:18:18.513+0000] {dagbag.py:541} INFO - Filling up the DagBag from /usr/local/python/3.10.13/lib/python3.10/site-packages/airflow/example_dags/example_local_kubernetes_executor.py
[2024-02-16T20:18:18.516+0000] {logging_mixin.py:150} INFO - [2024-02-16T20:18:18.516+0000] {example_local_kubernetes_executor.py:39} WARNING - Could not import DAGs in example_local_kubernetes_executor.py
Traceback (most recent call last):
  File "/usr/local/python/3.10.13/lib/python3.10/site-packages/airflow/example_dags/example_local_kubernetes_executor.py", line 37, in <module>
    from kubernetes.client import models as k8s
ModuleNotFoundError: No module named 'kubernetes'
[2024-02-16T20:18:18.516+0000] {logging_mixin.py:150} INFO - [2024-02-16T20:18:18.516+0000] {example_local_kubernetes_executor.py:40} WARNING - Install Kubernetes dependencies with: pip install apache-airflow[cncf.kubernetes]
[2024-02-16T20:18:18.516+0000] {processor.py:838} WARNING - No viable dags retrieved from /usr/local/python/3.10.13/lib/python3.10/site-packages/airflow/example_dags/example_local_kubernetes_executor.py
[2024-02-16T20:18:18.523+0000] {processor.py:179} INFO - Processing /usr/local/python/3.10.13/lib/python3.10/site-packages/airflow/example_dags/example_local_kubernetes_executor.py took 0.013 seconds
[2024-02-16T20:19:11.503+0000] {processor.py:157} INFO - Started process (PID=24759) to work on /usr/local/python/3.10.13/lib/python3.10/site-packages/airflow/example_dags/example_local_kubernetes_executor.py
[2024-02-16T20:19:11.504+0000] {processor.py:826} INFO - Processing file /usr/local/python/3.10.13/lib/python3.10/site-packages/airflow/example_dags/example_local_kubernetes_executor.py for tasks to queue
[2024-02-16T20:19:11.504+0000] {logging_mixin.py:150} INFO - [2024-02-16T20:19:11.504+0000] {dagbag.py:541} INFO - Filling up the DagBag from /usr/local/python/3.10.13/lib/python3.10/site-packages/airflow/example_dags/example_local_kubernetes_executor.py
[2024-02-16T20:19:11.507+0000] {logging_mixin.py:150} INFO - [2024-02-16T20:19:11.506+0000] {example_local_kubernetes_executor.py:39} WARNING - Could not import DAGs in example_local_kubernetes_executor.py
Traceback (most recent call last):
  File "/usr/local/python/3.10.13/lib/python3.10/site-packages/airflow/example_dags/example_local_kubernetes_executor.py", line 37, in <module>
    from kubernetes.client import models as k8s
ModuleNotFoundError: No module named 'kubernetes'
[2024-02-16T20:19:11.507+0000] {logging_mixin.py:150} INFO - [2024-02-16T20:19:11.507+0000] {example_local_kubernetes_executor.py:40} WARNING - Install Kubernetes dependencies with: pip install apache-airflow[cncf.kubernetes]
[2024-02-16T20:19:11.507+0000] {processor.py:838} WARNING - No viable dags retrieved from /usr/local/python/3.10.13/lib/python3.10/site-packages/airflow/example_dags/example_local_kubernetes_executor.py
[2024-02-16T20:19:11.514+0000] {processor.py:179} INFO - Processing /usr/local/python/3.10.13/lib/python3.10/site-packages/airflow/example_dags/example_local_kubernetes_executor.py took 0.013 seconds
[2024-02-16T20:20:03.912+0000] {processor.py:157} INFO - Started process (PID=25170) to work on /usr/local/python/3.10.13/lib/python3.10/site-packages/airflow/example_dags/example_local_kubernetes_executor.py
[2024-02-16T20:20:03.913+0000] {processor.py:826} INFO - Processing file /usr/local/python/3.10.13/lib/python3.10/site-packages/airflow/example_dags/example_local_kubernetes_executor.py for tasks to queue
[2024-02-16T20:20:03.914+0000] {logging_mixin.py:150} INFO - [2024-02-16T20:20:03.913+0000] {dagbag.py:541} INFO - Filling up the DagBag from /usr/local/python/3.10.13/lib/python3.10/site-packages/airflow/example_dags/example_local_kubernetes_executor.py
[2024-02-16T20:20:03.916+0000] {logging_mixin.py:150} INFO - [2024-02-16T20:20:03.916+0000] {example_local_kubernetes_executor.py:39} WARNING - Could not import DAGs in example_local_kubernetes_executor.py
Traceback (most recent call last):
  File "/usr/local/python/3.10.13/lib/python3.10/site-packages/airflow/example_dags/example_local_kubernetes_executor.py", line 37, in <module>
    from kubernetes.client import models as k8s
ModuleNotFoundError: No module named 'kubernetes'
[2024-02-16T20:20:03.916+0000] {logging_mixin.py:150} INFO - [2024-02-16T20:20:03.916+0000] {example_local_kubernetes_executor.py:40} WARNING - Install Kubernetes dependencies with: pip install apache-airflow[cncf.kubernetes]
[2024-02-16T20:20:03.917+0000] {processor.py:838} WARNING - No viable dags retrieved from /usr/local/python/3.10.13/lib/python3.10/site-packages/airflow/example_dags/example_local_kubernetes_executor.py
[2024-02-16T20:20:03.924+0000] {processor.py:179} INFO - Processing /usr/local/python/3.10.13/lib/python3.10/site-packages/airflow/example_dags/example_local_kubernetes_executor.py took 0.013 seconds
[2024-02-16T20:20:57.811+0000] {processor.py:157} INFO - Started process (PID=25569) to work on /usr/local/python/3.10.13/lib/python3.10/site-packages/airflow/example_dags/example_local_kubernetes_executor.py
[2024-02-16T20:20:57.811+0000] {processor.py:826} INFO - Processing file /usr/local/python/3.10.13/lib/python3.10/site-packages/airflow/example_dags/example_local_kubernetes_executor.py for tasks to queue
[2024-02-16T20:20:57.812+0000] {logging_mixin.py:150} INFO - [2024-02-16T20:20:57.812+0000] {dagbag.py:541} INFO - Filling up the DagBag from /usr/local/python/3.10.13/lib/python3.10/site-packages/airflow/example_dags/example_local_kubernetes_executor.py
[2024-02-16T20:20:57.815+0000] {logging_mixin.py:150} INFO - [2024-02-16T20:20:57.814+0000] {example_local_kubernetes_executor.py:39} WARNING - Could not import DAGs in example_local_kubernetes_executor.py
Traceback (most recent call last):
  File "/usr/local/python/3.10.13/lib/python3.10/site-packages/airflow/example_dags/example_local_kubernetes_executor.py", line 37, in <module>
    from kubernetes.client import models as k8s
ModuleNotFoundError: No module named 'kubernetes'
[2024-02-16T20:20:57.815+0000] {logging_mixin.py:150} INFO - [2024-02-16T20:20:57.815+0000] {example_local_kubernetes_executor.py:40} WARNING - Install Kubernetes dependencies with: pip install apache-airflow[cncf.kubernetes]
[2024-02-16T20:20:57.815+0000] {processor.py:838} WARNING - No viable dags retrieved from /usr/local/python/3.10.13/lib/python3.10/site-packages/airflow/example_dags/example_local_kubernetes_executor.py
[2024-02-16T20:20:57.825+0000] {processor.py:179} INFO - Processing /usr/local/python/3.10.13/lib/python3.10/site-packages/airflow/example_dags/example_local_kubernetes_executor.py took 0.016 seconds
[2024-02-16T20:21:52.361+0000] {processor.py:157} INFO - Started process (PID=25968) to work on /usr/local/python/3.10.13/lib/python3.10/site-packages/airflow/example_dags/example_local_kubernetes_executor.py
[2024-02-16T20:21:52.361+0000] {processor.py:826} INFO - Processing file /usr/local/python/3.10.13/lib/python3.10/site-packages/airflow/example_dags/example_local_kubernetes_executor.py for tasks to queue
[2024-02-16T20:21:52.362+0000] {logging_mixin.py:150} INFO - [2024-02-16T20:21:52.362+0000] {dagbag.py:541} INFO - Filling up the DagBag from /usr/local/python/3.10.13/lib/python3.10/site-packages/airflow/example_dags/example_local_kubernetes_executor.py
[2024-02-16T20:21:52.365+0000] {logging_mixin.py:150} INFO - [2024-02-16T20:21:52.364+0000] {example_local_kubernetes_executor.py:39} WARNING - Could not import DAGs in example_local_kubernetes_executor.py
Traceback (most recent call last):
  File "/usr/local/python/3.10.13/lib/python3.10/site-packages/airflow/example_dags/example_local_kubernetes_executor.py", line 37, in <module>
    from kubernetes.client import models as k8s
ModuleNotFoundError: No module named 'kubernetes'
[2024-02-16T20:21:52.365+0000] {logging_mixin.py:150} INFO - [2024-02-16T20:21:52.365+0000] {example_local_kubernetes_executor.py:40} WARNING - Install Kubernetes dependencies with: pip install apache-airflow[cncf.kubernetes]
[2024-02-16T20:21:52.365+0000] {processor.py:838} WARNING - No viable dags retrieved from /usr/local/python/3.10.13/lib/python3.10/site-packages/airflow/example_dags/example_local_kubernetes_executor.py
[2024-02-16T20:21:52.372+0000] {processor.py:179} INFO - Processing /usr/local/python/3.10.13/lib/python3.10/site-packages/airflow/example_dags/example_local_kubernetes_executor.py took 0.014 seconds
[2024-02-16T20:22:46.942+0000] {processor.py:157} INFO - Started process (PID=26394) to work on /usr/local/python/3.10.13/lib/python3.10/site-packages/airflow/example_dags/example_local_kubernetes_executor.py
[2024-02-16T20:22:46.942+0000] {processor.py:826} INFO - Processing file /usr/local/python/3.10.13/lib/python3.10/site-packages/airflow/example_dags/example_local_kubernetes_executor.py for tasks to queue
[2024-02-16T20:22:46.943+0000] {logging_mixin.py:150} INFO - [2024-02-16T20:22:46.943+0000] {dagbag.py:541} INFO - Filling up the DagBag from /usr/local/python/3.10.13/lib/python3.10/site-packages/airflow/example_dags/example_local_kubernetes_executor.py
[2024-02-16T20:22:46.945+0000] {logging_mixin.py:150} INFO - [2024-02-16T20:22:46.945+0000] {example_local_kubernetes_executor.py:39} WARNING - Could not import DAGs in example_local_kubernetes_executor.py
Traceback (most recent call last):
  File "/usr/local/python/3.10.13/lib/python3.10/site-packages/airflow/example_dags/example_local_kubernetes_executor.py", line 37, in <module>
    from kubernetes.client import models as k8s
ModuleNotFoundError: No module named 'kubernetes'
[2024-02-16T20:22:46.946+0000] {logging_mixin.py:150} INFO - [2024-02-16T20:22:46.946+0000] {example_local_kubernetes_executor.py:40} WARNING - Install Kubernetes dependencies with: pip install apache-airflow[cncf.kubernetes]
[2024-02-16T20:22:46.946+0000] {processor.py:838} WARNING - No viable dags retrieved from /usr/local/python/3.10.13/lib/python3.10/site-packages/airflow/example_dags/example_local_kubernetes_executor.py
[2024-02-16T20:22:46.952+0000] {processor.py:179} INFO - Processing /usr/local/python/3.10.13/lib/python3.10/site-packages/airflow/example_dags/example_local_kubernetes_executor.py took 0.013 seconds
[2024-02-16T20:23:37.690+0000] {processor.py:157} INFO - Started process (PID=26761) to work on /usr/local/python/3.10.13/lib/python3.10/site-packages/airflow/example_dags/example_local_kubernetes_executor.py
[2024-02-16T20:23:37.690+0000] {processor.py:826} INFO - Processing file /usr/local/python/3.10.13/lib/python3.10/site-packages/airflow/example_dags/example_local_kubernetes_executor.py for tasks to queue
[2024-02-16T20:23:37.691+0000] {logging_mixin.py:150} INFO - [2024-02-16T20:23:37.691+0000] {dagbag.py:541} INFO - Filling up the DagBag from /usr/local/python/3.10.13/lib/python3.10/site-packages/airflow/example_dags/example_local_kubernetes_executor.py
[2024-02-16T20:23:37.694+0000] {logging_mixin.py:150} INFO - [2024-02-16T20:23:37.693+0000] {example_local_kubernetes_executor.py:39} WARNING - Could not import DAGs in example_local_kubernetes_executor.py
Traceback (most recent call last):
  File "/usr/local/python/3.10.13/lib/python3.10/site-packages/airflow/example_dags/example_local_kubernetes_executor.py", line 37, in <module>
    from kubernetes.client import models as k8s
ModuleNotFoundError: No module named 'kubernetes'
[2024-02-16T20:23:37.694+0000] {logging_mixin.py:150} INFO - [2024-02-16T20:23:37.694+0000] {example_local_kubernetes_executor.py:40} WARNING - Install Kubernetes dependencies with: pip install apache-airflow[cncf.kubernetes]
[2024-02-16T20:23:37.694+0000] {processor.py:838} WARNING - No viable dags retrieved from /usr/local/python/3.10.13/lib/python3.10/site-packages/airflow/example_dags/example_local_kubernetes_executor.py
[2024-02-16T20:23:37.701+0000] {processor.py:179} INFO - Processing /usr/local/python/3.10.13/lib/python3.10/site-packages/airflow/example_dags/example_local_kubernetes_executor.py took 0.014 seconds
[2024-02-16T20:24:35.469+0000] {processor.py:157} INFO - Started process (PID=27257) to work on /usr/local/python/3.10.13/lib/python3.10/site-packages/airflow/example_dags/example_local_kubernetes_executor.py
[2024-02-16T20:24:35.470+0000] {processor.py:826} INFO - Processing file /usr/local/python/3.10.13/lib/python3.10/site-packages/airflow/example_dags/example_local_kubernetes_executor.py for tasks to queue
[2024-02-16T20:24:35.471+0000] {logging_mixin.py:150} INFO - [2024-02-16T20:24:35.470+0000] {dagbag.py:541} INFO - Filling up the DagBag from /usr/local/python/3.10.13/lib/python3.10/site-packages/airflow/example_dags/example_local_kubernetes_executor.py
[2024-02-16T20:24:35.473+0000] {logging_mixin.py:150} INFO - [2024-02-16T20:24:35.473+0000] {example_local_kubernetes_executor.py:39} WARNING - Could not import DAGs in example_local_kubernetes_executor.py
Traceback (most recent call last):
  File "/usr/local/python/3.10.13/lib/python3.10/site-packages/airflow/example_dags/example_local_kubernetes_executor.py", line 37, in <module>
    from kubernetes.client import models as k8s
ModuleNotFoundError: No module named 'kubernetes'
[2024-02-16T20:24:35.473+0000] {logging_mixin.py:150} INFO - [2024-02-16T20:24:35.473+0000] {example_local_kubernetes_executor.py:40} WARNING - Install Kubernetes dependencies with: pip install apache-airflow[cncf.kubernetes]
[2024-02-16T20:24:35.474+0000] {processor.py:838} WARNING - No viable dags retrieved from /usr/local/python/3.10.13/lib/python3.10/site-packages/airflow/example_dags/example_local_kubernetes_executor.py
[2024-02-16T20:24:35.480+0000] {processor.py:179} INFO - Processing /usr/local/python/3.10.13/lib/python3.10/site-packages/airflow/example_dags/example_local_kubernetes_executor.py took 0.013 seconds
