[2024-02-16T20:09:34.311+0000] {processor.py:157} INFO - Started process (PID=20236) to work on /usr/local/python/3.10.13/lib/python3.10/site-packages/airflow/example_dags/example_branch_operator_decorator.py
[2024-02-16T20:09:34.312+0000] {processor.py:826} INFO - Processing file /usr/local/python/3.10.13/lib/python3.10/site-packages/airflow/example_dags/example_branch_operator_decorator.py for tasks to queue
[2024-02-16T20:09:34.312+0000] {logging_mixin.py:150} INFO - [2024-02-16T20:09:34.312+0000] {dagbag.py:541} INFO - Filling up the DagBag from /usr/local/python/3.10.13/lib/python3.10/site-packages/airflow/example_dags/example_branch_operator_decorator.py
[2024-02-16T20:09:34.321+0000] {processor.py:836} INFO - DAG(s) dict_keys(['example_branch_python_operator_decorator']) retrieved from /usr/local/python/3.10.13/lib/python3.10/site-packages/airflow/example_dags/example_branch_operator_decorator.py
[2024-02-16T20:09:34.473+0000] {logging_mixin.py:150} INFO - [2024-02-16T20:09:34.473+0000] {manager.py:504} INFO - Created Permission View: can read on DAG:example_branch_python_operator_decorator
[2024-02-16T20:09:34.514+0000] {logging_mixin.py:150} INFO - [2024-02-16T20:09:34.514+0000] {manager.py:504} INFO - Created Permission View: can edit on DAG:example_branch_python_operator_decorator
[2024-02-16T20:09:34.567+0000] {logging_mixin.py:150} INFO - [2024-02-16T20:09:34.567+0000] {manager.py:504} INFO - Created Permission View: can delete on DAG:example_branch_python_operator_decorator
[2024-02-16T20:09:34.581+0000] {logging_mixin.py:150} INFO - [2024-02-16T20:09:34.581+0000] {dag.py:2742} INFO - Sync 1 DAGs
[2024-02-16T20:09:34.591+0000] {logging_mixin.py:150} INFO - [2024-02-16T20:09:34.591+0000] {dag.py:2763} INFO - Creating ORM DAG for example_branch_python_operator_decorator
[2024-02-16T20:09:34.603+0000] {logging_mixin.py:150} INFO - [2024-02-16T20:09:34.603+0000] {dag.py:3504} INFO - Setting next_dagrun for example_branch_python_operator_decorator to 2024-02-15T00:00:00+00:00, run_after=2024-02-16T00:00:00+00:00
[2024-02-16T20:09:34.666+0000] {processor.py:179} INFO - Processing /usr/local/python/3.10.13/lib/python3.10/site-packages/airflow/example_dags/example_branch_operator_decorator.py took 0.357 seconds
[2024-02-16T20:10:25.881+0000] {processor.py:157} INFO - Started process (PID=20685) to work on /usr/local/python/3.10.13/lib/python3.10/site-packages/airflow/example_dags/example_branch_operator_decorator.py
[2024-02-16T20:10:25.882+0000] {processor.py:826} INFO - Processing file /usr/local/python/3.10.13/lib/python3.10/site-packages/airflow/example_dags/example_branch_operator_decorator.py for tasks to queue
[2024-02-16T20:10:25.882+0000] {logging_mixin.py:150} INFO - [2024-02-16T20:10:25.882+0000] {dagbag.py:541} INFO - Filling up the DagBag from /usr/local/python/3.10.13/lib/python3.10/site-packages/airflow/example_dags/example_branch_operator_decorator.py
[2024-02-16T20:10:25.891+0000] {processor.py:836} INFO - DAG(s) dict_keys(['example_branch_python_operator_decorator']) retrieved from /usr/local/python/3.10.13/lib/python3.10/site-packages/airflow/example_dags/example_branch_operator_decorator.py
[2024-02-16T20:10:25.904+0000] {logging_mixin.py:150} INFO - [2024-02-16T20:10:25.904+0000] {dag.py:2742} INFO - Sync 1 DAGs
[2024-02-16T20:10:25.921+0000] {logging_mixin.py:150} INFO - [2024-02-16T20:10:25.921+0000] {dag.py:3504} INFO - Setting next_dagrun for example_branch_python_operator_decorator to 2024-02-15T00:00:00+00:00, run_after=2024-02-16T00:00:00+00:00
[2024-02-16T20:10:25.965+0000] {processor.py:179} INFO - Processing /usr/local/python/3.10.13/lib/python3.10/site-packages/airflow/example_dags/example_branch_operator_decorator.py took 0.087 seconds
[2024-02-16T20:11:42.292+0000] {processor.py:157} INFO - Started process (PID=21423) to work on /usr/local/python/3.10.13/lib/python3.10/site-packages/airflow/example_dags/example_branch_operator_decorator.py
[2024-02-16T20:11:42.292+0000] {processor.py:826} INFO - Processing file /usr/local/python/3.10.13/lib/python3.10/site-packages/airflow/example_dags/example_branch_operator_decorator.py for tasks to queue
[2024-02-16T20:11:42.293+0000] {logging_mixin.py:150} INFO - [2024-02-16T20:11:42.293+0000] {dagbag.py:541} INFO - Filling up the DagBag from /usr/local/python/3.10.13/lib/python3.10/site-packages/airflow/example_dags/example_branch_operator_decorator.py
[2024-02-16T20:11:42.300+0000] {processor.py:836} INFO - DAG(s) dict_keys(['example_branch_python_operator_decorator']) retrieved from /usr/local/python/3.10.13/lib/python3.10/site-packages/airflow/example_dags/example_branch_operator_decorator.py
[2024-02-16T20:11:42.315+0000] {logging_mixin.py:150} INFO - [2024-02-16T20:11:42.315+0000] {dag.py:2742} INFO - Sync 1 DAGs
[2024-02-16T20:11:42.331+0000] {logging_mixin.py:150} INFO - [2024-02-16T20:11:42.331+0000] {dag.py:3504} INFO - Setting next_dagrun for example_branch_python_operator_decorator to 2024-02-15T00:00:00+00:00, run_after=2024-02-16T00:00:00+00:00
[2024-02-16T20:11:42.379+0000] {processor.py:179} INFO - Processing /usr/local/python/3.10.13/lib/python3.10/site-packages/airflow/example_dags/example_branch_operator_decorator.py took 0.090 seconds
[2024-02-16T20:12:29.208+0000] {processor.py:157} INFO - Started process (PID=21771) to work on /usr/local/python/3.10.13/lib/python3.10/site-packages/airflow/example_dags/example_branch_operator_decorator.py
[2024-02-16T20:12:29.208+0000] {processor.py:826} INFO - Processing file /usr/local/python/3.10.13/lib/python3.10/site-packages/airflow/example_dags/example_branch_operator_decorator.py for tasks to queue
[2024-02-16T20:12:29.209+0000] {logging_mixin.py:150} INFO - [2024-02-16T20:12:29.209+0000] {dagbag.py:541} INFO - Filling up the DagBag from /usr/local/python/3.10.13/lib/python3.10/site-packages/airflow/example_dags/example_branch_operator_decorator.py
[2024-02-16T20:12:29.219+0000] {processor.py:836} INFO - DAG(s) dict_keys(['example_branch_python_operator_decorator']) retrieved from /usr/local/python/3.10.13/lib/python3.10/site-packages/airflow/example_dags/example_branch_operator_decorator.py
[2024-02-16T20:12:29.232+0000] {logging_mixin.py:150} INFO - [2024-02-16T20:12:29.232+0000] {dag.py:2742} INFO - Sync 1 DAGs
[2024-02-16T20:12:29.248+0000] {logging_mixin.py:150} INFO - [2024-02-16T20:12:29.248+0000] {dag.py:3504} INFO - Setting next_dagrun for example_branch_python_operator_decorator to 2024-02-15T00:00:00+00:00, run_after=2024-02-16T00:00:00+00:00
[2024-02-16T20:12:29.292+0000] {processor.py:179} INFO - Processing /usr/local/python/3.10.13/lib/python3.10/site-packages/airflow/example_dags/example_branch_operator_decorator.py took 0.088 seconds
[2024-02-16T20:13:19.408+0000] {processor.py:157} INFO - Started process (PID=22144) to work on /usr/local/python/3.10.13/lib/python3.10/site-packages/airflow/example_dags/example_branch_operator_decorator.py
[2024-02-16T20:13:19.409+0000] {processor.py:826} INFO - Processing file /usr/local/python/3.10.13/lib/python3.10/site-packages/airflow/example_dags/example_branch_operator_decorator.py for tasks to queue
[2024-02-16T20:13:19.410+0000] {logging_mixin.py:150} INFO - [2024-02-16T20:13:19.409+0000] {dagbag.py:541} INFO - Filling up the DagBag from /usr/local/python/3.10.13/lib/python3.10/site-packages/airflow/example_dags/example_branch_operator_decorator.py
[2024-02-16T20:13:19.422+0000] {processor.py:836} INFO - DAG(s) dict_keys(['example_branch_python_operator_decorator']) retrieved from /usr/local/python/3.10.13/lib/python3.10/site-packages/airflow/example_dags/example_branch_operator_decorator.py
[2024-02-16T20:13:19.443+0000] {logging_mixin.py:150} INFO - [2024-02-16T20:13:19.443+0000] {dag.py:2742} INFO - Sync 1 DAGs
[2024-02-16T20:13:19.469+0000] {logging_mixin.py:150} INFO - [2024-02-16T20:13:19.469+0000] {dag.py:3504} INFO - Setting next_dagrun for example_branch_python_operator_decorator to 2024-02-15T00:00:00+00:00, run_after=2024-02-16T00:00:00+00:00
[2024-02-16T20:13:19.522+0000] {processor.py:179} INFO - Processing /usr/local/python/3.10.13/lib/python3.10/site-packages/airflow/example_dags/example_branch_operator_decorator.py took 0.117 seconds
[2024-02-16T20:14:12.475+0000] {processor.py:157} INFO - Started process (PID=22533) to work on /usr/local/python/3.10.13/lib/python3.10/site-packages/airflow/example_dags/example_branch_operator_decorator.py
[2024-02-16T20:14:12.475+0000] {processor.py:826} INFO - Processing file /usr/local/python/3.10.13/lib/python3.10/site-packages/airflow/example_dags/example_branch_operator_decorator.py for tasks to queue
[2024-02-16T20:14:12.476+0000] {logging_mixin.py:150} INFO - [2024-02-16T20:14:12.476+0000] {dagbag.py:541} INFO - Filling up the DagBag from /usr/local/python/3.10.13/lib/python3.10/site-packages/airflow/example_dags/example_branch_operator_decorator.py
[2024-02-16T20:14:12.484+0000] {processor.py:836} INFO - DAG(s) dict_keys(['example_branch_python_operator_decorator']) retrieved from /usr/local/python/3.10.13/lib/python3.10/site-packages/airflow/example_dags/example_branch_operator_decorator.py
[2024-02-16T20:14:12.497+0000] {logging_mixin.py:150} INFO - [2024-02-16T20:14:12.497+0000] {dag.py:2742} INFO - Sync 1 DAGs
[2024-02-16T20:14:12.514+0000] {logging_mixin.py:150} INFO - [2024-02-16T20:14:12.513+0000] {dag.py:3504} INFO - Setting next_dagrun for example_branch_python_operator_decorator to 2024-02-15T00:00:00+00:00, run_after=2024-02-16T00:00:00+00:00
[2024-02-16T20:14:12.562+0000] {processor.py:179} INFO - Processing /usr/local/python/3.10.13/lib/python3.10/site-packages/airflow/example_dags/example_branch_operator_decorator.py took 0.089 seconds
[2024-02-16T20:15:06.726+0000] {processor.py:157} INFO - Started process (PID=22936) to work on /usr/local/python/3.10.13/lib/python3.10/site-packages/airflow/example_dags/example_branch_operator_decorator.py
[2024-02-16T20:15:06.727+0000] {processor.py:826} INFO - Processing file /usr/local/python/3.10.13/lib/python3.10/site-packages/airflow/example_dags/example_branch_operator_decorator.py for tasks to queue
[2024-02-16T20:15:06.727+0000] {logging_mixin.py:150} INFO - [2024-02-16T20:15:06.727+0000] {dagbag.py:541} INFO - Filling up the DagBag from /usr/local/python/3.10.13/lib/python3.10/site-packages/airflow/example_dags/example_branch_operator_decorator.py
[2024-02-16T20:15:06.735+0000] {processor.py:836} INFO - DAG(s) dict_keys(['example_branch_python_operator_decorator']) retrieved from /usr/local/python/3.10.13/lib/python3.10/site-packages/airflow/example_dags/example_branch_operator_decorator.py
[2024-02-16T20:15:06.749+0000] {logging_mixin.py:150} INFO - [2024-02-16T20:15:06.749+0000] {dag.py:2742} INFO - Sync 1 DAGs
[2024-02-16T20:15:06.765+0000] {logging_mixin.py:150} INFO - [2024-02-16T20:15:06.765+0000] {dag.py:3504} INFO - Setting next_dagrun for example_branch_python_operator_decorator to 2024-02-15T00:00:00+00:00, run_after=2024-02-16T00:00:00+00:00
[2024-02-16T20:15:06.829+0000] {processor.py:179} INFO - Processing /usr/local/python/3.10.13/lib/python3.10/site-packages/airflow/example_dags/example_branch_operator_decorator.py took 0.105 seconds
[2024-02-16T20:15:56.740+0000] {processor.py:157} INFO - Started process (PID=23317) to work on /usr/local/python/3.10.13/lib/python3.10/site-packages/airflow/example_dags/example_branch_operator_decorator.py
[2024-02-16T20:15:56.740+0000] {processor.py:826} INFO - Processing file /usr/local/python/3.10.13/lib/python3.10/site-packages/airflow/example_dags/example_branch_operator_decorator.py for tasks to queue
[2024-02-16T20:15:56.741+0000] {logging_mixin.py:150} INFO - [2024-02-16T20:15:56.741+0000] {dagbag.py:541} INFO - Filling up the DagBag from /usr/local/python/3.10.13/lib/python3.10/site-packages/airflow/example_dags/example_branch_operator_decorator.py
[2024-02-16T20:15:56.749+0000] {processor.py:836} INFO - DAG(s) dict_keys(['example_branch_python_operator_decorator']) retrieved from /usr/local/python/3.10.13/lib/python3.10/site-packages/airflow/example_dags/example_branch_operator_decorator.py
[2024-02-16T20:15:56.763+0000] {logging_mixin.py:150} INFO - [2024-02-16T20:15:56.763+0000] {dag.py:2742} INFO - Sync 1 DAGs
[2024-02-16T20:15:56.780+0000] {logging_mixin.py:150} INFO - [2024-02-16T20:15:56.780+0000] {dag.py:3504} INFO - Setting next_dagrun for example_branch_python_operator_decorator to 2024-02-15T00:00:00+00:00, run_after=2024-02-16T00:00:00+00:00
[2024-02-16T20:15:56.830+0000] {processor.py:179} INFO - Processing /usr/local/python/3.10.13/lib/python3.10/site-packages/airflow/example_dags/example_branch_operator_decorator.py took 0.093 seconds
[2024-02-16T20:16:51.602+0000] {processor.py:157} INFO - Started process (PID=23737) to work on /usr/local/python/3.10.13/lib/python3.10/site-packages/airflow/example_dags/example_branch_operator_decorator.py
[2024-02-16T20:16:51.603+0000] {processor.py:826} INFO - Processing file /usr/local/python/3.10.13/lib/python3.10/site-packages/airflow/example_dags/example_branch_operator_decorator.py for tasks to queue
[2024-02-16T20:16:51.604+0000] {logging_mixin.py:150} INFO - [2024-02-16T20:16:51.604+0000] {dagbag.py:541} INFO - Filling up the DagBag from /usr/local/python/3.10.13/lib/python3.10/site-packages/airflow/example_dags/example_branch_operator_decorator.py
[2024-02-16T20:16:51.612+0000] {processor.py:836} INFO - DAG(s) dict_keys(['example_branch_python_operator_decorator']) retrieved from /usr/local/python/3.10.13/lib/python3.10/site-packages/airflow/example_dags/example_branch_operator_decorator.py
[2024-02-16T20:16:51.626+0000] {logging_mixin.py:150} INFO - [2024-02-16T20:16:51.626+0000] {dag.py:2742} INFO - Sync 1 DAGs
[2024-02-16T20:16:51.642+0000] {logging_mixin.py:150} INFO - [2024-02-16T20:16:51.642+0000] {dag.py:3504} INFO - Setting next_dagrun for example_branch_python_operator_decorator to 2024-02-15T00:00:00+00:00, run_after=2024-02-16T00:00:00+00:00
[2024-02-16T20:16:51.712+0000] {processor.py:179} INFO - Processing /usr/local/python/3.10.13/lib/python3.10/site-packages/airflow/example_dags/example_branch_operator_decorator.py took 0.111 seconds
[2024-02-16T20:17:43.545+0000] {processor.py:157} INFO - Started process (PID=24118) to work on /usr/local/python/3.10.13/lib/python3.10/site-packages/airflow/example_dags/example_branch_operator_decorator.py
[2024-02-16T20:17:43.546+0000] {processor.py:826} INFO - Processing file /usr/local/python/3.10.13/lib/python3.10/site-packages/airflow/example_dags/example_branch_operator_decorator.py for tasks to queue
[2024-02-16T20:17:43.546+0000] {logging_mixin.py:150} INFO - [2024-02-16T20:17:43.546+0000] {dagbag.py:541} INFO - Filling up the DagBag from /usr/local/python/3.10.13/lib/python3.10/site-packages/airflow/example_dags/example_branch_operator_decorator.py
[2024-02-16T20:17:43.554+0000] {processor.py:836} INFO - DAG(s) dict_keys(['example_branch_python_operator_decorator']) retrieved from /usr/local/python/3.10.13/lib/python3.10/site-packages/airflow/example_dags/example_branch_operator_decorator.py
[2024-02-16T20:17:43.567+0000] {logging_mixin.py:150} INFO - [2024-02-16T20:17:43.567+0000] {dag.py:2742} INFO - Sync 1 DAGs
[2024-02-16T20:17:43.584+0000] {logging_mixin.py:150} INFO - [2024-02-16T20:17:43.583+0000] {dag.py:3504} INFO - Setting next_dagrun for example_branch_python_operator_decorator to 2024-02-15T00:00:00+00:00, run_after=2024-02-16T00:00:00+00:00
[2024-02-16T20:17:43.631+0000] {processor.py:179} INFO - Processing /usr/local/python/3.10.13/lib/python3.10/site-packages/airflow/example_dags/example_branch_operator_decorator.py took 0.088 seconds
[2024-02-16T20:18:37.763+0000] {processor.py:157} INFO - Started process (PID=24515) to work on /usr/local/python/3.10.13/lib/python3.10/site-packages/airflow/example_dags/example_branch_operator_decorator.py
[2024-02-16T20:18:37.764+0000] {processor.py:826} INFO - Processing file /usr/local/python/3.10.13/lib/python3.10/site-packages/airflow/example_dags/example_branch_operator_decorator.py for tasks to queue
[2024-02-16T20:18:37.765+0000] {logging_mixin.py:150} INFO - [2024-02-16T20:18:37.764+0000] {dagbag.py:541} INFO - Filling up the DagBag from /usr/local/python/3.10.13/lib/python3.10/site-packages/airflow/example_dags/example_branch_operator_decorator.py
[2024-02-16T20:18:37.773+0000] {processor.py:836} INFO - DAG(s) dict_keys(['example_branch_python_operator_decorator']) retrieved from /usr/local/python/3.10.13/lib/python3.10/site-packages/airflow/example_dags/example_branch_operator_decorator.py
[2024-02-16T20:18:37.787+0000] {logging_mixin.py:150} INFO - [2024-02-16T20:18:37.787+0000] {dag.py:2742} INFO - Sync 1 DAGs
[2024-02-16T20:18:37.804+0000] {logging_mixin.py:150} INFO - [2024-02-16T20:18:37.804+0000] {dag.py:3504} INFO - Setting next_dagrun for example_branch_python_operator_decorator to 2024-02-15T00:00:00+00:00, run_after=2024-02-16T00:00:00+00:00
[2024-02-16T20:18:37.859+0000] {processor.py:179} INFO - Processing /usr/local/python/3.10.13/lib/python3.10/site-packages/airflow/example_dags/example_branch_operator_decorator.py took 0.098 seconds
[2024-02-16T20:19:29.345+0000] {processor.py:157} INFO - Started process (PID=24902) to work on /usr/local/python/3.10.13/lib/python3.10/site-packages/airflow/example_dags/example_branch_operator_decorator.py
[2024-02-16T20:19:29.346+0000] {processor.py:826} INFO - Processing file /usr/local/python/3.10.13/lib/python3.10/site-packages/airflow/example_dags/example_branch_operator_decorator.py for tasks to queue
[2024-02-16T20:19:29.347+0000] {logging_mixin.py:150} INFO - [2024-02-16T20:19:29.346+0000] {dagbag.py:541} INFO - Filling up the DagBag from /usr/local/python/3.10.13/lib/python3.10/site-packages/airflow/example_dags/example_branch_operator_decorator.py
[2024-02-16T20:19:29.354+0000] {processor.py:836} INFO - DAG(s) dict_keys(['example_branch_python_operator_decorator']) retrieved from /usr/local/python/3.10.13/lib/python3.10/site-packages/airflow/example_dags/example_branch_operator_decorator.py
[2024-02-16T20:19:29.368+0000] {logging_mixin.py:150} INFO - [2024-02-16T20:19:29.368+0000] {dag.py:2742} INFO - Sync 1 DAGs
[2024-02-16T20:19:29.386+0000] {logging_mixin.py:150} INFO - [2024-02-16T20:19:29.385+0000] {dag.py:3504} INFO - Setting next_dagrun for example_branch_python_operator_decorator to 2024-02-15T00:00:00+00:00, run_after=2024-02-16T00:00:00+00:00
[2024-02-16T20:19:29.433+0000] {processor.py:179} INFO - Processing /usr/local/python/3.10.13/lib/python3.10/site-packages/airflow/example_dags/example_branch_operator_decorator.py took 0.090 seconds
[2024-02-16T20:20:24.632+0000] {processor.py:157} INFO - Started process (PID=25322) to work on /usr/local/python/3.10.13/lib/python3.10/site-packages/airflow/example_dags/example_branch_operator_decorator.py
[2024-02-16T20:20:24.632+0000] {processor.py:826} INFO - Processing file /usr/local/python/3.10.13/lib/python3.10/site-packages/airflow/example_dags/example_branch_operator_decorator.py for tasks to queue
[2024-02-16T20:20:24.633+0000] {logging_mixin.py:150} INFO - [2024-02-16T20:20:24.633+0000] {dagbag.py:541} INFO - Filling up the DagBag from /usr/local/python/3.10.13/lib/python3.10/site-packages/airflow/example_dags/example_branch_operator_decorator.py
[2024-02-16T20:20:24.641+0000] {processor.py:836} INFO - DAG(s) dict_keys(['example_branch_python_operator_decorator']) retrieved from /usr/local/python/3.10.13/lib/python3.10/site-packages/airflow/example_dags/example_branch_operator_decorator.py
[2024-02-16T20:20:24.654+0000] {logging_mixin.py:150} INFO - [2024-02-16T20:20:24.654+0000] {dag.py:2742} INFO - Sync 1 DAGs
[2024-02-16T20:20:24.671+0000] {logging_mixin.py:150} INFO - [2024-02-16T20:20:24.671+0000] {dag.py:3504} INFO - Setting next_dagrun for example_branch_python_operator_decorator to 2024-02-15T00:00:00+00:00, run_after=2024-02-16T00:00:00+00:00
[2024-02-16T20:20:24.719+0000] {processor.py:179} INFO - Processing /usr/local/python/3.10.13/lib/python3.10/site-packages/airflow/example_dags/example_branch_operator_decorator.py took 0.089 seconds
[2024-02-16T20:21:15.780+0000] {processor.py:157} INFO - Started process (PID=25701) to work on /usr/local/python/3.10.13/lib/python3.10/site-packages/airflow/example_dags/example_branch_operator_decorator.py
[2024-02-16T20:21:15.781+0000] {processor.py:826} INFO - Processing file /usr/local/python/3.10.13/lib/python3.10/site-packages/airflow/example_dags/example_branch_operator_decorator.py for tasks to queue
[2024-02-16T20:21:15.781+0000] {logging_mixin.py:150} INFO - [2024-02-16T20:21:15.781+0000] {dagbag.py:541} INFO - Filling up the DagBag from /usr/local/python/3.10.13/lib/python3.10/site-packages/airflow/example_dags/example_branch_operator_decorator.py
[2024-02-16T20:21:15.789+0000] {processor.py:836} INFO - DAG(s) dict_keys(['example_branch_python_operator_decorator']) retrieved from /usr/local/python/3.10.13/lib/python3.10/site-packages/airflow/example_dags/example_branch_operator_decorator.py
[2024-02-16T20:21:15.802+0000] {logging_mixin.py:150} INFO - [2024-02-16T20:21:15.802+0000] {dag.py:2742} INFO - Sync 1 DAGs
[2024-02-16T20:21:15.819+0000] {logging_mixin.py:150} INFO - [2024-02-16T20:21:15.818+0000] {dag.py:3504} INFO - Setting next_dagrun for example_branch_python_operator_decorator to 2024-02-15T00:00:00+00:00, run_after=2024-02-16T00:00:00+00:00
[2024-02-16T20:21:15.872+0000] {processor.py:179} INFO - Processing /usr/local/python/3.10.13/lib/python3.10/site-packages/airflow/example_dags/example_branch_operator_decorator.py took 0.095 seconds
[2024-02-16T20:22:11.933+0000] {processor.py:157} INFO - Started process (PID=26123) to work on /usr/local/python/3.10.13/lib/python3.10/site-packages/airflow/example_dags/example_branch_operator_decorator.py
[2024-02-16T20:22:11.941+0000] {processor.py:826} INFO - Processing file /usr/local/python/3.10.13/lib/python3.10/site-packages/airflow/example_dags/example_branch_operator_decorator.py for tasks to queue
[2024-02-16T20:22:11.942+0000] {logging_mixin.py:150} INFO - [2024-02-16T20:22:11.941+0000] {dagbag.py:541} INFO - Filling up the DagBag from /usr/local/python/3.10.13/lib/python3.10/site-packages/airflow/example_dags/example_branch_operator_decorator.py
[2024-02-16T20:22:11.951+0000] {processor.py:836} INFO - DAG(s) dict_keys(['example_branch_python_operator_decorator']) retrieved from /usr/local/python/3.10.13/lib/python3.10/site-packages/airflow/example_dags/example_branch_operator_decorator.py
[2024-02-16T20:22:11.965+0000] {logging_mixin.py:150} INFO - [2024-02-16T20:22:11.965+0000] {dag.py:2742} INFO - Sync 1 DAGs
[2024-02-16T20:22:11.983+0000] {logging_mixin.py:150} INFO - [2024-02-16T20:22:11.983+0000] {dag.py:3504} INFO - Setting next_dagrun for example_branch_python_operator_decorator to 2024-02-15T00:00:00+00:00, run_after=2024-02-16T00:00:00+00:00
[2024-02-16T20:22:12.030+0000] {processor.py:179} INFO - Processing /usr/local/python/3.10.13/lib/python3.10/site-packages/airflow/example_dags/example_branch_operator_decorator.py took 0.102 seconds
[2024-02-16T20:23:07.109+0000] {processor.py:157} INFO - Started process (PID=26551) to work on /usr/local/python/3.10.13/lib/python3.10/site-packages/airflow/example_dags/example_branch_operator_decorator.py
[2024-02-16T20:23:07.110+0000] {processor.py:826} INFO - Processing file /usr/local/python/3.10.13/lib/python3.10/site-packages/airflow/example_dags/example_branch_operator_decorator.py for tasks to queue
[2024-02-16T20:23:07.110+0000] {logging_mixin.py:150} INFO - [2024-02-16T20:23:07.110+0000] {dagbag.py:541} INFO - Filling up the DagBag from /usr/local/python/3.10.13/lib/python3.10/site-packages/airflow/example_dags/example_branch_operator_decorator.py
[2024-02-16T20:23:07.118+0000] {processor.py:836} INFO - DAG(s) dict_keys(['example_branch_python_operator_decorator']) retrieved from /usr/local/python/3.10.13/lib/python3.10/site-packages/airflow/example_dags/example_branch_operator_decorator.py
[2024-02-16T20:23:07.132+0000] {logging_mixin.py:150} INFO - [2024-02-16T20:23:07.132+0000] {dag.py:2742} INFO - Sync 1 DAGs
[2024-02-16T20:23:07.149+0000] {logging_mixin.py:150} INFO - [2024-02-16T20:23:07.148+0000] {dag.py:3504} INFO - Setting next_dagrun for example_branch_python_operator_decorator to 2024-02-15T00:00:00+00:00, run_after=2024-02-16T00:00:00+00:00
[2024-02-16T20:23:07.195+0000] {processor.py:179} INFO - Processing /usr/local/python/3.10.13/lib/python3.10/site-packages/airflow/example_dags/example_branch_operator_decorator.py took 0.089 seconds
[2024-02-16T20:23:59.122+0000] {processor.py:157} INFO - Started process (PID=26906) to work on /usr/local/python/3.10.13/lib/python3.10/site-packages/airflow/example_dags/example_branch_operator_decorator.py
[2024-02-16T20:23:59.122+0000] {processor.py:826} INFO - Processing file /usr/local/python/3.10.13/lib/python3.10/site-packages/airflow/example_dags/example_branch_operator_decorator.py for tasks to queue
[2024-02-16T20:23:59.123+0000] {logging_mixin.py:150} INFO - [2024-02-16T20:23:59.123+0000] {dagbag.py:541} INFO - Filling up the DagBag from /usr/local/python/3.10.13/lib/python3.10/site-packages/airflow/example_dags/example_branch_operator_decorator.py
[2024-02-16T20:23:59.131+0000] {processor.py:836} INFO - DAG(s) dict_keys(['example_branch_python_operator_decorator']) retrieved from /usr/local/python/3.10.13/lib/python3.10/site-packages/airflow/example_dags/example_branch_operator_decorator.py
[2024-02-16T20:23:59.144+0000] {logging_mixin.py:150} INFO - [2024-02-16T20:23:59.144+0000] {dag.py:2742} INFO - Sync 1 DAGs
[2024-02-16T20:23:59.167+0000] {logging_mixin.py:150} INFO - [2024-02-16T20:23:59.167+0000] {dag.py:3504} INFO - Setting next_dagrun for example_branch_python_operator_decorator to 2024-02-15T00:00:00+00:00, run_after=2024-02-16T00:00:00+00:00
[2024-02-16T20:23:59.236+0000] {processor.py:179} INFO - Processing /usr/local/python/3.10.13/lib/python3.10/site-packages/airflow/example_dags/example_branch_operator_decorator.py took 0.117 seconds
[2024-02-16T20:24:56.560+0000] {processor.py:157} INFO - Started process (PID=27484) to work on /usr/local/python/3.10.13/lib/python3.10/site-packages/airflow/example_dags/example_branch_operator_decorator.py
[2024-02-16T20:24:56.561+0000] {processor.py:826} INFO - Processing file /usr/local/python/3.10.13/lib/python3.10/site-packages/airflow/example_dags/example_branch_operator_decorator.py for tasks to queue
[2024-02-16T20:24:56.561+0000] {logging_mixin.py:150} INFO - [2024-02-16T20:24:56.561+0000] {dagbag.py:541} INFO - Filling up the DagBag from /usr/local/python/3.10.13/lib/python3.10/site-packages/airflow/example_dags/example_branch_operator_decorator.py
[2024-02-16T20:24:56.571+0000] {processor.py:836} INFO - DAG(s) dict_keys(['example_branch_python_operator_decorator']) retrieved from /usr/local/python/3.10.13/lib/python3.10/site-packages/airflow/example_dags/example_branch_operator_decorator.py
[2024-02-16T20:24:56.587+0000] {logging_mixin.py:150} INFO - [2024-02-16T20:24:56.587+0000] {dag.py:2742} INFO - Sync 1 DAGs
[2024-02-16T20:24:56.607+0000] {logging_mixin.py:150} INFO - [2024-02-16T20:24:56.607+0000] {dag.py:3504} INFO - Setting next_dagrun for example_branch_python_operator_decorator to 2024-02-15T00:00:00+00:00, run_after=2024-02-16T00:00:00+00:00
[2024-02-16T20:24:56.656+0000] {processor.py:179} INFO - Processing /usr/local/python/3.10.13/lib/python3.10/site-packages/airflow/example_dags/example_branch_operator_decorator.py took 0.099 seconds
