[2024-02-16T20:09:38.287+0000] {processor.py:157} INFO - Started process (PID=20260) to work on /usr/local/python/3.10.13/lib/python3.10/site-packages/airflow/example_dags/example_branch_day_of_week_operator.py
[2024-02-16T20:09:38.288+0000] {processor.py:826} INFO - Processing file /usr/local/python/3.10.13/lib/python3.10/site-packages/airflow/example_dags/example_branch_day_of_week_operator.py for tasks to queue
[2024-02-16T20:09:38.288+0000] {logging_mixin.py:150} INFO - [2024-02-16T20:09:38.288+0000] {dagbag.py:541} INFO - Filling up the DagBag from /usr/local/python/3.10.13/lib/python3.10/site-packages/airflow/example_dags/example_branch_day_of_week_operator.py
[2024-02-16T20:09:38.295+0000] {processor.py:836} INFO - DAG(s) dict_keys(['example_weekday_branch_operator']) retrieved from /usr/local/python/3.10.13/lib/python3.10/site-packages/airflow/example_dags/example_branch_day_of_week_operator.py
[2024-02-16T20:09:38.446+0000] {logging_mixin.py:150} INFO - [2024-02-16T20:09:38.446+0000] {manager.py:504} INFO - Created Permission View: can read on DAG:example_weekday_branch_operator
[2024-02-16T20:09:38.483+0000] {logging_mixin.py:150} INFO - [2024-02-16T20:09:38.483+0000] {manager.py:504} INFO - Created Permission View: can edit on DAG:example_weekday_branch_operator
[2024-02-16T20:09:38.522+0000] {logging_mixin.py:150} INFO - [2024-02-16T20:09:38.522+0000] {manager.py:504} INFO - Created Permission View: can delete on DAG:example_weekday_branch_operator
[2024-02-16T20:09:38.534+0000] {logging_mixin.py:150} INFO - [2024-02-16T20:09:38.534+0000] {dag.py:2742} INFO - Sync 1 DAGs
[2024-02-16T20:09:38.543+0000] {logging_mixin.py:150} INFO - [2024-02-16T20:09:38.543+0000] {dag.py:2763} INFO - Creating ORM DAG for example_weekday_branch_operator
[2024-02-16T20:09:38.552+0000] {logging_mixin.py:150} INFO - [2024-02-16T20:09:38.552+0000] {dag.py:3504} INFO - Setting next_dagrun for example_weekday_branch_operator to 2024-02-15T00:00:00+00:00, run_after=2024-02-16T00:00:00+00:00
[2024-02-16T20:09:38.603+0000] {processor.py:179} INFO - Processing /usr/local/python/3.10.13/lib/python3.10/site-packages/airflow/example_dags/example_branch_day_of_week_operator.py took 0.318 seconds
[2024-02-16T20:10:29.458+0000] {processor.py:157} INFO - Started process (PID=20709) to work on /usr/local/python/3.10.13/lib/python3.10/site-packages/airflow/example_dags/example_branch_day_of_week_operator.py
[2024-02-16T20:10:29.459+0000] {processor.py:826} INFO - Processing file /usr/local/python/3.10.13/lib/python3.10/site-packages/airflow/example_dags/example_branch_day_of_week_operator.py for tasks to queue
[2024-02-16T20:10:29.460+0000] {logging_mixin.py:150} INFO - [2024-02-16T20:10:29.460+0000] {dagbag.py:541} INFO - Filling up the DagBag from /usr/local/python/3.10.13/lib/python3.10/site-packages/airflow/example_dags/example_branch_day_of_week_operator.py
[2024-02-16T20:10:29.468+0000] {processor.py:836} INFO - DAG(s) dict_keys(['example_weekday_branch_operator']) retrieved from /usr/local/python/3.10.13/lib/python3.10/site-packages/airflow/example_dags/example_branch_day_of_week_operator.py
[2024-02-16T20:10:29.488+0000] {logging_mixin.py:150} INFO - [2024-02-16T20:10:29.488+0000] {dag.py:2742} INFO - Sync 1 DAGs
[2024-02-16T20:10:29.513+0000] {logging_mixin.py:150} INFO - [2024-02-16T20:10:29.513+0000] {dag.py:3504} INFO - Setting next_dagrun for example_weekday_branch_operator to 2024-02-15T00:00:00+00:00, run_after=2024-02-16T00:00:00+00:00
[2024-02-16T20:10:29.568+0000] {processor.py:179} INFO - Processing /usr/local/python/3.10.13/lib/python3.10/site-packages/airflow/example_dags/example_branch_day_of_week_operator.py took 0.113 seconds
[2024-02-16T20:11:45.062+0000] {processor.py:157} INFO - Started process (PID=21453) to work on /usr/local/python/3.10.13/lib/python3.10/site-packages/airflow/example_dags/example_branch_day_of_week_operator.py
[2024-02-16T20:11:45.062+0000] {processor.py:826} INFO - Processing file /usr/local/python/3.10.13/lib/python3.10/site-packages/airflow/example_dags/example_branch_day_of_week_operator.py for tasks to queue
[2024-02-16T20:11:45.063+0000] {logging_mixin.py:150} INFO - [2024-02-16T20:11:45.063+0000] {dagbag.py:541} INFO - Filling up the DagBag from /usr/local/python/3.10.13/lib/python3.10/site-packages/airflow/example_dags/example_branch_day_of_week_operator.py
[2024-02-16T20:11:45.069+0000] {processor.py:836} INFO - DAG(s) dict_keys(['example_weekday_branch_operator']) retrieved from /usr/local/python/3.10.13/lib/python3.10/site-packages/airflow/example_dags/example_branch_day_of_week_operator.py
[2024-02-16T20:11:45.083+0000] {logging_mixin.py:150} INFO - [2024-02-16T20:11:45.082+0000] {dag.py:2742} INFO - Sync 1 DAGs
[2024-02-16T20:11:45.101+0000] {logging_mixin.py:150} INFO - [2024-02-16T20:11:45.101+0000] {dag.py:3504} INFO - Setting next_dagrun for example_weekday_branch_operator to 2024-02-15T00:00:00+00:00, run_after=2024-02-16T00:00:00+00:00
[2024-02-16T20:11:45.149+0000] {processor.py:179} INFO - Processing /usr/local/python/3.10.13/lib/python3.10/site-packages/airflow/example_dags/example_branch_day_of_week_operator.py took 0.090 seconds
[2024-02-16T20:12:37.799+0000] {processor.py:157} INFO - Started process (PID=21835) to work on /usr/local/python/3.10.13/lib/python3.10/site-packages/airflow/example_dags/example_branch_day_of_week_operator.py
[2024-02-16T20:12:37.800+0000] {processor.py:826} INFO - Processing file /usr/local/python/3.10.13/lib/python3.10/site-packages/airflow/example_dags/example_branch_day_of_week_operator.py for tasks to queue
[2024-02-16T20:12:37.801+0000] {logging_mixin.py:150} INFO - [2024-02-16T20:12:37.800+0000] {dagbag.py:541} INFO - Filling up the DagBag from /usr/local/python/3.10.13/lib/python3.10/site-packages/airflow/example_dags/example_branch_day_of_week_operator.py
[2024-02-16T20:12:37.807+0000] {processor.py:836} INFO - DAG(s) dict_keys(['example_weekday_branch_operator']) retrieved from /usr/local/python/3.10.13/lib/python3.10/site-packages/airflow/example_dags/example_branch_day_of_week_operator.py
[2024-02-16T20:12:37.819+0000] {logging_mixin.py:150} INFO - [2024-02-16T20:12:37.819+0000] {dag.py:2742} INFO - Sync 1 DAGs
[2024-02-16T20:12:37.835+0000] {logging_mixin.py:150} INFO - [2024-02-16T20:12:37.835+0000] {dag.py:3504} INFO - Setting next_dagrun for example_weekday_branch_operator to 2024-02-15T00:00:00+00:00, run_after=2024-02-16T00:00:00+00:00
[2024-02-16T20:12:37.889+0000] {processor.py:179} INFO - Processing /usr/local/python/3.10.13/lib/python3.10/site-packages/airflow/example_dags/example_branch_day_of_week_operator.py took 0.092 seconds
[2024-02-16T20:13:27.486+0000] {processor.py:157} INFO - Started process (PID=22207) to work on /usr/local/python/3.10.13/lib/python3.10/site-packages/airflow/example_dags/example_branch_day_of_week_operator.py
[2024-02-16T20:13:27.487+0000] {processor.py:826} INFO - Processing file /usr/local/python/3.10.13/lib/python3.10/site-packages/airflow/example_dags/example_branch_day_of_week_operator.py for tasks to queue
[2024-02-16T20:13:27.488+0000] {logging_mixin.py:150} INFO - [2024-02-16T20:13:27.487+0000] {dagbag.py:541} INFO - Filling up the DagBag from /usr/local/python/3.10.13/lib/python3.10/site-packages/airflow/example_dags/example_branch_day_of_week_operator.py
[2024-02-16T20:13:27.494+0000] {processor.py:836} INFO - DAG(s) dict_keys(['example_weekday_branch_operator']) retrieved from /usr/local/python/3.10.13/lib/python3.10/site-packages/airflow/example_dags/example_branch_day_of_week_operator.py
[2024-02-16T20:13:27.509+0000] {logging_mixin.py:150} INFO - [2024-02-16T20:13:27.509+0000] {dag.py:2742} INFO - Sync 1 DAGs
[2024-02-16T20:13:27.526+0000] {logging_mixin.py:150} INFO - [2024-02-16T20:13:27.525+0000] {dag.py:3504} INFO - Setting next_dagrun for example_weekday_branch_operator to 2024-02-15T00:00:00+00:00, run_after=2024-02-16T00:00:00+00:00
[2024-02-16T20:13:27.574+0000] {processor.py:179} INFO - Processing /usr/local/python/3.10.13/lib/python3.10/site-packages/airflow/example_dags/example_branch_day_of_week_operator.py took 0.091 seconds
[2024-02-16T20:14:15.200+0000] {processor.py:157} INFO - Started process (PID=22554) to work on /usr/local/python/3.10.13/lib/python3.10/site-packages/airflow/example_dags/example_branch_day_of_week_operator.py
[2024-02-16T20:14:15.201+0000] {processor.py:826} INFO - Processing file /usr/local/python/3.10.13/lib/python3.10/site-packages/airflow/example_dags/example_branch_day_of_week_operator.py for tasks to queue
[2024-02-16T20:14:15.202+0000] {logging_mixin.py:150} INFO - [2024-02-16T20:14:15.201+0000] {dagbag.py:541} INFO - Filling up the DagBag from /usr/local/python/3.10.13/lib/python3.10/site-packages/airflow/example_dags/example_branch_day_of_week_operator.py
[2024-02-16T20:14:15.207+0000] {processor.py:836} INFO - DAG(s) dict_keys(['example_weekday_branch_operator']) retrieved from /usr/local/python/3.10.13/lib/python3.10/site-packages/airflow/example_dags/example_branch_day_of_week_operator.py
[2024-02-16T20:14:15.221+0000] {logging_mixin.py:150} INFO - [2024-02-16T20:14:15.221+0000] {dag.py:2742} INFO - Sync 1 DAGs
[2024-02-16T20:14:15.238+0000] {logging_mixin.py:150} INFO - [2024-02-16T20:14:15.238+0000] {dag.py:3504} INFO - Setting next_dagrun for example_weekday_branch_operator to 2024-02-15T00:00:00+00:00, run_after=2024-02-16T00:00:00+00:00
[2024-02-16T20:14:15.282+0000] {processor.py:179} INFO - Processing /usr/local/python/3.10.13/lib/python3.10/site-packages/airflow/example_dags/example_branch_day_of_week_operator.py took 0.084 seconds
[2024-02-16T20:15:09.013+0000] {processor.py:157} INFO - Started process (PID=22974) to work on /usr/local/python/3.10.13/lib/python3.10/site-packages/airflow/example_dags/example_branch_day_of_week_operator.py
[2024-02-16T20:15:09.014+0000] {processor.py:826} INFO - Processing file /usr/local/python/3.10.13/lib/python3.10/site-packages/airflow/example_dags/example_branch_day_of_week_operator.py for tasks to queue
[2024-02-16T20:15:09.015+0000] {logging_mixin.py:150} INFO - [2024-02-16T20:15:09.014+0000] {dagbag.py:541} INFO - Filling up the DagBag from /usr/local/python/3.10.13/lib/python3.10/site-packages/airflow/example_dags/example_branch_day_of_week_operator.py
[2024-02-16T20:15:09.020+0000] {processor.py:836} INFO - DAG(s) dict_keys(['example_weekday_branch_operator']) retrieved from /usr/local/python/3.10.13/lib/python3.10/site-packages/airflow/example_dags/example_branch_day_of_week_operator.py
[2024-02-16T20:15:09.033+0000] {logging_mixin.py:150} INFO - [2024-02-16T20:15:09.033+0000] {dag.py:2742} INFO - Sync 1 DAGs
[2024-02-16T20:15:09.049+0000] {logging_mixin.py:150} INFO - [2024-02-16T20:15:09.049+0000] {dag.py:3504} INFO - Setting next_dagrun for example_weekday_branch_operator to 2024-02-15T00:00:00+00:00, run_after=2024-02-16T00:00:00+00:00
[2024-02-16T20:15:09.095+0000] {processor.py:179} INFO - Processing /usr/local/python/3.10.13/lib/python3.10/site-packages/airflow/example_dags/example_branch_day_of_week_operator.py took 0.084 seconds
[2024-02-16T20:16:00.334+0000] {processor.py:157} INFO - Started process (PID=23349) to work on /usr/local/python/3.10.13/lib/python3.10/site-packages/airflow/example_dags/example_branch_day_of_week_operator.py
[2024-02-16T20:16:00.334+0000] {processor.py:826} INFO - Processing file /usr/local/python/3.10.13/lib/python3.10/site-packages/airflow/example_dags/example_branch_day_of_week_operator.py for tasks to queue
[2024-02-16T20:16:00.335+0000] {logging_mixin.py:150} INFO - [2024-02-16T20:16:00.335+0000] {dagbag.py:541} INFO - Filling up the DagBag from /usr/local/python/3.10.13/lib/python3.10/site-packages/airflow/example_dags/example_branch_day_of_week_operator.py
[2024-02-16T20:16:00.341+0000] {processor.py:836} INFO - DAG(s) dict_keys(['example_weekday_branch_operator']) retrieved from /usr/local/python/3.10.13/lib/python3.10/site-packages/airflow/example_dags/example_branch_day_of_week_operator.py
[2024-02-16T20:16:00.353+0000] {logging_mixin.py:150} INFO - [2024-02-16T20:16:00.353+0000] {dag.py:2742} INFO - Sync 1 DAGs
[2024-02-16T20:16:00.370+0000] {logging_mixin.py:150} INFO - [2024-02-16T20:16:00.370+0000] {dag.py:3504} INFO - Setting next_dagrun for example_weekday_branch_operator to 2024-02-15T00:00:00+00:00, run_after=2024-02-16T00:00:00+00:00
[2024-02-16T20:16:00.418+0000] {processor.py:179} INFO - Processing /usr/local/python/3.10.13/lib/python3.10/site-packages/airflow/example_dags/example_branch_day_of_week_operator.py took 0.087 seconds
[2024-02-16T20:16:54.188+0000] {processor.py:157} INFO - Started process (PID=23748) to work on /usr/local/python/3.10.13/lib/python3.10/site-packages/airflow/example_dags/example_branch_day_of_week_operator.py
[2024-02-16T20:16:54.188+0000] {processor.py:826} INFO - Processing file /usr/local/python/3.10.13/lib/python3.10/site-packages/airflow/example_dags/example_branch_day_of_week_operator.py for tasks to queue
[2024-02-16T20:16:54.189+0000] {logging_mixin.py:150} INFO - [2024-02-16T20:16:54.189+0000] {dagbag.py:541} INFO - Filling up the DagBag from /usr/local/python/3.10.13/lib/python3.10/site-packages/airflow/example_dags/example_branch_day_of_week_operator.py
[2024-02-16T20:16:54.198+0000] {processor.py:836} INFO - DAG(s) dict_keys(['example_weekday_branch_operator']) retrieved from /usr/local/python/3.10.13/lib/python3.10/site-packages/airflow/example_dags/example_branch_day_of_week_operator.py
[2024-02-16T20:16:54.216+0000] {logging_mixin.py:150} INFO - [2024-02-16T20:16:54.216+0000] {dag.py:2742} INFO - Sync 1 DAGs
[2024-02-16T20:16:54.233+0000] {logging_mixin.py:150} INFO - [2024-02-16T20:16:54.233+0000] {dag.py:3504} INFO - Setting next_dagrun for example_weekday_branch_operator to 2024-02-15T00:00:00+00:00, run_after=2024-02-16T00:00:00+00:00
[2024-02-16T20:16:54.284+0000] {processor.py:179} INFO - Processing /usr/local/python/3.10.13/lib/python3.10/site-packages/airflow/example_dags/example_branch_day_of_week_operator.py took 0.099 seconds
[2024-02-16T20:17:46.178+0000] {processor.py:157} INFO - Started process (PID=24136) to work on /usr/local/python/3.10.13/lib/python3.10/site-packages/airflow/example_dags/example_branch_day_of_week_operator.py
[2024-02-16T20:17:46.179+0000] {processor.py:826} INFO - Processing file /usr/local/python/3.10.13/lib/python3.10/site-packages/airflow/example_dags/example_branch_day_of_week_operator.py for tasks to queue
[2024-02-16T20:17:46.180+0000] {logging_mixin.py:150} INFO - [2024-02-16T20:17:46.179+0000] {dagbag.py:541} INFO - Filling up the DagBag from /usr/local/python/3.10.13/lib/python3.10/site-packages/airflow/example_dags/example_branch_day_of_week_operator.py
[2024-02-16T20:17:46.186+0000] {processor.py:836} INFO - DAG(s) dict_keys(['example_weekday_branch_operator']) retrieved from /usr/local/python/3.10.13/lib/python3.10/site-packages/airflow/example_dags/example_branch_day_of_week_operator.py
[2024-02-16T20:17:46.198+0000] {logging_mixin.py:150} INFO - [2024-02-16T20:17:46.198+0000] {dag.py:2742} INFO - Sync 1 DAGs
[2024-02-16T20:17:46.215+0000] {logging_mixin.py:150} INFO - [2024-02-16T20:17:46.215+0000] {dag.py:3504} INFO - Setting next_dagrun for example_weekday_branch_operator to 2024-02-15T00:00:00+00:00, run_after=2024-02-16T00:00:00+00:00
[2024-02-16T20:17:46.261+0000] {processor.py:179} INFO - Processing /usr/local/python/3.10.13/lib/python3.10/site-packages/airflow/example_dags/example_branch_day_of_week_operator.py took 0.085 seconds
[2024-02-16T20:18:40.537+0000] {processor.py:157} INFO - Started process (PID=24536) to work on /usr/local/python/3.10.13/lib/python3.10/site-packages/airflow/example_dags/example_branch_day_of_week_operator.py
[2024-02-16T20:18:40.538+0000] {processor.py:826} INFO - Processing file /usr/local/python/3.10.13/lib/python3.10/site-packages/airflow/example_dags/example_branch_day_of_week_operator.py for tasks to queue
[2024-02-16T20:18:40.538+0000] {logging_mixin.py:150} INFO - [2024-02-16T20:18:40.538+0000] {dagbag.py:541} INFO - Filling up the DagBag from /usr/local/python/3.10.13/lib/python3.10/site-packages/airflow/example_dags/example_branch_day_of_week_operator.py
[2024-02-16T20:18:40.544+0000] {processor.py:836} INFO - DAG(s) dict_keys(['example_weekday_branch_operator']) retrieved from /usr/local/python/3.10.13/lib/python3.10/site-packages/airflow/example_dags/example_branch_day_of_week_operator.py
[2024-02-16T20:18:40.557+0000] {logging_mixin.py:150} INFO - [2024-02-16T20:18:40.556+0000] {dag.py:2742} INFO - Sync 1 DAGs
[2024-02-16T20:18:40.572+0000] {logging_mixin.py:150} INFO - [2024-02-16T20:18:40.572+0000] {dag.py:3504} INFO - Setting next_dagrun for example_weekday_branch_operator to 2024-02-15T00:00:00+00:00, run_after=2024-02-16T00:00:00+00:00
[2024-02-16T20:18:40.619+0000] {processor.py:179} INFO - Processing /usr/local/python/3.10.13/lib/python3.10/site-packages/airflow/example_dags/example_branch_day_of_week_operator.py took 0.084 seconds
[2024-02-16T20:19:32.269+0000] {processor.py:157} INFO - Started process (PID=24914) to work on /usr/local/python/3.10.13/lib/python3.10/site-packages/airflow/example_dags/example_branch_day_of_week_operator.py
[2024-02-16T20:19:32.270+0000] {processor.py:826} INFO - Processing file /usr/local/python/3.10.13/lib/python3.10/site-packages/airflow/example_dags/example_branch_day_of_week_operator.py for tasks to queue
[2024-02-16T20:19:32.270+0000] {logging_mixin.py:150} INFO - [2024-02-16T20:19:32.270+0000] {dagbag.py:541} INFO - Filling up the DagBag from /usr/local/python/3.10.13/lib/python3.10/site-packages/airflow/example_dags/example_branch_day_of_week_operator.py
[2024-02-16T20:19:32.276+0000] {processor.py:836} INFO - DAG(s) dict_keys(['example_weekday_branch_operator']) retrieved from /usr/local/python/3.10.13/lib/python3.10/site-packages/airflow/example_dags/example_branch_day_of_week_operator.py
[2024-02-16T20:19:32.289+0000] {logging_mixin.py:150} INFO - [2024-02-16T20:19:32.289+0000] {dag.py:2742} INFO - Sync 1 DAGs
[2024-02-16T20:19:32.305+0000] {logging_mixin.py:150} INFO - [2024-02-16T20:19:32.305+0000] {dag.py:3504} INFO - Setting next_dagrun for example_weekday_branch_operator to 2024-02-15T00:00:00+00:00, run_after=2024-02-16T00:00:00+00:00
[2024-02-16T20:19:32.354+0000] {processor.py:179} INFO - Processing /usr/local/python/3.10.13/lib/python3.10/site-packages/airflow/example_dags/example_branch_day_of_week_operator.py took 0.087 seconds
[2024-02-16T20:20:27.109+0000] {processor.py:157} INFO - Started process (PID=25331) to work on /usr/local/python/3.10.13/lib/python3.10/site-packages/airflow/example_dags/example_branch_day_of_week_operator.py
[2024-02-16T20:20:27.110+0000] {processor.py:826} INFO - Processing file /usr/local/python/3.10.13/lib/python3.10/site-packages/airflow/example_dags/example_branch_day_of_week_operator.py for tasks to queue
[2024-02-16T20:20:27.110+0000] {logging_mixin.py:150} INFO - [2024-02-16T20:20:27.110+0000] {dagbag.py:541} INFO - Filling up the DagBag from /usr/local/python/3.10.13/lib/python3.10/site-packages/airflow/example_dags/example_branch_day_of_week_operator.py
[2024-02-16T20:20:27.116+0000] {processor.py:836} INFO - DAG(s) dict_keys(['example_weekday_branch_operator']) retrieved from /usr/local/python/3.10.13/lib/python3.10/site-packages/airflow/example_dags/example_branch_day_of_week_operator.py
[2024-02-16T20:20:27.128+0000] {logging_mixin.py:150} INFO - [2024-02-16T20:20:27.128+0000] {dag.py:2742} INFO - Sync 1 DAGs
[2024-02-16T20:20:27.148+0000] {logging_mixin.py:150} INFO - [2024-02-16T20:20:27.147+0000] {dag.py:3504} INFO - Setting next_dagrun for example_weekday_branch_operator to 2024-02-15T00:00:00+00:00, run_after=2024-02-16T00:00:00+00:00
[2024-02-16T20:20:27.196+0000] {processor.py:179} INFO - Processing /usr/local/python/3.10.13/lib/python3.10/site-packages/airflow/example_dags/example_branch_day_of_week_operator.py took 0.089 seconds
[2024-02-16T20:21:19.267+0000] {processor.py:157} INFO - Started process (PID=25725) to work on /usr/local/python/3.10.13/lib/python3.10/site-packages/airflow/example_dags/example_branch_day_of_week_operator.py
[2024-02-16T20:21:19.268+0000] {processor.py:826} INFO - Processing file /usr/local/python/3.10.13/lib/python3.10/site-packages/airflow/example_dags/example_branch_day_of_week_operator.py for tasks to queue
[2024-02-16T20:21:19.268+0000] {logging_mixin.py:150} INFO - [2024-02-16T20:21:19.268+0000] {dagbag.py:541} INFO - Filling up the DagBag from /usr/local/python/3.10.13/lib/python3.10/site-packages/airflow/example_dags/example_branch_day_of_week_operator.py
[2024-02-16T20:21:19.274+0000] {processor.py:836} INFO - DAG(s) dict_keys(['example_weekday_branch_operator']) retrieved from /usr/local/python/3.10.13/lib/python3.10/site-packages/airflow/example_dags/example_branch_day_of_week_operator.py
[2024-02-16T20:21:19.290+0000] {logging_mixin.py:150} INFO - [2024-02-16T20:21:19.290+0000] {dag.py:2742} INFO - Sync 1 DAGs
[2024-02-16T20:21:19.308+0000] {logging_mixin.py:150} INFO - [2024-02-16T20:21:19.308+0000] {dag.py:3504} INFO - Setting next_dagrun for example_weekday_branch_operator to 2024-02-15T00:00:00+00:00, run_after=2024-02-16T00:00:00+00:00
[2024-02-16T20:21:19.357+0000] {processor.py:179} INFO - Processing /usr/local/python/3.10.13/lib/python3.10/site-packages/airflow/example_dags/example_branch_day_of_week_operator.py took 0.092 seconds
[2024-02-16T20:22:14.786+0000] {processor.py:157} INFO - Started process (PID=26138) to work on /usr/local/python/3.10.13/lib/python3.10/site-packages/airflow/example_dags/example_branch_day_of_week_operator.py
[2024-02-16T20:22:14.787+0000] {processor.py:826} INFO - Processing file /usr/local/python/3.10.13/lib/python3.10/site-packages/airflow/example_dags/example_branch_day_of_week_operator.py for tasks to queue
[2024-02-16T20:22:14.787+0000] {logging_mixin.py:150} INFO - [2024-02-16T20:22:14.787+0000] {dagbag.py:541} INFO - Filling up the DagBag from /usr/local/python/3.10.13/lib/python3.10/site-packages/airflow/example_dags/example_branch_day_of_week_operator.py
[2024-02-16T20:22:14.794+0000] {processor.py:836} INFO - DAG(s) dict_keys(['example_weekday_branch_operator']) retrieved from /usr/local/python/3.10.13/lib/python3.10/site-packages/airflow/example_dags/example_branch_day_of_week_operator.py
[2024-02-16T20:22:14.806+0000] {logging_mixin.py:150} INFO - [2024-02-16T20:22:14.806+0000] {dag.py:2742} INFO - Sync 1 DAGs
[2024-02-16T20:22:14.822+0000] {logging_mixin.py:150} INFO - [2024-02-16T20:22:14.822+0000] {dag.py:3504} INFO - Setting next_dagrun for example_weekday_branch_operator to 2024-02-15T00:00:00+00:00, run_after=2024-02-16T00:00:00+00:00
[2024-02-16T20:22:14.869+0000] {processor.py:179} INFO - Processing /usr/local/python/3.10.13/lib/python3.10/site-packages/airflow/example_dags/example_branch_day_of_week_operator.py took 0.085 seconds
[2024-02-16T20:23:08.623+0000] {processor.py:157} INFO - Started process (PID=26560) to work on /usr/local/python/3.10.13/lib/python3.10/site-packages/airflow/example_dags/example_branch_day_of_week_operator.py
[2024-02-16T20:23:08.624+0000] {processor.py:826} INFO - Processing file /usr/local/python/3.10.13/lib/python3.10/site-packages/airflow/example_dags/example_branch_day_of_week_operator.py for tasks to queue
[2024-02-16T20:23:08.625+0000] {logging_mixin.py:150} INFO - [2024-02-16T20:23:08.624+0000] {dagbag.py:541} INFO - Filling up the DagBag from /usr/local/python/3.10.13/lib/python3.10/site-packages/airflow/example_dags/example_branch_day_of_week_operator.py
[2024-02-16T20:23:08.633+0000] {processor.py:836} INFO - DAG(s) dict_keys(['example_weekday_branch_operator']) retrieved from /usr/local/python/3.10.13/lib/python3.10/site-packages/airflow/example_dags/example_branch_day_of_week_operator.py
[2024-02-16T20:23:08.646+0000] {logging_mixin.py:150} INFO - [2024-02-16T20:23:08.646+0000] {dag.py:2742} INFO - Sync 1 DAGs
[2024-02-16T20:23:08.663+0000] {logging_mixin.py:150} INFO - [2024-02-16T20:23:08.663+0000] {dag.py:3504} INFO - Setting next_dagrun for example_weekday_branch_operator to 2024-02-15T00:00:00+00:00, run_after=2024-02-16T00:00:00+00:00
[2024-02-16T20:23:08.714+0000] {processor.py:179} INFO - Processing /usr/local/python/3.10.13/lib/python3.10/site-packages/airflow/example_dags/example_branch_day_of_week_operator.py took 0.095 seconds
[2024-02-16T20:24:01.436+0000] {processor.py:157} INFO - Started process (PID=26924) to work on /usr/local/python/3.10.13/lib/python3.10/site-packages/airflow/example_dags/example_branch_day_of_week_operator.py
[2024-02-16T20:24:01.437+0000] {processor.py:826} INFO - Processing file /usr/local/python/3.10.13/lib/python3.10/site-packages/airflow/example_dags/example_branch_day_of_week_operator.py for tasks to queue
[2024-02-16T20:24:01.437+0000] {logging_mixin.py:150} INFO - [2024-02-16T20:24:01.437+0000] {dagbag.py:541} INFO - Filling up the DagBag from /usr/local/python/3.10.13/lib/python3.10/site-packages/airflow/example_dags/example_branch_day_of_week_operator.py
[2024-02-16T20:24:01.443+0000] {processor.py:836} INFO - DAG(s) dict_keys(['example_weekday_branch_operator']) retrieved from /usr/local/python/3.10.13/lib/python3.10/site-packages/airflow/example_dags/example_branch_day_of_week_operator.py
[2024-02-16T20:24:01.456+0000] {logging_mixin.py:150} INFO - [2024-02-16T20:24:01.455+0000] {dag.py:2742} INFO - Sync 1 DAGs
[2024-02-16T20:24:01.471+0000] {logging_mixin.py:150} INFO - [2024-02-16T20:24:01.471+0000] {dag.py:3504} INFO - Setting next_dagrun for example_weekday_branch_operator to 2024-02-15T00:00:00+00:00, run_after=2024-02-16T00:00:00+00:00
[2024-02-16T20:24:01.519+0000] {processor.py:179} INFO - Processing /usr/local/python/3.10.13/lib/python3.10/site-packages/airflow/example_dags/example_branch_day_of_week_operator.py took 0.085 seconds
