[2024-02-16T20:09:20.431+0000] {processor.py:157} INFO - Started process (PID=20103) to work on /usr/local/python/3.10.13/lib/python3.10/site-packages/airflow/example_dags/example_short_circuit_decorator.py
[2024-02-16T20:09:20.432+0000] {processor.py:826} INFO - Processing file /usr/local/python/3.10.13/lib/python3.10/site-packages/airflow/example_dags/example_short_circuit_decorator.py for tasks to queue
[2024-02-16T20:09:20.432+0000] {logging_mixin.py:150} INFO - [2024-02-16T20:09:20.432+0000] {dagbag.py:541} INFO - Filling up the DagBag from /usr/local/python/3.10.13/lib/python3.10/site-packages/airflow/example_dags/example_short_circuit_decorator.py
[2024-02-16T20:09:20.439+0000] {processor.py:836} INFO - DAG(s) dict_keys(['example_short_circuit_decorator']) retrieved from /usr/local/python/3.10.13/lib/python3.10/site-packages/airflow/example_dags/example_short_circuit_decorator.py
[2024-02-16T20:09:20.590+0000] {logging_mixin.py:150} INFO - [2024-02-16T20:09:20.590+0000] {manager.py:504} INFO - Created Permission View: can read on DAG:example_short_circuit_decorator
[2024-02-16T20:09:20.630+0000] {logging_mixin.py:150} INFO - [2024-02-16T20:09:20.630+0000] {manager.py:504} INFO - Created Permission View: can edit on DAG:example_short_circuit_decorator
[2024-02-16T20:09:20.665+0000] {logging_mixin.py:150} INFO - [2024-02-16T20:09:20.664+0000] {manager.py:504} INFO - Created Permission View: can delete on DAG:example_short_circuit_decorator
[2024-02-16T20:09:20.674+0000] {logging_mixin.py:150} INFO - [2024-02-16T20:09:20.674+0000] {dag.py:2742} INFO - Sync 1 DAGs
[2024-02-16T20:09:20.682+0000] {logging_mixin.py:150} INFO - [2024-02-16T20:09:20.681+0000] {dag.py:2763} INFO - Creating ORM DAG for example_short_circuit_decorator
[2024-02-16T20:09:20.689+0000] {logging_mixin.py:150} INFO - [2024-02-16T20:09:20.689+0000] {dag.py:3504} INFO - Setting next_dagrun for example_short_circuit_decorator to 2024-02-15T20:09:20.688923+00:00, run_after=2024-02-16T20:09:20.688923+00:00
[2024-02-16T20:09:20.736+0000] {processor.py:179} INFO - Processing /usr/local/python/3.10.13/lib/python3.10/site-packages/airflow/example_dags/example_short_circuit_decorator.py took 0.307 seconds
[2024-02-16T20:10:15.151+0000] {processor.py:157} INFO - Started process (PID=20575) to work on /usr/local/python/3.10.13/lib/python3.10/site-packages/airflow/example_dags/example_short_circuit_decorator.py
[2024-02-16T20:10:15.152+0000] {processor.py:826} INFO - Processing file /usr/local/python/3.10.13/lib/python3.10/site-packages/airflow/example_dags/example_short_circuit_decorator.py for tasks to queue
[2024-02-16T20:10:15.152+0000] {logging_mixin.py:150} INFO - [2024-02-16T20:10:15.152+0000] {dagbag.py:541} INFO - Filling up the DagBag from /usr/local/python/3.10.13/lib/python3.10/site-packages/airflow/example_dags/example_short_circuit_decorator.py
[2024-02-16T20:10:15.166+0000] {processor.py:836} INFO - DAG(s) dict_keys(['example_short_circuit_decorator']) retrieved from /usr/local/python/3.10.13/lib/python3.10/site-packages/airflow/example_dags/example_short_circuit_decorator.py
[2024-02-16T20:10:15.201+0000] {logging_mixin.py:150} INFO - [2024-02-16T20:10:15.201+0000] {dag.py:2742} INFO - Sync 1 DAGs
[2024-02-16T20:10:15.227+0000] {logging_mixin.py:150} INFO - [2024-02-16T20:10:15.227+0000] {dag.py:3504} INFO - Setting next_dagrun for example_short_circuit_decorator to 2024-02-15T20:10:15.227409+00:00, run_after=2024-02-16T20:10:15.227409+00:00
[2024-02-16T20:10:15.278+0000] {processor.py:179} INFO - Processing /usr/local/python/3.10.13/lib/python3.10/site-packages/airflow/example_dags/example_short_circuit_decorator.py took 0.130 seconds
[2024-02-16T20:11:30.522+0000] {processor.py:157} INFO - Started process (PID=21340) to work on /usr/local/python/3.10.13/lib/python3.10/site-packages/airflow/example_dags/example_short_circuit_decorator.py
[2024-02-16T20:11:30.522+0000] {processor.py:826} INFO - Processing file /usr/local/python/3.10.13/lib/python3.10/site-packages/airflow/example_dags/example_short_circuit_decorator.py for tasks to queue
[2024-02-16T20:11:30.523+0000] {logging_mixin.py:150} INFO - [2024-02-16T20:11:30.523+0000] {dagbag.py:541} INFO - Filling up the DagBag from /usr/local/python/3.10.13/lib/python3.10/site-packages/airflow/example_dags/example_short_circuit_decorator.py
[2024-02-16T20:11:30.532+0000] {processor.py:836} INFO - DAG(s) dict_keys(['example_short_circuit_decorator']) retrieved from /usr/local/python/3.10.13/lib/python3.10/site-packages/airflow/example_dags/example_short_circuit_decorator.py
[2024-02-16T20:11:30.550+0000] {logging_mixin.py:150} INFO - [2024-02-16T20:11:30.550+0000] {dag.py:2742} INFO - Sync 1 DAGs
[2024-02-16T20:11:30.565+0000] {logging_mixin.py:150} INFO - [2024-02-16T20:11:30.565+0000] {dag.py:3504} INFO - Setting next_dagrun for example_short_circuit_decorator to 2024-02-15T20:11:30.564918+00:00, run_after=2024-02-16T20:11:30.564918+00:00
[2024-02-16T20:11:30.619+0000] {processor.py:179} INFO - Processing /usr/local/python/3.10.13/lib/python3.10/site-packages/airflow/example_dags/example_short_circuit_decorator.py took 0.099 seconds
[2024-02-16T20:12:17.602+0000] {processor.py:157} INFO - Started process (PID=21691) to work on /usr/local/python/3.10.13/lib/python3.10/site-packages/airflow/example_dags/example_short_circuit_decorator.py
[2024-02-16T20:12:17.603+0000] {processor.py:826} INFO - Processing file /usr/local/python/3.10.13/lib/python3.10/site-packages/airflow/example_dags/example_short_circuit_decorator.py for tasks to queue
[2024-02-16T20:12:17.603+0000] {logging_mixin.py:150} INFO - [2024-02-16T20:12:17.603+0000] {dagbag.py:541} INFO - Filling up the DagBag from /usr/local/python/3.10.13/lib/python3.10/site-packages/airflow/example_dags/example_short_circuit_decorator.py
[2024-02-16T20:12:17.610+0000] {processor.py:836} INFO - DAG(s) dict_keys(['example_short_circuit_decorator']) retrieved from /usr/local/python/3.10.13/lib/python3.10/site-packages/airflow/example_dags/example_short_circuit_decorator.py
[2024-02-16T20:12:17.624+0000] {logging_mixin.py:150} INFO - [2024-02-16T20:12:17.624+0000] {dag.py:2742} INFO - Sync 1 DAGs
[2024-02-16T20:12:17.639+0000] {logging_mixin.py:150} INFO - [2024-02-16T20:12:17.639+0000] {dag.py:3504} INFO - Setting next_dagrun for example_short_circuit_decorator to 2024-02-15T20:12:17.639106+00:00, run_after=2024-02-16T20:12:17.639106+00:00
[2024-02-16T20:12:17.691+0000] {processor.py:179} INFO - Processing /usr/local/python/3.10.13/lib/python3.10/site-packages/airflow/example_dags/example_short_circuit_decorator.py took 0.091 seconds
[2024-02-16T20:13:04.973+0000] {processor.py:157} INFO - Started process (PID=22022) to work on /usr/local/python/3.10.13/lib/python3.10/site-packages/airflow/example_dags/example_short_circuit_decorator.py
[2024-02-16T20:13:04.973+0000] {processor.py:826} INFO - Processing file /usr/local/python/3.10.13/lib/python3.10/site-packages/airflow/example_dags/example_short_circuit_decorator.py for tasks to queue
[2024-02-16T20:13:04.974+0000] {logging_mixin.py:150} INFO - [2024-02-16T20:13:04.974+0000] {dagbag.py:541} INFO - Filling up the DagBag from /usr/local/python/3.10.13/lib/python3.10/site-packages/airflow/example_dags/example_short_circuit_decorator.py
[2024-02-16T20:13:04.981+0000] {processor.py:836} INFO - DAG(s) dict_keys(['example_short_circuit_decorator']) retrieved from /usr/local/python/3.10.13/lib/python3.10/site-packages/airflow/example_dags/example_short_circuit_decorator.py
[2024-02-16T20:13:04.995+0000] {logging_mixin.py:150} INFO - [2024-02-16T20:13:04.994+0000] {dag.py:2742} INFO - Sync 1 DAGs
[2024-02-16T20:13:05.009+0000] {logging_mixin.py:150} INFO - [2024-02-16T20:13:05.009+0000] {dag.py:3504} INFO - Setting next_dagrun for example_short_circuit_decorator to 2024-02-15T20:13:05.009404+00:00, run_after=2024-02-16T20:13:05.009404+00:00
[2024-02-16T20:13:05.055+0000] {processor.py:179} INFO - Processing /usr/local/python/3.10.13/lib/python3.10/site-packages/airflow/example_dags/example_short_circuit_decorator.py took 0.085 seconds
[2024-02-16T20:13:56.642+0000] {processor.py:157} INFO - Started process (PID=22406) to work on /usr/local/python/3.10.13/lib/python3.10/site-packages/airflow/example_dags/example_short_circuit_decorator.py
[2024-02-16T20:13:56.643+0000] {processor.py:826} INFO - Processing file /usr/local/python/3.10.13/lib/python3.10/site-packages/airflow/example_dags/example_short_circuit_decorator.py for tasks to queue
[2024-02-16T20:13:56.644+0000] {logging_mixin.py:150} INFO - [2024-02-16T20:13:56.644+0000] {dagbag.py:541} INFO - Filling up the DagBag from /usr/local/python/3.10.13/lib/python3.10/site-packages/airflow/example_dags/example_short_circuit_decorator.py
[2024-02-16T20:13:56.654+0000] {processor.py:836} INFO - DAG(s) dict_keys(['example_short_circuit_decorator']) retrieved from /usr/local/python/3.10.13/lib/python3.10/site-packages/airflow/example_dags/example_short_circuit_decorator.py
[2024-02-16T20:13:56.674+0000] {logging_mixin.py:150} INFO - [2024-02-16T20:13:56.673+0000] {dag.py:2742} INFO - Sync 1 DAGs
[2024-02-16T20:13:56.693+0000] {logging_mixin.py:150} INFO - [2024-02-16T20:13:56.692+0000] {dag.py:3504} INFO - Setting next_dagrun for example_short_circuit_decorator to 2024-02-15T20:13:56.692686+00:00, run_after=2024-02-16T20:13:56.692686+00:00
[2024-02-16T20:13:56.743+0000] {processor.py:179} INFO - Processing /usr/local/python/3.10.13/lib/python3.10/site-packages/airflow/example_dags/example_short_circuit_decorator.py took 0.103 seconds
[2024-02-16T20:14:49.404+0000] {processor.py:157} INFO - Started process (PID=22816) to work on /usr/local/python/3.10.13/lib/python3.10/site-packages/airflow/example_dags/example_short_circuit_decorator.py
[2024-02-16T20:14:49.404+0000] {processor.py:826} INFO - Processing file /usr/local/python/3.10.13/lib/python3.10/site-packages/airflow/example_dags/example_short_circuit_decorator.py for tasks to queue
[2024-02-16T20:14:49.405+0000] {logging_mixin.py:150} INFO - [2024-02-16T20:14:49.405+0000] {dagbag.py:541} INFO - Filling up the DagBag from /usr/local/python/3.10.13/lib/python3.10/site-packages/airflow/example_dags/example_short_circuit_decorator.py
[2024-02-16T20:14:49.412+0000] {processor.py:836} INFO - DAG(s) dict_keys(['example_short_circuit_decorator']) retrieved from /usr/local/python/3.10.13/lib/python3.10/site-packages/airflow/example_dags/example_short_circuit_decorator.py
[2024-02-16T20:14:49.425+0000] {logging_mixin.py:150} INFO - [2024-02-16T20:14:49.425+0000] {dag.py:2742} INFO - Sync 1 DAGs
[2024-02-16T20:14:49.440+0000] {logging_mixin.py:150} INFO - [2024-02-16T20:14:49.440+0000] {dag.py:3504} INFO - Setting next_dagrun for example_short_circuit_decorator to 2024-02-15T20:14:49.440304+00:00, run_after=2024-02-16T20:14:49.440304+00:00
[2024-02-16T20:14:49.489+0000] {processor.py:179} INFO - Processing /usr/local/python/3.10.13/lib/python3.10/site-packages/airflow/example_dags/example_short_circuit_decorator.py took 0.087 seconds
[2024-02-16T20:15:39.340+0000] {processor.py:157} INFO - Started process (PID=23193) to work on /usr/local/python/3.10.13/lib/python3.10/site-packages/airflow/example_dags/example_short_circuit_decorator.py
[2024-02-16T20:15:39.341+0000] {processor.py:826} INFO - Processing file /usr/local/python/3.10.13/lib/python3.10/site-packages/airflow/example_dags/example_short_circuit_decorator.py for tasks to queue
[2024-02-16T20:15:39.342+0000] {logging_mixin.py:150} INFO - [2024-02-16T20:15:39.342+0000] {dagbag.py:541} INFO - Filling up the DagBag from /usr/local/python/3.10.13/lib/python3.10/site-packages/airflow/example_dags/example_short_circuit_decorator.py
[2024-02-16T20:15:39.353+0000] {processor.py:836} INFO - DAG(s) dict_keys(['example_short_circuit_decorator']) retrieved from /usr/local/python/3.10.13/lib/python3.10/site-packages/airflow/example_dags/example_short_circuit_decorator.py
[2024-02-16T20:15:39.369+0000] {logging_mixin.py:150} INFO - [2024-02-16T20:15:39.369+0000] {dag.py:2742} INFO - Sync 1 DAGs
[2024-02-16T20:15:39.386+0000] {logging_mixin.py:150} INFO - [2024-02-16T20:15:39.386+0000] {dag.py:3504} INFO - Setting next_dagrun for example_short_circuit_decorator to 2024-02-15T20:15:39.386309+00:00, run_after=2024-02-16T20:15:39.386309+00:00
[2024-02-16T20:15:39.433+0000] {processor.py:179} INFO - Processing /usr/local/python/3.10.13/lib/python3.10/site-packages/airflow/example_dags/example_short_circuit_decorator.py took 0.096 seconds
[2024-02-16T20:16:32.468+0000] {processor.py:157} INFO - Started process (PID=23589) to work on /usr/local/python/3.10.13/lib/python3.10/site-packages/airflow/example_dags/example_short_circuit_decorator.py
[2024-02-16T20:16:32.469+0000] {processor.py:826} INFO - Processing file /usr/local/python/3.10.13/lib/python3.10/site-packages/airflow/example_dags/example_short_circuit_decorator.py for tasks to queue
[2024-02-16T20:16:32.469+0000] {logging_mixin.py:150} INFO - [2024-02-16T20:16:32.469+0000] {dagbag.py:541} INFO - Filling up the DagBag from /usr/local/python/3.10.13/lib/python3.10/site-packages/airflow/example_dags/example_short_circuit_decorator.py
[2024-02-16T20:16:32.476+0000] {processor.py:836} INFO - DAG(s) dict_keys(['example_short_circuit_decorator']) retrieved from /usr/local/python/3.10.13/lib/python3.10/site-packages/airflow/example_dags/example_short_circuit_decorator.py
[2024-02-16T20:16:32.490+0000] {logging_mixin.py:150} INFO - [2024-02-16T20:16:32.490+0000] {dag.py:2742} INFO - Sync 1 DAGs
[2024-02-16T20:16:32.505+0000] {logging_mixin.py:150} INFO - [2024-02-16T20:16:32.504+0000] {dag.py:3504} INFO - Setting next_dagrun for example_short_circuit_decorator to 2024-02-15T20:16:32.504815+00:00, run_after=2024-02-16T20:16:32.504815+00:00
[2024-02-16T20:16:32.555+0000] {processor.py:179} INFO - Processing /usr/local/python/3.10.13/lib/python3.10/site-packages/airflow/example_dags/example_short_circuit_decorator.py took 0.089 seconds
[2024-02-16T20:17:26.677+0000] {processor.py:157} INFO - Started process (PID=23986) to work on /usr/local/python/3.10.13/lib/python3.10/site-packages/airflow/example_dags/example_short_circuit_decorator.py
[2024-02-16T20:17:26.678+0000] {processor.py:826} INFO - Processing file /usr/local/python/3.10.13/lib/python3.10/site-packages/airflow/example_dags/example_short_circuit_decorator.py for tasks to queue
[2024-02-16T20:17:26.679+0000] {logging_mixin.py:150} INFO - [2024-02-16T20:17:26.678+0000] {dagbag.py:541} INFO - Filling up the DagBag from /usr/local/python/3.10.13/lib/python3.10/site-packages/airflow/example_dags/example_short_circuit_decorator.py
[2024-02-16T20:17:26.688+0000] {processor.py:836} INFO - DAG(s) dict_keys(['example_short_circuit_decorator']) retrieved from /usr/local/python/3.10.13/lib/python3.10/site-packages/airflow/example_dags/example_short_circuit_decorator.py
[2024-02-16T20:17:26.702+0000] {logging_mixin.py:150} INFO - [2024-02-16T20:17:26.702+0000] {dag.py:2742} INFO - Sync 1 DAGs
[2024-02-16T20:17:26.716+0000] {logging_mixin.py:150} INFO - [2024-02-16T20:17:26.716+0000] {dag.py:3504} INFO - Setting next_dagrun for example_short_circuit_decorator to 2024-02-15T20:17:26.716601+00:00, run_after=2024-02-16T20:17:26.716601+00:00
[2024-02-16T20:17:26.764+0000] {processor.py:179} INFO - Processing /usr/local/python/3.10.13/lib/python3.10/site-packages/airflow/example_dags/example_short_circuit_decorator.py took 0.089 seconds
[2024-02-16T20:18:19.645+0000] {processor.py:157} INFO - Started process (PID=24374) to work on /usr/local/python/3.10.13/lib/python3.10/site-packages/airflow/example_dags/example_short_circuit_decorator.py
[2024-02-16T20:18:19.646+0000] {processor.py:826} INFO - Processing file /usr/local/python/3.10.13/lib/python3.10/site-packages/airflow/example_dags/example_short_circuit_decorator.py for tasks to queue
[2024-02-16T20:18:19.647+0000] {logging_mixin.py:150} INFO - [2024-02-16T20:18:19.646+0000] {dagbag.py:541} INFO - Filling up the DagBag from /usr/local/python/3.10.13/lib/python3.10/site-packages/airflow/example_dags/example_short_circuit_decorator.py
[2024-02-16T20:18:19.654+0000] {processor.py:836} INFO - DAG(s) dict_keys(['example_short_circuit_decorator']) retrieved from /usr/local/python/3.10.13/lib/python3.10/site-packages/airflow/example_dags/example_short_circuit_decorator.py
[2024-02-16T20:18:19.667+0000] {logging_mixin.py:150} INFO - [2024-02-16T20:18:19.667+0000] {dag.py:2742} INFO - Sync 1 DAGs
[2024-02-16T20:18:19.682+0000] {logging_mixin.py:150} INFO - [2024-02-16T20:18:19.682+0000] {dag.py:3504} INFO - Setting next_dagrun for example_short_circuit_decorator to 2024-02-15T20:18:19.682106+00:00, run_after=2024-02-16T20:18:19.682106+00:00
[2024-02-16T20:18:19.759+0000] {processor.py:179} INFO - Processing /usr/local/python/3.10.13/lib/python3.10/site-packages/airflow/example_dags/example_short_circuit_decorator.py took 0.116 seconds
[2024-02-16T20:19:11.913+0000] {processor.py:157} INFO - Started process (PID=24766) to work on /usr/local/python/3.10.13/lib/python3.10/site-packages/airflow/example_dags/example_short_circuit_decorator.py
[2024-02-16T20:19:11.914+0000] {processor.py:826} INFO - Processing file /usr/local/python/3.10.13/lib/python3.10/site-packages/airflow/example_dags/example_short_circuit_decorator.py for tasks to queue
[2024-02-16T20:19:11.914+0000] {logging_mixin.py:150} INFO - [2024-02-16T20:19:11.914+0000] {dagbag.py:541} INFO - Filling up the DagBag from /usr/local/python/3.10.13/lib/python3.10/site-packages/airflow/example_dags/example_short_circuit_decorator.py
[2024-02-16T20:19:11.922+0000] {processor.py:836} INFO - DAG(s) dict_keys(['example_short_circuit_decorator']) retrieved from /usr/local/python/3.10.13/lib/python3.10/site-packages/airflow/example_dags/example_short_circuit_decorator.py
[2024-02-16T20:19:11.935+0000] {logging_mixin.py:150} INFO - [2024-02-16T20:19:11.935+0000] {dag.py:2742} INFO - Sync 1 DAGs
[2024-02-16T20:19:11.950+0000] {logging_mixin.py:150} INFO - [2024-02-16T20:19:11.950+0000] {dag.py:3504} INFO - Setting next_dagrun for example_short_circuit_decorator to 2024-02-15T20:19:11.950141+00:00, run_after=2024-02-16T20:19:11.950141+00:00
[2024-02-16T20:19:12.001+0000] {processor.py:179} INFO - Processing /usr/local/python/3.10.13/lib/python3.10/site-packages/airflow/example_dags/example_short_circuit_decorator.py took 0.090 seconds
[2024-02-16T20:20:04.527+0000] {processor.py:157} INFO - Started process (PID=25171) to work on /usr/local/python/3.10.13/lib/python3.10/site-packages/airflow/example_dags/example_short_circuit_decorator.py
[2024-02-16T20:20:04.527+0000] {processor.py:826} INFO - Processing file /usr/local/python/3.10.13/lib/python3.10/site-packages/airflow/example_dags/example_short_circuit_decorator.py for tasks to queue
[2024-02-16T20:20:04.528+0000] {logging_mixin.py:150} INFO - [2024-02-16T20:20:04.528+0000] {dagbag.py:541} INFO - Filling up the DagBag from /usr/local/python/3.10.13/lib/python3.10/site-packages/airflow/example_dags/example_short_circuit_decorator.py
[2024-02-16T20:20:04.535+0000] {processor.py:836} INFO - DAG(s) dict_keys(['example_short_circuit_decorator']) retrieved from /usr/local/python/3.10.13/lib/python3.10/site-packages/airflow/example_dags/example_short_circuit_decorator.py
[2024-02-16T20:20:04.548+0000] {logging_mixin.py:150} INFO - [2024-02-16T20:20:04.548+0000] {dag.py:2742} INFO - Sync 1 DAGs
[2024-02-16T20:20:04.563+0000] {logging_mixin.py:150} INFO - [2024-02-16T20:20:04.563+0000] {dag.py:3504} INFO - Setting next_dagrun for example_short_circuit_decorator to 2024-02-15T20:20:04.563344+00:00, run_after=2024-02-16T20:20:04.563344+00:00
[2024-02-16T20:20:04.609+0000] {processor.py:179} INFO - Processing /usr/local/python/3.10.13/lib/python3.10/site-packages/airflow/example_dags/example_short_circuit_decorator.py took 0.085 seconds
[2024-02-16T20:20:58.719+0000] {processor.py:157} INFO - Started process (PID=25570) to work on /usr/local/python/3.10.13/lib/python3.10/site-packages/airflow/example_dags/example_short_circuit_decorator.py
[2024-02-16T20:20:58.720+0000] {processor.py:826} INFO - Processing file /usr/local/python/3.10.13/lib/python3.10/site-packages/airflow/example_dags/example_short_circuit_decorator.py for tasks to queue
[2024-02-16T20:20:58.721+0000] {logging_mixin.py:150} INFO - [2024-02-16T20:20:58.720+0000] {dagbag.py:541} INFO - Filling up the DagBag from /usr/local/python/3.10.13/lib/python3.10/site-packages/airflow/example_dags/example_short_circuit_decorator.py
[2024-02-16T20:20:58.728+0000] {processor.py:836} INFO - DAG(s) dict_keys(['example_short_circuit_decorator']) retrieved from /usr/local/python/3.10.13/lib/python3.10/site-packages/airflow/example_dags/example_short_circuit_decorator.py
[2024-02-16T20:20:58.741+0000] {logging_mixin.py:150} INFO - [2024-02-16T20:20:58.741+0000] {dag.py:2742} INFO - Sync 1 DAGs
[2024-02-16T20:20:58.756+0000] {logging_mixin.py:150} INFO - [2024-02-16T20:20:58.756+0000] {dag.py:3504} INFO - Setting next_dagrun for example_short_circuit_decorator to 2024-02-15T20:20:58.756253+00:00, run_after=2024-02-16T20:20:58.756253+00:00
[2024-02-16T20:20:58.806+0000] {processor.py:179} INFO - Processing /usr/local/python/3.10.13/lib/python3.10/site-packages/airflow/example_dags/example_short_circuit_decorator.py took 0.089 seconds
[2024-02-16T20:21:53.522+0000] {processor.py:157} INFO - Started process (PID=25969) to work on /usr/local/python/3.10.13/lib/python3.10/site-packages/airflow/example_dags/example_short_circuit_decorator.py
[2024-02-16T20:21:53.523+0000] {processor.py:826} INFO - Processing file /usr/local/python/3.10.13/lib/python3.10/site-packages/airflow/example_dags/example_short_circuit_decorator.py for tasks to queue
[2024-02-16T20:21:53.524+0000] {logging_mixin.py:150} INFO - [2024-02-16T20:21:53.523+0000] {dagbag.py:541} INFO - Filling up the DagBag from /usr/local/python/3.10.13/lib/python3.10/site-packages/airflow/example_dags/example_short_circuit_decorator.py
[2024-02-16T20:21:53.531+0000] {processor.py:836} INFO - DAG(s) dict_keys(['example_short_circuit_decorator']) retrieved from /usr/local/python/3.10.13/lib/python3.10/site-packages/airflow/example_dags/example_short_circuit_decorator.py
[2024-02-16T20:21:53.544+0000] {logging_mixin.py:150} INFO - [2024-02-16T20:21:53.544+0000] {dag.py:2742} INFO - Sync 1 DAGs
[2024-02-16T20:21:53.561+0000] {logging_mixin.py:150} INFO - [2024-02-16T20:21:53.561+0000] {dag.py:3504} INFO - Setting next_dagrun for example_short_circuit_decorator to 2024-02-15T20:21:53.561419+00:00, run_after=2024-02-16T20:21:53.561419+00:00
[2024-02-16T20:21:53.613+0000] {processor.py:179} INFO - Processing /usr/local/python/3.10.13/lib/python3.10/site-packages/airflow/example_dags/example_short_circuit_decorator.py took 0.093 seconds
[2024-02-16T20:22:48.115+0000] {processor.py:157} INFO - Started process (PID=26401) to work on /usr/local/python/3.10.13/lib/python3.10/site-packages/airflow/example_dags/example_short_circuit_decorator.py
[2024-02-16T20:22:48.116+0000] {processor.py:826} INFO - Processing file /usr/local/python/3.10.13/lib/python3.10/site-packages/airflow/example_dags/example_short_circuit_decorator.py for tasks to queue
[2024-02-16T20:22:48.116+0000] {logging_mixin.py:150} INFO - [2024-02-16T20:22:48.116+0000] {dagbag.py:541} INFO - Filling up the DagBag from /usr/local/python/3.10.13/lib/python3.10/site-packages/airflow/example_dags/example_short_circuit_decorator.py
[2024-02-16T20:22:48.124+0000] {processor.py:836} INFO - DAG(s) dict_keys(['example_short_circuit_decorator']) retrieved from /usr/local/python/3.10.13/lib/python3.10/site-packages/airflow/example_dags/example_short_circuit_decorator.py
[2024-02-16T20:22:48.138+0000] {logging_mixin.py:150} INFO - [2024-02-16T20:22:48.138+0000] {dag.py:2742} INFO - Sync 1 DAGs
[2024-02-16T20:22:48.155+0000] {logging_mixin.py:150} INFO - [2024-02-16T20:22:48.154+0000] {dag.py:3504} INFO - Setting next_dagrun for example_short_circuit_decorator to 2024-02-15T20:22:48.154723+00:00, run_after=2024-02-16T20:22:48.154723+00:00
[2024-02-16T20:22:48.207+0000] {processor.py:179} INFO - Processing /usr/local/python/3.10.13/lib/python3.10/site-packages/airflow/example_dags/example_short_circuit_decorator.py took 0.095 seconds
[2024-02-16T20:23:38.727+0000] {processor.py:157} INFO - Started process (PID=26768) to work on /usr/local/python/3.10.13/lib/python3.10/site-packages/airflow/example_dags/example_short_circuit_decorator.py
[2024-02-16T20:23:38.728+0000] {processor.py:826} INFO - Processing file /usr/local/python/3.10.13/lib/python3.10/site-packages/airflow/example_dags/example_short_circuit_decorator.py for tasks to queue
[2024-02-16T20:23:38.729+0000] {logging_mixin.py:150} INFO - [2024-02-16T20:23:38.728+0000] {dagbag.py:541} INFO - Filling up the DagBag from /usr/local/python/3.10.13/lib/python3.10/site-packages/airflow/example_dags/example_short_circuit_decorator.py
[2024-02-16T20:23:38.738+0000] {processor.py:836} INFO - DAG(s) dict_keys(['example_short_circuit_decorator']) retrieved from /usr/local/python/3.10.13/lib/python3.10/site-packages/airflow/example_dags/example_short_circuit_decorator.py
[2024-02-16T20:23:38.751+0000] {logging_mixin.py:150} INFO - [2024-02-16T20:23:38.751+0000] {dag.py:2742} INFO - Sync 1 DAGs
[2024-02-16T20:23:38.767+0000] {logging_mixin.py:150} INFO - [2024-02-16T20:23:38.767+0000] {dag.py:3504} INFO - Setting next_dagrun for example_short_circuit_decorator to 2024-02-15T20:23:38.766959+00:00, run_after=2024-02-16T20:23:38.766959+00:00
[2024-02-16T20:23:38.812+0000] {processor.py:179} INFO - Processing /usr/local/python/3.10.13/lib/python3.10/site-packages/airflow/example_dags/example_short_circuit_decorator.py took 0.089 seconds
