[2024-02-16T20:09:41.225+0000] {processor.py:157} INFO - Started process (PID=20295) to work on /usr/local/python/3.10.13/lib/python3.10/site-packages/airflow/example_dags/example_datasets.py
[2024-02-16T20:09:41.226+0000] {processor.py:826} INFO - Processing file /usr/local/python/3.10.13/lib/python3.10/site-packages/airflow/example_dags/example_datasets.py for tasks to queue
[2024-02-16T20:09:41.227+0000] {logging_mixin.py:150} INFO - [2024-02-16T20:09:41.227+0000] {dagbag.py:541} INFO - Filling up the DagBag from /usr/local/python/3.10.13/lib/python3.10/site-packages/airflow/example_dags/example_datasets.py
[2024-02-16T20:09:41.239+0000] {processor.py:836} INFO - DAG(s) dict_keys(['dataset_produces_1', 'dataset_produces_2', 'dataset_consumes_1', 'dataset_consumes_unknown_never_scheduled', 'dataset_consumes_1_never_scheduled', 'dataset_consumes_1_and_2']) retrieved from /usr/local/python/3.10.13/lib/python3.10/site-packages/airflow/example_dags/example_datasets.py
[2024-02-16T20:09:41.390+0000] {logging_mixin.py:150} INFO - [2024-02-16T20:09:41.390+0000] {manager.py:504} INFO - Created Permission View: can read on DAG:dataset_produces_1
[2024-02-16T20:09:41.428+0000] {logging_mixin.py:150} INFO - [2024-02-16T20:09:41.428+0000] {manager.py:504} INFO - Created Permission View: can edit on DAG:dataset_produces_1
[2024-02-16T20:09:41.464+0000] {logging_mixin.py:150} INFO - [2024-02-16T20:09:41.463+0000] {manager.py:504} INFO - Created Permission View: can delete on DAG:dataset_produces_1
[2024-02-16T20:09:41.560+0000] {logging_mixin.py:150} INFO - [2024-02-16T20:09:41.560+0000] {manager.py:504} INFO - Created Permission View: can read on DAG:dataset_produces_2
[2024-02-16T20:09:41.595+0000] {logging_mixin.py:150} INFO - [2024-02-16T20:09:41.594+0000] {manager.py:504} INFO - Created Permission View: can edit on DAG:dataset_produces_2
[2024-02-16T20:09:41.629+0000] {logging_mixin.py:150} INFO - [2024-02-16T20:09:41.629+0000] {manager.py:504} INFO - Created Permission View: can delete on DAG:dataset_produces_2
[2024-02-16T20:09:41.709+0000] {logging_mixin.py:150} INFO - [2024-02-16T20:09:41.709+0000] {manager.py:504} INFO - Created Permission View: can read on DAG:dataset_consumes_1
[2024-02-16T20:09:41.745+0000] {logging_mixin.py:150} INFO - [2024-02-16T20:09:41.744+0000] {manager.py:504} INFO - Created Permission View: can edit on DAG:dataset_consumes_1
[2024-02-16T20:09:41.784+0000] {logging_mixin.py:150} INFO - [2024-02-16T20:09:41.783+0000] {manager.py:504} INFO - Created Permission View: can delete on DAG:dataset_consumes_1
[2024-02-16T20:09:41.885+0000] {logging_mixin.py:150} INFO - [2024-02-16T20:09:41.885+0000] {manager.py:504} INFO - Created Permission View: can read on DAG:dataset_consumes_unknown_never_scheduled
[2024-02-16T20:09:41.929+0000] {logging_mixin.py:150} INFO - [2024-02-16T20:09:41.928+0000] {manager.py:504} INFO - Created Permission View: can edit on DAG:dataset_consumes_unknown_never_scheduled
[2024-02-16T20:09:41.970+0000] {logging_mixin.py:150} INFO - [2024-02-16T20:09:41.970+0000] {manager.py:504} INFO - Created Permission View: can delete on DAG:dataset_consumes_unknown_never_scheduled
[2024-02-16T20:09:42.056+0000] {logging_mixin.py:150} INFO - [2024-02-16T20:09:42.055+0000] {manager.py:504} INFO - Created Permission View: can read on DAG:dataset_consumes_1_never_scheduled
[2024-02-16T20:09:42.109+0000] {logging_mixin.py:150} INFO - [2024-02-16T20:09:42.109+0000] {manager.py:504} INFO - Created Permission View: can edit on DAG:dataset_consumes_1_never_scheduled
[2024-02-16T20:09:42.145+0000] {logging_mixin.py:150} INFO - [2024-02-16T20:09:42.145+0000] {manager.py:504} INFO - Created Permission View: can delete on DAG:dataset_consumes_1_never_scheduled
[2024-02-16T20:09:42.230+0000] {logging_mixin.py:150} INFO - [2024-02-16T20:09:42.230+0000] {manager.py:504} INFO - Created Permission View: can read on DAG:dataset_consumes_1_and_2
[2024-02-16T20:09:42.266+0000] {logging_mixin.py:150} INFO - [2024-02-16T20:09:42.265+0000] {manager.py:504} INFO - Created Permission View: can edit on DAG:dataset_consumes_1_and_2
[2024-02-16T20:09:42.300+0000] {logging_mixin.py:150} INFO - [2024-02-16T20:09:42.300+0000] {manager.py:504} INFO - Created Permission View: can delete on DAG:dataset_consumes_1_and_2
[2024-02-16T20:09:42.303+0000] {logging_mixin.py:150} INFO - [2024-02-16T20:09:42.303+0000] {dag.py:2742} INFO - Sync 6 DAGs
[2024-02-16T20:09:42.311+0000] {logging_mixin.py:150} INFO - [2024-02-16T20:09:42.311+0000] {dag.py:2763} INFO - Creating ORM DAG for dataset_consumes_1_never_scheduled
[2024-02-16T20:09:42.311+0000] {logging_mixin.py:150} INFO - [2024-02-16T20:09:42.311+0000] {dag.py:2763} INFO - Creating ORM DAG for dataset_consumes_1_and_2
[2024-02-16T20:09:42.312+0000] {logging_mixin.py:150} INFO - [2024-02-16T20:09:42.312+0000] {dag.py:2763} INFO - Creating ORM DAG for dataset_produces_2
[2024-02-16T20:09:42.312+0000] {logging_mixin.py:150} INFO - [2024-02-16T20:09:42.312+0000] {dag.py:2763} INFO - Creating ORM DAG for dataset_consumes_1
[2024-02-16T20:09:42.312+0000] {logging_mixin.py:150} INFO - [2024-02-16T20:09:42.312+0000] {dag.py:2763} INFO - Creating ORM DAG for dataset_consumes_unknown_never_scheduled
[2024-02-16T20:09:42.313+0000] {logging_mixin.py:150} INFO - [2024-02-16T20:09:42.313+0000] {dag.py:2763} INFO - Creating ORM DAG for dataset_produces_1
[2024-02-16T20:09:42.320+0000] {logging_mixin.py:150} INFO - [2024-02-16T20:09:42.320+0000] {dag.py:3504} INFO - Setting next_dagrun for dataset_consumes_1 to None, run_after=None
[2024-02-16T20:09:42.321+0000] {logging_mixin.py:150} INFO - [2024-02-16T20:09:42.321+0000] {dag.py:3504} INFO - Setting next_dagrun for dataset_consumes_1_and_2 to None, run_after=None
[2024-02-16T20:09:42.321+0000] {logging_mixin.py:150} INFO - [2024-02-16T20:09:42.321+0000] {dag.py:3504} INFO - Setting next_dagrun for dataset_consumes_1_never_scheduled to None, run_after=None
[2024-02-16T20:09:42.322+0000] {logging_mixin.py:150} INFO - [2024-02-16T20:09:42.321+0000] {dag.py:3504} INFO - Setting next_dagrun for dataset_consumes_unknown_never_scheduled to None, run_after=None
[2024-02-16T20:09:42.323+0000] {logging_mixin.py:150} INFO - [2024-02-16T20:09:42.323+0000] {dag.py:3504} INFO - Setting next_dagrun for dataset_produces_1 to 2024-02-15T00:00:00+00:00, run_after=2024-02-16T00:00:00+00:00
[2024-02-16T20:09:42.324+0000] {logging_mixin.py:150} INFO - [2024-02-16T20:09:42.324+0000] {dag.py:3504} INFO - Setting next_dagrun for dataset_produces_2 to None, run_after=None
[2024-02-16T20:09:42.404+0000] {processor.py:179} INFO - Processing /usr/local/python/3.10.13/lib/python3.10/site-packages/airflow/example_dags/example_datasets.py took 1.184 seconds
[2024-02-16T20:10:31.058+0000] {processor.py:157} INFO - Started process (PID=20737) to work on /usr/local/python/3.10.13/lib/python3.10/site-packages/airflow/example_dags/example_datasets.py
[2024-02-16T20:10:31.059+0000] {processor.py:826} INFO - Processing file /usr/local/python/3.10.13/lib/python3.10/site-packages/airflow/example_dags/example_datasets.py for tasks to queue
[2024-02-16T20:10:31.060+0000] {logging_mixin.py:150} INFO - [2024-02-16T20:10:31.059+0000] {dagbag.py:541} INFO - Filling up the DagBag from /usr/local/python/3.10.13/lib/python3.10/site-packages/airflow/example_dags/example_datasets.py
[2024-02-16T20:10:31.070+0000] {processor.py:836} INFO - DAG(s) dict_keys(['dataset_produces_1', 'dataset_consumes_1_never_scheduled', 'dataset_consumes_1', 'dataset_consumes_unknown_never_scheduled', 'dataset_consumes_1_and_2', 'dataset_produces_2']) retrieved from /usr/local/python/3.10.13/lib/python3.10/site-packages/airflow/example_dags/example_datasets.py
[2024-02-16T20:10:31.102+0000] {logging_mixin.py:150} INFO - [2024-02-16T20:10:31.102+0000] {dag.py:2742} INFO - Sync 6 DAGs
[2024-02-16T20:10:31.125+0000] {logging_mixin.py:150} INFO - [2024-02-16T20:10:31.125+0000] {dag.py:3504} INFO - Setting next_dagrun for dataset_consumes_1 to None, run_after=None
[2024-02-16T20:10:31.128+0000] {logging_mixin.py:150} INFO - [2024-02-16T20:10:31.128+0000] {dag.py:3504} INFO - Setting next_dagrun for dataset_consumes_1_and_2 to None, run_after=None
[2024-02-16T20:10:31.129+0000] {logging_mixin.py:150} INFO - [2024-02-16T20:10:31.129+0000] {dag.py:3504} INFO - Setting next_dagrun for dataset_consumes_1_never_scheduled to None, run_after=None
[2024-02-16T20:10:31.130+0000] {logging_mixin.py:150} INFO - [2024-02-16T20:10:31.130+0000] {dag.py:3504} INFO - Setting next_dagrun for dataset_consumes_unknown_never_scheduled to None, run_after=None
[2024-02-16T20:10:31.140+0000] {logging_mixin.py:150} INFO - [2024-02-16T20:10:31.140+0000] {dag.py:3504} INFO - Setting next_dagrun for dataset_produces_1 to 2024-02-15T00:00:00+00:00, run_after=2024-02-16T00:00:00+00:00
[2024-02-16T20:10:31.141+0000] {logging_mixin.py:150} INFO - [2024-02-16T20:10:31.140+0000] {dag.py:3504} INFO - Setting next_dagrun for dataset_produces_2 to None, run_after=None
[2024-02-16T20:10:31.216+0000] {processor.py:179} INFO - Processing /usr/local/python/3.10.13/lib/python3.10/site-packages/airflow/example_dags/example_datasets.py took 0.161 seconds
[2024-02-16T20:11:46.894+0000] {processor.py:157} INFO - Started process (PID=21466) to work on /usr/local/python/3.10.13/lib/python3.10/site-packages/airflow/example_dags/example_datasets.py
[2024-02-16T20:11:46.894+0000] {processor.py:826} INFO - Processing file /usr/local/python/3.10.13/lib/python3.10/site-packages/airflow/example_dags/example_datasets.py for tasks to queue
[2024-02-16T20:11:46.895+0000] {logging_mixin.py:150} INFO - [2024-02-16T20:11:46.895+0000] {dagbag.py:541} INFO - Filling up the DagBag from /usr/local/python/3.10.13/lib/python3.10/site-packages/airflow/example_dags/example_datasets.py
[2024-02-16T20:11:46.902+0000] {processor.py:836} INFO - DAG(s) dict_keys(['dataset_produces_1', 'dataset_produces_2', 'dataset_consumes_1_and_2', 'dataset_consumes_1_never_scheduled', 'dataset_consumes_unknown_never_scheduled', 'dataset_consumes_1']) retrieved from /usr/local/python/3.10.13/lib/python3.10/site-packages/airflow/example_dags/example_datasets.py
[2024-02-16T20:11:46.924+0000] {logging_mixin.py:150} INFO - [2024-02-16T20:11:46.924+0000] {dag.py:2742} INFO - Sync 6 DAGs
[2024-02-16T20:11:46.940+0000] {logging_mixin.py:150} INFO - [2024-02-16T20:11:46.939+0000] {dag.py:3504} INFO - Setting next_dagrun for dataset_consumes_1 to None, run_after=None
[2024-02-16T20:11:46.942+0000] {logging_mixin.py:150} INFO - [2024-02-16T20:11:46.942+0000] {dag.py:3504} INFO - Setting next_dagrun for dataset_consumes_1_and_2 to None, run_after=None
[2024-02-16T20:11:46.942+0000] {logging_mixin.py:150} INFO - [2024-02-16T20:11:46.942+0000] {dag.py:3504} INFO - Setting next_dagrun for dataset_consumes_1_never_scheduled to None, run_after=None
[2024-02-16T20:11:46.943+0000] {logging_mixin.py:150} INFO - [2024-02-16T20:11:46.943+0000] {dag.py:3504} INFO - Setting next_dagrun for dataset_consumes_unknown_never_scheduled to None, run_after=None
[2024-02-16T20:11:46.945+0000] {logging_mixin.py:150} INFO - [2024-02-16T20:11:46.945+0000] {dag.py:3504} INFO - Setting next_dagrun for dataset_produces_1 to 2024-02-15T00:00:00+00:00, run_after=2024-02-16T00:00:00+00:00
[2024-02-16T20:11:46.946+0000] {logging_mixin.py:150} INFO - [2024-02-16T20:11:46.946+0000] {dag.py:3504} INFO - Setting next_dagrun for dataset_produces_2 to None, run_after=None
[2024-02-16T20:11:46.998+0000] {processor.py:179} INFO - Processing /usr/local/python/3.10.13/lib/python3.10/site-packages/airflow/example_dags/example_datasets.py took 0.107 seconds
[2024-02-16T20:12:39.559+0000] {processor.py:157} INFO - Started process (PID=21843) to work on /usr/local/python/3.10.13/lib/python3.10/site-packages/airflow/example_dags/example_datasets.py
[2024-02-16T20:12:39.560+0000] {processor.py:826} INFO - Processing file /usr/local/python/3.10.13/lib/python3.10/site-packages/airflow/example_dags/example_datasets.py for tasks to queue
[2024-02-16T20:12:39.560+0000] {logging_mixin.py:150} INFO - [2024-02-16T20:12:39.560+0000] {dagbag.py:541} INFO - Filling up the DagBag from /usr/local/python/3.10.13/lib/python3.10/site-packages/airflow/example_dags/example_datasets.py
[2024-02-16T20:12:39.569+0000] {processor.py:836} INFO - DAG(s) dict_keys(['dataset_consumes_1_never_scheduled', 'dataset_consumes_unknown_never_scheduled', 'dataset_produces_1', 'dataset_consumes_1', 'dataset_consumes_1_and_2', 'dataset_produces_2']) retrieved from /usr/local/python/3.10.13/lib/python3.10/site-packages/airflow/example_dags/example_datasets.py
[2024-02-16T20:12:39.591+0000] {logging_mixin.py:150} INFO - [2024-02-16T20:12:39.591+0000] {dag.py:2742} INFO - Sync 6 DAGs
[2024-02-16T20:12:39.606+0000] {logging_mixin.py:150} INFO - [2024-02-16T20:12:39.606+0000] {dag.py:3504} INFO - Setting next_dagrun for dataset_consumes_1 to None, run_after=None
[2024-02-16T20:12:39.609+0000] {logging_mixin.py:150} INFO - [2024-02-16T20:12:39.609+0000] {dag.py:3504} INFO - Setting next_dagrun for dataset_consumes_1_and_2 to None, run_after=None
[2024-02-16T20:12:39.609+0000] {logging_mixin.py:150} INFO - [2024-02-16T20:12:39.609+0000] {dag.py:3504} INFO - Setting next_dagrun for dataset_consumes_1_never_scheduled to None, run_after=None
[2024-02-16T20:12:39.610+0000] {logging_mixin.py:150} INFO - [2024-02-16T20:12:39.610+0000] {dag.py:3504} INFO - Setting next_dagrun for dataset_consumes_unknown_never_scheduled to None, run_after=None
[2024-02-16T20:12:39.612+0000] {logging_mixin.py:150} INFO - [2024-02-16T20:12:39.612+0000] {dag.py:3504} INFO - Setting next_dagrun for dataset_produces_1 to 2024-02-15T00:00:00+00:00, run_after=2024-02-16T00:00:00+00:00
[2024-02-16T20:12:39.613+0000] {logging_mixin.py:150} INFO - [2024-02-16T20:12:39.613+0000] {dag.py:3504} INFO - Setting next_dagrun for dataset_produces_2 to None, run_after=None
[2024-02-16T20:12:39.666+0000] {processor.py:179} INFO - Processing /usr/local/python/3.10.13/lib/python3.10/site-packages/airflow/example_dags/example_datasets.py took 0.109 seconds
[2024-02-16T20:13:29.639+0000] {processor.py:157} INFO - Started process (PID=22215) to work on /usr/local/python/3.10.13/lib/python3.10/site-packages/airflow/example_dags/example_datasets.py
[2024-02-16T20:13:29.639+0000] {processor.py:826} INFO - Processing file /usr/local/python/3.10.13/lib/python3.10/site-packages/airflow/example_dags/example_datasets.py for tasks to queue
[2024-02-16T20:13:29.640+0000] {logging_mixin.py:150} INFO - [2024-02-16T20:13:29.640+0000] {dagbag.py:541} INFO - Filling up the DagBag from /usr/local/python/3.10.13/lib/python3.10/site-packages/airflow/example_dags/example_datasets.py
[2024-02-16T20:13:29.648+0000] {processor.py:836} INFO - DAG(s) dict_keys(['dataset_consumes_1_never_scheduled', 'dataset_consumes_1', 'dataset_consumes_unknown_never_scheduled', 'dataset_produces_1', 'dataset_consumes_1_and_2', 'dataset_produces_2']) retrieved from /usr/local/python/3.10.13/lib/python3.10/site-packages/airflow/example_dags/example_datasets.py
[2024-02-16T20:13:29.670+0000] {logging_mixin.py:150} INFO - [2024-02-16T20:13:29.670+0000] {dag.py:2742} INFO - Sync 6 DAGs
[2024-02-16T20:13:29.687+0000] {logging_mixin.py:150} INFO - [2024-02-16T20:13:29.686+0000] {dag.py:3504} INFO - Setting next_dagrun for dataset_consumes_1 to None, run_after=None
[2024-02-16T20:13:29.689+0000] {logging_mixin.py:150} INFO - [2024-02-16T20:13:29.689+0000] {dag.py:3504} INFO - Setting next_dagrun for dataset_consumes_1_and_2 to None, run_after=None
[2024-02-16T20:13:29.690+0000] {logging_mixin.py:150} INFO - [2024-02-16T20:13:29.690+0000] {dag.py:3504} INFO - Setting next_dagrun for dataset_consumes_1_never_scheduled to None, run_after=None
[2024-02-16T20:13:29.690+0000] {logging_mixin.py:150} INFO - [2024-02-16T20:13:29.690+0000] {dag.py:3504} INFO - Setting next_dagrun for dataset_consumes_unknown_never_scheduled to None, run_after=None
[2024-02-16T20:13:29.692+0000] {logging_mixin.py:150} INFO - [2024-02-16T20:13:29.692+0000] {dag.py:3504} INFO - Setting next_dagrun for dataset_produces_1 to 2024-02-15T00:00:00+00:00, run_after=2024-02-16T00:00:00+00:00
[2024-02-16T20:13:29.693+0000] {logging_mixin.py:150} INFO - [2024-02-16T20:13:29.693+0000] {dag.py:3504} INFO - Setting next_dagrun for dataset_produces_2 to None, run_after=None
[2024-02-16T20:13:29.749+0000] {processor.py:179} INFO - Processing /usr/local/python/3.10.13/lib/python3.10/site-packages/airflow/example_dags/example_datasets.py took 0.112 seconds
[2024-02-16T20:14:27.014+0000] {processor.py:157} INFO - Started process (PID=22633) to work on /usr/local/python/3.10.13/lib/python3.10/site-packages/airflow/example_dags/example_datasets.py
[2024-02-16T20:14:27.015+0000] {processor.py:826} INFO - Processing file /usr/local/python/3.10.13/lib/python3.10/site-packages/airflow/example_dags/example_datasets.py for tasks to queue
[2024-02-16T20:14:27.016+0000] {logging_mixin.py:150} INFO - [2024-02-16T20:14:27.016+0000] {dagbag.py:541} INFO - Filling up the DagBag from /usr/local/python/3.10.13/lib/python3.10/site-packages/airflow/example_dags/example_datasets.py
[2024-02-16T20:14:27.025+0000] {processor.py:836} INFO - DAG(s) dict_keys(['dataset_produces_1', 'dataset_consumes_1', 'dataset_consumes_unknown_never_scheduled', 'dataset_consumes_1_never_scheduled', 'dataset_consumes_1_and_2', 'dataset_produces_2']) retrieved from /usr/local/python/3.10.13/lib/python3.10/site-packages/airflow/example_dags/example_datasets.py
[2024-02-16T20:14:27.056+0000] {logging_mixin.py:150} INFO - [2024-02-16T20:14:27.055+0000] {dag.py:2742} INFO - Sync 6 DAGs
[2024-02-16T20:14:27.078+0000] {logging_mixin.py:150} INFO - [2024-02-16T20:14:27.078+0000] {dag.py:3504} INFO - Setting next_dagrun for dataset_consumes_1 to None, run_after=None
[2024-02-16T20:14:27.082+0000] {logging_mixin.py:150} INFO - [2024-02-16T20:14:27.081+0000] {dag.py:3504} INFO - Setting next_dagrun for dataset_consumes_1_and_2 to None, run_after=None
[2024-02-16T20:14:27.083+0000] {logging_mixin.py:150} INFO - [2024-02-16T20:14:27.082+0000] {dag.py:3504} INFO - Setting next_dagrun for dataset_consumes_1_never_scheduled to None, run_after=None
[2024-02-16T20:14:27.083+0000] {logging_mixin.py:150} INFO - [2024-02-16T20:14:27.083+0000] {dag.py:3504} INFO - Setting next_dagrun for dataset_consumes_unknown_never_scheduled to None, run_after=None
[2024-02-16T20:14:27.086+0000] {logging_mixin.py:150} INFO - [2024-02-16T20:14:27.086+0000] {dag.py:3504} INFO - Setting next_dagrun for dataset_produces_1 to 2024-02-15T00:00:00+00:00, run_after=2024-02-16T00:00:00+00:00
[2024-02-16T20:14:27.087+0000] {logging_mixin.py:150} INFO - [2024-02-16T20:14:27.087+0000] {dag.py:3504} INFO - Setting next_dagrun for dataset_produces_2 to None, run_after=None
[2024-02-16T20:14:27.172+0000] {processor.py:179} INFO - Processing /usr/local/python/3.10.13/lib/python3.10/site-packages/airflow/example_dags/example_datasets.py took 0.161 seconds
[2024-02-16T20:15:20.020+0000] {processor.py:157} INFO - Started process (PID=23050) to work on /usr/local/python/3.10.13/lib/python3.10/site-packages/airflow/example_dags/example_datasets.py
[2024-02-16T20:15:20.020+0000] {processor.py:826} INFO - Processing file /usr/local/python/3.10.13/lib/python3.10/site-packages/airflow/example_dags/example_datasets.py for tasks to queue
[2024-02-16T20:15:20.021+0000] {logging_mixin.py:150} INFO - [2024-02-16T20:15:20.020+0000] {dagbag.py:541} INFO - Filling up the DagBag from /usr/local/python/3.10.13/lib/python3.10/site-packages/airflow/example_dags/example_datasets.py
[2024-02-16T20:15:20.028+0000] {processor.py:836} INFO - DAG(s) dict_keys(['dataset_produces_2', 'dataset_consumes_1_and_2', 'dataset_consumes_1', 'dataset_produces_1', 'dataset_consumes_unknown_never_scheduled', 'dataset_consumes_1_never_scheduled']) retrieved from /usr/local/python/3.10.13/lib/python3.10/site-packages/airflow/example_dags/example_datasets.py
[2024-02-16T20:15:20.049+0000] {logging_mixin.py:150} INFO - [2024-02-16T20:15:20.049+0000] {dag.py:2742} INFO - Sync 6 DAGs
[2024-02-16T20:15:20.064+0000] {logging_mixin.py:150} INFO - [2024-02-16T20:15:20.064+0000] {dag.py:3504} INFO - Setting next_dagrun for dataset_consumes_1 to None, run_after=None
[2024-02-16T20:15:20.066+0000] {logging_mixin.py:150} INFO - [2024-02-16T20:15:20.066+0000] {dag.py:3504} INFO - Setting next_dagrun for dataset_consumes_1_and_2 to None, run_after=None
[2024-02-16T20:15:20.067+0000] {logging_mixin.py:150} INFO - [2024-02-16T20:15:20.067+0000] {dag.py:3504} INFO - Setting next_dagrun for dataset_consumes_1_never_scheduled to None, run_after=None
[2024-02-16T20:15:20.068+0000] {logging_mixin.py:150} INFO - [2024-02-16T20:15:20.068+0000] {dag.py:3504} INFO - Setting next_dagrun for dataset_consumes_unknown_never_scheduled to None, run_after=None
[2024-02-16T20:15:20.070+0000] {logging_mixin.py:150} INFO - [2024-02-16T20:15:20.070+0000] {dag.py:3504} INFO - Setting next_dagrun for dataset_produces_1 to 2024-02-15T00:00:00+00:00, run_after=2024-02-16T00:00:00+00:00
[2024-02-16T20:15:20.070+0000] {logging_mixin.py:150} INFO - [2024-02-16T20:15:20.070+0000] {dag.py:3504} INFO - Setting next_dagrun for dataset_produces_2 to None, run_after=None
[2024-02-16T20:15:20.122+0000] {processor.py:179} INFO - Processing /usr/local/python/3.10.13/lib/python3.10/site-packages/airflow/example_dags/example_datasets.py took 0.105 seconds
[2024-02-16T20:16:10.906+0000] {processor.py:157} INFO - Started process (PID=23431) to work on /usr/local/python/3.10.13/lib/python3.10/site-packages/airflow/example_dags/example_datasets.py
[2024-02-16T20:16:10.907+0000] {processor.py:826} INFO - Processing file /usr/local/python/3.10.13/lib/python3.10/site-packages/airflow/example_dags/example_datasets.py for tasks to queue
[2024-02-16T20:16:10.908+0000] {logging_mixin.py:150} INFO - [2024-02-16T20:16:10.908+0000] {dagbag.py:541} INFO - Filling up the DagBag from /usr/local/python/3.10.13/lib/python3.10/site-packages/airflow/example_dags/example_datasets.py
[2024-02-16T20:16:10.918+0000] {processor.py:836} INFO - DAG(s) dict_keys(['dataset_consumes_1', 'dataset_produces_2', 'dataset_consumes_unknown_never_scheduled', 'dataset_produces_1', 'dataset_consumes_1_and_2', 'dataset_consumes_1_never_scheduled']) retrieved from /usr/local/python/3.10.13/lib/python3.10/site-packages/airflow/example_dags/example_datasets.py
[2024-02-16T20:16:10.948+0000] {logging_mixin.py:150} INFO - [2024-02-16T20:16:10.948+0000] {dag.py:2742} INFO - Sync 6 DAGs
[2024-02-16T20:16:10.967+0000] {logging_mixin.py:150} INFO - [2024-02-16T20:16:10.967+0000] {dag.py:3504} INFO - Setting next_dagrun for dataset_consumes_1 to None, run_after=None
[2024-02-16T20:16:10.970+0000] {logging_mixin.py:150} INFO - [2024-02-16T20:16:10.969+0000] {dag.py:3504} INFO - Setting next_dagrun for dataset_consumes_1_and_2 to None, run_after=None
[2024-02-16T20:16:10.971+0000] {logging_mixin.py:150} INFO - [2024-02-16T20:16:10.971+0000] {dag.py:3504} INFO - Setting next_dagrun for dataset_consumes_1_never_scheduled to None, run_after=None
[2024-02-16T20:16:10.972+0000] {logging_mixin.py:150} INFO - [2024-02-16T20:16:10.971+0000] {dag.py:3504} INFO - Setting next_dagrun for dataset_consumes_unknown_never_scheduled to None, run_after=None
[2024-02-16T20:16:10.974+0000] {logging_mixin.py:150} INFO - [2024-02-16T20:16:10.974+0000] {dag.py:3504} INFO - Setting next_dagrun for dataset_produces_1 to 2024-02-15T00:00:00+00:00, run_after=2024-02-16T00:00:00+00:00
[2024-02-16T20:16:10.974+0000] {logging_mixin.py:150} INFO - [2024-02-16T20:16:10.974+0000] {dag.py:3504} INFO - Setting next_dagrun for dataset_produces_2 to None, run_after=None
[2024-02-16T20:16:11.030+0000] {processor.py:179} INFO - Processing /usr/local/python/3.10.13/lib/python3.10/site-packages/airflow/example_dags/example_datasets.py took 0.127 seconds
[2024-02-16T20:17:05.781+0000] {processor.py:157} INFO - Started process (PID=23832) to work on /usr/local/python/3.10.13/lib/python3.10/site-packages/airflow/example_dags/example_datasets.py
[2024-02-16T20:17:05.781+0000] {processor.py:826} INFO - Processing file /usr/local/python/3.10.13/lib/python3.10/site-packages/airflow/example_dags/example_datasets.py for tasks to queue
[2024-02-16T20:17:05.782+0000] {logging_mixin.py:150} INFO - [2024-02-16T20:17:05.782+0000] {dagbag.py:541} INFO - Filling up the DagBag from /usr/local/python/3.10.13/lib/python3.10/site-packages/airflow/example_dags/example_datasets.py
[2024-02-16T20:17:05.789+0000] {processor.py:836} INFO - DAG(s) dict_keys(['dataset_consumes_unknown_never_scheduled', 'dataset_consumes_1_never_scheduled', 'dataset_consumes_1_and_2', 'dataset_consumes_1', 'dataset_produces_1', 'dataset_produces_2']) retrieved from /usr/local/python/3.10.13/lib/python3.10/site-packages/airflow/example_dags/example_datasets.py
[2024-02-16T20:17:05.809+0000] {logging_mixin.py:150} INFO - [2024-02-16T20:17:05.809+0000] {dag.py:2742} INFO - Sync 6 DAGs
[2024-02-16T20:17:05.825+0000] {logging_mixin.py:150} INFO - [2024-02-16T20:17:05.824+0000] {dag.py:3504} INFO - Setting next_dagrun for dataset_consumes_1 to None, run_after=None
[2024-02-16T20:17:05.827+0000] {logging_mixin.py:150} INFO - [2024-02-16T20:17:05.827+0000] {dag.py:3504} INFO - Setting next_dagrun for dataset_consumes_1_and_2 to None, run_after=None
[2024-02-16T20:17:05.828+0000] {logging_mixin.py:150} INFO - [2024-02-16T20:17:05.828+0000] {dag.py:3504} INFO - Setting next_dagrun for dataset_consumes_1_never_scheduled to None, run_after=None
[2024-02-16T20:17:05.828+0000] {logging_mixin.py:150} INFO - [2024-02-16T20:17:05.828+0000] {dag.py:3504} INFO - Setting next_dagrun for dataset_consumes_unknown_never_scheduled to None, run_after=None
[2024-02-16T20:17:05.830+0000] {logging_mixin.py:150} INFO - [2024-02-16T20:17:05.830+0000] {dag.py:3504} INFO - Setting next_dagrun for dataset_produces_1 to 2024-02-15T00:00:00+00:00, run_after=2024-02-16T00:00:00+00:00
[2024-02-16T20:17:05.831+0000] {logging_mixin.py:150} INFO - [2024-02-16T20:17:05.831+0000] {dag.py:3504} INFO - Setting next_dagrun for dataset_produces_2 to None, run_after=None
[2024-02-16T20:17:05.884+0000] {processor.py:179} INFO - Processing /usr/local/python/3.10.13/lib/python3.10/site-packages/airflow/example_dags/example_datasets.py took 0.105 seconds
[2024-02-16T20:17:56.468+0000] {processor.py:157} INFO - Started process (PID=24212) to work on /usr/local/python/3.10.13/lib/python3.10/site-packages/airflow/example_dags/example_datasets.py
[2024-02-16T20:17:56.468+0000] {processor.py:826} INFO - Processing file /usr/local/python/3.10.13/lib/python3.10/site-packages/airflow/example_dags/example_datasets.py for tasks to queue
[2024-02-16T20:17:56.469+0000] {logging_mixin.py:150} INFO - [2024-02-16T20:17:56.469+0000] {dagbag.py:541} INFO - Filling up the DagBag from /usr/local/python/3.10.13/lib/python3.10/site-packages/airflow/example_dags/example_datasets.py
[2024-02-16T20:17:56.476+0000] {processor.py:836} INFO - DAG(s) dict_keys(['dataset_produces_1', 'dataset_consumes_1_never_scheduled', 'dataset_produces_2', 'dataset_consumes_1_and_2', 'dataset_consumes_unknown_never_scheduled', 'dataset_consumes_1']) retrieved from /usr/local/python/3.10.13/lib/python3.10/site-packages/airflow/example_dags/example_datasets.py
[2024-02-16T20:17:56.498+0000] {logging_mixin.py:150} INFO - [2024-02-16T20:17:56.498+0000] {dag.py:2742} INFO - Sync 6 DAGs
[2024-02-16T20:17:56.514+0000] {logging_mixin.py:150} INFO - [2024-02-16T20:17:56.513+0000] {dag.py:3504} INFO - Setting next_dagrun for dataset_consumes_1 to None, run_after=None
[2024-02-16T20:17:56.516+0000] {logging_mixin.py:150} INFO - [2024-02-16T20:17:56.516+0000] {dag.py:3504} INFO - Setting next_dagrun for dataset_consumes_1_and_2 to None, run_after=None
[2024-02-16T20:17:56.517+0000] {logging_mixin.py:150} INFO - [2024-02-16T20:17:56.516+0000] {dag.py:3504} INFO - Setting next_dagrun for dataset_consumes_1_never_scheduled to None, run_after=None
[2024-02-16T20:17:56.517+0000] {logging_mixin.py:150} INFO - [2024-02-16T20:17:56.517+0000] {dag.py:3504} INFO - Setting next_dagrun for dataset_consumes_unknown_never_scheduled to None, run_after=None
[2024-02-16T20:17:56.519+0000] {logging_mixin.py:150} INFO - [2024-02-16T20:17:56.519+0000] {dag.py:3504} INFO - Setting next_dagrun for dataset_produces_1 to 2024-02-15T00:00:00+00:00, run_after=2024-02-16T00:00:00+00:00
[2024-02-16T20:17:56.520+0000] {logging_mixin.py:150} INFO - [2024-02-16T20:17:56.520+0000] {dag.py:3504} INFO - Setting next_dagrun for dataset_produces_2 to None, run_after=None
[2024-02-16T20:17:56.573+0000] {processor.py:179} INFO - Processing /usr/local/python/3.10.13/lib/python3.10/site-packages/airflow/example_dags/example_datasets.py took 0.108 seconds
[2024-02-16T20:18:50.915+0000] {processor.py:157} INFO - Started process (PID=24617) to work on /usr/local/python/3.10.13/lib/python3.10/site-packages/airflow/example_dags/example_datasets.py
[2024-02-16T20:18:50.916+0000] {processor.py:826} INFO - Processing file /usr/local/python/3.10.13/lib/python3.10/site-packages/airflow/example_dags/example_datasets.py for tasks to queue
[2024-02-16T20:18:50.917+0000] {logging_mixin.py:150} INFO - [2024-02-16T20:18:50.916+0000] {dagbag.py:541} INFO - Filling up the DagBag from /usr/local/python/3.10.13/lib/python3.10/site-packages/airflow/example_dags/example_datasets.py
[2024-02-16T20:18:50.927+0000] {processor.py:836} INFO - DAG(s) dict_keys(['dataset_produces_2', 'dataset_consumes_1', 'dataset_consumes_1_never_scheduled', 'dataset_consumes_1_and_2', 'dataset_consumes_unknown_never_scheduled', 'dataset_produces_1']) retrieved from /usr/local/python/3.10.13/lib/python3.10/site-packages/airflow/example_dags/example_datasets.py
[2024-02-16T20:18:50.950+0000] {logging_mixin.py:150} INFO - [2024-02-16T20:18:50.950+0000] {dag.py:2742} INFO - Sync 6 DAGs
[2024-02-16T20:18:50.967+0000] {logging_mixin.py:150} INFO - [2024-02-16T20:18:50.967+0000] {dag.py:3504} INFO - Setting next_dagrun for dataset_consumes_1 to None, run_after=None
[2024-02-16T20:18:50.969+0000] {logging_mixin.py:150} INFO - [2024-02-16T20:18:50.969+0000] {dag.py:3504} INFO - Setting next_dagrun for dataset_consumes_1_and_2 to None, run_after=None
[2024-02-16T20:18:50.970+0000] {logging_mixin.py:150} INFO - [2024-02-16T20:18:50.970+0000] {dag.py:3504} INFO - Setting next_dagrun for dataset_consumes_1_never_scheduled to None, run_after=None
[2024-02-16T20:18:50.971+0000] {logging_mixin.py:150} INFO - [2024-02-16T20:18:50.971+0000] {dag.py:3504} INFO - Setting next_dagrun for dataset_consumes_unknown_never_scheduled to None, run_after=None
[2024-02-16T20:18:50.973+0000] {logging_mixin.py:150} INFO - [2024-02-16T20:18:50.973+0000] {dag.py:3504} INFO - Setting next_dagrun for dataset_produces_1 to 2024-02-15T00:00:00+00:00, run_after=2024-02-16T00:00:00+00:00
[2024-02-16T20:18:50.974+0000] {logging_mixin.py:150} INFO - [2024-02-16T20:18:50.974+0000] {dag.py:3504} INFO - Setting next_dagrun for dataset_produces_2 to None, run_after=None
[2024-02-16T20:18:51.036+0000] {processor.py:179} INFO - Processing /usr/local/python/3.10.13/lib/python3.10/site-packages/airflow/example_dags/example_datasets.py took 0.124 seconds
[2024-02-16T20:19:42.182+0000] {processor.py:157} INFO - Started process (PID=24991) to work on /usr/local/python/3.10.13/lib/python3.10/site-packages/airflow/example_dags/example_datasets.py
[2024-02-16T20:19:42.183+0000] {processor.py:826} INFO - Processing file /usr/local/python/3.10.13/lib/python3.10/site-packages/airflow/example_dags/example_datasets.py for tasks to queue
[2024-02-16T20:19:42.184+0000] {logging_mixin.py:150} INFO - [2024-02-16T20:19:42.183+0000] {dagbag.py:541} INFO - Filling up the DagBag from /usr/local/python/3.10.13/lib/python3.10/site-packages/airflow/example_dags/example_datasets.py
[2024-02-16T20:19:42.191+0000] {processor.py:836} INFO - DAG(s) dict_keys(['dataset_consumes_1', 'dataset_produces_1', 'dataset_consumes_unknown_never_scheduled', 'dataset_produces_2', 'dataset_consumes_1_and_2', 'dataset_consumes_1_never_scheduled']) retrieved from /usr/local/python/3.10.13/lib/python3.10/site-packages/airflow/example_dags/example_datasets.py
[2024-02-16T20:19:42.212+0000] {logging_mixin.py:150} INFO - [2024-02-16T20:19:42.212+0000] {dag.py:2742} INFO - Sync 6 DAGs
[2024-02-16T20:19:42.228+0000] {logging_mixin.py:150} INFO - [2024-02-16T20:19:42.227+0000] {dag.py:3504} INFO - Setting next_dagrun for dataset_consumes_1 to None, run_after=None
[2024-02-16T20:19:42.230+0000] {logging_mixin.py:150} INFO - [2024-02-16T20:19:42.230+0000] {dag.py:3504} INFO - Setting next_dagrun for dataset_consumes_1_and_2 to None, run_after=None
[2024-02-16T20:19:42.231+0000] {logging_mixin.py:150} INFO - [2024-02-16T20:19:42.230+0000] {dag.py:3504} INFO - Setting next_dagrun for dataset_consumes_1_never_scheduled to None, run_after=None
[2024-02-16T20:19:42.231+0000] {logging_mixin.py:150} INFO - [2024-02-16T20:19:42.231+0000] {dag.py:3504} INFO - Setting next_dagrun for dataset_consumes_unknown_never_scheduled to None, run_after=None
[2024-02-16T20:19:42.233+0000] {logging_mixin.py:150} INFO - [2024-02-16T20:19:42.233+0000] {dag.py:3504} INFO - Setting next_dagrun for dataset_produces_1 to 2024-02-15T00:00:00+00:00, run_after=2024-02-16T00:00:00+00:00
[2024-02-16T20:19:42.234+0000] {logging_mixin.py:150} INFO - [2024-02-16T20:19:42.234+0000] {dag.py:3504} INFO - Setting next_dagrun for dataset_produces_2 to None, run_after=None
[2024-02-16T20:19:42.288+0000] {processor.py:179} INFO - Processing /usr/local/python/3.10.13/lib/python3.10/site-packages/airflow/example_dags/example_datasets.py took 0.108 seconds
[2024-02-16T20:20:37.266+0000] {processor.py:157} INFO - Started process (PID=25411) to work on /usr/local/python/3.10.13/lib/python3.10/site-packages/airflow/example_dags/example_datasets.py
[2024-02-16T20:20:37.267+0000] {processor.py:826} INFO - Processing file /usr/local/python/3.10.13/lib/python3.10/site-packages/airflow/example_dags/example_datasets.py for tasks to queue
[2024-02-16T20:20:37.268+0000] {logging_mixin.py:150} INFO - [2024-02-16T20:20:37.267+0000] {dagbag.py:541} INFO - Filling up the DagBag from /usr/local/python/3.10.13/lib/python3.10/site-packages/airflow/example_dags/example_datasets.py
[2024-02-16T20:20:37.276+0000] {processor.py:836} INFO - DAG(s) dict_keys(['dataset_consumes_1_never_scheduled', 'dataset_consumes_1_and_2', 'dataset_consumes_1', 'dataset_consumes_unknown_never_scheduled', 'dataset_produces_1', 'dataset_produces_2']) retrieved from /usr/local/python/3.10.13/lib/python3.10/site-packages/airflow/example_dags/example_datasets.py
[2024-02-16T20:20:37.299+0000] {logging_mixin.py:150} INFO - [2024-02-16T20:20:37.299+0000] {dag.py:2742} INFO - Sync 6 DAGs
[2024-02-16T20:20:37.315+0000] {logging_mixin.py:150} INFO - [2024-02-16T20:20:37.315+0000] {dag.py:3504} INFO - Setting next_dagrun for dataset_consumes_1 to None, run_after=None
[2024-02-16T20:20:37.317+0000] {logging_mixin.py:150} INFO - [2024-02-16T20:20:37.317+0000] {dag.py:3504} INFO - Setting next_dagrun for dataset_consumes_1_and_2 to None, run_after=None
[2024-02-16T20:20:37.318+0000] {logging_mixin.py:150} INFO - [2024-02-16T20:20:37.318+0000] {dag.py:3504} INFO - Setting next_dagrun for dataset_consumes_1_never_scheduled to None, run_after=None
[2024-02-16T20:20:37.318+0000] {logging_mixin.py:150} INFO - [2024-02-16T20:20:37.318+0000] {dag.py:3504} INFO - Setting next_dagrun for dataset_consumes_unknown_never_scheduled to None, run_after=None
[2024-02-16T20:20:37.320+0000] {logging_mixin.py:150} INFO - [2024-02-16T20:20:37.320+0000] {dag.py:3504} INFO - Setting next_dagrun for dataset_produces_1 to 2024-02-15T00:00:00+00:00, run_after=2024-02-16T00:00:00+00:00
[2024-02-16T20:20:37.321+0000] {logging_mixin.py:150} INFO - [2024-02-16T20:20:37.321+0000] {dag.py:3504} INFO - Setting next_dagrun for dataset_produces_2 to None, run_after=None
[2024-02-16T20:20:37.376+0000] {processor.py:179} INFO - Processing /usr/local/python/3.10.13/lib/python3.10/site-packages/airflow/example_dags/example_datasets.py took 0.112 seconds
[2024-02-16T20:21:30.541+0000] {processor.py:157} INFO - Started process (PID=25802) to work on /usr/local/python/3.10.13/lib/python3.10/site-packages/airflow/example_dags/example_datasets.py
[2024-02-16T20:21:30.542+0000] {processor.py:826} INFO - Processing file /usr/local/python/3.10.13/lib/python3.10/site-packages/airflow/example_dags/example_datasets.py for tasks to queue
[2024-02-16T20:21:30.543+0000] {logging_mixin.py:150} INFO - [2024-02-16T20:21:30.542+0000] {dagbag.py:541} INFO - Filling up the DagBag from /usr/local/python/3.10.13/lib/python3.10/site-packages/airflow/example_dags/example_datasets.py
[2024-02-16T20:21:30.550+0000] {processor.py:836} INFO - DAG(s) dict_keys(['dataset_consumes_1_never_scheduled', 'dataset_consumes_1_and_2', 'dataset_consumes_unknown_never_scheduled', 'dataset_produces_2', 'dataset_produces_1', 'dataset_consumes_1']) retrieved from /usr/local/python/3.10.13/lib/python3.10/site-packages/airflow/example_dags/example_datasets.py
[2024-02-16T20:21:30.571+0000] {logging_mixin.py:150} INFO - [2024-02-16T20:21:30.571+0000] {dag.py:2742} INFO - Sync 6 DAGs
[2024-02-16T20:21:30.589+0000] {logging_mixin.py:150} INFO - [2024-02-16T20:21:30.589+0000] {dag.py:3504} INFO - Setting next_dagrun for dataset_consumes_1 to None, run_after=None
[2024-02-16T20:21:30.591+0000] {logging_mixin.py:150} INFO - [2024-02-16T20:21:30.591+0000] {dag.py:3504} INFO - Setting next_dagrun for dataset_consumes_1_and_2 to None, run_after=None
[2024-02-16T20:21:30.592+0000] {logging_mixin.py:150} INFO - [2024-02-16T20:21:30.592+0000] {dag.py:3504} INFO - Setting next_dagrun for dataset_consumes_1_never_scheduled to None, run_after=None
[2024-02-16T20:21:30.593+0000] {logging_mixin.py:150} INFO - [2024-02-16T20:21:30.593+0000] {dag.py:3504} INFO - Setting next_dagrun for dataset_consumes_unknown_never_scheduled to None, run_after=None
[2024-02-16T20:21:30.595+0000] {logging_mixin.py:150} INFO - [2024-02-16T20:21:30.595+0000] {dag.py:3504} INFO - Setting next_dagrun for dataset_produces_1 to 2024-02-15T00:00:00+00:00, run_after=2024-02-16T00:00:00+00:00
[2024-02-16T20:21:30.595+0000] {logging_mixin.py:150} INFO - [2024-02-16T20:21:30.595+0000] {dag.py:3504} INFO - Setting next_dagrun for dataset_produces_2 to None, run_after=None
[2024-02-16T20:21:30.647+0000] {processor.py:179} INFO - Processing /usr/local/python/3.10.13/lib/python3.10/site-packages/airflow/example_dags/example_datasets.py took 0.108 seconds
[2024-02-16T20:22:26.662+0000] {processor.py:157} INFO - Started process (PID=26237) to work on /usr/local/python/3.10.13/lib/python3.10/site-packages/airflow/example_dags/example_datasets.py
[2024-02-16T20:22:26.663+0000] {processor.py:826} INFO - Processing file /usr/local/python/3.10.13/lib/python3.10/site-packages/airflow/example_dags/example_datasets.py for tasks to queue
[2024-02-16T20:22:26.664+0000] {logging_mixin.py:150} INFO - [2024-02-16T20:22:26.663+0000] {dagbag.py:541} INFO - Filling up the DagBag from /usr/local/python/3.10.13/lib/python3.10/site-packages/airflow/example_dags/example_datasets.py
[2024-02-16T20:22:26.671+0000] {processor.py:836} INFO - DAG(s) dict_keys(['dataset_consumes_1', 'dataset_consumes_1_never_scheduled', 'dataset_consumes_1_and_2', 'dataset_produces_2', 'dataset_consumes_unknown_never_scheduled', 'dataset_produces_1']) retrieved from /usr/local/python/3.10.13/lib/python3.10/site-packages/airflow/example_dags/example_datasets.py
[2024-02-16T20:22:26.693+0000] {logging_mixin.py:150} INFO - [2024-02-16T20:22:26.693+0000] {dag.py:2742} INFO - Sync 6 DAGs
[2024-02-16T20:22:26.708+0000] {logging_mixin.py:150} INFO - [2024-02-16T20:22:26.708+0000] {dag.py:3504} INFO - Setting next_dagrun for dataset_consumes_1 to None, run_after=None
[2024-02-16T20:22:26.710+0000] {logging_mixin.py:150} INFO - [2024-02-16T20:22:26.710+0000] {dag.py:3504} INFO - Setting next_dagrun for dataset_consumes_1_and_2 to None, run_after=None
[2024-02-16T20:22:26.711+0000] {logging_mixin.py:150} INFO - [2024-02-16T20:22:26.711+0000] {dag.py:3504} INFO - Setting next_dagrun for dataset_consumes_1_never_scheduled to None, run_after=None
[2024-02-16T20:22:26.712+0000] {logging_mixin.py:150} INFO - [2024-02-16T20:22:26.712+0000] {dag.py:3504} INFO - Setting next_dagrun for dataset_consumes_unknown_never_scheduled to None, run_after=None
[2024-02-16T20:22:26.715+0000] {logging_mixin.py:150} INFO - [2024-02-16T20:22:26.714+0000] {dag.py:3504} INFO - Setting next_dagrun for dataset_produces_1 to 2024-02-15T00:00:00+00:00, run_after=2024-02-16T00:00:00+00:00
[2024-02-16T20:22:26.715+0000] {logging_mixin.py:150} INFO - [2024-02-16T20:22:26.715+0000] {dag.py:3504} INFO - Setting next_dagrun for dataset_produces_2 to None, run_after=None
[2024-02-16T20:22:26.768+0000] {processor.py:179} INFO - Processing /usr/local/python/3.10.13/lib/python3.10/site-packages/airflow/example_dags/example_datasets.py took 0.108 seconds
[2024-02-16T20:23:17.836+0000] {processor.py:157} INFO - Started process (PID=26626) to work on /usr/local/python/3.10.13/lib/python3.10/site-packages/airflow/example_dags/example_datasets.py
[2024-02-16T20:23:17.836+0000] {processor.py:826} INFO - Processing file /usr/local/python/3.10.13/lib/python3.10/site-packages/airflow/example_dags/example_datasets.py for tasks to queue
[2024-02-16T20:23:17.837+0000] {logging_mixin.py:150} INFO - [2024-02-16T20:23:17.837+0000] {dagbag.py:541} INFO - Filling up the DagBag from /usr/local/python/3.10.13/lib/python3.10/site-packages/airflow/example_dags/example_datasets.py
[2024-02-16T20:23:17.844+0000] {processor.py:836} INFO - DAG(s) dict_keys(['dataset_consumes_unknown_never_scheduled', 'dataset_consumes_1_and_2', 'dataset_produces_2', 'dataset_produces_1', 'dataset_consumes_1_never_scheduled', 'dataset_consumes_1']) retrieved from /usr/local/python/3.10.13/lib/python3.10/site-packages/airflow/example_dags/example_datasets.py
[2024-02-16T20:23:17.865+0000] {logging_mixin.py:150} INFO - [2024-02-16T20:23:17.865+0000] {dag.py:2742} INFO - Sync 6 DAGs
[2024-02-16T20:23:17.881+0000] {logging_mixin.py:150} INFO - [2024-02-16T20:23:17.881+0000] {dag.py:3504} INFO - Setting next_dagrun for dataset_consumes_1 to None, run_after=None
[2024-02-16T20:23:17.884+0000] {logging_mixin.py:150} INFO - [2024-02-16T20:23:17.884+0000] {dag.py:3504} INFO - Setting next_dagrun for dataset_consumes_1_and_2 to None, run_after=None
[2024-02-16T20:23:17.885+0000] {logging_mixin.py:150} INFO - [2024-02-16T20:23:17.885+0000] {dag.py:3504} INFO - Setting next_dagrun for dataset_consumes_1_never_scheduled to None, run_after=None
[2024-02-16T20:23:17.885+0000] {logging_mixin.py:150} INFO - [2024-02-16T20:23:17.885+0000] {dag.py:3504} INFO - Setting next_dagrun for dataset_consumes_unknown_never_scheduled to None, run_after=None
[2024-02-16T20:23:17.887+0000] {logging_mixin.py:150} INFO - [2024-02-16T20:23:17.887+0000] {dag.py:3504} INFO - Setting next_dagrun for dataset_produces_1 to 2024-02-15T00:00:00+00:00, run_after=2024-02-16T00:00:00+00:00
[2024-02-16T20:23:17.888+0000] {logging_mixin.py:150} INFO - [2024-02-16T20:23:17.888+0000] {dag.py:3504} INFO - Setting next_dagrun for dataset_produces_2 to None, run_after=None
[2024-02-16T20:23:17.942+0000] {processor.py:179} INFO - Processing /usr/local/python/3.10.13/lib/python3.10/site-packages/airflow/example_dags/example_datasets.py took 0.108 seconds
[2024-02-16T20:24:14.873+0000] {processor.py:157} INFO - Started process (PID=27069) to work on /usr/local/python/3.10.13/lib/python3.10/site-packages/airflow/example_dags/example_datasets.py
[2024-02-16T20:24:14.873+0000] {processor.py:826} INFO - Processing file /usr/local/python/3.10.13/lib/python3.10/site-packages/airflow/example_dags/example_datasets.py for tasks to queue
[2024-02-16T20:24:14.874+0000] {logging_mixin.py:150} INFO - [2024-02-16T20:24:14.874+0000] {dagbag.py:541} INFO - Filling up the DagBag from /usr/local/python/3.10.13/lib/python3.10/site-packages/airflow/example_dags/example_datasets.py
[2024-02-16T20:24:14.881+0000] {processor.py:836} INFO - DAG(s) dict_keys(['dataset_consumes_unknown_never_scheduled', 'dataset_consumes_1', 'dataset_consumes_1_never_scheduled', 'dataset_consumes_1_and_2', 'dataset_produces_2', 'dataset_produces_1']) retrieved from /usr/local/python/3.10.13/lib/python3.10/site-packages/airflow/example_dags/example_datasets.py
[2024-02-16T20:24:14.903+0000] {logging_mixin.py:150} INFO - [2024-02-16T20:24:14.903+0000] {dag.py:2742} INFO - Sync 6 DAGs
[2024-02-16T20:24:14.919+0000] {logging_mixin.py:150} INFO - [2024-02-16T20:24:14.919+0000] {dag.py:3504} INFO - Setting next_dagrun for dataset_consumes_1 to None, run_after=None
[2024-02-16T20:24:14.923+0000] {logging_mixin.py:150} INFO - [2024-02-16T20:24:14.922+0000] {dag.py:3504} INFO - Setting next_dagrun for dataset_consumes_1_and_2 to None, run_after=None
[2024-02-16T20:24:14.923+0000] {logging_mixin.py:150} INFO - [2024-02-16T20:24:14.923+0000] {dag.py:3504} INFO - Setting next_dagrun for dataset_consumes_1_never_scheduled to None, run_after=None
[2024-02-16T20:24:14.924+0000] {logging_mixin.py:150} INFO - [2024-02-16T20:24:14.924+0000] {dag.py:3504} INFO - Setting next_dagrun for dataset_consumes_unknown_never_scheduled to None, run_after=None
[2024-02-16T20:24:14.926+0000] {logging_mixin.py:150} INFO - [2024-02-16T20:24:14.926+0000] {dag.py:3504} INFO - Setting next_dagrun for dataset_produces_1 to 2024-02-15T00:00:00+00:00, run_after=2024-02-16T00:00:00+00:00
[2024-02-16T20:24:14.927+0000] {logging_mixin.py:150} INFO - [2024-02-16T20:24:14.927+0000] {dag.py:3504} INFO - Setting next_dagrun for dataset_produces_2 to None, run_after=None
[2024-02-16T20:24:14.980+0000] {processor.py:179} INFO - Processing /usr/local/python/3.10.13/lib/python3.10/site-packages/airflow/example_dags/example_datasets.py took 0.110 seconds
[2024-02-16T20:25:10.469+0000] {processor.py:157} INFO - Started process (PID=27699) to work on /usr/local/python/3.10.13/lib/python3.10/site-packages/airflow/example_dags/example_datasets.py
[2024-02-16T20:25:10.469+0000] {processor.py:826} INFO - Processing file /usr/local/python/3.10.13/lib/python3.10/site-packages/airflow/example_dags/example_datasets.py for tasks to queue
[2024-02-16T20:25:10.470+0000] {logging_mixin.py:150} INFO - [2024-02-16T20:25:10.470+0000] {dagbag.py:541} INFO - Filling up the DagBag from /usr/local/python/3.10.13/lib/python3.10/site-packages/airflow/example_dags/example_datasets.py
[2024-02-16T20:25:10.478+0000] {processor.py:836} INFO - DAG(s) dict_keys(['dataset_consumes_1_and_2', 'dataset_produces_2', 'dataset_consumes_unknown_never_scheduled', 'dataset_produces_1', 'dataset_consumes_1_never_scheduled', 'dataset_consumes_1']) retrieved from /usr/local/python/3.10.13/lib/python3.10/site-packages/airflow/example_dags/example_datasets.py
[2024-02-16T20:25:10.503+0000] {logging_mixin.py:150} INFO - [2024-02-16T20:25:10.502+0000] {dag.py:2742} INFO - Sync 6 DAGs
[2024-02-16T20:25:10.521+0000] {logging_mixin.py:150} INFO - [2024-02-16T20:25:10.521+0000] {dag.py:3504} INFO - Setting next_dagrun for dataset_consumes_1 to None, run_after=None
[2024-02-16T20:25:10.524+0000] {logging_mixin.py:150} INFO - [2024-02-16T20:25:10.524+0000] {dag.py:3504} INFO - Setting next_dagrun for dataset_consumes_1_and_2 to None, run_after=None
[2024-02-16T20:25:10.525+0000] {logging_mixin.py:150} INFO - [2024-02-16T20:25:10.524+0000] {dag.py:3504} INFO - Setting next_dagrun for dataset_consumes_1_never_scheduled to None, run_after=None
[2024-02-16T20:25:10.525+0000] {logging_mixin.py:150} INFO - [2024-02-16T20:25:10.525+0000] {dag.py:3504} INFO - Setting next_dagrun for dataset_consumes_unknown_never_scheduled to None, run_after=None
[2024-02-16T20:25:10.527+0000] {logging_mixin.py:150} INFO - [2024-02-16T20:25:10.527+0000] {dag.py:3504} INFO - Setting next_dagrun for dataset_produces_1 to 2024-02-15T00:00:00+00:00, run_after=2024-02-16T00:00:00+00:00
[2024-02-16T20:25:10.528+0000] {logging_mixin.py:150} INFO - [2024-02-16T20:25:10.528+0000] {dag.py:3504} INFO - Setting next_dagrun for dataset_produces_2 to None, run_after=None
[2024-02-16T20:25:10.591+0000] {processor.py:179} INFO - Processing /usr/local/python/3.10.13/lib/python3.10/site-packages/airflow/example_dags/example_datasets.py took 0.125 seconds
