[2024-02-16T20:09:51.188+0000] {processor.py:157} INFO - Started process (PID=20383) to work on /usr/local/python/3.10.13/lib/python3.10/site-packages/airflow/example_dags/example_branch_datetime_operator.py
[2024-02-16T20:09:51.189+0000] {processor.py:826} INFO - Processing file /usr/local/python/3.10.13/lib/python3.10/site-packages/airflow/example_dags/example_branch_datetime_operator.py for tasks to queue
[2024-02-16T20:09:51.189+0000] {logging_mixin.py:150} INFO - [2024-02-16T20:09:51.189+0000] {dagbag.py:541} INFO - Filling up the DagBag from /usr/local/python/3.10.13/lib/python3.10/site-packages/airflow/example_dags/example_branch_datetime_operator.py
[2024-02-16T20:09:51.197+0000] {processor.py:836} INFO - DAG(s) dict_keys(['example_branch_datetime_operator_3', 'example_branch_datetime_operator_2', 'example_branch_datetime_operator']) retrieved from /usr/local/python/3.10.13/lib/python3.10/site-packages/airflow/example_dags/example_branch_datetime_operator.py
[2024-02-16T20:09:51.354+0000] {logging_mixin.py:150} INFO - [2024-02-16T20:09:51.353+0000] {manager.py:504} INFO - Created Permission View: can read on DAG:example_branch_datetime_operator_3
[2024-02-16T20:09:51.392+0000] {logging_mixin.py:150} INFO - [2024-02-16T20:09:51.392+0000] {manager.py:504} INFO - Created Permission View: can edit on DAG:example_branch_datetime_operator_3
[2024-02-16T20:09:51.439+0000] {logging_mixin.py:150} INFO - [2024-02-16T20:09:51.439+0000] {manager.py:504} INFO - Created Permission View: can delete on DAG:example_branch_datetime_operator_3
[2024-02-16T20:09:51.550+0000] {logging_mixin.py:150} INFO - [2024-02-16T20:09:51.550+0000] {manager.py:504} INFO - Created Permission View: can read on DAG:example_branch_datetime_operator_2
[2024-02-16T20:09:51.591+0000] {logging_mixin.py:150} INFO - [2024-02-16T20:09:51.591+0000] {manager.py:504} INFO - Created Permission View: can edit on DAG:example_branch_datetime_operator_2
[2024-02-16T20:09:51.630+0000] {logging_mixin.py:150} INFO - [2024-02-16T20:09:51.630+0000] {manager.py:504} INFO - Created Permission View: can delete on DAG:example_branch_datetime_operator_2
[2024-02-16T20:09:51.715+0000] {logging_mixin.py:150} INFO - [2024-02-16T20:09:51.715+0000] {manager.py:504} INFO - Created Permission View: can read on DAG:example_branch_datetime_operator
[2024-02-16T20:09:51.751+0000] {logging_mixin.py:150} INFO - [2024-02-16T20:09:51.751+0000] {manager.py:504} INFO - Created Permission View: can edit on DAG:example_branch_datetime_operator
[2024-02-16T20:09:51.786+0000] {logging_mixin.py:150} INFO - [2024-02-16T20:09:51.786+0000] {manager.py:504} INFO - Created Permission View: can delete on DAG:example_branch_datetime_operator
[2024-02-16T20:09:51.789+0000] {logging_mixin.py:150} INFO - [2024-02-16T20:09:51.789+0000] {dag.py:2742} INFO - Sync 3 DAGs
[2024-02-16T20:09:51.798+0000] {logging_mixin.py:150} INFO - [2024-02-16T20:09:51.798+0000] {dag.py:2763} INFO - Creating ORM DAG for example_branch_datetime_operator_2
[2024-02-16T20:09:51.799+0000] {logging_mixin.py:150} INFO - [2024-02-16T20:09:51.799+0000] {dag.py:2763} INFO - Creating ORM DAG for example_branch_datetime_operator_3
[2024-02-16T20:09:51.799+0000] {logging_mixin.py:150} INFO - [2024-02-16T20:09:51.799+0000] {dag.py:2763} INFO - Creating ORM DAG for example_branch_datetime_operator
[2024-02-16T20:09:51.811+0000] {logging_mixin.py:150} INFO - [2024-02-16T20:09:51.811+0000] {dag.py:3504} INFO - Setting next_dagrun for example_branch_datetime_operator to 2024-02-15T00:00:00+00:00, run_after=2024-02-16T00:00:00+00:00
[2024-02-16T20:09:51.814+0000] {logging_mixin.py:150} INFO - [2024-02-16T20:09:51.814+0000] {dag.py:3504} INFO - Setting next_dagrun for example_branch_datetime_operator_2 to 2024-02-15T00:00:00+00:00, run_after=2024-02-16T00:00:00+00:00
[2024-02-16T20:09:51.816+0000] {logging_mixin.py:150} INFO - [2024-02-16T20:09:51.816+0000] {dag.py:3504} INFO - Setting next_dagrun for example_branch_datetime_operator_3 to 2024-02-15T00:00:00+00:00, run_after=2024-02-16T00:00:00+00:00
[2024-02-16T20:09:51.872+0000] {processor.py:179} INFO - Processing /usr/local/python/3.10.13/lib/python3.10/site-packages/airflow/example_dags/example_branch_datetime_operator.py took 0.686 seconds
[2024-02-16T20:11:55.454+0000] {processor.py:157} INFO - Started process (PID=21529) to work on /usr/local/python/3.10.13/lib/python3.10/site-packages/airflow/example_dags/example_branch_datetime_operator.py
[2024-02-16T20:11:55.455+0000] {processor.py:826} INFO - Processing file /usr/local/python/3.10.13/lib/python3.10/site-packages/airflow/example_dags/example_branch_datetime_operator.py for tasks to queue
[2024-02-16T20:11:55.456+0000] {logging_mixin.py:150} INFO - [2024-02-16T20:11:55.455+0000] {dagbag.py:541} INFO - Filling up the DagBag from /usr/local/python/3.10.13/lib/python3.10/site-packages/airflow/example_dags/example_branch_datetime_operator.py
[2024-02-16T20:11:55.464+0000] {processor.py:836} INFO - DAG(s) dict_keys(['example_branch_datetime_operator', 'example_branch_datetime_operator_3', 'example_branch_datetime_operator_2']) retrieved from /usr/local/python/3.10.13/lib/python3.10/site-packages/airflow/example_dags/example_branch_datetime_operator.py
[2024-02-16T20:11:55.480+0000] {logging_mixin.py:150} INFO - [2024-02-16T20:11:55.480+0000] {dag.py:2742} INFO - Sync 3 DAGs
[2024-02-16T20:11:55.498+0000] {logging_mixin.py:150} INFO - [2024-02-16T20:11:55.498+0000] {dag.py:3504} INFO - Setting next_dagrun for example_branch_datetime_operator to 2024-02-15T00:00:00+00:00, run_after=2024-02-16T00:00:00+00:00
[2024-02-16T20:11:55.502+0000] {logging_mixin.py:150} INFO - [2024-02-16T20:11:55.502+0000] {dag.py:3504} INFO - Setting next_dagrun for example_branch_datetime_operator_2 to 2024-02-15T00:00:00+00:00, run_after=2024-02-16T00:00:00+00:00
[2024-02-16T20:11:55.504+0000] {logging_mixin.py:150} INFO - [2024-02-16T20:11:55.504+0000] {dag.py:3504} INFO - Setting next_dagrun for example_branch_datetime_operator_3 to 2024-02-15T00:00:00+00:00, run_after=2024-02-16T00:00:00+00:00
[2024-02-16T20:11:55.550+0000] {processor.py:179} INFO - Processing /usr/local/python/3.10.13/lib/python3.10/site-packages/airflow/example_dags/example_branch_datetime_operator.py took 0.099 seconds
[2024-02-16T20:12:47.935+0000] {processor.py:157} INFO - Started process (PID=21911) to work on /usr/local/python/3.10.13/lib/python3.10/site-packages/airflow/example_dags/example_branch_datetime_operator.py
[2024-02-16T20:12:47.936+0000] {processor.py:826} INFO - Processing file /usr/local/python/3.10.13/lib/python3.10/site-packages/airflow/example_dags/example_branch_datetime_operator.py for tasks to queue
[2024-02-16T20:12:47.936+0000] {logging_mixin.py:150} INFO - [2024-02-16T20:12:47.936+0000] {dagbag.py:541} INFO - Filling up the DagBag from /usr/local/python/3.10.13/lib/python3.10/site-packages/airflow/example_dags/example_branch_datetime_operator.py
[2024-02-16T20:12:47.944+0000] {processor.py:836} INFO - DAG(s) dict_keys(['example_branch_datetime_operator_3', 'example_branch_datetime_operator_2', 'example_branch_datetime_operator']) retrieved from /usr/local/python/3.10.13/lib/python3.10/site-packages/airflow/example_dags/example_branch_datetime_operator.py
[2024-02-16T20:12:47.961+0000] {logging_mixin.py:150} INFO - [2024-02-16T20:12:47.961+0000] {dag.py:2742} INFO - Sync 3 DAGs
[2024-02-16T20:12:47.978+0000] {logging_mixin.py:150} INFO - [2024-02-16T20:12:47.978+0000] {dag.py:3504} INFO - Setting next_dagrun for example_branch_datetime_operator to 2024-02-15T00:00:00+00:00, run_after=2024-02-16T00:00:00+00:00
[2024-02-16T20:12:47.982+0000] {logging_mixin.py:150} INFO - [2024-02-16T20:12:47.981+0000] {dag.py:3504} INFO - Setting next_dagrun for example_branch_datetime_operator_2 to 2024-02-15T00:00:00+00:00, run_after=2024-02-16T00:00:00+00:00
[2024-02-16T20:12:47.983+0000] {logging_mixin.py:150} INFO - [2024-02-16T20:12:47.983+0000] {dag.py:3504} INFO - Setting next_dagrun for example_branch_datetime_operator_3 to 2024-02-15T00:00:00+00:00, run_after=2024-02-16T00:00:00+00:00
[2024-02-16T20:12:48.027+0000] {processor.py:179} INFO - Processing /usr/local/python/3.10.13/lib/python3.10/site-packages/airflow/example_dags/example_branch_datetime_operator.py took 0.095 seconds
[2024-02-16T20:13:37.951+0000] {processor.py:157} INFO - Started process (PID=22285) to work on /usr/local/python/3.10.13/lib/python3.10/site-packages/airflow/example_dags/example_branch_datetime_operator.py
[2024-02-16T20:13:37.951+0000] {processor.py:826} INFO - Processing file /usr/local/python/3.10.13/lib/python3.10/site-packages/airflow/example_dags/example_branch_datetime_operator.py for tasks to queue
[2024-02-16T20:13:37.952+0000] {logging_mixin.py:150} INFO - [2024-02-16T20:13:37.952+0000] {dagbag.py:541} INFO - Filling up the DagBag from /usr/local/python/3.10.13/lib/python3.10/site-packages/airflow/example_dags/example_branch_datetime_operator.py
[2024-02-16T20:13:37.960+0000] {processor.py:836} INFO - DAG(s) dict_keys(['example_branch_datetime_operator_2', 'example_branch_datetime_operator_3', 'example_branch_datetime_operator']) retrieved from /usr/local/python/3.10.13/lib/python3.10/site-packages/airflow/example_dags/example_branch_datetime_operator.py
[2024-02-16T20:13:37.989+0000] {logging_mixin.py:150} INFO - [2024-02-16T20:13:37.989+0000] {dag.py:2742} INFO - Sync 3 DAGs
[2024-02-16T20:13:38.005+0000] {logging_mixin.py:150} INFO - [2024-02-16T20:13:38.005+0000] {dag.py:3504} INFO - Setting next_dagrun for example_branch_datetime_operator to 2024-02-15T00:00:00+00:00, run_after=2024-02-16T00:00:00+00:00
[2024-02-16T20:13:38.009+0000] {logging_mixin.py:150} INFO - [2024-02-16T20:13:38.009+0000] {dag.py:3504} INFO - Setting next_dagrun for example_branch_datetime_operator_2 to 2024-02-15T00:00:00+00:00, run_after=2024-02-16T00:00:00+00:00
[2024-02-16T20:13:38.011+0000] {logging_mixin.py:150} INFO - [2024-02-16T20:13:38.010+0000] {dag.py:3504} INFO - Setting next_dagrun for example_branch_datetime_operator_3 to 2024-02-15T00:00:00+00:00, run_after=2024-02-16T00:00:00+00:00
[2024-02-16T20:13:38.056+0000] {processor.py:179} INFO - Processing /usr/local/python/3.10.13/lib/python3.10/site-packages/airflow/example_dags/example_branch_datetime_operator.py took 0.108 seconds
[2024-02-16T20:14:35.080+0000] {processor.py:157} INFO - Started process (PID=22697) to work on /usr/local/python/3.10.13/lib/python3.10/site-packages/airflow/example_dags/example_branch_datetime_operator.py
[2024-02-16T20:14:35.081+0000] {processor.py:826} INFO - Processing file /usr/local/python/3.10.13/lib/python3.10/site-packages/airflow/example_dags/example_branch_datetime_operator.py for tasks to queue
[2024-02-16T20:14:35.082+0000] {logging_mixin.py:150} INFO - [2024-02-16T20:14:35.082+0000] {dagbag.py:541} INFO - Filling up the DagBag from /usr/local/python/3.10.13/lib/python3.10/site-packages/airflow/example_dags/example_branch_datetime_operator.py
[2024-02-16T20:14:35.092+0000] {processor.py:836} INFO - DAG(s) dict_keys(['example_branch_datetime_operator_3', 'example_branch_datetime_operator_2', 'example_branch_datetime_operator']) retrieved from /usr/local/python/3.10.13/lib/python3.10/site-packages/airflow/example_dags/example_branch_datetime_operator.py
[2024-02-16T20:14:35.114+0000] {logging_mixin.py:150} INFO - [2024-02-16T20:14:35.114+0000] {dag.py:2742} INFO - Sync 3 DAGs
[2024-02-16T20:14:35.140+0000] {logging_mixin.py:150} INFO - [2024-02-16T20:14:35.139+0000] {dag.py:3504} INFO - Setting next_dagrun for example_branch_datetime_operator to 2024-02-15T00:00:00+00:00, run_after=2024-02-16T00:00:00+00:00
[2024-02-16T20:14:35.144+0000] {logging_mixin.py:150} INFO - [2024-02-16T20:14:35.144+0000] {dag.py:3504} INFO - Setting next_dagrun for example_branch_datetime_operator_2 to 2024-02-15T00:00:00+00:00, run_after=2024-02-16T00:00:00+00:00
[2024-02-16T20:14:35.146+0000] {logging_mixin.py:150} INFO - [2024-02-16T20:14:35.146+0000] {dag.py:3504} INFO - Setting next_dagrun for example_branch_datetime_operator_3 to 2024-02-15T00:00:00+00:00, run_after=2024-02-16T00:00:00+00:00
[2024-02-16T20:14:35.195+0000] {processor.py:179} INFO - Processing /usr/local/python/3.10.13/lib/python3.10/site-packages/airflow/example_dags/example_branch_datetime_operator.py took 0.118 seconds
[2024-02-16T20:15:26.812+0000] {processor.py:157} INFO - Started process (PID=23086) to work on /usr/local/python/3.10.13/lib/python3.10/site-packages/airflow/example_dags/example_branch_datetime_operator.py
[2024-02-16T20:15:26.812+0000] {processor.py:826} INFO - Processing file /usr/local/python/3.10.13/lib/python3.10/site-packages/airflow/example_dags/example_branch_datetime_operator.py for tasks to queue
[2024-02-16T20:15:26.813+0000] {logging_mixin.py:150} INFO - [2024-02-16T20:15:26.813+0000] {dagbag.py:541} INFO - Filling up the DagBag from /usr/local/python/3.10.13/lib/python3.10/site-packages/airflow/example_dags/example_branch_datetime_operator.py
[2024-02-16T20:15:26.821+0000] {processor.py:836} INFO - DAG(s) dict_keys(['example_branch_datetime_operator_2', 'example_branch_datetime_operator', 'example_branch_datetime_operator_3']) retrieved from /usr/local/python/3.10.13/lib/python3.10/site-packages/airflow/example_dags/example_branch_datetime_operator.py
[2024-02-16T20:15:26.837+0000] {logging_mixin.py:150} INFO - [2024-02-16T20:15:26.837+0000] {dag.py:2742} INFO - Sync 3 DAGs
[2024-02-16T20:15:26.854+0000] {logging_mixin.py:150} INFO - [2024-02-16T20:15:26.854+0000] {dag.py:3504} INFO - Setting next_dagrun for example_branch_datetime_operator to 2024-02-15T00:00:00+00:00, run_after=2024-02-16T00:00:00+00:00
[2024-02-16T20:15:26.859+0000] {logging_mixin.py:150} INFO - [2024-02-16T20:15:26.859+0000] {dag.py:3504} INFO - Setting next_dagrun for example_branch_datetime_operator_2 to 2024-02-15T00:00:00+00:00, run_after=2024-02-16T00:00:00+00:00
[2024-02-16T20:15:26.861+0000] {logging_mixin.py:150} INFO - [2024-02-16T20:15:26.861+0000] {dag.py:3504} INFO - Setting next_dagrun for example_branch_datetime_operator_3 to 2024-02-15T00:00:00+00:00, run_after=2024-02-16T00:00:00+00:00
[2024-02-16T20:15:26.906+0000] {processor.py:179} INFO - Processing /usr/local/python/3.10.13/lib/python3.10/site-packages/airflow/example_dags/example_branch_datetime_operator.py took 0.097 seconds
[2024-02-16T20:16:18.937+0000] {processor.py:157} INFO - Started process (PID=23478) to work on /usr/local/python/3.10.13/lib/python3.10/site-packages/airflow/example_dags/example_branch_datetime_operator.py
[2024-02-16T20:16:18.938+0000] {processor.py:826} INFO - Processing file /usr/local/python/3.10.13/lib/python3.10/site-packages/airflow/example_dags/example_branch_datetime_operator.py for tasks to queue
[2024-02-16T20:16:18.939+0000] {logging_mixin.py:150} INFO - [2024-02-16T20:16:18.938+0000] {dagbag.py:541} INFO - Filling up the DagBag from /usr/local/python/3.10.13/lib/python3.10/site-packages/airflow/example_dags/example_branch_datetime_operator.py
[2024-02-16T20:16:18.946+0000] {processor.py:836} INFO - DAG(s) dict_keys(['example_branch_datetime_operator_2', 'example_branch_datetime_operator', 'example_branch_datetime_operator_3']) retrieved from /usr/local/python/3.10.13/lib/python3.10/site-packages/airflow/example_dags/example_branch_datetime_operator.py
[2024-02-16T20:16:18.963+0000] {logging_mixin.py:150} INFO - [2024-02-16T20:16:18.962+0000] {dag.py:2742} INFO - Sync 3 DAGs
[2024-02-16T20:16:18.979+0000] {logging_mixin.py:150} INFO - [2024-02-16T20:16:18.979+0000] {dag.py:3504} INFO - Setting next_dagrun for example_branch_datetime_operator to 2024-02-15T00:00:00+00:00, run_after=2024-02-16T00:00:00+00:00
[2024-02-16T20:16:18.983+0000] {logging_mixin.py:150} INFO - [2024-02-16T20:16:18.983+0000] {dag.py:3504} INFO - Setting next_dagrun for example_branch_datetime_operator_2 to 2024-02-15T00:00:00+00:00, run_after=2024-02-16T00:00:00+00:00
[2024-02-16T20:16:18.985+0000] {logging_mixin.py:150} INFO - [2024-02-16T20:16:18.985+0000] {dag.py:3504} INFO - Setting next_dagrun for example_branch_datetime_operator_3 to 2024-02-15T00:00:00+00:00, run_after=2024-02-16T00:00:00+00:00
[2024-02-16T20:16:19.031+0000] {processor.py:179} INFO - Processing /usr/local/python/3.10.13/lib/python3.10/site-packages/airflow/example_dags/example_branch_datetime_operator.py took 0.096 seconds
[2024-02-16T20:17:13.113+0000] {processor.py:157} INFO - Started process (PID=23891) to work on /usr/local/python/3.10.13/lib/python3.10/site-packages/airflow/example_dags/example_branch_datetime_operator.py
[2024-02-16T20:17:13.114+0000] {processor.py:826} INFO - Processing file /usr/local/python/3.10.13/lib/python3.10/site-packages/airflow/example_dags/example_branch_datetime_operator.py for tasks to queue
[2024-02-16T20:17:13.115+0000] {logging_mixin.py:150} INFO - [2024-02-16T20:17:13.114+0000] {dagbag.py:541} INFO - Filling up the DagBag from /usr/local/python/3.10.13/lib/python3.10/site-packages/airflow/example_dags/example_branch_datetime_operator.py
[2024-02-16T20:17:13.122+0000] {processor.py:836} INFO - DAG(s) dict_keys(['example_branch_datetime_operator', 'example_branch_datetime_operator_3', 'example_branch_datetime_operator_2']) retrieved from /usr/local/python/3.10.13/lib/python3.10/site-packages/airflow/example_dags/example_branch_datetime_operator.py
[2024-02-16T20:17:13.139+0000] {logging_mixin.py:150} INFO - [2024-02-16T20:17:13.139+0000] {dag.py:2742} INFO - Sync 3 DAGs
[2024-02-16T20:17:13.155+0000] {logging_mixin.py:150} INFO - [2024-02-16T20:17:13.155+0000] {dag.py:3504} INFO - Setting next_dagrun for example_branch_datetime_operator to 2024-02-15T00:00:00+00:00, run_after=2024-02-16T00:00:00+00:00
[2024-02-16T20:17:13.159+0000] {logging_mixin.py:150} INFO - [2024-02-16T20:17:13.159+0000] {dag.py:3504} INFO - Setting next_dagrun for example_branch_datetime_operator_2 to 2024-02-15T00:00:00+00:00, run_after=2024-02-16T00:00:00+00:00
[2024-02-16T20:17:13.161+0000] {logging_mixin.py:150} INFO - [2024-02-16T20:17:13.161+0000] {dag.py:3504} INFO - Setting next_dagrun for example_branch_datetime_operator_3 to 2024-02-15T00:00:00+00:00, run_after=2024-02-16T00:00:00+00:00
[2024-02-16T20:17:13.216+0000] {processor.py:179} INFO - Processing /usr/local/python/3.10.13/lib/python3.10/site-packages/airflow/example_dags/example_branch_datetime_operator.py took 0.105 seconds
[2024-02-16T20:18:04.952+0000] {processor.py:157} INFO - Started process (PID=24271) to work on /usr/local/python/3.10.13/lib/python3.10/site-packages/airflow/example_dags/example_branch_datetime_operator.py
[2024-02-16T20:18:04.953+0000] {processor.py:826} INFO - Processing file /usr/local/python/3.10.13/lib/python3.10/site-packages/airflow/example_dags/example_branch_datetime_operator.py for tasks to queue
[2024-02-16T20:18:04.953+0000] {logging_mixin.py:150} INFO - [2024-02-16T20:18:04.953+0000] {dagbag.py:541} INFO - Filling up the DagBag from /usr/local/python/3.10.13/lib/python3.10/site-packages/airflow/example_dags/example_branch_datetime_operator.py
[2024-02-16T20:18:04.961+0000] {processor.py:836} INFO - DAG(s) dict_keys(['example_branch_datetime_operator_3', 'example_branch_datetime_operator_2', 'example_branch_datetime_operator']) retrieved from /usr/local/python/3.10.13/lib/python3.10/site-packages/airflow/example_dags/example_branch_datetime_operator.py
[2024-02-16T20:18:04.978+0000] {logging_mixin.py:150} INFO - [2024-02-16T20:18:04.978+0000] {dag.py:2742} INFO - Sync 3 DAGs
[2024-02-16T20:18:04.994+0000] {logging_mixin.py:150} INFO - [2024-02-16T20:18:04.994+0000] {dag.py:3504} INFO - Setting next_dagrun for example_branch_datetime_operator to 2024-02-15T00:00:00+00:00, run_after=2024-02-16T00:00:00+00:00
[2024-02-16T20:18:04.999+0000] {logging_mixin.py:150} INFO - [2024-02-16T20:18:04.999+0000] {dag.py:3504} INFO - Setting next_dagrun for example_branch_datetime_operator_2 to 2024-02-15T00:00:00+00:00, run_after=2024-02-16T00:00:00+00:00
[2024-02-16T20:18:05.001+0000] {logging_mixin.py:150} INFO - [2024-02-16T20:18:05.001+0000] {dag.py:3504} INFO - Setting next_dagrun for example_branch_datetime_operator_3 to 2024-02-15T00:00:00+00:00, run_after=2024-02-16T00:00:00+00:00
[2024-02-16T20:18:05.048+0000] {processor.py:179} INFO - Processing /usr/local/python/3.10.13/lib/python3.10/site-packages/airflow/example_dags/example_branch_datetime_operator.py took 0.098 seconds
[2024-02-16T20:18:58.894+0000] {processor.py:157} INFO - Started process (PID=24671) to work on /usr/local/python/3.10.13/lib/python3.10/site-packages/airflow/example_dags/example_branch_datetime_operator.py
[2024-02-16T20:18:58.894+0000] {processor.py:826} INFO - Processing file /usr/local/python/3.10.13/lib/python3.10/site-packages/airflow/example_dags/example_branch_datetime_operator.py for tasks to queue
[2024-02-16T20:18:58.895+0000] {logging_mixin.py:150} INFO - [2024-02-16T20:18:58.895+0000] {dagbag.py:541} INFO - Filling up the DagBag from /usr/local/python/3.10.13/lib/python3.10/site-packages/airflow/example_dags/example_branch_datetime_operator.py
[2024-02-16T20:18:58.903+0000] {processor.py:836} INFO - DAG(s) dict_keys(['example_branch_datetime_operator_3', 'example_branch_datetime_operator_2', 'example_branch_datetime_operator']) retrieved from /usr/local/python/3.10.13/lib/python3.10/site-packages/airflow/example_dags/example_branch_datetime_operator.py
[2024-02-16T20:18:58.919+0000] {logging_mixin.py:150} INFO - [2024-02-16T20:18:58.919+0000] {dag.py:2742} INFO - Sync 3 DAGs
[2024-02-16T20:18:58.935+0000] {logging_mixin.py:150} INFO - [2024-02-16T20:18:58.934+0000] {dag.py:3504} INFO - Setting next_dagrun for example_branch_datetime_operator to 2024-02-15T00:00:00+00:00, run_after=2024-02-16T00:00:00+00:00
[2024-02-16T20:18:58.939+0000] {logging_mixin.py:150} INFO - [2024-02-16T20:18:58.939+0000] {dag.py:3504} INFO - Setting next_dagrun for example_branch_datetime_operator_2 to 2024-02-15T00:00:00+00:00, run_after=2024-02-16T00:00:00+00:00
[2024-02-16T20:18:58.941+0000] {logging_mixin.py:150} INFO - [2024-02-16T20:18:58.941+0000] {dag.py:3504} INFO - Setting next_dagrun for example_branch_datetime_operator_3 to 2024-02-15T00:00:00+00:00, run_after=2024-02-16T00:00:00+00:00
[2024-02-16T20:18:58.987+0000] {processor.py:179} INFO - Processing /usr/local/python/3.10.13/lib/python3.10/site-packages/airflow/example_dags/example_branch_datetime_operator.py took 0.095 seconds
[2024-02-16T20:19:50.592+0000] {processor.py:157} INFO - Started process (PID=25057) to work on /usr/local/python/3.10.13/lib/python3.10/site-packages/airflow/example_dags/example_branch_datetime_operator.py
[2024-02-16T20:19:50.593+0000] {processor.py:826} INFO - Processing file /usr/local/python/3.10.13/lib/python3.10/site-packages/airflow/example_dags/example_branch_datetime_operator.py for tasks to queue
[2024-02-16T20:19:50.594+0000] {logging_mixin.py:150} INFO - [2024-02-16T20:19:50.594+0000] {dagbag.py:541} INFO - Filling up the DagBag from /usr/local/python/3.10.13/lib/python3.10/site-packages/airflow/example_dags/example_branch_datetime_operator.py
[2024-02-16T20:19:50.601+0000] {processor.py:836} INFO - DAG(s) dict_keys(['example_branch_datetime_operator_3', 'example_branch_datetime_operator_2', 'example_branch_datetime_operator']) retrieved from /usr/local/python/3.10.13/lib/python3.10/site-packages/airflow/example_dags/example_branch_datetime_operator.py
[2024-02-16T20:19:50.624+0000] {logging_mixin.py:150} INFO - [2024-02-16T20:19:50.623+0000] {dag.py:2742} INFO - Sync 3 DAGs
[2024-02-16T20:19:50.651+0000] {logging_mixin.py:150} INFO - [2024-02-16T20:19:50.651+0000] {dag.py:3504} INFO - Setting next_dagrun for example_branch_datetime_operator to 2024-02-15T00:00:00+00:00, run_after=2024-02-16T00:00:00+00:00
[2024-02-16T20:19:50.659+0000] {logging_mixin.py:150} INFO - [2024-02-16T20:19:50.659+0000] {dag.py:3504} INFO - Setting next_dagrun for example_branch_datetime_operator_2 to 2024-02-15T00:00:00+00:00, run_after=2024-02-16T00:00:00+00:00
[2024-02-16T20:19:50.662+0000] {logging_mixin.py:150} INFO - [2024-02-16T20:19:50.662+0000] {dag.py:3504} INFO - Setting next_dagrun for example_branch_datetime_operator_3 to 2024-02-15T00:00:00+00:00, run_after=2024-02-16T00:00:00+00:00
[2024-02-16T20:19:50.711+0000] {processor.py:179} INFO - Processing /usr/local/python/3.10.13/lib/python3.10/site-packages/airflow/example_dags/example_branch_datetime_operator.py took 0.121 seconds
[2024-02-16T20:20:45.154+0000] {processor.py:157} INFO - Started process (PID=25477) to work on /usr/local/python/3.10.13/lib/python3.10/site-packages/airflow/example_dags/example_branch_datetime_operator.py
[2024-02-16T20:20:45.155+0000] {processor.py:826} INFO - Processing file /usr/local/python/3.10.13/lib/python3.10/site-packages/airflow/example_dags/example_branch_datetime_operator.py for tasks to queue
[2024-02-16T20:20:45.156+0000] {logging_mixin.py:150} INFO - [2024-02-16T20:20:45.156+0000] {dagbag.py:541} INFO - Filling up the DagBag from /usr/local/python/3.10.13/lib/python3.10/site-packages/airflow/example_dags/example_branch_datetime_operator.py
[2024-02-16T20:20:45.168+0000] {processor.py:836} INFO - DAG(s) dict_keys(['example_branch_datetime_operator_3', 'example_branch_datetime_operator', 'example_branch_datetime_operator_2']) retrieved from /usr/local/python/3.10.13/lib/python3.10/site-packages/airflow/example_dags/example_branch_datetime_operator.py
[2024-02-16T20:20:45.195+0000] {logging_mixin.py:150} INFO - [2024-02-16T20:20:45.195+0000] {dag.py:2742} INFO - Sync 3 DAGs
[2024-02-16T20:20:45.214+0000] {logging_mixin.py:150} INFO - [2024-02-16T20:20:45.214+0000] {dag.py:3504} INFO - Setting next_dagrun for example_branch_datetime_operator to 2024-02-15T00:00:00+00:00, run_after=2024-02-16T00:00:00+00:00
[2024-02-16T20:20:45.218+0000] {logging_mixin.py:150} INFO - [2024-02-16T20:20:45.218+0000] {dag.py:3504} INFO - Setting next_dagrun for example_branch_datetime_operator_2 to 2024-02-15T00:00:00+00:00, run_after=2024-02-16T00:00:00+00:00
[2024-02-16T20:20:45.220+0000] {logging_mixin.py:150} INFO - [2024-02-16T20:20:45.220+0000] {dag.py:3504} INFO - Setting next_dagrun for example_branch_datetime_operator_3 to 2024-02-15T00:00:00+00:00, run_after=2024-02-16T00:00:00+00:00
[2024-02-16T20:20:45.269+0000] {processor.py:179} INFO - Processing /usr/local/python/3.10.13/lib/python3.10/site-packages/airflow/example_dags/example_branch_datetime_operator.py took 0.118 seconds
[2024-02-16T20:21:38.441+0000] {processor.py:157} INFO - Started process (PID=25866) to work on /usr/local/python/3.10.13/lib/python3.10/site-packages/airflow/example_dags/example_branch_datetime_operator.py
[2024-02-16T20:21:38.442+0000] {processor.py:826} INFO - Processing file /usr/local/python/3.10.13/lib/python3.10/site-packages/airflow/example_dags/example_branch_datetime_operator.py for tasks to queue
[2024-02-16T20:21:38.442+0000] {logging_mixin.py:150} INFO - [2024-02-16T20:21:38.442+0000] {dagbag.py:541} INFO - Filling up the DagBag from /usr/local/python/3.10.13/lib/python3.10/site-packages/airflow/example_dags/example_branch_datetime_operator.py
[2024-02-16T20:21:38.450+0000] {processor.py:836} INFO - DAG(s) dict_keys(['example_branch_datetime_operator_3', 'example_branch_datetime_operator', 'example_branch_datetime_operator_2']) retrieved from /usr/local/python/3.10.13/lib/python3.10/site-packages/airflow/example_dags/example_branch_datetime_operator.py
[2024-02-16T20:21:38.477+0000] {logging_mixin.py:150} INFO - [2024-02-16T20:21:38.477+0000] {dag.py:2742} INFO - Sync 3 DAGs
[2024-02-16T20:21:38.496+0000] {logging_mixin.py:150} INFO - [2024-02-16T20:21:38.496+0000] {dag.py:3504} INFO - Setting next_dagrun for example_branch_datetime_operator to 2024-02-15T00:00:00+00:00, run_after=2024-02-16T00:00:00+00:00
[2024-02-16T20:21:38.500+0000] {logging_mixin.py:150} INFO - [2024-02-16T20:21:38.499+0000] {dag.py:3504} INFO - Setting next_dagrun for example_branch_datetime_operator_2 to 2024-02-15T00:00:00+00:00, run_after=2024-02-16T00:00:00+00:00
[2024-02-16T20:21:38.501+0000] {logging_mixin.py:150} INFO - [2024-02-16T20:21:38.501+0000] {dag.py:3504} INFO - Setting next_dagrun for example_branch_datetime_operator_3 to 2024-02-15T00:00:00+00:00, run_after=2024-02-16T00:00:00+00:00
[2024-02-16T20:21:38.546+0000] {processor.py:179} INFO - Processing /usr/local/python/3.10.13/lib/python3.10/site-packages/airflow/example_dags/example_branch_datetime_operator.py took 0.108 seconds
[2024-02-16T20:22:35.029+0000] {processor.py:157} INFO - Started process (PID=26284) to work on /usr/local/python/3.10.13/lib/python3.10/site-packages/airflow/example_dags/example_branch_datetime_operator.py
[2024-02-16T20:22:35.030+0000] {processor.py:826} INFO - Processing file /usr/local/python/3.10.13/lib/python3.10/site-packages/airflow/example_dags/example_branch_datetime_operator.py for tasks to queue
[2024-02-16T20:22:35.030+0000] {logging_mixin.py:150} INFO - [2024-02-16T20:22:35.030+0000] {dagbag.py:541} INFO - Filling up the DagBag from /usr/local/python/3.10.13/lib/python3.10/site-packages/airflow/example_dags/example_branch_datetime_operator.py
[2024-02-16T20:22:35.038+0000] {processor.py:836} INFO - DAG(s) dict_keys(['example_branch_datetime_operator', 'example_branch_datetime_operator_2', 'example_branch_datetime_operator_3']) retrieved from /usr/local/python/3.10.13/lib/python3.10/site-packages/airflow/example_dags/example_branch_datetime_operator.py
[2024-02-16T20:22:35.055+0000] {logging_mixin.py:150} INFO - [2024-02-16T20:22:35.055+0000] {dag.py:2742} INFO - Sync 3 DAGs
[2024-02-16T20:22:35.071+0000] {logging_mixin.py:150} INFO - [2024-02-16T20:22:35.071+0000] {dag.py:3504} INFO - Setting next_dagrun for example_branch_datetime_operator to 2024-02-15T00:00:00+00:00, run_after=2024-02-16T00:00:00+00:00
[2024-02-16T20:22:35.075+0000] {logging_mixin.py:150} INFO - [2024-02-16T20:22:35.075+0000] {dag.py:3504} INFO - Setting next_dagrun for example_branch_datetime_operator_2 to 2024-02-15T00:00:00+00:00, run_after=2024-02-16T00:00:00+00:00
[2024-02-16T20:22:35.077+0000] {logging_mixin.py:150} INFO - [2024-02-16T20:22:35.076+0000] {dag.py:3504} INFO - Setting next_dagrun for example_branch_datetime_operator_3 to 2024-02-15T00:00:00+00:00, run_after=2024-02-16T00:00:00+00:00
[2024-02-16T20:22:35.135+0000] {processor.py:179} INFO - Processing /usr/local/python/3.10.13/lib/python3.10/site-packages/airflow/example_dags/example_branch_datetime_operator.py took 0.108 seconds
[2024-02-16T20:23:26.702+0000] {processor.py:157} INFO - Started process (PID=26670) to work on /usr/local/python/3.10.13/lib/python3.10/site-packages/airflow/example_dags/example_branch_datetime_operator.py
[2024-02-16T20:23:26.703+0000] {processor.py:826} INFO - Processing file /usr/local/python/3.10.13/lib/python3.10/site-packages/airflow/example_dags/example_branch_datetime_operator.py for tasks to queue
[2024-02-16T20:23:26.704+0000] {logging_mixin.py:150} INFO - [2024-02-16T20:23:26.704+0000] {dagbag.py:541} INFO - Filling up the DagBag from /usr/local/python/3.10.13/lib/python3.10/site-packages/airflow/example_dags/example_branch_datetime_operator.py
[2024-02-16T20:23:26.716+0000] {processor.py:836} INFO - DAG(s) dict_keys(['example_branch_datetime_operator_3', 'example_branch_datetime_operator_2', 'example_branch_datetime_operator']) retrieved from /usr/local/python/3.10.13/lib/python3.10/site-packages/airflow/example_dags/example_branch_datetime_operator.py
[2024-02-16T20:23:26.747+0000] {logging_mixin.py:150} INFO - [2024-02-16T20:23:26.746+0000] {dag.py:2742} INFO - Sync 3 DAGs
[2024-02-16T20:23:26.779+0000] {logging_mixin.py:150} INFO - [2024-02-16T20:23:26.779+0000] {dag.py:3504} INFO - Setting next_dagrun for example_branch_datetime_operator to 2024-02-15T00:00:00+00:00, run_after=2024-02-16T00:00:00+00:00
[2024-02-16T20:23:26.785+0000] {logging_mixin.py:150} INFO - [2024-02-16T20:23:26.784+0000] {dag.py:3504} INFO - Setting next_dagrun for example_branch_datetime_operator_2 to 2024-02-15T00:00:00+00:00, run_after=2024-02-16T00:00:00+00:00
[2024-02-16T20:23:26.788+0000] {logging_mixin.py:150} INFO - [2024-02-16T20:23:26.788+0000] {dag.py:3504} INFO - Setting next_dagrun for example_branch_datetime_operator_3 to 2024-02-15T00:00:00+00:00, run_after=2024-02-16T00:00:00+00:00
[2024-02-16T20:23:26.846+0000] {processor.py:179} INFO - Processing /usr/local/python/3.10.13/lib/python3.10/site-packages/airflow/example_dags/example_branch_datetime_operator.py took 0.147 seconds
[2024-02-16T20:24:22.966+0000] {processor.py:157} INFO - Started process (PID=27146) to work on /usr/local/python/3.10.13/lib/python3.10/site-packages/airflow/example_dags/example_branch_datetime_operator.py
[2024-02-16T20:24:22.967+0000] {processor.py:826} INFO - Processing file /usr/local/python/3.10.13/lib/python3.10/site-packages/airflow/example_dags/example_branch_datetime_operator.py for tasks to queue
[2024-02-16T20:24:22.968+0000] {logging_mixin.py:150} INFO - [2024-02-16T20:24:22.967+0000] {dagbag.py:541} INFO - Filling up the DagBag from /usr/local/python/3.10.13/lib/python3.10/site-packages/airflow/example_dags/example_branch_datetime_operator.py
[2024-02-16T20:24:22.976+0000] {processor.py:836} INFO - DAG(s) dict_keys(['example_branch_datetime_operator_3', 'example_branch_datetime_operator_2', 'example_branch_datetime_operator']) retrieved from /usr/local/python/3.10.13/lib/python3.10/site-packages/airflow/example_dags/example_branch_datetime_operator.py
[2024-02-16T20:24:22.996+0000] {logging_mixin.py:150} INFO - [2024-02-16T20:24:22.996+0000] {dag.py:2742} INFO - Sync 3 DAGs
[2024-02-16T20:24:23.013+0000] {logging_mixin.py:150} INFO - [2024-02-16T20:24:23.013+0000] {dag.py:3504} INFO - Setting next_dagrun for example_branch_datetime_operator to 2024-02-15T00:00:00+00:00, run_after=2024-02-16T00:00:00+00:00
[2024-02-16T20:24:23.017+0000] {logging_mixin.py:150} INFO - [2024-02-16T20:24:23.017+0000] {dag.py:3504} INFO - Setting next_dagrun for example_branch_datetime_operator_2 to 2024-02-15T00:00:00+00:00, run_after=2024-02-16T00:00:00+00:00
[2024-02-16T20:24:23.019+0000] {logging_mixin.py:150} INFO - [2024-02-16T20:24:23.019+0000] {dag.py:3504} INFO - Setting next_dagrun for example_branch_datetime_operator_3 to 2024-02-15T00:00:00+00:00, run_after=2024-02-16T00:00:00+00:00
[2024-02-16T20:24:23.069+0000] {processor.py:179} INFO - Processing /usr/local/python/3.10.13/lib/python3.10/site-packages/airflow/example_dags/example_branch_datetime_operator.py took 0.104 seconds
