[2024-02-16T20:09:08.699+0000] {processor.py:157} INFO - Started process (PID=20000) to work on /usr/local/python/3.10.13/lib/python3.10/site-packages/airflow/example_dags/example_time_delta_sensor_async.py
[2024-02-16T20:09:08.699+0000] {processor.py:826} INFO - Processing file /usr/local/python/3.10.13/lib/python3.10/site-packages/airflow/example_dags/example_time_delta_sensor_async.py for tasks to queue
[2024-02-16T20:09:08.700+0000] {logging_mixin.py:150} INFO - [2024-02-16T20:09:08.700+0000] {dagbag.py:541} INFO - Filling up the DagBag from /usr/local/python/3.10.13/lib/python3.10/site-packages/airflow/example_dags/example_time_delta_sensor_async.py
[2024-02-16T20:09:08.704+0000] {processor.py:836} INFO - DAG(s) dict_keys(['example_time_delta_sensor_async']) retrieved from /usr/local/python/3.10.13/lib/python3.10/site-packages/airflow/example_dags/example_time_delta_sensor_async.py
[2024-02-16T20:09:08.858+0000] {logging_mixin.py:150} INFO - [2024-02-16T20:09:08.858+0000] {manager.py:504} INFO - Created Permission View: can read on DAG:example_time_delta_sensor_async
[2024-02-16T20:09:08.896+0000] {logging_mixin.py:150} INFO - [2024-02-16T20:09:08.896+0000] {manager.py:504} INFO - Created Permission View: can edit on DAG:example_time_delta_sensor_async
[2024-02-16T20:09:08.933+0000] {logging_mixin.py:150} INFO - [2024-02-16T20:09:08.932+0000] {manager.py:504} INFO - Created Permission View: can delete on DAG:example_time_delta_sensor_async
[2024-02-16T20:09:08.945+0000] {logging_mixin.py:150} INFO - [2024-02-16T20:09:08.945+0000] {dag.py:2742} INFO - Sync 1 DAGs
[2024-02-16T20:09:08.959+0000] {logging_mixin.py:150} INFO - [2024-02-16T20:09:08.958+0000] {dag.py:2763} INFO - Creating ORM DAG for example_time_delta_sensor_async
[2024-02-16T20:09:08.969+0000] {logging_mixin.py:150} INFO - [2024-02-16T20:09:08.969+0000] {dag.py:3504} INFO - Setting next_dagrun for example_time_delta_sensor_async to None, run_after=None
[2024-02-16T20:09:09.028+0000] {processor.py:179} INFO - Processing /usr/local/python/3.10.13/lib/python3.10/site-packages/airflow/example_dags/example_time_delta_sensor_async.py took 0.332 seconds
[2024-02-16T20:10:06.329+0000] {processor.py:157} INFO - Started process (PID=20504) to work on /usr/local/python/3.10.13/lib/python3.10/site-packages/airflow/example_dags/example_time_delta_sensor_async.py
[2024-02-16T20:10:06.330+0000] {processor.py:826} INFO - Processing file /usr/local/python/3.10.13/lib/python3.10/site-packages/airflow/example_dags/example_time_delta_sensor_async.py for tasks to queue
[2024-02-16T20:10:06.331+0000] {logging_mixin.py:150} INFO - [2024-02-16T20:10:06.330+0000] {dagbag.py:541} INFO - Filling up the DagBag from /usr/local/python/3.10.13/lib/python3.10/site-packages/airflow/example_dags/example_time_delta_sensor_async.py
[2024-02-16T20:10:06.334+0000] {processor.py:836} INFO - DAG(s) dict_keys(['example_time_delta_sensor_async']) retrieved from /usr/local/python/3.10.13/lib/python3.10/site-packages/airflow/example_dags/example_time_delta_sensor_async.py
[2024-02-16T20:10:06.346+0000] {logging_mixin.py:150} INFO - [2024-02-16T20:10:06.345+0000] {dag.py:2742} INFO - Sync 1 DAGs
[2024-02-16T20:10:06.360+0000] {logging_mixin.py:150} INFO - [2024-02-16T20:10:06.360+0000] {dag.py:3504} INFO - Setting next_dagrun for example_time_delta_sensor_async to None, run_after=None
[2024-02-16T20:10:06.405+0000] {processor.py:179} INFO - Processing /usr/local/python/3.10.13/lib/python3.10/site-packages/airflow/example_dags/example_time_delta_sensor_async.py took 0.077 seconds
[2024-02-16T20:11:21.449+0000] {processor.py:157} INFO - Started process (PID=21270) to work on /usr/local/python/3.10.13/lib/python3.10/site-packages/airflow/example_dags/example_time_delta_sensor_async.py
[2024-02-16T20:11:21.449+0000] {processor.py:826} INFO - Processing file /usr/local/python/3.10.13/lib/python3.10/site-packages/airflow/example_dags/example_time_delta_sensor_async.py for tasks to queue
[2024-02-16T20:11:21.450+0000] {logging_mixin.py:150} INFO - [2024-02-16T20:11:21.450+0000] {dagbag.py:541} INFO - Filling up the DagBag from /usr/local/python/3.10.13/lib/python3.10/site-packages/airflow/example_dags/example_time_delta_sensor_async.py
[2024-02-16T20:11:21.453+0000] {processor.py:836} INFO - DAG(s) dict_keys(['example_time_delta_sensor_async']) retrieved from /usr/local/python/3.10.13/lib/python3.10/site-packages/airflow/example_dags/example_time_delta_sensor_async.py
[2024-02-16T20:11:21.466+0000] {logging_mixin.py:150} INFO - [2024-02-16T20:11:21.466+0000] {dag.py:2742} INFO - Sync 1 DAGs
[2024-02-16T20:11:21.482+0000] {logging_mixin.py:150} INFO - [2024-02-16T20:11:21.482+0000] {dag.py:3504} INFO - Setting next_dagrun for example_time_delta_sensor_async to None, run_after=None
[2024-02-16T20:11:21.544+0000] {processor.py:179} INFO - Processing /usr/local/python/3.10.13/lib/python3.10/site-packages/airflow/example_dags/example_time_delta_sensor_async.py took 0.098 seconds
[2024-02-16T20:12:08.543+0000] {processor.py:157} INFO - Started process (PID=21629) to work on /usr/local/python/3.10.13/lib/python3.10/site-packages/airflow/example_dags/example_time_delta_sensor_async.py
[2024-02-16T20:12:08.543+0000] {processor.py:826} INFO - Processing file /usr/local/python/3.10.13/lib/python3.10/site-packages/airflow/example_dags/example_time_delta_sensor_async.py for tasks to queue
[2024-02-16T20:12:08.544+0000] {logging_mixin.py:150} INFO - [2024-02-16T20:12:08.544+0000] {dagbag.py:541} INFO - Filling up the DagBag from /usr/local/python/3.10.13/lib/python3.10/site-packages/airflow/example_dags/example_time_delta_sensor_async.py
[2024-02-16T20:12:08.547+0000] {processor.py:836} INFO - DAG(s) dict_keys(['example_time_delta_sensor_async']) retrieved from /usr/local/python/3.10.13/lib/python3.10/site-packages/airflow/example_dags/example_time_delta_sensor_async.py
[2024-02-16T20:12:08.559+0000] {logging_mixin.py:150} INFO - [2024-02-16T20:12:08.559+0000] {dag.py:2742} INFO - Sync 1 DAGs
[2024-02-16T20:12:08.574+0000] {logging_mixin.py:150} INFO - [2024-02-16T20:12:08.574+0000] {dag.py:3504} INFO - Setting next_dagrun for example_time_delta_sensor_async to None, run_after=None
[2024-02-16T20:12:08.621+0000] {processor.py:179} INFO - Processing /usr/local/python/3.10.13/lib/python3.10/site-packages/airflow/example_dags/example_time_delta_sensor_async.py took 0.081 seconds
[2024-02-16T20:12:55.177+0000] {processor.py:157} INFO - Started process (PID=21946) to work on /usr/local/python/3.10.13/lib/python3.10/site-packages/airflow/example_dags/example_time_delta_sensor_async.py
[2024-02-16T20:12:55.177+0000] {processor.py:826} INFO - Processing file /usr/local/python/3.10.13/lib/python3.10/site-packages/airflow/example_dags/example_time_delta_sensor_async.py for tasks to queue
[2024-02-16T20:12:55.178+0000] {logging_mixin.py:150} INFO - [2024-02-16T20:12:55.178+0000] {dagbag.py:541} INFO - Filling up the DagBag from /usr/local/python/3.10.13/lib/python3.10/site-packages/airflow/example_dags/example_time_delta_sensor_async.py
[2024-02-16T20:12:55.182+0000] {processor.py:836} INFO - DAG(s) dict_keys(['example_time_delta_sensor_async']) retrieved from /usr/local/python/3.10.13/lib/python3.10/site-packages/airflow/example_dags/example_time_delta_sensor_async.py
[2024-02-16T20:12:55.194+0000] {logging_mixin.py:150} INFO - [2024-02-16T20:12:55.194+0000] {dag.py:2742} INFO - Sync 1 DAGs
[2024-02-16T20:12:55.210+0000] {logging_mixin.py:150} INFO - [2024-02-16T20:12:55.210+0000] {dag.py:3504} INFO - Setting next_dagrun for example_time_delta_sensor_async to None, run_after=None
[2024-02-16T20:12:55.254+0000] {processor.py:179} INFO - Processing /usr/local/python/3.10.13/lib/python3.10/site-packages/airflow/example_dags/example_time_delta_sensor_async.py took 0.079 seconds
[2024-02-16T20:13:47.083+0000] {processor.py:157} INFO - Started process (PID=22356) to work on /usr/local/python/3.10.13/lib/python3.10/site-packages/airflow/example_dags/example_time_delta_sensor_async.py
[2024-02-16T20:13:47.084+0000] {processor.py:826} INFO - Processing file /usr/local/python/3.10.13/lib/python3.10/site-packages/airflow/example_dags/example_time_delta_sensor_async.py for tasks to queue
[2024-02-16T20:13:47.085+0000] {logging_mixin.py:150} INFO - [2024-02-16T20:13:47.084+0000] {dagbag.py:541} INFO - Filling up the DagBag from /usr/local/python/3.10.13/lib/python3.10/site-packages/airflow/example_dags/example_time_delta_sensor_async.py
[2024-02-16T20:13:47.088+0000] {processor.py:836} INFO - DAG(s) dict_keys(['example_time_delta_sensor_async']) retrieved from /usr/local/python/3.10.13/lib/python3.10/site-packages/airflow/example_dags/example_time_delta_sensor_async.py
[2024-02-16T20:13:47.100+0000] {logging_mixin.py:150} INFO - [2024-02-16T20:13:47.100+0000] {dag.py:2742} INFO - Sync 1 DAGs
[2024-02-16T20:13:47.115+0000] {logging_mixin.py:150} INFO - [2024-02-16T20:13:47.115+0000] {dag.py:3504} INFO - Setting next_dagrun for example_time_delta_sensor_async to None, run_after=None
[2024-02-16T20:13:47.159+0000] {processor.py:179} INFO - Processing /usr/local/python/3.10.13/lib/python3.10/site-packages/airflow/example_dags/example_time_delta_sensor_async.py took 0.079 seconds
[2024-02-16T20:14:25.854+0000] {processor.py:157} INFO - Started process (PID=22632) to work on /usr/local/python/3.10.13/lib/python3.10/site-packages/airflow/example_dags/example_time_delta_sensor_async.py
[2024-02-16T20:14:25.855+0000] {processor.py:826} INFO - Processing file /usr/local/python/3.10.13/lib/python3.10/site-packages/airflow/example_dags/example_time_delta_sensor_async.py for tasks to queue
[2024-02-16T20:14:25.856+0000] {logging_mixin.py:150} INFO - [2024-02-16T20:14:25.855+0000] {dagbag.py:541} INFO - Filling up the DagBag from /usr/local/python/3.10.13/lib/python3.10/site-packages/airflow/example_dags/example_time_delta_sensor_async.py
[2024-02-16T20:14:25.859+0000] {processor.py:836} INFO - DAG(s) dict_keys(['example_time_delta_sensor_async']) retrieved from /usr/local/python/3.10.13/lib/python3.10/site-packages/airflow/example_dags/example_time_delta_sensor_async.py
[2024-02-16T20:14:25.871+0000] {logging_mixin.py:150} INFO - [2024-02-16T20:14:25.871+0000] {dag.py:2742} INFO - Sync 1 DAGs
[2024-02-16T20:14:25.887+0000] {logging_mixin.py:150} INFO - [2024-02-16T20:14:25.887+0000] {dag.py:3504} INFO - Setting next_dagrun for example_time_delta_sensor_async to None, run_after=None
[2024-02-16T20:14:25.936+0000] {processor.py:179} INFO - Processing /usr/local/python/3.10.13/lib/python3.10/site-packages/airflow/example_dags/example_time_delta_sensor_async.py took 0.084 seconds
[2024-02-16T20:15:17.701+0000] {processor.py:157} INFO - Started process (PID=23015) to work on /usr/local/python/3.10.13/lib/python3.10/site-packages/airflow/example_dags/example_time_delta_sensor_async.py
[2024-02-16T20:15:17.702+0000] {processor.py:826} INFO - Processing file /usr/local/python/3.10.13/lib/python3.10/site-packages/airflow/example_dags/example_time_delta_sensor_async.py for tasks to queue
[2024-02-16T20:15:17.702+0000] {logging_mixin.py:150} INFO - [2024-02-16T20:15:17.702+0000] {dagbag.py:541} INFO - Filling up the DagBag from /usr/local/python/3.10.13/lib/python3.10/site-packages/airflow/example_dags/example_time_delta_sensor_async.py
[2024-02-16T20:15:17.706+0000] {processor.py:836} INFO - DAG(s) dict_keys(['example_time_delta_sensor_async']) retrieved from /usr/local/python/3.10.13/lib/python3.10/site-packages/airflow/example_dags/example_time_delta_sensor_async.py
[2024-02-16T20:15:17.717+0000] {logging_mixin.py:150} INFO - [2024-02-16T20:15:17.717+0000] {dag.py:2742} INFO - Sync 1 DAGs
[2024-02-16T20:15:17.732+0000] {logging_mixin.py:150} INFO - [2024-02-16T20:15:17.731+0000] {dag.py:3504} INFO - Setting next_dagrun for example_time_delta_sensor_async to None, run_after=None
[2024-02-16T20:15:17.778+0000] {processor.py:179} INFO - Processing /usr/local/python/3.10.13/lib/python3.10/site-packages/airflow/example_dags/example_time_delta_sensor_async.py took 0.079 seconds
[2024-02-16T20:16:08.755+0000] {processor.py:157} INFO - Started process (PID=23401) to work on /usr/local/python/3.10.13/lib/python3.10/site-packages/airflow/example_dags/example_time_delta_sensor_async.py
[2024-02-16T20:16:08.755+0000] {processor.py:826} INFO - Processing file /usr/local/python/3.10.13/lib/python3.10/site-packages/airflow/example_dags/example_time_delta_sensor_async.py for tasks to queue
[2024-02-16T20:16:08.756+0000] {logging_mixin.py:150} INFO - [2024-02-16T20:16:08.756+0000] {dagbag.py:541} INFO - Filling up the DagBag from /usr/local/python/3.10.13/lib/python3.10/site-packages/airflow/example_dags/example_time_delta_sensor_async.py
[2024-02-16T20:16:08.759+0000] {processor.py:836} INFO - DAG(s) dict_keys(['example_time_delta_sensor_async']) retrieved from /usr/local/python/3.10.13/lib/python3.10/site-packages/airflow/example_dags/example_time_delta_sensor_async.py
[2024-02-16T20:16:08.771+0000] {logging_mixin.py:150} INFO - [2024-02-16T20:16:08.771+0000] {dag.py:2742} INFO - Sync 1 DAGs
[2024-02-16T20:16:08.790+0000] {logging_mixin.py:150} INFO - [2024-02-16T20:16:08.790+0000] {dag.py:3504} INFO - Setting next_dagrun for example_time_delta_sensor_async to None, run_after=None
[2024-02-16T20:16:08.856+0000] {processor.py:179} INFO - Processing /usr/local/python/3.10.13/lib/python3.10/site-packages/airflow/example_dags/example_time_delta_sensor_async.py took 0.104 seconds
[2024-02-16T20:17:01.838+0000] {processor.py:157} INFO - Started process (PID=23813) to work on /usr/local/python/3.10.13/lib/python3.10/site-packages/airflow/example_dags/example_time_delta_sensor_async.py
[2024-02-16T20:17:01.839+0000] {processor.py:826} INFO - Processing file /usr/local/python/3.10.13/lib/python3.10/site-packages/airflow/example_dags/example_time_delta_sensor_async.py for tasks to queue
[2024-02-16T20:17:01.840+0000] {logging_mixin.py:150} INFO - [2024-02-16T20:17:01.839+0000] {dagbag.py:541} INFO - Filling up the DagBag from /usr/local/python/3.10.13/lib/python3.10/site-packages/airflow/example_dags/example_time_delta_sensor_async.py
[2024-02-16T20:17:01.844+0000] {processor.py:836} INFO - DAG(s) dict_keys(['example_time_delta_sensor_async']) retrieved from /usr/local/python/3.10.13/lib/python3.10/site-packages/airflow/example_dags/example_time_delta_sensor_async.py
[2024-02-16T20:17:01.859+0000] {logging_mixin.py:150} INFO - [2024-02-16T20:17:01.859+0000] {dag.py:2742} INFO - Sync 1 DAGs
[2024-02-16T20:17:01.874+0000] {logging_mixin.py:150} INFO - [2024-02-16T20:17:01.874+0000] {dag.py:3504} INFO - Setting next_dagrun for example_time_delta_sensor_async to None, run_after=None
[2024-02-16T20:17:01.922+0000] {processor.py:179} INFO - Processing /usr/local/python/3.10.13/lib/python3.10/site-packages/airflow/example_dags/example_time_delta_sensor_async.py took 0.087 seconds
[2024-02-16T20:17:38.161+0000] {processor.py:157} INFO - Started process (PID=24064) to work on /usr/local/python/3.10.13/lib/python3.10/site-packages/airflow/example_dags/example_time_delta_sensor_async.py
[2024-02-16T20:17:38.162+0000] {processor.py:826} INFO - Processing file /usr/local/python/3.10.13/lib/python3.10/site-packages/airflow/example_dags/example_time_delta_sensor_async.py for tasks to queue
[2024-02-16T20:17:38.163+0000] {logging_mixin.py:150} INFO - [2024-02-16T20:17:38.162+0000] {dagbag.py:541} INFO - Filling up the DagBag from /usr/local/python/3.10.13/lib/python3.10/site-packages/airflow/example_dags/example_time_delta_sensor_async.py
[2024-02-16T20:17:38.167+0000] {processor.py:836} INFO - DAG(s) dict_keys(['example_time_delta_sensor_async']) retrieved from /usr/local/python/3.10.13/lib/python3.10/site-packages/airflow/example_dags/example_time_delta_sensor_async.py
[2024-02-16T20:17:38.184+0000] {logging_mixin.py:150} INFO - [2024-02-16T20:17:38.184+0000] {dag.py:2742} INFO - Sync 1 DAGs
[2024-02-16T20:17:38.205+0000] {logging_mixin.py:150} INFO - [2024-02-16T20:17:38.205+0000] {dag.py:3504} INFO - Setting next_dagrun for example_time_delta_sensor_async to None, run_after=None
[2024-02-16T20:17:38.257+0000] {processor.py:179} INFO - Processing /usr/local/python/3.10.13/lib/python3.10/site-packages/airflow/example_dags/example_time_delta_sensor_async.py took 0.098 seconds
[2024-02-16T20:18:28.935+0000] {processor.py:157} INFO - Started process (PID=24452) to work on /usr/local/python/3.10.13/lib/python3.10/site-packages/airflow/example_dags/example_time_delta_sensor_async.py
[2024-02-16T20:18:28.936+0000] {processor.py:826} INFO - Processing file /usr/local/python/3.10.13/lib/python3.10/site-packages/airflow/example_dags/example_time_delta_sensor_async.py for tasks to queue
[2024-02-16T20:18:28.937+0000] {logging_mixin.py:150} INFO - [2024-02-16T20:18:28.936+0000] {dagbag.py:541} INFO - Filling up the DagBag from /usr/local/python/3.10.13/lib/python3.10/site-packages/airflow/example_dags/example_time_delta_sensor_async.py
[2024-02-16T20:18:28.941+0000] {processor.py:836} INFO - DAG(s) dict_keys(['example_time_delta_sensor_async']) retrieved from /usr/local/python/3.10.13/lib/python3.10/site-packages/airflow/example_dags/example_time_delta_sensor_async.py
[2024-02-16T20:18:28.960+0000] {logging_mixin.py:150} INFO - [2024-02-16T20:18:28.960+0000] {dag.py:2742} INFO - Sync 1 DAGs
[2024-02-16T20:18:28.983+0000] {logging_mixin.py:150} INFO - [2024-02-16T20:18:28.982+0000] {dag.py:3504} INFO - Setting next_dagrun for example_time_delta_sensor_async to None, run_after=None
[2024-02-16T20:18:29.036+0000] {processor.py:179} INFO - Processing /usr/local/python/3.10.13/lib/python3.10/site-packages/airflow/example_dags/example_time_delta_sensor_async.py took 0.104 seconds
[2024-02-16T20:19:06.398+0000] {processor.py:157} INFO - Started process (PID=24733) to work on /usr/local/python/3.10.13/lib/python3.10/site-packages/airflow/example_dags/example_time_delta_sensor_async.py
[2024-02-16T20:19:06.399+0000] {processor.py:826} INFO - Processing file /usr/local/python/3.10.13/lib/python3.10/site-packages/airflow/example_dags/example_time_delta_sensor_async.py for tasks to queue
[2024-02-16T20:19:06.399+0000] {logging_mixin.py:150} INFO - [2024-02-16T20:19:06.399+0000] {dagbag.py:541} INFO - Filling up the DagBag from /usr/local/python/3.10.13/lib/python3.10/site-packages/airflow/example_dags/example_time_delta_sensor_async.py
[2024-02-16T20:19:06.403+0000] {processor.py:836} INFO - DAG(s) dict_keys(['example_time_delta_sensor_async']) retrieved from /usr/local/python/3.10.13/lib/python3.10/site-packages/airflow/example_dags/example_time_delta_sensor_async.py
[2024-02-16T20:19:06.416+0000] {logging_mixin.py:150} INFO - [2024-02-16T20:19:06.416+0000] {dag.py:2742} INFO - Sync 1 DAGs
[2024-02-16T20:19:06.436+0000] {logging_mixin.py:150} INFO - [2024-02-16T20:19:06.436+0000] {dag.py:3504} INFO - Setting next_dagrun for example_time_delta_sensor_async to None, run_after=None
[2024-02-16T20:19:06.485+0000] {processor.py:179} INFO - Processing /usr/local/python/3.10.13/lib/python3.10/site-packages/airflow/example_dags/example_time_delta_sensor_async.py took 0.089 seconds
[2024-02-16T20:19:58.575+0000] {processor.py:157} INFO - Started process (PID=25120) to work on /usr/local/python/3.10.13/lib/python3.10/site-packages/airflow/example_dags/example_time_delta_sensor_async.py
[2024-02-16T20:19:58.576+0000] {processor.py:826} INFO - Processing file /usr/local/python/3.10.13/lib/python3.10/site-packages/airflow/example_dags/example_time_delta_sensor_async.py for tasks to queue
[2024-02-16T20:19:58.577+0000] {logging_mixin.py:150} INFO - [2024-02-16T20:19:58.576+0000] {dagbag.py:541} INFO - Filling up the DagBag from /usr/local/python/3.10.13/lib/python3.10/site-packages/airflow/example_dags/example_time_delta_sensor_async.py
[2024-02-16T20:19:58.580+0000] {processor.py:836} INFO - DAG(s) dict_keys(['example_time_delta_sensor_async']) retrieved from /usr/local/python/3.10.13/lib/python3.10/site-packages/airflow/example_dags/example_time_delta_sensor_async.py
[2024-02-16T20:19:58.591+0000] {logging_mixin.py:150} INFO - [2024-02-16T20:19:58.591+0000] {dag.py:2742} INFO - Sync 1 DAGs
[2024-02-16T20:19:58.606+0000] {logging_mixin.py:150} INFO - [2024-02-16T20:19:58.606+0000] {dag.py:3504} INFO - Setting next_dagrun for example_time_delta_sensor_async to None, run_after=None
[2024-02-16T20:19:58.670+0000] {processor.py:179} INFO - Processing /usr/local/python/3.10.13/lib/python3.10/site-packages/airflow/example_dags/example_time_delta_sensor_async.py took 0.097 seconds
[2024-02-16T20:20:52.903+0000] {processor.py:157} INFO - Started process (PID=25518) to work on /usr/local/python/3.10.13/lib/python3.10/site-packages/airflow/example_dags/example_time_delta_sensor_async.py
[2024-02-16T20:20:52.903+0000] {processor.py:826} INFO - Processing file /usr/local/python/3.10.13/lib/python3.10/site-packages/airflow/example_dags/example_time_delta_sensor_async.py for tasks to queue
[2024-02-16T20:20:52.904+0000] {logging_mixin.py:150} INFO - [2024-02-16T20:20:52.904+0000] {dagbag.py:541} INFO - Filling up the DagBag from /usr/local/python/3.10.13/lib/python3.10/site-packages/airflow/example_dags/example_time_delta_sensor_async.py
[2024-02-16T20:20:52.907+0000] {processor.py:836} INFO - DAG(s) dict_keys(['example_time_delta_sensor_async']) retrieved from /usr/local/python/3.10.13/lib/python3.10/site-packages/airflow/example_dags/example_time_delta_sensor_async.py
[2024-02-16T20:20:52.919+0000] {logging_mixin.py:150} INFO - [2024-02-16T20:20:52.919+0000] {dag.py:2742} INFO - Sync 1 DAGs
[2024-02-16T20:20:52.934+0000] {logging_mixin.py:150} INFO - [2024-02-16T20:20:52.934+0000] {dag.py:3504} INFO - Setting next_dagrun for example_time_delta_sensor_async to None, run_after=None
[2024-02-16T20:20:52.979+0000] {processor.py:179} INFO - Processing /usr/local/python/3.10.13/lib/python3.10/site-packages/airflow/example_dags/example_time_delta_sensor_async.py took 0.078 seconds
[2024-02-16T20:21:46.056+0000] {processor.py:157} INFO - Started process (PID=25935) to work on /usr/local/python/3.10.13/lib/python3.10/site-packages/airflow/example_dags/example_time_delta_sensor_async.py
[2024-02-16T20:21:46.057+0000] {processor.py:826} INFO - Processing file /usr/local/python/3.10.13/lib/python3.10/site-packages/airflow/example_dags/example_time_delta_sensor_async.py for tasks to queue
[2024-02-16T20:21:46.057+0000] {logging_mixin.py:150} INFO - [2024-02-16T20:21:46.057+0000] {dagbag.py:541} INFO - Filling up the DagBag from /usr/local/python/3.10.13/lib/python3.10/site-packages/airflow/example_dags/example_time_delta_sensor_async.py
[2024-02-16T20:21:46.061+0000] {processor.py:836} INFO - DAG(s) dict_keys(['example_time_delta_sensor_async']) retrieved from /usr/local/python/3.10.13/lib/python3.10/site-packages/airflow/example_dags/example_time_delta_sensor_async.py
[2024-02-16T20:21:46.073+0000] {logging_mixin.py:150} INFO - [2024-02-16T20:21:46.073+0000] {dag.py:2742} INFO - Sync 1 DAGs
[2024-02-16T20:21:46.089+0000] {logging_mixin.py:150} INFO - [2024-02-16T20:21:46.089+0000] {dag.py:3504} INFO - Setting next_dagrun for example_time_delta_sensor_async to None, run_after=None
[2024-02-16T20:21:46.139+0000] {processor.py:179} INFO - Processing /usr/local/python/3.10.13/lib/python3.10/site-packages/airflow/example_dags/example_time_delta_sensor_async.py took 0.085 seconds
[2024-02-16T20:22:25.951+0000] {processor.py:157} INFO - Started process (PID=26235) to work on /usr/local/python/3.10.13/lib/python3.10/site-packages/airflow/example_dags/example_time_delta_sensor_async.py
[2024-02-16T20:22:25.952+0000] {processor.py:826} INFO - Processing file /usr/local/python/3.10.13/lib/python3.10/site-packages/airflow/example_dags/example_time_delta_sensor_async.py for tasks to queue
[2024-02-16T20:22:25.953+0000] {logging_mixin.py:150} INFO - [2024-02-16T20:22:25.952+0000] {dagbag.py:541} INFO - Filling up the DagBag from /usr/local/python/3.10.13/lib/python3.10/site-packages/airflow/example_dags/example_time_delta_sensor_async.py
[2024-02-16T20:22:25.956+0000] {processor.py:836} INFO - DAG(s) dict_keys(['example_time_delta_sensor_async']) retrieved from /usr/local/python/3.10.13/lib/python3.10/site-packages/airflow/example_dags/example_time_delta_sensor_async.py
[2024-02-16T20:22:25.967+0000] {logging_mixin.py:150} INFO - [2024-02-16T20:22:25.967+0000] {dag.py:2742} INFO - Sync 1 DAGs
[2024-02-16T20:22:25.982+0000] {logging_mixin.py:150} INFO - [2024-02-16T20:22:25.982+0000] {dag.py:3504} INFO - Setting next_dagrun for example_time_delta_sensor_async to None, run_after=None
[2024-02-16T20:22:26.030+0000] {processor.py:179} INFO - Processing /usr/local/python/3.10.13/lib/python3.10/site-packages/airflow/example_dags/example_time_delta_sensor_async.py took 0.081 seconds
[2024-02-16T20:23:16.607+0000] {processor.py:157} INFO - Started process (PID=26612) to work on /usr/local/python/3.10.13/lib/python3.10/site-packages/airflow/example_dags/example_time_delta_sensor_async.py
[2024-02-16T20:23:16.608+0000] {processor.py:826} INFO - Processing file /usr/local/python/3.10.13/lib/python3.10/site-packages/airflow/example_dags/example_time_delta_sensor_async.py for tasks to queue
[2024-02-16T20:23:16.608+0000] {logging_mixin.py:150} INFO - [2024-02-16T20:23:16.608+0000] {dagbag.py:541} INFO - Filling up the DagBag from /usr/local/python/3.10.13/lib/python3.10/site-packages/airflow/example_dags/example_time_delta_sensor_async.py
[2024-02-16T20:23:16.613+0000] {processor.py:836} INFO - DAG(s) dict_keys(['example_time_delta_sensor_async']) retrieved from /usr/local/python/3.10.13/lib/python3.10/site-packages/airflow/example_dags/example_time_delta_sensor_async.py
[2024-02-16T20:23:16.633+0000] {logging_mixin.py:150} INFO - [2024-02-16T20:23:16.632+0000] {dag.py:2742} INFO - Sync 1 DAGs
[2024-02-16T20:23:16.657+0000] {logging_mixin.py:150} INFO - [2024-02-16T20:23:16.657+0000] {dag.py:3504} INFO - Setting next_dagrun for example_time_delta_sensor_async to None, run_after=None
[2024-02-16T20:23:16.707+0000] {processor.py:179} INFO - Processing /usr/local/python/3.10.13/lib/python3.10/site-packages/airflow/example_dags/example_time_delta_sensor_async.py took 0.102 seconds
[2024-02-16T20:24:08.782+0000] {processor.py:157} INFO - Started process (PID=27009) to work on /usr/local/python/3.10.13/lib/python3.10/site-packages/airflow/example_dags/example_time_delta_sensor_async.py
[2024-02-16T20:24:08.782+0000] {processor.py:826} INFO - Processing file /usr/local/python/3.10.13/lib/python3.10/site-packages/airflow/example_dags/example_time_delta_sensor_async.py for tasks to queue
[2024-02-16T20:24:08.783+0000] {logging_mixin.py:150} INFO - [2024-02-16T20:24:08.783+0000] {dagbag.py:541} INFO - Filling up the DagBag from /usr/local/python/3.10.13/lib/python3.10/site-packages/airflow/example_dags/example_time_delta_sensor_async.py
[2024-02-16T20:24:08.788+0000] {processor.py:836} INFO - DAG(s) dict_keys(['example_time_delta_sensor_async']) retrieved from /usr/local/python/3.10.13/lib/python3.10/site-packages/airflow/example_dags/example_time_delta_sensor_async.py
[2024-02-16T20:24:08.804+0000] {logging_mixin.py:150} INFO - [2024-02-16T20:24:08.804+0000] {dag.py:2742} INFO - Sync 1 DAGs
[2024-02-16T20:24:08.832+0000] {logging_mixin.py:150} INFO - [2024-02-16T20:24:08.832+0000] {dag.py:3504} INFO - Setting next_dagrun for example_time_delta_sensor_async to None, run_after=None
[2024-02-16T20:24:08.886+0000] {processor.py:179} INFO - Processing /usr/local/python/3.10.13/lib/python3.10/site-packages/airflow/example_dags/example_time_delta_sensor_async.py took 0.108 seconds
[2024-02-16T20:24:48.569+0000] {processor.py:157} INFO - Started process (PID=27423) to work on /usr/local/python/3.10.13/lib/python3.10/site-packages/airflow/example_dags/example_time_delta_sensor_async.py
[2024-02-16T20:24:48.570+0000] {processor.py:826} INFO - Processing file /usr/local/python/3.10.13/lib/python3.10/site-packages/airflow/example_dags/example_time_delta_sensor_async.py for tasks to queue
[2024-02-16T20:24:48.570+0000] {logging_mixin.py:150} INFO - [2024-02-16T20:24:48.570+0000] {dagbag.py:541} INFO - Filling up the DagBag from /usr/local/python/3.10.13/lib/python3.10/site-packages/airflow/example_dags/example_time_delta_sensor_async.py
[2024-02-16T20:24:48.574+0000] {processor.py:836} INFO - DAG(s) dict_keys(['example_time_delta_sensor_async']) retrieved from /usr/local/python/3.10.13/lib/python3.10/site-packages/airflow/example_dags/example_time_delta_sensor_async.py
[2024-02-16T20:24:48.589+0000] {logging_mixin.py:150} INFO - [2024-02-16T20:24:48.589+0000] {dag.py:2742} INFO - Sync 1 DAGs
[2024-02-16T20:24:48.608+0000] {logging_mixin.py:150} INFO - [2024-02-16T20:24:48.608+0000] {dag.py:3504} INFO - Setting next_dagrun for example_time_delta_sensor_async to None, run_after=None
[2024-02-16T20:24:48.660+0000] {processor.py:179} INFO - Processing /usr/local/python/3.10.13/lib/python3.10/site-packages/airflow/example_dags/example_time_delta_sensor_async.py took 0.094 seconds
