[2024-02-16T20:09:27.345+0000] {processor.py:157} INFO - Started process (PID=20167) to work on /usr/local/python/3.10.13/lib/python3.10/site-packages/airflow/example_dags/example_short_circuit_operator.py
[2024-02-16T20:09:27.346+0000] {processor.py:826} INFO - Processing file /usr/local/python/3.10.13/lib/python3.10/site-packages/airflow/example_dags/example_short_circuit_operator.py for tasks to queue
[2024-02-16T20:09:27.347+0000] {logging_mixin.py:150} INFO - [2024-02-16T20:09:27.346+0000] {dagbag.py:541} INFO - Filling up the DagBag from /usr/local/python/3.10.13/lib/python3.10/site-packages/airflow/example_dags/example_short_circuit_operator.py
[2024-02-16T20:09:27.355+0000] {processor.py:836} INFO - DAG(s) dict_keys(['example_short_circuit_operator']) retrieved from /usr/local/python/3.10.13/lib/python3.10/site-packages/airflow/example_dags/example_short_circuit_operator.py
[2024-02-16T20:09:27.511+0000] {logging_mixin.py:150} INFO - [2024-02-16T20:09:27.511+0000] {manager.py:504} INFO - Created Permission View: can read on DAG:example_short_circuit_operator
[2024-02-16T20:09:27.550+0000] {logging_mixin.py:150} INFO - [2024-02-16T20:09:27.549+0000] {manager.py:504} INFO - Created Permission View: can edit on DAG:example_short_circuit_operator
[2024-02-16T20:09:27.587+0000] {logging_mixin.py:150} INFO - [2024-02-16T20:09:27.587+0000] {manager.py:504} INFO - Created Permission View: can delete on DAG:example_short_circuit_operator
[2024-02-16T20:09:27.596+0000] {logging_mixin.py:150} INFO - [2024-02-16T20:09:27.596+0000] {dag.py:2742} INFO - Sync 1 DAGs
[2024-02-16T20:09:27.603+0000] {logging_mixin.py:150} INFO - [2024-02-16T20:09:27.603+0000] {dag.py:2763} INFO - Creating ORM DAG for example_short_circuit_operator
[2024-02-16T20:09:27.610+0000] {logging_mixin.py:150} INFO - [2024-02-16T20:09:27.610+0000] {dag.py:3504} INFO - Setting next_dagrun for example_short_circuit_operator to 2024-02-15T20:09:27.609902+00:00, run_after=2024-02-16T20:09:27.609902+00:00
[2024-02-16T20:09:27.664+0000] {processor.py:179} INFO - Processing /usr/local/python/3.10.13/lib/python3.10/site-packages/airflow/example_dags/example_short_circuit_operator.py took 0.321 seconds
[2024-02-16T20:10:20.272+0000] {processor.py:157} INFO - Started process (PID=20607) to work on /usr/local/python/3.10.13/lib/python3.10/site-packages/airflow/example_dags/example_short_circuit_operator.py
[2024-02-16T20:10:20.275+0000] {processor.py:826} INFO - Processing file /usr/local/python/3.10.13/lib/python3.10/site-packages/airflow/example_dags/example_short_circuit_operator.py for tasks to queue
[2024-02-16T20:10:20.276+0000] {logging_mixin.py:150} INFO - [2024-02-16T20:10:20.275+0000] {dagbag.py:541} INFO - Filling up the DagBag from /usr/local/python/3.10.13/lib/python3.10/site-packages/airflow/example_dags/example_short_circuit_operator.py
[2024-02-16T20:10:20.287+0000] {processor.py:836} INFO - DAG(s) dict_keys(['example_short_circuit_operator']) retrieved from /usr/local/python/3.10.13/lib/python3.10/site-packages/airflow/example_dags/example_short_circuit_operator.py
[2024-02-16T20:10:20.304+0000] {logging_mixin.py:150} INFO - [2024-02-16T20:10:20.304+0000] {dag.py:2742} INFO - Sync 1 DAGs
[2024-02-16T20:10:20.326+0000] {logging_mixin.py:150} INFO - [2024-02-16T20:10:20.326+0000] {dag.py:3504} INFO - Setting next_dagrun for example_short_circuit_operator to 2024-02-15T20:10:20.326366+00:00, run_after=2024-02-16T20:10:20.326366+00:00
[2024-02-16T20:10:20.382+0000] {processor.py:179} INFO - Processing /usr/local/python/3.10.13/lib/python3.10/site-packages/airflow/example_dags/example_short_circuit_operator.py took 0.113 seconds
[2024-02-16T20:11:35.754+0000] {processor.py:157} INFO - Started process (PID=21384) to work on /usr/local/python/3.10.13/lib/python3.10/site-packages/airflow/example_dags/example_short_circuit_operator.py
[2024-02-16T20:11:35.754+0000] {processor.py:826} INFO - Processing file /usr/local/python/3.10.13/lib/python3.10/site-packages/airflow/example_dags/example_short_circuit_operator.py for tasks to queue
[2024-02-16T20:11:35.755+0000] {logging_mixin.py:150} INFO - [2024-02-16T20:11:35.755+0000] {dagbag.py:541} INFO - Filling up the DagBag from /usr/local/python/3.10.13/lib/python3.10/site-packages/airflow/example_dags/example_short_circuit_operator.py
[2024-02-16T20:11:35.761+0000] {processor.py:836} INFO - DAG(s) dict_keys(['example_short_circuit_operator']) retrieved from /usr/local/python/3.10.13/lib/python3.10/site-packages/airflow/example_dags/example_short_circuit_operator.py
[2024-02-16T20:11:35.776+0000] {logging_mixin.py:150} INFO - [2024-02-16T20:11:35.776+0000] {dag.py:2742} INFO - Sync 1 DAGs
[2024-02-16T20:11:35.791+0000] {logging_mixin.py:150} INFO - [2024-02-16T20:11:35.791+0000] {dag.py:3504} INFO - Setting next_dagrun for example_short_circuit_operator to 2024-02-15T20:11:35.791251+00:00, run_after=2024-02-16T20:11:35.791251+00:00
[2024-02-16T20:11:35.838+0000] {processor.py:179} INFO - Processing /usr/local/python/3.10.13/lib/python3.10/site-packages/airflow/example_dags/example_short_circuit_operator.py took 0.087 seconds
[2024-02-16T20:12:23.349+0000] {processor.py:157} INFO - Started process (PID=21723) to work on /usr/local/python/3.10.13/lib/python3.10/site-packages/airflow/example_dags/example_short_circuit_operator.py
[2024-02-16T20:12:23.350+0000] {processor.py:826} INFO - Processing file /usr/local/python/3.10.13/lib/python3.10/site-packages/airflow/example_dags/example_short_circuit_operator.py for tasks to queue
[2024-02-16T20:12:23.351+0000] {logging_mixin.py:150} INFO - [2024-02-16T20:12:23.350+0000] {dagbag.py:541} INFO - Filling up the DagBag from /usr/local/python/3.10.13/lib/python3.10/site-packages/airflow/example_dags/example_short_circuit_operator.py
[2024-02-16T20:12:23.357+0000] {processor.py:836} INFO - DAG(s) dict_keys(['example_short_circuit_operator']) retrieved from /usr/local/python/3.10.13/lib/python3.10/site-packages/airflow/example_dags/example_short_circuit_operator.py
[2024-02-16T20:12:23.370+0000] {logging_mixin.py:150} INFO - [2024-02-16T20:12:23.370+0000] {dag.py:2742} INFO - Sync 1 DAGs
[2024-02-16T20:12:23.387+0000] {logging_mixin.py:150} INFO - [2024-02-16T20:12:23.386+0000] {dag.py:3504} INFO - Setting next_dagrun for example_short_circuit_operator to 2024-02-15T20:12:23.386570+00:00, run_after=2024-02-16T20:12:23.386570+00:00
[2024-02-16T20:12:23.436+0000] {processor.py:179} INFO - Processing /usr/local/python/3.10.13/lib/python3.10/site-packages/airflow/example_dags/example_short_circuit_operator.py took 0.089 seconds
[2024-02-16T20:13:12.975+0000] {processor.py:157} INFO - Started process (PID=22086) to work on /usr/local/python/3.10.13/lib/python3.10/site-packages/airflow/example_dags/example_short_circuit_operator.py
[2024-02-16T20:13:12.975+0000] {processor.py:826} INFO - Processing file /usr/local/python/3.10.13/lib/python3.10/site-packages/airflow/example_dags/example_short_circuit_operator.py for tasks to queue
[2024-02-16T20:13:12.976+0000] {logging_mixin.py:150} INFO - [2024-02-16T20:13:12.976+0000] {dagbag.py:541} INFO - Filling up the DagBag from /usr/local/python/3.10.13/lib/python3.10/site-packages/airflow/example_dags/example_short_circuit_operator.py
[2024-02-16T20:13:12.982+0000] {processor.py:836} INFO - DAG(s) dict_keys(['example_short_circuit_operator']) retrieved from /usr/local/python/3.10.13/lib/python3.10/site-packages/airflow/example_dags/example_short_circuit_operator.py
[2024-02-16T20:13:12.996+0000] {logging_mixin.py:150} INFO - [2024-02-16T20:13:12.996+0000] {dag.py:2742} INFO - Sync 1 DAGs
[2024-02-16T20:13:13.010+0000] {logging_mixin.py:150} INFO - [2024-02-16T20:13:13.010+0000] {dag.py:3504} INFO - Setting next_dagrun for example_short_circuit_operator to 2024-02-15T20:13:13.010650+00:00, run_after=2024-02-16T20:13:13.010650+00:00
[2024-02-16T20:13:13.056+0000] {processor.py:179} INFO - Processing /usr/local/python/3.10.13/lib/python3.10/site-packages/airflow/example_dags/example_short_circuit_operator.py took 0.084 seconds
[2024-02-16T20:14:07.121+0000] {processor.py:157} INFO - Started process (PID=22499) to work on /usr/local/python/3.10.13/lib/python3.10/site-packages/airflow/example_dags/example_short_circuit_operator.py
[2024-02-16T20:14:07.122+0000] {processor.py:826} INFO - Processing file /usr/local/python/3.10.13/lib/python3.10/site-packages/airflow/example_dags/example_short_circuit_operator.py for tasks to queue
[2024-02-16T20:14:07.123+0000] {logging_mixin.py:150} INFO - [2024-02-16T20:14:07.122+0000] {dagbag.py:541} INFO - Filling up the DagBag from /usr/local/python/3.10.13/lib/python3.10/site-packages/airflow/example_dags/example_short_circuit_operator.py
[2024-02-16T20:14:07.132+0000] {processor.py:836} INFO - DAG(s) dict_keys(['example_short_circuit_operator']) retrieved from /usr/local/python/3.10.13/lib/python3.10/site-packages/airflow/example_dags/example_short_circuit_operator.py
[2024-02-16T20:14:07.155+0000] {logging_mixin.py:150} INFO - [2024-02-16T20:14:07.154+0000] {dag.py:2742} INFO - Sync 1 DAGs
[2024-02-16T20:14:07.172+0000] {logging_mixin.py:150} INFO - [2024-02-16T20:14:07.172+0000] {dag.py:3504} INFO - Setting next_dagrun for example_short_circuit_operator to 2024-02-15T20:14:07.172083+00:00, run_after=2024-02-16T20:14:07.172083+00:00
[2024-02-16T20:14:07.227+0000] {processor.py:179} INFO - Processing /usr/local/python/3.10.13/lib/python3.10/site-packages/airflow/example_dags/example_short_circuit_operator.py took 0.109 seconds
[2024-02-16T20:15:01.093+0000] {processor.py:157} INFO - Started process (PID=22903) to work on /usr/local/python/3.10.13/lib/python3.10/site-packages/airflow/example_dags/example_short_circuit_operator.py
[2024-02-16T20:15:01.093+0000] {processor.py:826} INFO - Processing file /usr/local/python/3.10.13/lib/python3.10/site-packages/airflow/example_dags/example_short_circuit_operator.py for tasks to queue
[2024-02-16T20:15:01.094+0000] {logging_mixin.py:150} INFO - [2024-02-16T20:15:01.094+0000] {dagbag.py:541} INFO - Filling up the DagBag from /usr/local/python/3.10.13/lib/python3.10/site-packages/airflow/example_dags/example_short_circuit_operator.py
[2024-02-16T20:15:01.100+0000] {processor.py:836} INFO - DAG(s) dict_keys(['example_short_circuit_operator']) retrieved from /usr/local/python/3.10.13/lib/python3.10/site-packages/airflow/example_dags/example_short_circuit_operator.py
[2024-02-16T20:15:01.114+0000] {logging_mixin.py:150} INFO - [2024-02-16T20:15:01.114+0000] {dag.py:2742} INFO - Sync 1 DAGs
[2024-02-16T20:15:01.130+0000] {logging_mixin.py:150} INFO - [2024-02-16T20:15:01.130+0000] {dag.py:3504} INFO - Setting next_dagrun for example_short_circuit_operator to 2024-02-15T20:15:01.129904+00:00, run_after=2024-02-16T20:15:01.129904+00:00
[2024-02-16T20:15:01.181+0000] {processor.py:179} INFO - Processing /usr/local/python/3.10.13/lib/python3.10/site-packages/airflow/example_dags/example_short_circuit_operator.py took 0.091 seconds
[2024-02-16T20:15:50.645+0000] {processor.py:157} INFO - Started process (PID=23277) to work on /usr/local/python/3.10.13/lib/python3.10/site-packages/airflow/example_dags/example_short_circuit_operator.py
[2024-02-16T20:15:50.646+0000] {processor.py:826} INFO - Processing file /usr/local/python/3.10.13/lib/python3.10/site-packages/airflow/example_dags/example_short_circuit_operator.py for tasks to queue
[2024-02-16T20:15:50.646+0000] {logging_mixin.py:150} INFO - [2024-02-16T20:15:50.646+0000] {dagbag.py:541} INFO - Filling up the DagBag from /usr/local/python/3.10.13/lib/python3.10/site-packages/airflow/example_dags/example_short_circuit_operator.py
[2024-02-16T20:15:50.653+0000] {processor.py:836} INFO - DAG(s) dict_keys(['example_short_circuit_operator']) retrieved from /usr/local/python/3.10.13/lib/python3.10/site-packages/airflow/example_dags/example_short_circuit_operator.py
[2024-02-16T20:15:50.666+0000] {logging_mixin.py:150} INFO - [2024-02-16T20:15:50.666+0000] {dag.py:2742} INFO - Sync 1 DAGs
[2024-02-16T20:15:50.681+0000] {logging_mixin.py:150} INFO - [2024-02-16T20:15:50.681+0000] {dag.py:3504} INFO - Setting next_dagrun for example_short_circuit_operator to 2024-02-15T20:15:50.681281+00:00, run_after=2024-02-16T20:15:50.681281+00:00
[2024-02-16T20:15:50.730+0000] {processor.py:179} INFO - Processing /usr/local/python/3.10.13/lib/python3.10/site-packages/airflow/example_dags/example_short_circuit_operator.py took 0.087 seconds
[2024-02-16T20:16:46.157+0000] {processor.py:157} INFO - Started process (PID=23684) to work on /usr/local/python/3.10.13/lib/python3.10/site-packages/airflow/example_dags/example_short_circuit_operator.py
[2024-02-16T20:16:46.158+0000] {processor.py:826} INFO - Processing file /usr/local/python/3.10.13/lib/python3.10/site-packages/airflow/example_dags/example_short_circuit_operator.py for tasks to queue
[2024-02-16T20:16:46.159+0000] {logging_mixin.py:150} INFO - [2024-02-16T20:16:46.158+0000] {dagbag.py:541} INFO - Filling up the DagBag from /usr/local/python/3.10.13/lib/python3.10/site-packages/airflow/example_dags/example_short_circuit_operator.py
[2024-02-16T20:16:46.165+0000] {processor.py:836} INFO - DAG(s) dict_keys(['example_short_circuit_operator']) retrieved from /usr/local/python/3.10.13/lib/python3.10/site-packages/airflow/example_dags/example_short_circuit_operator.py
[2024-02-16T20:16:46.178+0000] {logging_mixin.py:150} INFO - [2024-02-16T20:16:46.178+0000] {dag.py:2742} INFO - Sync 1 DAGs
[2024-02-16T20:16:46.193+0000] {logging_mixin.py:150} INFO - [2024-02-16T20:16:46.193+0000] {dag.py:3504} INFO - Setting next_dagrun for example_short_circuit_operator to 2024-02-15T20:16:46.193204+00:00, run_after=2024-02-16T20:16:46.193204+00:00
[2024-02-16T20:16:46.245+0000] {processor.py:179} INFO - Processing /usr/local/python/3.10.13/lib/python3.10/site-packages/airflow/example_dags/example_short_circuit_operator.py took 0.090 seconds
[2024-02-16T20:17:39.323+0000] {processor.py:157} INFO - Started process (PID=24071) to work on /usr/local/python/3.10.13/lib/python3.10/site-packages/airflow/example_dags/example_short_circuit_operator.py
[2024-02-16T20:17:39.323+0000] {processor.py:826} INFO - Processing file /usr/local/python/3.10.13/lib/python3.10/site-packages/airflow/example_dags/example_short_circuit_operator.py for tasks to queue
[2024-02-16T20:17:39.324+0000] {logging_mixin.py:150} INFO - [2024-02-16T20:17:39.324+0000] {dagbag.py:541} INFO - Filling up the DagBag from /usr/local/python/3.10.13/lib/python3.10/site-packages/airflow/example_dags/example_short_circuit_operator.py
[2024-02-16T20:17:39.332+0000] {processor.py:836} INFO - DAG(s) dict_keys(['example_short_circuit_operator']) retrieved from /usr/local/python/3.10.13/lib/python3.10/site-packages/airflow/example_dags/example_short_circuit_operator.py
[2024-02-16T20:17:39.350+0000] {logging_mixin.py:150} INFO - [2024-02-16T20:17:39.350+0000] {dag.py:2742} INFO - Sync 1 DAGs
[2024-02-16T20:17:39.365+0000] {logging_mixin.py:150} INFO - [2024-02-16T20:17:39.365+0000] {dag.py:3504} INFO - Setting next_dagrun for example_short_circuit_operator to 2024-02-15T20:17:39.364957+00:00, run_after=2024-02-16T20:17:39.364957+00:00
[2024-02-16T20:17:39.413+0000] {processor.py:179} INFO - Processing /usr/local/python/3.10.13/lib/python3.10/site-packages/airflow/example_dags/example_short_circuit_operator.py took 0.092 seconds
[2024-02-16T20:18:31.325+0000] {processor.py:157} INFO - Started process (PID=24463) to work on /usr/local/python/3.10.13/lib/python3.10/site-packages/airflow/example_dags/example_short_circuit_operator.py
[2024-02-16T20:18:31.326+0000] {processor.py:826} INFO - Processing file /usr/local/python/3.10.13/lib/python3.10/site-packages/airflow/example_dags/example_short_circuit_operator.py for tasks to queue
[2024-02-16T20:18:31.326+0000] {logging_mixin.py:150} INFO - [2024-02-16T20:18:31.326+0000] {dagbag.py:541} INFO - Filling up the DagBag from /usr/local/python/3.10.13/lib/python3.10/site-packages/airflow/example_dags/example_short_circuit_operator.py
[2024-02-16T20:18:31.332+0000] {processor.py:836} INFO - DAG(s) dict_keys(['example_short_circuit_operator']) retrieved from /usr/local/python/3.10.13/lib/python3.10/site-packages/airflow/example_dags/example_short_circuit_operator.py
[2024-02-16T20:18:31.346+0000] {logging_mixin.py:150} INFO - [2024-02-16T20:18:31.346+0000] {dag.py:2742} INFO - Sync 1 DAGs
[2024-02-16T20:18:31.360+0000] {logging_mixin.py:150} INFO - [2024-02-16T20:18:31.360+0000] {dag.py:3504} INFO - Setting next_dagrun for example_short_circuit_operator to 2024-02-15T20:18:31.360564+00:00, run_after=2024-02-16T20:18:31.360564+00:00
[2024-02-16T20:18:31.417+0000] {processor.py:179} INFO - Processing /usr/local/python/3.10.13/lib/python3.10/site-packages/airflow/example_dags/example_short_circuit_operator.py took 0.094 seconds
[2024-02-16T20:19:23.076+0000] {processor.py:157} INFO - Started process (PID=24868) to work on /usr/local/python/3.10.13/lib/python3.10/site-packages/airflow/example_dags/example_short_circuit_operator.py
[2024-02-16T20:19:23.077+0000] {processor.py:826} INFO - Processing file /usr/local/python/3.10.13/lib/python3.10/site-packages/airflow/example_dags/example_short_circuit_operator.py for tasks to queue
[2024-02-16T20:19:23.077+0000] {logging_mixin.py:150} INFO - [2024-02-16T20:19:23.077+0000] {dagbag.py:541} INFO - Filling up the DagBag from /usr/local/python/3.10.13/lib/python3.10/site-packages/airflow/example_dags/example_short_circuit_operator.py
[2024-02-16T20:19:23.084+0000] {processor.py:836} INFO - DAG(s) dict_keys(['example_short_circuit_operator']) retrieved from /usr/local/python/3.10.13/lib/python3.10/site-packages/airflow/example_dags/example_short_circuit_operator.py
[2024-02-16T20:19:23.098+0000] {logging_mixin.py:150} INFO - [2024-02-16T20:19:23.098+0000] {dag.py:2742} INFO - Sync 1 DAGs
[2024-02-16T20:19:23.116+0000] {logging_mixin.py:150} INFO - [2024-02-16T20:19:23.116+0000] {dag.py:3504} INFO - Setting next_dagrun for example_short_circuit_operator to 2024-02-15T20:19:23.115881+00:00, run_after=2024-02-16T20:19:23.115881+00:00
[2024-02-16T20:19:23.163+0000] {processor.py:179} INFO - Processing /usr/local/python/3.10.13/lib/python3.10/site-packages/airflow/example_dags/example_short_circuit_operator.py took 0.089 seconds
[2024-02-16T20:20:18.182+0000] {processor.py:157} INFO - Started process (PID=25271) to work on /usr/local/python/3.10.13/lib/python3.10/site-packages/airflow/example_dags/example_short_circuit_operator.py
[2024-02-16T20:20:18.183+0000] {processor.py:826} INFO - Processing file /usr/local/python/3.10.13/lib/python3.10/site-packages/airflow/example_dags/example_short_circuit_operator.py for tasks to queue
[2024-02-16T20:20:18.184+0000] {logging_mixin.py:150} INFO - [2024-02-16T20:20:18.183+0000] {dagbag.py:541} INFO - Filling up the DagBag from /usr/local/python/3.10.13/lib/python3.10/site-packages/airflow/example_dags/example_short_circuit_operator.py
[2024-02-16T20:20:18.190+0000] {processor.py:836} INFO - DAG(s) dict_keys(['example_short_circuit_operator']) retrieved from /usr/local/python/3.10.13/lib/python3.10/site-packages/airflow/example_dags/example_short_circuit_operator.py
[2024-02-16T20:20:18.204+0000] {logging_mixin.py:150} INFO - [2024-02-16T20:20:18.204+0000] {dag.py:2742} INFO - Sync 1 DAGs
[2024-02-16T20:20:18.219+0000] {logging_mixin.py:150} INFO - [2024-02-16T20:20:18.219+0000] {dag.py:3504} INFO - Setting next_dagrun for example_short_circuit_operator to 2024-02-15T20:20:18.219452+00:00, run_after=2024-02-16T20:20:18.219452+00:00
[2024-02-16T20:20:18.289+0000] {processor.py:179} INFO - Processing /usr/local/python/3.10.13/lib/python3.10/site-packages/airflow/example_dags/example_short_circuit_operator.py took 0.109 seconds
[2024-02-16T20:21:10.265+0000] {processor.py:157} INFO - Started process (PID=25655) to work on /usr/local/python/3.10.13/lib/python3.10/site-packages/airflow/example_dags/example_short_circuit_operator.py
[2024-02-16T20:21:10.265+0000] {processor.py:826} INFO - Processing file /usr/local/python/3.10.13/lib/python3.10/site-packages/airflow/example_dags/example_short_circuit_operator.py for tasks to queue
[2024-02-16T20:21:10.266+0000] {logging_mixin.py:150} INFO - [2024-02-16T20:21:10.266+0000] {dagbag.py:541} INFO - Filling up the DagBag from /usr/local/python/3.10.13/lib/python3.10/site-packages/airflow/example_dags/example_short_circuit_operator.py
[2024-02-16T20:21:10.272+0000] {processor.py:836} INFO - DAG(s) dict_keys(['example_short_circuit_operator']) retrieved from /usr/local/python/3.10.13/lib/python3.10/site-packages/airflow/example_dags/example_short_circuit_operator.py
[2024-02-16T20:21:10.289+0000] {logging_mixin.py:150} INFO - [2024-02-16T20:21:10.289+0000] {dag.py:2742} INFO - Sync 1 DAGs
[2024-02-16T20:21:10.306+0000] {logging_mixin.py:150} INFO - [2024-02-16T20:21:10.306+0000] {dag.py:3504} INFO - Setting next_dagrun for example_short_circuit_operator to 2024-02-15T20:21:10.306253+00:00, run_after=2024-02-16T20:21:10.306253+00:00
[2024-02-16T20:21:10.360+0000] {processor.py:179} INFO - Processing /usr/local/python/3.10.13/lib/python3.10/site-packages/airflow/example_dags/example_short_circuit_operator.py took 0.097 seconds
[2024-02-16T20:22:05.658+0000] {processor.py:157} INFO - Started process (PID=26076) to work on /usr/local/python/3.10.13/lib/python3.10/site-packages/airflow/example_dags/example_short_circuit_operator.py
[2024-02-16T20:22:05.659+0000] {processor.py:826} INFO - Processing file /usr/local/python/3.10.13/lib/python3.10/site-packages/airflow/example_dags/example_short_circuit_operator.py for tasks to queue
[2024-02-16T20:22:05.660+0000] {logging_mixin.py:150} INFO - [2024-02-16T20:22:05.659+0000] {dagbag.py:541} INFO - Filling up the DagBag from /usr/local/python/3.10.13/lib/python3.10/site-packages/airflow/example_dags/example_short_circuit_operator.py
[2024-02-16T20:22:05.666+0000] {processor.py:836} INFO - DAG(s) dict_keys(['example_short_circuit_operator']) retrieved from /usr/local/python/3.10.13/lib/python3.10/site-packages/airflow/example_dags/example_short_circuit_operator.py
[2024-02-16T20:22:05.680+0000] {logging_mixin.py:150} INFO - [2024-02-16T20:22:05.680+0000] {dag.py:2742} INFO - Sync 1 DAGs
[2024-02-16T20:22:05.696+0000] {logging_mixin.py:150} INFO - [2024-02-16T20:22:05.696+0000] {dag.py:3504} INFO - Setting next_dagrun for example_short_circuit_operator to 2024-02-15T20:22:05.695862+00:00, run_after=2024-02-16T20:22:05.695862+00:00
[2024-02-16T20:22:05.744+0000] {processor.py:179} INFO - Processing /usr/local/python/3.10.13/lib/python3.10/site-packages/airflow/example_dags/example_short_circuit_operator.py took 0.088 seconds
[2024-02-16T20:22:53.290+0000] {processor.py:157} INFO - Started process (PID=26427) to work on /usr/local/python/3.10.13/lib/python3.10/site-packages/airflow/example_dags/example_short_circuit_operator.py
[2024-02-16T20:22:53.291+0000] {processor.py:826} INFO - Processing file /usr/local/python/3.10.13/lib/python3.10/site-packages/airflow/example_dags/example_short_circuit_operator.py for tasks to queue
[2024-02-16T20:22:53.292+0000] {logging_mixin.py:150} INFO - [2024-02-16T20:22:53.292+0000] {dagbag.py:541} INFO - Filling up the DagBag from /usr/local/python/3.10.13/lib/python3.10/site-packages/airflow/example_dags/example_short_circuit_operator.py
[2024-02-16T20:22:53.302+0000] {processor.py:836} INFO - DAG(s) dict_keys(['example_short_circuit_operator']) retrieved from /usr/local/python/3.10.13/lib/python3.10/site-packages/airflow/example_dags/example_short_circuit_operator.py
[2024-02-16T20:22:53.325+0000] {logging_mixin.py:150} INFO - [2024-02-16T20:22:53.325+0000] {dag.py:2742} INFO - Sync 1 DAGs
[2024-02-16T20:22:53.351+0000] {logging_mixin.py:150} INFO - [2024-02-16T20:22:53.350+0000] {dag.py:3504} INFO - Setting next_dagrun for example_short_circuit_operator to 2024-02-15T20:22:53.350552+00:00, run_after=2024-02-16T20:22:53.350552+00:00
[2024-02-16T20:22:53.400+0000] {processor.py:179} INFO - Processing /usr/local/python/3.10.13/lib/python3.10/site-packages/airflow/example_dags/example_short_circuit_operator.py took 0.113 seconds
[2024-02-16T20:23:43.897+0000] {processor.py:157} INFO - Started process (PID=26797) to work on /usr/local/python/3.10.13/lib/python3.10/site-packages/airflow/example_dags/example_short_circuit_operator.py
[2024-02-16T20:23:43.898+0000] {processor.py:826} INFO - Processing file /usr/local/python/3.10.13/lib/python3.10/site-packages/airflow/example_dags/example_short_circuit_operator.py for tasks to queue
[2024-02-16T20:23:43.898+0000] {logging_mixin.py:150} INFO - [2024-02-16T20:23:43.898+0000] {dagbag.py:541} INFO - Filling up the DagBag from /usr/local/python/3.10.13/lib/python3.10/site-packages/airflow/example_dags/example_short_circuit_operator.py
[2024-02-16T20:23:43.905+0000] {processor.py:836} INFO - DAG(s) dict_keys(['example_short_circuit_operator']) retrieved from /usr/local/python/3.10.13/lib/python3.10/site-packages/airflow/example_dags/example_short_circuit_operator.py
[2024-02-16T20:23:43.919+0000] {logging_mixin.py:150} INFO - [2024-02-16T20:23:43.919+0000] {dag.py:2742} INFO - Sync 1 DAGs
[2024-02-16T20:23:43.935+0000] {logging_mixin.py:150} INFO - [2024-02-16T20:23:43.935+0000] {dag.py:3504} INFO - Setting next_dagrun for example_short_circuit_operator to 2024-02-15T20:23:43.935072+00:00, run_after=2024-02-16T20:23:43.935072+00:00
[2024-02-16T20:23:43.990+0000] {processor.py:179} INFO - Processing /usr/local/python/3.10.13/lib/python3.10/site-packages/airflow/example_dags/example_short_circuit_operator.py took 0.096 seconds
