[2024-02-16T20:09:24.808+0000] {processor.py:157} INFO - Started process (PID=20152) to work on /usr/local/python/3.10.13/lib/python3.10/site-packages/airflow/example_dags/example_sensors.py
[2024-02-16T20:09:24.809+0000] {processor.py:826} INFO - Processing file /usr/local/python/3.10.13/lib/python3.10/site-packages/airflow/example_dags/example_sensors.py for tasks to queue
[2024-02-16T20:09:24.809+0000] {logging_mixin.py:150} INFO - [2024-02-16T20:09:24.809+0000] {dagbag.py:541} INFO - Filling up the DagBag from /usr/local/python/3.10.13/lib/python3.10/site-packages/airflow/example_dags/example_sensors.py
[2024-02-16T20:09:24.818+0000] {processor.py:836} INFO - DAG(s) dict_keys(['example_sensors']) retrieved from /usr/local/python/3.10.13/lib/python3.10/site-packages/airflow/example_dags/example_sensors.py
[2024-02-16T20:09:24.973+0000] {logging_mixin.py:150} INFO - [2024-02-16T20:09:24.973+0000] {manager.py:504} INFO - Created Permission View: can read on DAG:example_sensors
[2024-02-16T20:09:25.013+0000] {logging_mixin.py:150} INFO - [2024-02-16T20:09:25.013+0000] {manager.py:504} INFO - Created Permission View: can edit on DAG:example_sensors
[2024-02-16T20:09:25.049+0000] {logging_mixin.py:150} INFO - [2024-02-16T20:09:25.048+0000] {manager.py:504} INFO - Created Permission View: can delete on DAG:example_sensors
[2024-02-16T20:09:25.057+0000] {logging_mixin.py:150} INFO - [2024-02-16T20:09:25.057+0000] {dag.py:2742} INFO - Sync 1 DAGs
[2024-02-16T20:09:25.065+0000] {logging_mixin.py:150} INFO - [2024-02-16T20:09:25.064+0000] {dag.py:2763} INFO - Creating ORM DAG for example_sensors
[2024-02-16T20:09:25.072+0000] {logging_mixin.py:150} INFO - [2024-02-16T20:09:25.072+0000] {dag.py:3504} INFO - Setting next_dagrun for example_sensors to None, run_after=None
[2024-02-16T20:09:25.132+0000] {processor.py:179} INFO - Processing /usr/local/python/3.10.13/lib/python3.10/site-packages/airflow/example_dags/example_sensors.py took 0.326 seconds
[2024-02-16T20:10:17.959+0000] {processor.py:157} INFO - Started process (PID=20590) to work on /usr/local/python/3.10.13/lib/python3.10/site-packages/airflow/example_dags/example_sensors.py
[2024-02-16T20:10:17.960+0000] {processor.py:826} INFO - Processing file /usr/local/python/3.10.13/lib/python3.10/site-packages/airflow/example_dags/example_sensors.py for tasks to queue
[2024-02-16T20:10:17.960+0000] {logging_mixin.py:150} INFO - [2024-02-16T20:10:17.960+0000] {dagbag.py:541} INFO - Filling up the DagBag from /usr/local/python/3.10.13/lib/python3.10/site-packages/airflow/example_dags/example_sensors.py
[2024-02-16T20:10:17.968+0000] {processor.py:836} INFO - DAG(s) dict_keys(['example_sensors']) retrieved from /usr/local/python/3.10.13/lib/python3.10/site-packages/airflow/example_dags/example_sensors.py
[2024-02-16T20:10:17.983+0000] {logging_mixin.py:150} INFO - [2024-02-16T20:10:17.983+0000] {dag.py:2742} INFO - Sync 1 DAGs
[2024-02-16T20:10:17.998+0000] {logging_mixin.py:150} INFO - [2024-02-16T20:10:17.998+0000] {dag.py:3504} INFO - Setting next_dagrun for example_sensors to None, run_after=None
[2024-02-16T20:10:18.049+0000] {processor.py:179} INFO - Processing /usr/local/python/3.10.13/lib/python3.10/site-packages/airflow/example_dags/example_sensors.py took 0.092 seconds
[2024-02-16T20:11:33.463+0000] {processor.py:157} INFO - Started process (PID=21355) to work on /usr/local/python/3.10.13/lib/python3.10/site-packages/airflow/example_dags/example_sensors.py
[2024-02-16T20:11:33.464+0000] {processor.py:826} INFO - Processing file /usr/local/python/3.10.13/lib/python3.10/site-packages/airflow/example_dags/example_sensors.py for tasks to queue
[2024-02-16T20:11:33.464+0000] {logging_mixin.py:150} INFO - [2024-02-16T20:11:33.464+0000] {dagbag.py:541} INFO - Filling up the DagBag from /usr/local/python/3.10.13/lib/python3.10/site-packages/airflow/example_dags/example_sensors.py
[2024-02-16T20:11:33.471+0000] {processor.py:836} INFO - DAG(s) dict_keys(['example_sensors']) retrieved from /usr/local/python/3.10.13/lib/python3.10/site-packages/airflow/example_dags/example_sensors.py
[2024-02-16T20:11:33.488+0000] {logging_mixin.py:150} INFO - [2024-02-16T20:11:33.488+0000] {dag.py:2742} INFO - Sync 1 DAGs
[2024-02-16T20:11:33.503+0000] {logging_mixin.py:150} INFO - [2024-02-16T20:11:33.503+0000] {dag.py:3504} INFO - Setting next_dagrun for example_sensors to None, run_after=None
[2024-02-16T20:11:33.551+0000] {processor.py:179} INFO - Processing /usr/local/python/3.10.13/lib/python3.10/site-packages/airflow/example_dags/example_sensors.py took 0.090 seconds
[2024-02-16T20:12:21.186+0000] {processor.py:157} INFO - Started process (PID=21715) to work on /usr/local/python/3.10.13/lib/python3.10/site-packages/airflow/example_dags/example_sensors.py
[2024-02-16T20:12:21.187+0000] {processor.py:826} INFO - Processing file /usr/local/python/3.10.13/lib/python3.10/site-packages/airflow/example_dags/example_sensors.py for tasks to queue
[2024-02-16T20:12:21.187+0000] {logging_mixin.py:150} INFO - [2024-02-16T20:12:21.187+0000] {dagbag.py:541} INFO - Filling up the DagBag from /usr/local/python/3.10.13/lib/python3.10/site-packages/airflow/example_dags/example_sensors.py
[2024-02-16T20:12:21.195+0000] {processor.py:836} INFO - DAG(s) dict_keys(['example_sensors']) retrieved from /usr/local/python/3.10.13/lib/python3.10/site-packages/airflow/example_dags/example_sensors.py
[2024-02-16T20:12:21.209+0000] {logging_mixin.py:150} INFO - [2024-02-16T20:12:21.209+0000] {dag.py:2742} INFO - Sync 1 DAGs
[2024-02-16T20:12:21.223+0000] {logging_mixin.py:150} INFO - [2024-02-16T20:12:21.223+0000] {dag.py:3504} INFO - Setting next_dagrun for example_sensors to None, run_after=None
[2024-02-16T20:12:21.273+0000] {processor.py:179} INFO - Processing /usr/local/python/3.10.13/lib/python3.10/site-packages/airflow/example_dags/example_sensors.py took 0.090 seconds
[2024-02-16T20:13:10.647+0000] {processor.py:157} INFO - Started process (PID=22075) to work on /usr/local/python/3.10.13/lib/python3.10/site-packages/airflow/example_dags/example_sensors.py
[2024-02-16T20:13:10.647+0000] {processor.py:826} INFO - Processing file /usr/local/python/3.10.13/lib/python3.10/site-packages/airflow/example_dags/example_sensors.py for tasks to queue
[2024-02-16T20:13:10.648+0000] {logging_mixin.py:150} INFO - [2024-02-16T20:13:10.648+0000] {dagbag.py:541} INFO - Filling up the DagBag from /usr/local/python/3.10.13/lib/python3.10/site-packages/airflow/example_dags/example_sensors.py
[2024-02-16T20:13:10.656+0000] {processor.py:836} INFO - DAG(s) dict_keys(['example_sensors']) retrieved from /usr/local/python/3.10.13/lib/python3.10/site-packages/airflow/example_dags/example_sensors.py
[2024-02-16T20:13:10.672+0000] {logging_mixin.py:150} INFO - [2024-02-16T20:13:10.671+0000] {dag.py:2742} INFO - Sync 1 DAGs
[2024-02-16T20:13:10.687+0000] {logging_mixin.py:150} INFO - [2024-02-16T20:13:10.686+0000] {dag.py:3504} INFO - Setting next_dagrun for example_sensors to None, run_after=None
[2024-02-16T20:13:10.734+0000] {processor.py:179} INFO - Processing /usr/local/python/3.10.13/lib/python3.10/site-packages/airflow/example_dags/example_sensors.py took 0.089 seconds
[2024-02-16T20:14:04.961+0000] {processor.py:157} INFO - Started process (PID=22475) to work on /usr/local/python/3.10.13/lib/python3.10/site-packages/airflow/example_dags/example_sensors.py
[2024-02-16T20:14:04.962+0000] {processor.py:826} INFO - Processing file /usr/local/python/3.10.13/lib/python3.10/site-packages/airflow/example_dags/example_sensors.py for tasks to queue
[2024-02-16T20:14:04.962+0000] {logging_mixin.py:150} INFO - [2024-02-16T20:14:04.962+0000] {dagbag.py:541} INFO - Filling up the DagBag from /usr/local/python/3.10.13/lib/python3.10/site-packages/airflow/example_dags/example_sensors.py
[2024-02-16T20:14:04.970+0000] {processor.py:836} INFO - DAG(s) dict_keys(['example_sensors']) retrieved from /usr/local/python/3.10.13/lib/python3.10/site-packages/airflow/example_dags/example_sensors.py
[2024-02-16T20:14:04.985+0000] {logging_mixin.py:150} INFO - [2024-02-16T20:14:04.985+0000] {dag.py:2742} INFO - Sync 1 DAGs
[2024-02-16T20:14:05.000+0000] {logging_mixin.py:150} INFO - [2024-02-16T20:14:05.000+0000] {dag.py:3504} INFO - Setting next_dagrun for example_sensors to None, run_after=None
[2024-02-16T20:14:05.049+0000] {processor.py:179} INFO - Processing /usr/local/python/3.10.13/lib/python3.10/site-packages/airflow/example_dags/example_sensors.py took 0.091 seconds
[2024-02-16T20:14:52.178+0000] {processor.py:157} INFO - Started process (PID=22838) to work on /usr/local/python/3.10.13/lib/python3.10/site-packages/airflow/example_dags/example_sensors.py
[2024-02-16T20:14:52.179+0000] {processor.py:826} INFO - Processing file /usr/local/python/3.10.13/lib/python3.10/site-packages/airflow/example_dags/example_sensors.py for tasks to queue
[2024-02-16T20:14:52.179+0000] {logging_mixin.py:150} INFO - [2024-02-16T20:14:52.179+0000] {dagbag.py:541} INFO - Filling up the DagBag from /usr/local/python/3.10.13/lib/python3.10/site-packages/airflow/example_dags/example_sensors.py
[2024-02-16T20:14:52.187+0000] {processor.py:836} INFO - DAG(s) dict_keys(['example_sensors']) retrieved from /usr/local/python/3.10.13/lib/python3.10/site-packages/airflow/example_dags/example_sensors.py
[2024-02-16T20:14:52.205+0000] {logging_mixin.py:150} INFO - [2024-02-16T20:14:52.205+0000] {dag.py:2742} INFO - Sync 1 DAGs
[2024-02-16T20:14:52.219+0000] {logging_mixin.py:150} INFO - [2024-02-16T20:14:52.219+0000] {dag.py:3504} INFO - Setting next_dagrun for example_sensors to None, run_after=None
[2024-02-16T20:14:52.268+0000] {processor.py:179} INFO - Processing /usr/local/python/3.10.13/lib/python3.10/site-packages/airflow/example_dags/example_sensors.py took 0.092 seconds
[2024-02-16T20:15:42.424+0000] {processor.py:157} INFO - Started process (PID=23214) to work on /usr/local/python/3.10.13/lib/python3.10/site-packages/airflow/example_dags/example_sensors.py
[2024-02-16T20:15:42.425+0000] {processor.py:826} INFO - Processing file /usr/local/python/3.10.13/lib/python3.10/site-packages/airflow/example_dags/example_sensors.py for tasks to queue
[2024-02-16T20:15:42.425+0000] {logging_mixin.py:150} INFO - [2024-02-16T20:15:42.425+0000] {dagbag.py:541} INFO - Filling up the DagBag from /usr/local/python/3.10.13/lib/python3.10/site-packages/airflow/example_dags/example_sensors.py
[2024-02-16T20:15:42.433+0000] {processor.py:836} INFO - DAG(s) dict_keys(['example_sensors']) retrieved from /usr/local/python/3.10.13/lib/python3.10/site-packages/airflow/example_dags/example_sensors.py
[2024-02-16T20:15:42.448+0000] {logging_mixin.py:150} INFO - [2024-02-16T20:15:42.447+0000] {dag.py:2742} INFO - Sync 1 DAGs
[2024-02-16T20:15:42.462+0000] {logging_mixin.py:150} INFO - [2024-02-16T20:15:42.462+0000] {dag.py:3504} INFO - Setting next_dagrun for example_sensors to None, run_after=None
[2024-02-16T20:15:42.515+0000] {processor.py:179} INFO - Processing /usr/local/python/3.10.13/lib/python3.10/site-packages/airflow/example_dags/example_sensors.py took 0.094 seconds
[2024-02-16T20:16:35.687+0000] {processor.py:157} INFO - Started process (PID=23607) to work on /usr/local/python/3.10.13/lib/python3.10/site-packages/airflow/example_dags/example_sensors.py
[2024-02-16T20:16:35.688+0000] {processor.py:826} INFO - Processing file /usr/local/python/3.10.13/lib/python3.10/site-packages/airflow/example_dags/example_sensors.py for tasks to queue
[2024-02-16T20:16:35.688+0000] {logging_mixin.py:150} INFO - [2024-02-16T20:16:35.688+0000] {dagbag.py:541} INFO - Filling up the DagBag from /usr/local/python/3.10.13/lib/python3.10/site-packages/airflow/example_dags/example_sensors.py
[2024-02-16T20:16:35.696+0000] {processor.py:836} INFO - DAG(s) dict_keys(['example_sensors']) retrieved from /usr/local/python/3.10.13/lib/python3.10/site-packages/airflow/example_dags/example_sensors.py
[2024-02-16T20:16:35.712+0000] {logging_mixin.py:150} INFO - [2024-02-16T20:16:35.712+0000] {dag.py:2742} INFO - Sync 1 DAGs
[2024-02-16T20:16:35.727+0000] {logging_mixin.py:150} INFO - [2024-02-16T20:16:35.727+0000] {dag.py:3504} INFO - Setting next_dagrun for example_sensors to None, run_after=None
[2024-02-16T20:16:35.775+0000] {processor.py:179} INFO - Processing /usr/local/python/3.10.13/lib/python3.10/site-packages/airflow/example_dags/example_sensors.py took 0.091 seconds
[2024-02-16T20:17:30.325+0000] {processor.py:157} INFO - Started process (PID=24010) to work on /usr/local/python/3.10.13/lib/python3.10/site-packages/airflow/example_dags/example_sensors.py
[2024-02-16T20:17:30.326+0000] {processor.py:826} INFO - Processing file /usr/local/python/3.10.13/lib/python3.10/site-packages/airflow/example_dags/example_sensors.py for tasks to queue
[2024-02-16T20:17:30.326+0000] {logging_mixin.py:150} INFO - [2024-02-16T20:17:30.326+0000] {dagbag.py:541} INFO - Filling up the DagBag from /usr/local/python/3.10.13/lib/python3.10/site-packages/airflow/example_dags/example_sensors.py
[2024-02-16T20:17:30.334+0000] {processor.py:836} INFO - DAG(s) dict_keys(['example_sensors']) retrieved from /usr/local/python/3.10.13/lib/python3.10/site-packages/airflow/example_dags/example_sensors.py
[2024-02-16T20:17:30.349+0000] {logging_mixin.py:150} INFO - [2024-02-16T20:17:30.349+0000] {dag.py:2742} INFO - Sync 1 DAGs
[2024-02-16T20:17:30.363+0000] {logging_mixin.py:150} INFO - [2024-02-16T20:17:30.363+0000] {dag.py:3504} INFO - Setting next_dagrun for example_sensors to None, run_after=None
[2024-02-16T20:17:30.414+0000] {processor.py:179} INFO - Processing /usr/local/python/3.10.13/lib/python3.10/site-packages/airflow/example_dags/example_sensors.py took 0.091 seconds
[2024-02-16T20:18:22.489+0000] {processor.py:157} INFO - Started process (PID=24411) to work on /usr/local/python/3.10.13/lib/python3.10/site-packages/airflow/example_dags/example_sensors.py
[2024-02-16T20:18:22.490+0000] {processor.py:826} INFO - Processing file /usr/local/python/3.10.13/lib/python3.10/site-packages/airflow/example_dags/example_sensors.py for tasks to queue
[2024-02-16T20:18:22.490+0000] {logging_mixin.py:150} INFO - [2024-02-16T20:18:22.490+0000] {dagbag.py:541} INFO - Filling up the DagBag from /usr/local/python/3.10.13/lib/python3.10/site-packages/airflow/example_dags/example_sensors.py
[2024-02-16T20:18:22.498+0000] {processor.py:836} INFO - DAG(s) dict_keys(['example_sensors']) retrieved from /usr/local/python/3.10.13/lib/python3.10/site-packages/airflow/example_dags/example_sensors.py
[2024-02-16T20:18:22.512+0000] {logging_mixin.py:150} INFO - [2024-02-16T20:18:22.512+0000] {dag.py:2742} INFO - Sync 1 DAGs
[2024-02-16T20:18:22.527+0000] {logging_mixin.py:150} INFO - [2024-02-16T20:18:22.527+0000] {dag.py:3504} INFO - Setting next_dagrun for example_sensors to None, run_after=None
[2024-02-16T20:18:22.575+0000] {processor.py:179} INFO - Processing /usr/local/python/3.10.13/lib/python3.10/site-packages/airflow/example_dags/example_sensors.py took 0.088 seconds
[2024-02-16T20:19:14.341+0000] {processor.py:157} INFO - Started process (PID=24799) to work on /usr/local/python/3.10.13/lib/python3.10/site-packages/airflow/example_dags/example_sensors.py
[2024-02-16T20:19:14.341+0000] {processor.py:826} INFO - Processing file /usr/local/python/3.10.13/lib/python3.10/site-packages/airflow/example_dags/example_sensors.py for tasks to queue
[2024-02-16T20:19:14.342+0000] {logging_mixin.py:150} INFO - [2024-02-16T20:19:14.342+0000] {dagbag.py:541} INFO - Filling up the DagBag from /usr/local/python/3.10.13/lib/python3.10/site-packages/airflow/example_dags/example_sensors.py
[2024-02-16T20:19:14.349+0000] {processor.py:836} INFO - DAG(s) dict_keys(['example_sensors']) retrieved from /usr/local/python/3.10.13/lib/python3.10/site-packages/airflow/example_dags/example_sensors.py
[2024-02-16T20:19:14.364+0000] {logging_mixin.py:150} INFO - [2024-02-16T20:19:14.364+0000] {dag.py:2742} INFO - Sync 1 DAGs
[2024-02-16T20:19:14.378+0000] {logging_mixin.py:150} INFO - [2024-02-16T20:19:14.378+0000] {dag.py:3504} INFO - Setting next_dagrun for example_sensors to None, run_after=None
[2024-02-16T20:19:14.423+0000] {processor.py:179} INFO - Processing /usr/local/python/3.10.13/lib/python3.10/site-packages/airflow/example_dags/example_sensors.py took 0.085 seconds
[2024-02-16T20:20:08.052+0000] {processor.py:157} INFO - Started process (PID=25195) to work on /usr/local/python/3.10.13/lib/python3.10/site-packages/airflow/example_dags/example_sensors.py
[2024-02-16T20:20:08.053+0000] {processor.py:826} INFO - Processing file /usr/local/python/3.10.13/lib/python3.10/site-packages/airflow/example_dags/example_sensors.py for tasks to queue
[2024-02-16T20:20:08.054+0000] {logging_mixin.py:150} INFO - [2024-02-16T20:20:08.053+0000] {dagbag.py:541} INFO - Filling up the DagBag from /usr/local/python/3.10.13/lib/python3.10/site-packages/airflow/example_dags/example_sensors.py
[2024-02-16T20:20:08.061+0000] {processor.py:836} INFO - DAG(s) dict_keys(['example_sensors']) retrieved from /usr/local/python/3.10.13/lib/python3.10/site-packages/airflow/example_dags/example_sensors.py
[2024-02-16T20:20:08.076+0000] {logging_mixin.py:150} INFO - [2024-02-16T20:20:08.076+0000] {dag.py:2742} INFO - Sync 1 DAGs
[2024-02-16T20:20:08.092+0000] {logging_mixin.py:150} INFO - [2024-02-16T20:20:08.092+0000] {dag.py:3504} INFO - Setting next_dagrun for example_sensors to None, run_after=None
[2024-02-16T20:20:08.140+0000] {processor.py:179} INFO - Processing /usr/local/python/3.10.13/lib/python3.10/site-packages/airflow/example_dags/example_sensors.py took 0.090 seconds
[2024-02-16T20:21:02.310+0000] {processor.py:157} INFO - Started process (PID=25592) to work on /usr/local/python/3.10.13/lib/python3.10/site-packages/airflow/example_dags/example_sensors.py
[2024-02-16T20:21:02.311+0000] {processor.py:826} INFO - Processing file /usr/local/python/3.10.13/lib/python3.10/site-packages/airflow/example_dags/example_sensors.py for tasks to queue
[2024-02-16T20:21:02.311+0000] {logging_mixin.py:150} INFO - [2024-02-16T20:21:02.311+0000] {dagbag.py:541} INFO - Filling up the DagBag from /usr/local/python/3.10.13/lib/python3.10/site-packages/airflow/example_dags/example_sensors.py
[2024-02-16T20:21:02.319+0000] {processor.py:836} INFO - DAG(s) dict_keys(['example_sensors']) retrieved from /usr/local/python/3.10.13/lib/python3.10/site-packages/airflow/example_dags/example_sensors.py
[2024-02-16T20:21:02.335+0000] {logging_mixin.py:150} INFO - [2024-02-16T20:21:02.335+0000] {dag.py:2742} INFO - Sync 1 DAGs
[2024-02-16T20:21:02.350+0000] {logging_mixin.py:150} INFO - [2024-02-16T20:21:02.350+0000] {dag.py:3504} INFO - Setting next_dagrun for example_sensors to None, run_after=None
[2024-02-16T20:21:02.400+0000] {processor.py:179} INFO - Processing /usr/local/python/3.10.13/lib/python3.10/site-packages/airflow/example_dags/example_sensors.py took 0.094 seconds
[2024-02-16T20:21:56.216+0000] {processor.py:157} INFO - Started process (PID=26011) to work on /usr/local/python/3.10.13/lib/python3.10/site-packages/airflow/example_dags/example_sensors.py
[2024-02-16T20:21:56.216+0000] {processor.py:826} INFO - Processing file /usr/local/python/3.10.13/lib/python3.10/site-packages/airflow/example_dags/example_sensors.py for tasks to queue
[2024-02-16T20:21:56.217+0000] {logging_mixin.py:150} INFO - [2024-02-16T20:21:56.217+0000] {dagbag.py:541} INFO - Filling up the DagBag from /usr/local/python/3.10.13/lib/python3.10/site-packages/airflow/example_dags/example_sensors.py
[2024-02-16T20:21:56.224+0000] {processor.py:836} INFO - DAG(s) dict_keys(['example_sensors']) retrieved from /usr/local/python/3.10.13/lib/python3.10/site-packages/airflow/example_dags/example_sensors.py
[2024-02-16T20:21:56.240+0000] {logging_mixin.py:150} INFO - [2024-02-16T20:21:56.240+0000] {dag.py:2742} INFO - Sync 1 DAGs
[2024-02-16T20:21:56.255+0000] {logging_mixin.py:150} INFO - [2024-02-16T20:21:56.255+0000] {dag.py:3504} INFO - Setting next_dagrun for example_sensors to None, run_after=None
[2024-02-16T20:21:56.300+0000] {processor.py:179} INFO - Processing /usr/local/python/3.10.13/lib/python3.10/site-packages/airflow/example_dags/example_sensors.py took 0.087 seconds
[2024-02-16T20:22:51.802+0000] {processor.py:157} INFO - Started process (PID=26425) to work on /usr/local/python/3.10.13/lib/python3.10/site-packages/airflow/example_dags/example_sensors.py
[2024-02-16T20:22:51.803+0000] {processor.py:826} INFO - Processing file /usr/local/python/3.10.13/lib/python3.10/site-packages/airflow/example_dags/example_sensors.py for tasks to queue
[2024-02-16T20:22:51.803+0000] {logging_mixin.py:150} INFO - [2024-02-16T20:22:51.803+0000] {dagbag.py:541} INFO - Filling up the DagBag from /usr/local/python/3.10.13/lib/python3.10/site-packages/airflow/example_dags/example_sensors.py
[2024-02-16T20:22:51.811+0000] {processor.py:836} INFO - DAG(s) dict_keys(['example_sensors']) retrieved from /usr/local/python/3.10.13/lib/python3.10/site-packages/airflow/example_dags/example_sensors.py
[2024-02-16T20:22:51.827+0000] {logging_mixin.py:150} INFO - [2024-02-16T20:22:51.826+0000] {dag.py:2742} INFO - Sync 1 DAGs
[2024-02-16T20:22:51.842+0000] {logging_mixin.py:150} INFO - [2024-02-16T20:22:51.842+0000] {dag.py:3504} INFO - Setting next_dagrun for example_sensors to None, run_after=None
[2024-02-16T20:22:51.890+0000] {processor.py:179} INFO - Processing /usr/local/python/3.10.13/lib/python3.10/site-packages/airflow/example_dags/example_sensors.py took 0.090 seconds
[2024-02-16T20:23:42.321+0000] {processor.py:157} INFO - Started process (PID=26783) to work on /usr/local/python/3.10.13/lib/python3.10/site-packages/airflow/example_dags/example_sensors.py
[2024-02-16T20:23:42.322+0000] {processor.py:826} INFO - Processing file /usr/local/python/3.10.13/lib/python3.10/site-packages/airflow/example_dags/example_sensors.py for tasks to queue
[2024-02-16T20:23:42.323+0000] {logging_mixin.py:150} INFO - [2024-02-16T20:23:42.322+0000] {dagbag.py:541} INFO - Filling up the DagBag from /usr/local/python/3.10.13/lib/python3.10/site-packages/airflow/example_dags/example_sensors.py
[2024-02-16T20:23:42.330+0000] {processor.py:836} INFO - DAG(s) dict_keys(['example_sensors']) retrieved from /usr/local/python/3.10.13/lib/python3.10/site-packages/airflow/example_dags/example_sensors.py
[2024-02-16T20:23:42.346+0000] {logging_mixin.py:150} INFO - [2024-02-16T20:23:42.346+0000] {dag.py:2742} INFO - Sync 1 DAGs
[2024-02-16T20:23:42.361+0000] {logging_mixin.py:150} INFO - [2024-02-16T20:23:42.360+0000] {dag.py:3504} INFO - Setting next_dagrun for example_sensors to None, run_after=None
[2024-02-16T20:23:42.409+0000] {processor.py:179} INFO - Processing /usr/local/python/3.10.13/lib/python3.10/site-packages/airflow/example_dags/example_sensors.py took 0.090 seconds
[2024-02-16T20:24:38.736+0000] {processor.py:157} INFO - Started process (PID=27317) to work on /usr/local/python/3.10.13/lib/python3.10/site-packages/airflow/example_dags/example_sensors.py
[2024-02-16T20:24:38.737+0000] {processor.py:826} INFO - Processing file /usr/local/python/3.10.13/lib/python3.10/site-packages/airflow/example_dags/example_sensors.py for tasks to queue
[2024-02-16T20:24:38.737+0000] {logging_mixin.py:150} INFO - [2024-02-16T20:24:38.737+0000] {dagbag.py:541} INFO - Filling up the DagBag from /usr/local/python/3.10.13/lib/python3.10/site-packages/airflow/example_dags/example_sensors.py
[2024-02-16T20:24:38.746+0000] {processor.py:836} INFO - DAG(s) dict_keys(['example_sensors']) retrieved from /usr/local/python/3.10.13/lib/python3.10/site-packages/airflow/example_dags/example_sensors.py
[2024-02-16T20:24:38.760+0000] {logging_mixin.py:150} INFO - [2024-02-16T20:24:38.760+0000] {dag.py:2742} INFO - Sync 1 DAGs
[2024-02-16T20:24:38.776+0000] {logging_mixin.py:150} INFO - [2024-02-16T20:24:38.775+0000] {dag.py:3504} INFO - Setting next_dagrun for example_sensors to None, run_after=None
[2024-02-16T20:24:38.822+0000] {processor.py:179} INFO - Processing /usr/local/python/3.10.13/lib/python3.10/site-packages/airflow/example_dags/example_sensors.py took 0.088 seconds
