[2024-02-16T20:09:49.247+0000] {processor.py:157} INFO - Started process (PID=20372) to work on /usr/local/python/3.10.13/lib/python3.10/site-packages/airflow/example_dags/example_latest_only_with_trigger.py
[2024-02-16T20:09:49.248+0000] {processor.py:826} INFO - Processing file /usr/local/python/3.10.13/lib/python3.10/site-packages/airflow/example_dags/example_latest_only_with_trigger.py for tasks to queue
[2024-02-16T20:09:49.249+0000] {logging_mixin.py:150} INFO - [2024-02-16T20:09:49.248+0000] {dagbag.py:541} INFO - Filling up the DagBag from /usr/local/python/3.10.13/lib/python3.10/site-packages/airflow/example_dags/example_latest_only_with_trigger.py
[2024-02-16T20:09:49.253+0000] {processor.py:836} INFO - DAG(s) dict_keys(['latest_only_with_trigger']) retrieved from /usr/local/python/3.10.13/lib/python3.10/site-packages/airflow/example_dags/example_latest_only_with_trigger.py
[2024-02-16T20:09:49.419+0000] {logging_mixin.py:150} INFO - [2024-02-16T20:09:49.419+0000] {manager.py:504} INFO - Created Permission View: can read on DAG:latest_only_with_trigger
[2024-02-16T20:09:49.457+0000] {logging_mixin.py:150} INFO - [2024-02-16T20:09:49.457+0000] {manager.py:504} INFO - Created Permission View: can edit on DAG:latest_only_with_trigger
[2024-02-16T20:09:49.496+0000] {logging_mixin.py:150} INFO - [2024-02-16T20:09:49.496+0000] {manager.py:504} INFO - Created Permission View: can delete on DAG:latest_only_with_trigger
[2024-02-16T20:09:49.505+0000] {logging_mixin.py:150} INFO - [2024-02-16T20:09:49.505+0000] {dag.py:2742} INFO - Sync 1 DAGs
[2024-02-16T20:09:49.513+0000] {logging_mixin.py:150} INFO - [2024-02-16T20:09:49.513+0000] {dag.py:2763} INFO - Creating ORM DAG for latest_only_with_trigger
[2024-02-16T20:09:49.520+0000] {logging_mixin.py:150} INFO - [2024-02-16T20:09:49.520+0000] {dag.py:3504} INFO - Setting next_dagrun for latest_only_with_trigger to 2024-02-16T16:09:49.520268+00:00, run_after=2024-02-16T20:09:49.520268+00:00
[2024-02-16T20:09:49.564+0000] {processor.py:179} INFO - Processing /usr/local/python/3.10.13/lib/python3.10/site-packages/airflow/example_dags/example_latest_only_with_trigger.py took 0.319 seconds
[2024-02-16T20:10:50.433+0000] {processor.py:157} INFO - Started process (PID=20932) to work on /usr/local/python/3.10.13/lib/python3.10/site-packages/airflow/example_dags/example_latest_only_with_trigger.py
[2024-02-16T20:10:50.434+0000] {processor.py:826} INFO - Processing file /usr/local/python/3.10.13/lib/python3.10/site-packages/airflow/example_dags/example_latest_only_with_trigger.py for tasks to queue
[2024-02-16T20:10:50.434+0000] {logging_mixin.py:150} INFO - [2024-02-16T20:10:50.434+0000] {dagbag.py:541} INFO - Filling up the DagBag from /usr/local/python/3.10.13/lib/python3.10/site-packages/airflow/example_dags/example_latest_only_with_trigger.py
[2024-02-16T20:10:50.439+0000] {processor.py:836} INFO - DAG(s) dict_keys(['latest_only_with_trigger']) retrieved from /usr/local/python/3.10.13/lib/python3.10/site-packages/airflow/example_dags/example_latest_only_with_trigger.py
[2024-02-16T20:10:50.451+0000] {logging_mixin.py:150} INFO - [2024-02-16T20:10:50.450+0000] {dag.py:2742} INFO - Sync 1 DAGs
[2024-02-16T20:10:50.466+0000] {logging_mixin.py:150} INFO - [2024-02-16T20:10:50.466+0000] {dag.py:3504} INFO - Setting next_dagrun for latest_only_with_trigger to 2024-02-16T16:10:50.466115+00:00, run_after=2024-02-16T20:10:50.466115+00:00
[2024-02-16T20:10:50.514+0000] {processor.py:179} INFO - Processing /usr/local/python/3.10.13/lib/python3.10/site-packages/airflow/example_dags/example_latest_only_with_trigger.py took 0.083 seconds
[2024-02-16T20:11:53.026+0000] {processor.py:157} INFO - Started process (PID=21500) to work on /usr/local/python/3.10.13/lib/python3.10/site-packages/airflow/example_dags/example_latest_only_with_trigger.py
[2024-02-16T20:11:53.027+0000] {processor.py:826} INFO - Processing file /usr/local/python/3.10.13/lib/python3.10/site-packages/airflow/example_dags/example_latest_only_with_trigger.py for tasks to queue
[2024-02-16T20:11:53.027+0000] {logging_mixin.py:150} INFO - [2024-02-16T20:11:53.027+0000] {dagbag.py:541} INFO - Filling up the DagBag from /usr/local/python/3.10.13/lib/python3.10/site-packages/airflow/example_dags/example_latest_only_with_trigger.py
[2024-02-16T20:11:53.032+0000] {processor.py:836} INFO - DAG(s) dict_keys(['latest_only_with_trigger']) retrieved from /usr/local/python/3.10.13/lib/python3.10/site-packages/airflow/example_dags/example_latest_only_with_trigger.py
[2024-02-16T20:11:53.044+0000] {logging_mixin.py:150} INFO - [2024-02-16T20:11:53.044+0000] {dag.py:2742} INFO - Sync 1 DAGs
[2024-02-16T20:11:53.058+0000] {logging_mixin.py:150} INFO - [2024-02-16T20:11:53.058+0000] {dag.py:3504} INFO - Setting next_dagrun for latest_only_with_trigger to 2024-02-16T16:11:53.058334+00:00, run_after=2024-02-16T20:11:53.058334+00:00
[2024-02-16T20:11:53.106+0000] {processor.py:179} INFO - Processing /usr/local/python/3.10.13/lib/python3.10/site-packages/airflow/example_dags/example_latest_only_with_trigger.py took 0.082 seconds
[2024-02-16T20:12:46.025+0000] {processor.py:157} INFO - Started process (PID=21897) to work on /usr/local/python/3.10.13/lib/python3.10/site-packages/airflow/example_dags/example_latest_only_with_trigger.py
[2024-02-16T20:12:46.025+0000] {processor.py:826} INFO - Processing file /usr/local/python/3.10.13/lib/python3.10/site-packages/airflow/example_dags/example_latest_only_with_trigger.py for tasks to queue
[2024-02-16T20:12:46.026+0000] {logging_mixin.py:150} INFO - [2024-02-16T20:12:46.026+0000] {dagbag.py:541} INFO - Filling up the DagBag from /usr/local/python/3.10.13/lib/python3.10/site-packages/airflow/example_dags/example_latest_only_with_trigger.py
[2024-02-16T20:12:46.031+0000] {processor.py:836} INFO - DAG(s) dict_keys(['latest_only_with_trigger']) retrieved from /usr/local/python/3.10.13/lib/python3.10/site-packages/airflow/example_dags/example_latest_only_with_trigger.py
[2024-02-16T20:12:46.042+0000] {logging_mixin.py:150} INFO - [2024-02-16T20:12:46.042+0000] {dag.py:2742} INFO - Sync 1 DAGs
[2024-02-16T20:12:46.057+0000] {logging_mixin.py:150} INFO - [2024-02-16T20:12:46.057+0000] {dag.py:3504} INFO - Setting next_dagrun for latest_only_with_trigger to 2024-02-16T16:12:46.057147+00:00, run_after=2024-02-16T20:12:46.057147+00:00
[2024-02-16T20:12:46.107+0000] {processor.py:179} INFO - Processing /usr/local/python/3.10.13/lib/python3.10/site-packages/airflow/example_dags/example_latest_only_with_trigger.py took 0.085 seconds
[2024-02-16T20:13:36.291+0000] {processor.py:157} INFO - Started process (PID=22255) to work on /usr/local/python/3.10.13/lib/python3.10/site-packages/airflow/example_dags/example_latest_only_with_trigger.py
[2024-02-16T20:13:36.291+0000] {processor.py:826} INFO - Processing file /usr/local/python/3.10.13/lib/python3.10/site-packages/airflow/example_dags/example_latest_only_with_trigger.py for tasks to queue
[2024-02-16T20:13:36.292+0000] {logging_mixin.py:150} INFO - [2024-02-16T20:13:36.292+0000] {dagbag.py:541} INFO - Filling up the DagBag from /usr/local/python/3.10.13/lib/python3.10/site-packages/airflow/example_dags/example_latest_only_with_trigger.py
[2024-02-16T20:13:36.297+0000] {processor.py:836} INFO - DAG(s) dict_keys(['latest_only_with_trigger']) retrieved from /usr/local/python/3.10.13/lib/python3.10/site-packages/airflow/example_dags/example_latest_only_with_trigger.py
[2024-02-16T20:13:36.313+0000] {logging_mixin.py:150} INFO - [2024-02-16T20:13:36.313+0000] {dag.py:2742} INFO - Sync 1 DAGs
[2024-02-16T20:13:36.334+0000] {logging_mixin.py:150} INFO - [2024-02-16T20:13:36.334+0000] {dag.py:3504} INFO - Setting next_dagrun for latest_only_with_trigger to 2024-02-16T16:13:36.334493+00:00, run_after=2024-02-16T20:13:36.334493+00:00
[2024-02-16T20:13:36.400+0000] {processor.py:179} INFO - Processing /usr/local/python/3.10.13/lib/python3.10/site-packages/airflow/example_dags/example_latest_only_with_trigger.py took 0.112 seconds
[2024-02-16T20:14:32.912+0000] {processor.py:157} INFO - Started process (PID=22689) to work on /usr/local/python/3.10.13/lib/python3.10/site-packages/airflow/example_dags/example_latest_only_with_trigger.py
[2024-02-16T20:14:32.913+0000] {processor.py:826} INFO - Processing file /usr/local/python/3.10.13/lib/python3.10/site-packages/airflow/example_dags/example_latest_only_with_trigger.py for tasks to queue
[2024-02-16T20:14:32.915+0000] {logging_mixin.py:150} INFO - [2024-02-16T20:14:32.914+0000] {dagbag.py:541} INFO - Filling up the DagBag from /usr/local/python/3.10.13/lib/python3.10/site-packages/airflow/example_dags/example_latest_only_with_trigger.py
[2024-02-16T20:14:32.920+0000] {processor.py:836} INFO - DAG(s) dict_keys(['latest_only_with_trigger']) retrieved from /usr/local/python/3.10.13/lib/python3.10/site-packages/airflow/example_dags/example_latest_only_with_trigger.py
[2024-02-16T20:14:32.933+0000] {logging_mixin.py:150} INFO - [2024-02-16T20:14:32.933+0000] {dag.py:2742} INFO - Sync 1 DAGs
[2024-02-16T20:14:32.948+0000] {logging_mixin.py:150} INFO - [2024-02-16T20:14:32.948+0000] {dag.py:3504} INFO - Setting next_dagrun for latest_only_with_trigger to 2024-02-16T16:14:32.947869+00:00, run_after=2024-02-16T20:14:32.947869+00:00
[2024-02-16T20:14:32.998+0000] {processor.py:179} INFO - Processing /usr/local/python/3.10.13/lib/python3.10/site-packages/airflow/example_dags/example_latest_only_with_trigger.py took 0.088 seconds
[2024-02-16T20:15:25.303+0000] {processor.py:157} INFO - Started process (PID=23084) to work on /usr/local/python/3.10.13/lib/python3.10/site-packages/airflow/example_dags/example_latest_only_with_trigger.py
[2024-02-16T20:15:25.303+0000] {processor.py:826} INFO - Processing file /usr/local/python/3.10.13/lib/python3.10/site-packages/airflow/example_dags/example_latest_only_with_trigger.py for tasks to queue
[2024-02-16T20:15:25.304+0000] {logging_mixin.py:150} INFO - [2024-02-16T20:15:25.304+0000] {dagbag.py:541} INFO - Filling up the DagBag from /usr/local/python/3.10.13/lib/python3.10/site-packages/airflow/example_dags/example_latest_only_with_trigger.py
[2024-02-16T20:15:25.309+0000] {processor.py:836} INFO - DAG(s) dict_keys(['latest_only_with_trigger']) retrieved from /usr/local/python/3.10.13/lib/python3.10/site-packages/airflow/example_dags/example_latest_only_with_trigger.py
[2024-02-16T20:15:25.320+0000] {logging_mixin.py:150} INFO - [2024-02-16T20:15:25.320+0000] {dag.py:2742} INFO - Sync 1 DAGs
[2024-02-16T20:15:25.335+0000] {logging_mixin.py:150} INFO - [2024-02-16T20:15:25.335+0000] {dag.py:3504} INFO - Setting next_dagrun for latest_only_with_trigger to 2024-02-16T16:15:25.334979+00:00, run_after=2024-02-16T20:15:25.334979+00:00
[2024-02-16T20:15:25.384+0000] {processor.py:179} INFO - Processing /usr/local/python/3.10.13/lib/python3.10/site-packages/airflow/example_dags/example_latest_only_with_trigger.py took 0.084 seconds
[2024-02-16T20:16:17.203+0000] {processor.py:157} INFO - Started process (PID=23467) to work on /usr/local/python/3.10.13/lib/python3.10/site-packages/airflow/example_dags/example_latest_only_with_trigger.py
[2024-02-16T20:16:17.204+0000] {processor.py:826} INFO - Processing file /usr/local/python/3.10.13/lib/python3.10/site-packages/airflow/example_dags/example_latest_only_with_trigger.py for tasks to queue
[2024-02-16T20:16:17.205+0000] {logging_mixin.py:150} INFO - [2024-02-16T20:16:17.204+0000] {dagbag.py:541} INFO - Filling up the DagBag from /usr/local/python/3.10.13/lib/python3.10/site-packages/airflow/example_dags/example_latest_only_with_trigger.py
[2024-02-16T20:16:17.209+0000] {processor.py:836} INFO - DAG(s) dict_keys(['latest_only_with_trigger']) retrieved from /usr/local/python/3.10.13/lib/python3.10/site-packages/airflow/example_dags/example_latest_only_with_trigger.py
[2024-02-16T20:16:17.227+0000] {logging_mixin.py:150} INFO - [2024-02-16T20:16:17.227+0000] {dag.py:2742} INFO - Sync 1 DAGs
[2024-02-16T20:16:17.243+0000] {logging_mixin.py:150} INFO - [2024-02-16T20:16:17.242+0000] {dag.py:3504} INFO - Setting next_dagrun for latest_only_with_trigger to 2024-02-16T16:16:17.242761+00:00, run_after=2024-02-16T20:16:17.242761+00:00
[2024-02-16T20:16:17.293+0000] {processor.py:179} INFO - Processing /usr/local/python/3.10.13/lib/python3.10/site-packages/airflow/example_dags/example_latest_only_with_trigger.py took 0.092 seconds
[2024-02-16T20:17:11.552+0000] {processor.py:157} INFO - Started process (PID=23883) to work on /usr/local/python/3.10.13/lib/python3.10/site-packages/airflow/example_dags/example_latest_only_with_trigger.py
[2024-02-16T20:17:11.552+0000] {processor.py:826} INFO - Processing file /usr/local/python/3.10.13/lib/python3.10/site-packages/airflow/example_dags/example_latest_only_with_trigger.py for tasks to queue
[2024-02-16T20:17:11.553+0000] {logging_mixin.py:150} INFO - [2024-02-16T20:17:11.553+0000] {dagbag.py:541} INFO - Filling up the DagBag from /usr/local/python/3.10.13/lib/python3.10/site-packages/airflow/example_dags/example_latest_only_with_trigger.py
[2024-02-16T20:17:11.558+0000] {processor.py:836} INFO - DAG(s) dict_keys(['latest_only_with_trigger']) retrieved from /usr/local/python/3.10.13/lib/python3.10/site-packages/airflow/example_dags/example_latest_only_with_trigger.py
[2024-02-16T20:17:11.569+0000] {logging_mixin.py:150} INFO - [2024-02-16T20:17:11.569+0000] {dag.py:2742} INFO - Sync 1 DAGs
[2024-02-16T20:17:11.585+0000] {logging_mixin.py:150} INFO - [2024-02-16T20:17:11.585+0000] {dag.py:3504} INFO - Setting next_dagrun for latest_only_with_trigger to 2024-02-16T16:17:11.585012+00:00, run_after=2024-02-16T20:17:11.585012+00:00
[2024-02-16T20:17:11.633+0000] {processor.py:179} INFO - Processing /usr/local/python/3.10.13/lib/python3.10/site-packages/airflow/example_dags/example_latest_only_with_trigger.py took 0.084 seconds
[2024-02-16T20:18:02.656+0000] {processor.py:157} INFO - Started process (PID=24263) to work on /usr/local/python/3.10.13/lib/python3.10/site-packages/airflow/example_dags/example_latest_only_with_trigger.py
[2024-02-16T20:18:02.656+0000] {processor.py:826} INFO - Processing file /usr/local/python/3.10.13/lib/python3.10/site-packages/airflow/example_dags/example_latest_only_with_trigger.py for tasks to queue
[2024-02-16T20:18:02.657+0000] {logging_mixin.py:150} INFO - [2024-02-16T20:18:02.657+0000] {dagbag.py:541} INFO - Filling up the DagBag from /usr/local/python/3.10.13/lib/python3.10/site-packages/airflow/example_dags/example_latest_only_with_trigger.py
[2024-02-16T20:18:02.662+0000] {processor.py:836} INFO - DAG(s) dict_keys(['latest_only_with_trigger']) retrieved from /usr/local/python/3.10.13/lib/python3.10/site-packages/airflow/example_dags/example_latest_only_with_trigger.py
[2024-02-16T20:18:02.673+0000] {logging_mixin.py:150} INFO - [2024-02-16T20:18:02.673+0000] {dag.py:2742} INFO - Sync 1 DAGs
[2024-02-16T20:18:02.688+0000] {logging_mixin.py:150} INFO - [2024-02-16T20:18:02.688+0000] {dag.py:3504} INFO - Setting next_dagrun for latest_only_with_trigger to 2024-02-16T16:18:02.688102+00:00, run_after=2024-02-16T20:18:02.688102+00:00
[2024-02-16T20:18:02.749+0000] {processor.py:179} INFO - Processing /usr/local/python/3.10.13/lib/python3.10/site-packages/airflow/example_dags/example_latest_only_with_trigger.py took 0.097 seconds
[2024-02-16T20:18:56.677+0000] {processor.py:157} INFO - Started process (PID=24663) to work on /usr/local/python/3.10.13/lib/python3.10/site-packages/airflow/example_dags/example_latest_only_with_trigger.py
[2024-02-16T20:18:56.678+0000] {processor.py:826} INFO - Processing file /usr/local/python/3.10.13/lib/python3.10/site-packages/airflow/example_dags/example_latest_only_with_trigger.py for tasks to queue
[2024-02-16T20:18:56.679+0000] {logging_mixin.py:150} INFO - [2024-02-16T20:18:56.679+0000] {dagbag.py:541} INFO - Filling up the DagBag from /usr/local/python/3.10.13/lib/python3.10/site-packages/airflow/example_dags/example_latest_only_with_trigger.py
[2024-02-16T20:18:56.687+0000] {processor.py:836} INFO - DAG(s) dict_keys(['latest_only_with_trigger']) retrieved from /usr/local/python/3.10.13/lib/python3.10/site-packages/airflow/example_dags/example_latest_only_with_trigger.py
[2024-02-16T20:18:56.706+0000] {logging_mixin.py:150} INFO - [2024-02-16T20:18:56.706+0000] {dag.py:2742} INFO - Sync 1 DAGs
[2024-02-16T20:18:56.726+0000] {logging_mixin.py:150} INFO - [2024-02-16T20:18:56.725+0000] {dag.py:3504} INFO - Setting next_dagrun for latest_only_with_trigger to 2024-02-16T16:18:56.725639+00:00, run_after=2024-02-16T20:18:56.725639+00:00
[2024-02-16T20:18:56.792+0000] {processor.py:179} INFO - Processing /usr/local/python/3.10.13/lib/python3.10/site-packages/airflow/example_dags/example_latest_only_with_trigger.py took 0.118 seconds
[2024-02-16T20:19:48.299+0000] {processor.py:157} INFO - Started process (PID=25043) to work on /usr/local/python/3.10.13/lib/python3.10/site-packages/airflow/example_dags/example_latest_only_with_trigger.py
[2024-02-16T20:19:48.299+0000] {processor.py:826} INFO - Processing file /usr/local/python/3.10.13/lib/python3.10/site-packages/airflow/example_dags/example_latest_only_with_trigger.py for tasks to queue
[2024-02-16T20:19:48.300+0000] {logging_mixin.py:150} INFO - [2024-02-16T20:19:48.300+0000] {dagbag.py:541} INFO - Filling up the DagBag from /usr/local/python/3.10.13/lib/python3.10/site-packages/airflow/example_dags/example_latest_only_with_trigger.py
[2024-02-16T20:19:48.305+0000] {processor.py:836} INFO - DAG(s) dict_keys(['latest_only_with_trigger']) retrieved from /usr/local/python/3.10.13/lib/python3.10/site-packages/airflow/example_dags/example_latest_only_with_trigger.py
[2024-02-16T20:19:48.316+0000] {logging_mixin.py:150} INFO - [2024-02-16T20:19:48.316+0000] {dag.py:2742} INFO - Sync 1 DAGs
[2024-02-16T20:19:48.331+0000] {logging_mixin.py:150} INFO - [2024-02-16T20:19:48.331+0000] {dag.py:3504} INFO - Setting next_dagrun for latest_only_with_trigger to 2024-02-16T16:19:48.331219+00:00, run_after=2024-02-16T20:19:48.331219+00:00
[2024-02-16T20:19:48.381+0000] {processor.py:179} INFO - Processing /usr/local/python/3.10.13/lib/python3.10/site-packages/airflow/example_dags/example_latest_only_with_trigger.py took 0.084 seconds
[2024-02-16T20:20:43.105+0000] {processor.py:157} INFO - Started process (PID=25447) to work on /usr/local/python/3.10.13/lib/python3.10/site-packages/airflow/example_dags/example_latest_only_with_trigger.py
[2024-02-16T20:20:43.106+0000] {processor.py:826} INFO - Processing file /usr/local/python/3.10.13/lib/python3.10/site-packages/airflow/example_dags/example_latest_only_with_trigger.py for tasks to queue
[2024-02-16T20:20:43.106+0000] {logging_mixin.py:150} INFO - [2024-02-16T20:20:43.106+0000] {dagbag.py:541} INFO - Filling up the DagBag from /usr/local/python/3.10.13/lib/python3.10/site-packages/airflow/example_dags/example_latest_only_with_trigger.py
[2024-02-16T20:20:43.112+0000] {processor.py:836} INFO - DAG(s) dict_keys(['latest_only_with_trigger']) retrieved from /usr/local/python/3.10.13/lib/python3.10/site-packages/airflow/example_dags/example_latest_only_with_trigger.py
[2024-02-16T20:20:43.124+0000] {logging_mixin.py:150} INFO - [2024-02-16T20:20:43.124+0000] {dag.py:2742} INFO - Sync 1 DAGs
[2024-02-16T20:20:43.140+0000] {logging_mixin.py:150} INFO - [2024-02-16T20:20:43.140+0000] {dag.py:3504} INFO - Setting next_dagrun for latest_only_with_trigger to 2024-02-16T16:20:43.139913+00:00, run_after=2024-02-16T20:20:43.139913+00:00
[2024-02-16T20:20:43.185+0000] {processor.py:179} INFO - Processing /usr/local/python/3.10.13/lib/python3.10/site-packages/airflow/example_dags/example_latest_only_with_trigger.py took 0.082 seconds
[2024-02-16T20:21:36.049+0000] {processor.py:157} INFO - Started process (PID=25855) to work on /usr/local/python/3.10.13/lib/python3.10/site-packages/airflow/example_dags/example_latest_only_with_trigger.py
[2024-02-16T20:21:36.050+0000] {processor.py:826} INFO - Processing file /usr/local/python/3.10.13/lib/python3.10/site-packages/airflow/example_dags/example_latest_only_with_trigger.py for tasks to queue
[2024-02-16T20:21:36.050+0000] {logging_mixin.py:150} INFO - [2024-02-16T20:21:36.050+0000] {dagbag.py:541} INFO - Filling up the DagBag from /usr/local/python/3.10.13/lib/python3.10/site-packages/airflow/example_dags/example_latest_only_with_trigger.py
[2024-02-16T20:21:36.055+0000] {processor.py:836} INFO - DAG(s) dict_keys(['latest_only_with_trigger']) retrieved from /usr/local/python/3.10.13/lib/python3.10/site-packages/airflow/example_dags/example_latest_only_with_trigger.py
[2024-02-16T20:21:36.067+0000] {logging_mixin.py:150} INFO - [2024-02-16T20:21:36.067+0000] {dag.py:2742} INFO - Sync 1 DAGs
[2024-02-16T20:21:36.081+0000] {logging_mixin.py:150} INFO - [2024-02-16T20:21:36.081+0000] {dag.py:3504} INFO - Setting next_dagrun for latest_only_with_trigger to 2024-02-16T16:21:36.081642+00:00, run_after=2024-02-16T20:21:36.081642+00:00
[2024-02-16T20:21:36.128+0000] {processor.py:179} INFO - Processing /usr/local/python/3.10.13/lib/python3.10/site-packages/airflow/example_dags/example_latest_only_with_trigger.py took 0.081 seconds
[2024-02-16T20:22:32.738+0000] {processor.py:157} INFO - Started process (PID=26270) to work on /usr/local/python/3.10.13/lib/python3.10/site-packages/airflow/example_dags/example_latest_only_with_trigger.py
[2024-02-16T20:22:32.738+0000] {processor.py:826} INFO - Processing file /usr/local/python/3.10.13/lib/python3.10/site-packages/airflow/example_dags/example_latest_only_with_trigger.py for tasks to queue
[2024-02-16T20:22:32.739+0000] {logging_mixin.py:150} INFO - [2024-02-16T20:22:32.739+0000] {dagbag.py:541} INFO - Filling up the DagBag from /usr/local/python/3.10.13/lib/python3.10/site-packages/airflow/example_dags/example_latest_only_with_trigger.py
[2024-02-16T20:22:32.743+0000] {processor.py:836} INFO - DAG(s) dict_keys(['latest_only_with_trigger']) retrieved from /usr/local/python/3.10.13/lib/python3.10/site-packages/airflow/example_dags/example_latest_only_with_trigger.py
[2024-02-16T20:22:32.755+0000] {logging_mixin.py:150} INFO - [2024-02-16T20:22:32.755+0000] {dag.py:2742} INFO - Sync 1 DAGs
[2024-02-16T20:22:32.769+0000] {logging_mixin.py:150} INFO - [2024-02-16T20:22:32.769+0000] {dag.py:3504} INFO - Setting next_dagrun for latest_only_with_trigger to 2024-02-16T16:22:32.769584+00:00, run_after=2024-02-16T20:22:32.769584+00:00
[2024-02-16T20:22:32.823+0000] {processor.py:179} INFO - Processing /usr/local/python/3.10.13/lib/python3.10/site-packages/airflow/example_dags/example_latest_only_with_trigger.py took 0.087 seconds
[2024-02-16T20:23:24.298+0000] {processor.py:157} INFO - Started process (PID=26656) to work on /usr/local/python/3.10.13/lib/python3.10/site-packages/airflow/example_dags/example_latest_only_with_trigger.py
[2024-02-16T20:23:24.299+0000] {processor.py:826} INFO - Processing file /usr/local/python/3.10.13/lib/python3.10/site-packages/airflow/example_dags/example_latest_only_with_trigger.py for tasks to queue
[2024-02-16T20:23:24.300+0000] {logging_mixin.py:150} INFO - [2024-02-16T20:23:24.299+0000] {dagbag.py:541} INFO - Filling up the DagBag from /usr/local/python/3.10.13/lib/python3.10/site-packages/airflow/example_dags/example_latest_only_with_trigger.py
[2024-02-16T20:23:24.304+0000] {processor.py:836} INFO - DAG(s) dict_keys(['latest_only_with_trigger']) retrieved from /usr/local/python/3.10.13/lib/python3.10/site-packages/airflow/example_dags/example_latest_only_with_trigger.py
[2024-02-16T20:23:24.316+0000] {logging_mixin.py:150} INFO - [2024-02-16T20:23:24.316+0000] {dag.py:2742} INFO - Sync 1 DAGs
[2024-02-16T20:23:24.331+0000] {logging_mixin.py:150} INFO - [2024-02-16T20:23:24.331+0000] {dag.py:3504} INFO - Setting next_dagrun for latest_only_with_trigger to 2024-02-16T16:23:24.330885+00:00, run_after=2024-02-16T20:23:24.330885+00:00
[2024-02-16T20:23:24.378+0000] {processor.py:179} INFO - Processing /usr/local/python/3.10.13/lib/python3.10/site-packages/airflow/example_dags/example_latest_only_with_trigger.py took 0.081 seconds
[2024-02-16T20:24:20.524+0000] {processor.py:157} INFO - Started process (PID=27132) to work on /usr/local/python/3.10.13/lib/python3.10/site-packages/airflow/example_dags/example_latest_only_with_trigger.py
[2024-02-16T20:24:20.525+0000] {processor.py:826} INFO - Processing file /usr/local/python/3.10.13/lib/python3.10/site-packages/airflow/example_dags/example_latest_only_with_trigger.py for tasks to queue
[2024-02-16T20:24:20.525+0000] {logging_mixin.py:150} INFO - [2024-02-16T20:24:20.525+0000] {dagbag.py:541} INFO - Filling up the DagBag from /usr/local/python/3.10.13/lib/python3.10/site-packages/airflow/example_dags/example_latest_only_with_trigger.py
[2024-02-16T20:24:20.530+0000] {processor.py:836} INFO - DAG(s) dict_keys(['latest_only_with_trigger']) retrieved from /usr/local/python/3.10.13/lib/python3.10/site-packages/airflow/example_dags/example_latest_only_with_trigger.py
[2024-02-16T20:24:20.542+0000] {logging_mixin.py:150} INFO - [2024-02-16T20:24:20.542+0000] {dag.py:2742} INFO - Sync 1 DAGs
[2024-02-16T20:24:20.557+0000] {logging_mixin.py:150} INFO - [2024-02-16T20:24:20.557+0000] {dag.py:3504} INFO - Setting next_dagrun for latest_only_with_trigger to 2024-02-16T16:24:20.557594+00:00, run_after=2024-02-16T20:24:20.557594+00:00
[2024-02-16T20:24:20.607+0000] {processor.py:179} INFO - Processing /usr/local/python/3.10.13/lib/python3.10/site-packages/airflow/example_dags/example_latest_only_with_trigger.py took 0.085 seconds
