[2024-02-16T20:09:04.993+0000] {processor.py:157} INFO - Started process (PID=19991) to work on /usr/local/python/3.10.13/lib/python3.10/site-packages/airflow/example_dags/example_task_group_decorator.py
[2024-02-16T20:09:04.994+0000] {processor.py:826} INFO - Processing file /usr/local/python/3.10.13/lib/python3.10/site-packages/airflow/example_dags/example_task_group_decorator.py for tasks to queue
[2024-02-16T20:09:04.994+0000] {logging_mixin.py:150} INFO - [2024-02-16T20:09:04.994+0000] {dagbag.py:541} INFO - Filling up the DagBag from /usr/local/python/3.10.13/lib/python3.10/site-packages/airflow/example_dags/example_task_group_decorator.py
[2024-02-16T20:09:05.006+0000] {processor.py:836} INFO - DAG(s) dict_keys(['example_task_group_decorator']) retrieved from /usr/local/python/3.10.13/lib/python3.10/site-packages/airflow/example_dags/example_task_group_decorator.py
[2024-02-16T20:09:05.158+0000] {logging_mixin.py:150} INFO - [2024-02-16T20:09:05.158+0000] {manager.py:504} INFO - Created Permission View: can read on DAG:example_task_group_decorator
[2024-02-16T20:09:05.211+0000] {logging_mixin.py:150} INFO - [2024-02-16T20:09:05.211+0000] {manager.py:504} INFO - Created Permission View: can edit on DAG:example_task_group_decorator
[2024-02-16T20:09:05.247+0000] {logging_mixin.py:150} INFO - [2024-02-16T20:09:05.247+0000] {manager.py:504} INFO - Created Permission View: can delete on DAG:example_task_group_decorator
[2024-02-16T20:09:05.256+0000] {logging_mixin.py:150} INFO - [2024-02-16T20:09:05.256+0000] {dag.py:2742} INFO - Sync 1 DAGs
[2024-02-16T20:09:05.264+0000] {logging_mixin.py:150} INFO - [2024-02-16T20:09:05.264+0000] {dag.py:2763} INFO - Creating ORM DAG for example_task_group_decorator
[2024-02-16T20:09:05.271+0000] {logging_mixin.py:150} INFO - [2024-02-16T20:09:05.271+0000] {dag.py:3504} INFO - Setting next_dagrun for example_task_group_decorator to 2024-02-15T20:09:05.271006+00:00, run_after=2024-02-16T20:09:05.271006+00:00
[2024-02-16T20:09:05.326+0000] {processor.py:179} INFO - Processing /usr/local/python/3.10.13/lib/python3.10/site-packages/airflow/example_dags/example_task_group_decorator.py took 0.335 seconds
[2024-02-16T20:10:02.721+0000] {processor.py:157} INFO - Started process (PID=20480) to work on /usr/local/python/3.10.13/lib/python3.10/site-packages/airflow/example_dags/example_task_group_decorator.py
[2024-02-16T20:10:02.721+0000] {processor.py:826} INFO - Processing file /usr/local/python/3.10.13/lib/python3.10/site-packages/airflow/example_dags/example_task_group_decorator.py for tasks to queue
[2024-02-16T20:10:02.722+0000] {logging_mixin.py:150} INFO - [2024-02-16T20:10:02.722+0000] {dagbag.py:541} INFO - Filling up the DagBag from /usr/local/python/3.10.13/lib/python3.10/site-packages/airflow/example_dags/example_task_group_decorator.py
[2024-02-16T20:10:02.736+0000] {processor.py:836} INFO - DAG(s) dict_keys(['example_task_group_decorator']) retrieved from /usr/local/python/3.10.13/lib/python3.10/site-packages/airflow/example_dags/example_task_group_decorator.py
[2024-02-16T20:10:02.751+0000] {logging_mixin.py:150} INFO - [2024-02-16T20:10:02.751+0000] {dag.py:2742} INFO - Sync 1 DAGs
[2024-02-16T20:10:02.767+0000] {logging_mixin.py:150} INFO - [2024-02-16T20:10:02.766+0000] {dag.py:3504} INFO - Setting next_dagrun for example_task_group_decorator to 2024-02-15T20:10:02.766675+00:00, run_after=2024-02-16T20:10:02.766675+00:00
[2024-02-16T20:10:02.813+0000] {processor.py:179} INFO - Processing /usr/local/python/3.10.13/lib/python3.10/site-packages/airflow/example_dags/example_task_group_decorator.py took 0.095 seconds
[2024-02-16T20:10:45.824+0000] {processor.py:157} INFO - Started process (PID=20894) to work on /usr/local/python/3.10.13/lib/python3.10/site-packages/airflow/example_dags/example_task_group_decorator.py
[2024-02-16T20:10:45.825+0000] {processor.py:826} INFO - Processing file /usr/local/python/3.10.13/lib/python3.10/site-packages/airflow/example_dags/example_task_group_decorator.py for tasks to queue
[2024-02-16T20:10:45.825+0000] {logging_mixin.py:150} INFO - [2024-02-16T20:10:45.825+0000] {dagbag.py:541} INFO - Filling up the DagBag from /usr/local/python/3.10.13/lib/python3.10/site-packages/airflow/example_dags/example_task_group_decorator.py
[2024-02-16T20:10:45.837+0000] {processor.py:836} INFO - DAG(s) dict_keys(['example_task_group_decorator']) retrieved from /usr/local/python/3.10.13/lib/python3.10/site-packages/airflow/example_dags/example_task_group_decorator.py
[2024-02-16T20:10:45.852+0000] {logging_mixin.py:150} INFO - [2024-02-16T20:10:45.852+0000] {dag.py:2742} INFO - Sync 1 DAGs
[2024-02-16T20:10:45.875+0000] {logging_mixin.py:150} INFO - [2024-02-16T20:10:45.875+0000] {dag.py:3504} INFO - Setting next_dagrun for example_task_group_decorator to 2024-02-15T20:10:45.875420+00:00, run_after=2024-02-16T20:10:45.875420+00:00
[2024-02-16T20:10:45.938+0000] {processor.py:179} INFO - Processing /usr/local/python/3.10.13/lib/python3.10/site-packages/airflow/example_dags/example_task_group_decorator.py took 0.116 seconds
[2024-02-16T20:11:17.850+0000] {processor.py:157} INFO - Started process (PID=21246) to work on /usr/local/python/3.10.13/lib/python3.10/site-packages/airflow/example_dags/example_task_group_decorator.py
[2024-02-16T20:11:17.851+0000] {processor.py:826} INFO - Processing file /usr/local/python/3.10.13/lib/python3.10/site-packages/airflow/example_dags/example_task_group_decorator.py for tasks to queue
[2024-02-16T20:11:17.851+0000] {logging_mixin.py:150} INFO - [2024-02-16T20:11:17.851+0000] {dagbag.py:541} INFO - Filling up the DagBag from /usr/local/python/3.10.13/lib/python3.10/site-packages/airflow/example_dags/example_task_group_decorator.py
[2024-02-16T20:11:17.863+0000] {processor.py:836} INFO - DAG(s) dict_keys(['example_task_group_decorator']) retrieved from /usr/local/python/3.10.13/lib/python3.10/site-packages/airflow/example_dags/example_task_group_decorator.py
[2024-02-16T20:11:17.879+0000] {logging_mixin.py:150} INFO - [2024-02-16T20:11:17.879+0000] {dag.py:2742} INFO - Sync 1 DAGs
[2024-02-16T20:11:17.895+0000] {logging_mixin.py:150} INFO - [2024-02-16T20:11:17.894+0000] {dag.py:3504} INFO - Setting next_dagrun for example_task_group_decorator to 2024-02-15T20:11:17.894774+00:00, run_after=2024-02-16T20:11:17.894774+00:00
[2024-02-16T20:11:17.946+0000] {processor.py:179} INFO - Processing /usr/local/python/3.10.13/lib/python3.10/site-packages/airflow/example_dags/example_task_group_decorator.py took 0.098 seconds
[2024-02-16T20:12:06.538+0000] {processor.py:157} INFO - Started process (PID=21614) to work on /usr/local/python/3.10.13/lib/python3.10/site-packages/airflow/example_dags/example_task_group_decorator.py
[2024-02-16T20:12:06.538+0000] {processor.py:826} INFO - Processing file /usr/local/python/3.10.13/lib/python3.10/site-packages/airflow/example_dags/example_task_group_decorator.py for tasks to queue
[2024-02-16T20:12:06.539+0000] {logging_mixin.py:150} INFO - [2024-02-16T20:12:06.539+0000] {dagbag.py:541} INFO - Filling up the DagBag from /usr/local/python/3.10.13/lib/python3.10/site-packages/airflow/example_dags/example_task_group_decorator.py
[2024-02-16T20:12:06.550+0000] {processor.py:836} INFO - DAG(s) dict_keys(['example_task_group_decorator']) retrieved from /usr/local/python/3.10.13/lib/python3.10/site-packages/airflow/example_dags/example_task_group_decorator.py
[2024-02-16T20:12:06.565+0000] {logging_mixin.py:150} INFO - [2024-02-16T20:12:06.565+0000] {dag.py:2742} INFO - Sync 1 DAGs
[2024-02-16T20:12:06.581+0000] {logging_mixin.py:150} INFO - [2024-02-16T20:12:06.581+0000] {dag.py:3504} INFO - Setting next_dagrun for example_task_group_decorator to 2024-02-15T20:12:06.581019+00:00, run_after=2024-02-16T20:12:06.581019+00:00
[2024-02-16T20:12:06.644+0000] {processor.py:179} INFO - Processing /usr/local/python/3.10.13/lib/python3.10/site-packages/airflow/example_dags/example_task_group_decorator.py took 0.109 seconds
[2024-02-16T20:12:52.585+0000] {processor.py:157} INFO - Started process (PID=21937) to work on /usr/local/python/3.10.13/lib/python3.10/site-packages/airflow/example_dags/example_task_group_decorator.py
[2024-02-16T20:12:52.586+0000] {processor.py:826} INFO - Processing file /usr/local/python/3.10.13/lib/python3.10/site-packages/airflow/example_dags/example_task_group_decorator.py for tasks to queue
[2024-02-16T20:12:52.587+0000] {logging_mixin.py:150} INFO - [2024-02-16T20:12:52.587+0000] {dagbag.py:541} INFO - Filling up the DagBag from /usr/local/python/3.10.13/lib/python3.10/site-packages/airflow/example_dags/example_task_group_decorator.py
[2024-02-16T20:12:52.599+0000] {processor.py:836} INFO - DAG(s) dict_keys(['example_task_group_decorator']) retrieved from /usr/local/python/3.10.13/lib/python3.10/site-packages/airflow/example_dags/example_task_group_decorator.py
[2024-02-16T20:12:52.615+0000] {logging_mixin.py:150} INFO - [2024-02-16T20:12:52.615+0000] {dag.py:2742} INFO - Sync 1 DAGs
[2024-02-16T20:12:52.630+0000] {logging_mixin.py:150} INFO - [2024-02-16T20:12:52.630+0000] {dag.py:3504} INFO - Setting next_dagrun for example_task_group_decorator to 2024-02-15T20:12:52.630467+00:00, run_after=2024-02-16T20:12:52.630467+00:00
[2024-02-16T20:12:52.679+0000] {processor.py:179} INFO - Processing /usr/local/python/3.10.13/lib/python3.10/site-packages/airflow/example_dags/example_task_group_decorator.py took 0.096 seconds
[2024-02-16T20:13:44.343+0000] {processor.py:157} INFO - Started process (PID=22319) to work on /usr/local/python/3.10.13/lib/python3.10/site-packages/airflow/example_dags/example_task_group_decorator.py
[2024-02-16T20:13:44.344+0000] {processor.py:826} INFO - Processing file /usr/local/python/3.10.13/lib/python3.10/site-packages/airflow/example_dags/example_task_group_decorator.py for tasks to queue
[2024-02-16T20:13:44.345+0000] {logging_mixin.py:150} INFO - [2024-02-16T20:13:44.344+0000] {dagbag.py:541} INFO - Filling up the DagBag from /usr/local/python/3.10.13/lib/python3.10/site-packages/airflow/example_dags/example_task_group_decorator.py
[2024-02-16T20:13:44.356+0000] {processor.py:836} INFO - DAG(s) dict_keys(['example_task_group_decorator']) retrieved from /usr/local/python/3.10.13/lib/python3.10/site-packages/airflow/example_dags/example_task_group_decorator.py
[2024-02-16T20:13:44.371+0000] {logging_mixin.py:150} INFO - [2024-02-16T20:13:44.371+0000] {dag.py:2742} INFO - Sync 1 DAGs
[2024-02-16T20:13:44.387+0000] {logging_mixin.py:150} INFO - [2024-02-16T20:13:44.387+0000] {dag.py:3504} INFO - Setting next_dagrun for example_task_group_decorator to 2024-02-15T20:13:44.387302+00:00, run_after=2024-02-16T20:13:44.387302+00:00
[2024-02-16T20:13:44.435+0000] {processor.py:179} INFO - Processing /usr/local/python/3.10.13/lib/python3.10/site-packages/airflow/example_dags/example_task_group_decorator.py took 0.094 seconds
[2024-02-16T20:14:22.653+0000] {processor.py:157} INFO - Started process (PID=22611) to work on /usr/local/python/3.10.13/lib/python3.10/site-packages/airflow/example_dags/example_task_group_decorator.py
[2024-02-16T20:14:22.653+0000] {processor.py:826} INFO - Processing file /usr/local/python/3.10.13/lib/python3.10/site-packages/airflow/example_dags/example_task_group_decorator.py for tasks to queue
[2024-02-16T20:14:22.654+0000] {logging_mixin.py:150} INFO - [2024-02-16T20:14:22.654+0000] {dagbag.py:541} INFO - Filling up the DagBag from /usr/local/python/3.10.13/lib/python3.10/site-packages/airflow/example_dags/example_task_group_decorator.py
[2024-02-16T20:14:22.666+0000] {processor.py:836} INFO - DAG(s) dict_keys(['example_task_group_decorator']) retrieved from /usr/local/python/3.10.13/lib/python3.10/site-packages/airflow/example_dags/example_task_group_decorator.py
[2024-02-16T20:14:22.680+0000] {logging_mixin.py:150} INFO - [2024-02-16T20:14:22.680+0000] {dag.py:2742} INFO - Sync 1 DAGs
[2024-02-16T20:14:22.695+0000] {logging_mixin.py:150} INFO - [2024-02-16T20:14:22.694+0000] {dag.py:3504} INFO - Setting next_dagrun for example_task_group_decorator to 2024-02-15T20:14:22.694762+00:00, run_after=2024-02-16T20:14:22.694762+00:00
[2024-02-16T20:14:22.742+0000] {processor.py:179} INFO - Processing /usr/local/python/3.10.13/lib/python3.10/site-packages/airflow/example_dags/example_task_group_decorator.py took 0.091 seconds
[2024-02-16T20:14:59.445+0000] {processor.py:157} INFO - Started process (PID=22895) to work on /usr/local/python/3.10.13/lib/python3.10/site-packages/airflow/example_dags/example_task_group_decorator.py
[2024-02-16T20:14:59.446+0000] {processor.py:826} INFO - Processing file /usr/local/python/3.10.13/lib/python3.10/site-packages/airflow/example_dags/example_task_group_decorator.py for tasks to queue
[2024-02-16T20:14:59.446+0000] {logging_mixin.py:150} INFO - [2024-02-16T20:14:59.446+0000] {dagbag.py:541} INFO - Filling up the DagBag from /usr/local/python/3.10.13/lib/python3.10/site-packages/airflow/example_dags/example_task_group_decorator.py
[2024-02-16T20:14:59.458+0000] {processor.py:836} INFO - DAG(s) dict_keys(['example_task_group_decorator']) retrieved from /usr/local/python/3.10.13/lib/python3.10/site-packages/airflow/example_dags/example_task_group_decorator.py
[2024-02-16T20:14:59.472+0000] {logging_mixin.py:150} INFO - [2024-02-16T20:14:59.472+0000] {dag.py:2742} INFO - Sync 1 DAGs
[2024-02-16T20:14:59.488+0000] {logging_mixin.py:150} INFO - [2024-02-16T20:14:59.488+0000] {dag.py:3504} INFO - Setting next_dagrun for example_task_group_decorator to 2024-02-15T20:14:59.487951+00:00, run_after=2024-02-16T20:14:59.487951+00:00
[2024-02-16T20:14:59.535+0000] {processor.py:179} INFO - Processing /usr/local/python/3.10.13/lib/python3.10/site-packages/airflow/example_dags/example_task_group_decorator.py took 0.092 seconds
[2024-02-16T20:15:48.725+0000] {processor.py:157} INFO - Started process (PID=23250) to work on /usr/local/python/3.10.13/lib/python3.10/site-packages/airflow/example_dags/example_task_group_decorator.py
[2024-02-16T20:15:48.725+0000] {processor.py:826} INFO - Processing file /usr/local/python/3.10.13/lib/python3.10/site-packages/airflow/example_dags/example_task_group_decorator.py for tasks to queue
[2024-02-16T20:15:48.726+0000] {logging_mixin.py:150} INFO - [2024-02-16T20:15:48.726+0000] {dagbag.py:541} INFO - Filling up the DagBag from /usr/local/python/3.10.13/lib/python3.10/site-packages/airflow/example_dags/example_task_group_decorator.py
[2024-02-16T20:15:48.737+0000] {processor.py:836} INFO - DAG(s) dict_keys(['example_task_group_decorator']) retrieved from /usr/local/python/3.10.13/lib/python3.10/site-packages/airflow/example_dags/example_task_group_decorator.py
[2024-02-16T20:15:48.754+0000] {logging_mixin.py:150} INFO - [2024-02-16T20:15:48.754+0000] {dag.py:2742} INFO - Sync 1 DAGs
[2024-02-16T20:15:48.776+0000] {logging_mixin.py:150} INFO - [2024-02-16T20:15:48.776+0000] {dag.py:3504} INFO - Setting next_dagrun for example_task_group_decorator to 2024-02-15T20:15:48.776107+00:00, run_after=2024-02-16T20:15:48.776107+00:00
[2024-02-16T20:15:48.834+0000] {processor.py:179} INFO - Processing /usr/local/python/3.10.13/lib/python3.10/site-packages/airflow/example_dags/example_task_group_decorator.py took 0.111 seconds
[2024-02-16T20:16:24.109+0000] {processor.py:157} INFO - Started process (PID=23529) to work on /usr/local/python/3.10.13/lib/python3.10/site-packages/airflow/example_dags/example_task_group_decorator.py
[2024-02-16T20:16:24.110+0000] {processor.py:826} INFO - Processing file /usr/local/python/3.10.13/lib/python3.10/site-packages/airflow/example_dags/example_task_group_decorator.py for tasks to queue
[2024-02-16T20:16:24.111+0000] {logging_mixin.py:150} INFO - [2024-02-16T20:16:24.110+0000] {dagbag.py:541} INFO - Filling up the DagBag from /usr/local/python/3.10.13/lib/python3.10/site-packages/airflow/example_dags/example_task_group_decorator.py
[2024-02-16T20:16:24.123+0000] {processor.py:836} INFO - DAG(s) dict_keys(['example_task_group_decorator']) retrieved from /usr/local/python/3.10.13/lib/python3.10/site-packages/airflow/example_dags/example_task_group_decorator.py
[2024-02-16T20:16:24.138+0000] {logging_mixin.py:150} INFO - [2024-02-16T20:16:24.137+0000] {dag.py:2742} INFO - Sync 1 DAGs
[2024-02-16T20:16:24.153+0000] {logging_mixin.py:150} INFO - [2024-02-16T20:16:24.153+0000] {dag.py:3504} INFO - Setting next_dagrun for example_task_group_decorator to 2024-02-15T20:16:24.153227+00:00, run_after=2024-02-16T20:16:24.153227+00:00
[2024-02-16T20:16:24.202+0000] {processor.py:179} INFO - Processing /usr/local/python/3.10.13/lib/python3.10/site-packages/airflow/example_dags/example_task_group_decorator.py took 0.094 seconds
[2024-02-16T20:17:00.615+0000] {processor.py:157} INFO - Started process (PID=23800) to work on /usr/local/python/3.10.13/lib/python3.10/site-packages/airflow/example_dags/example_task_group_decorator.py
[2024-02-16T20:17:00.616+0000] {processor.py:826} INFO - Processing file /usr/local/python/3.10.13/lib/python3.10/site-packages/airflow/example_dags/example_task_group_decorator.py for tasks to queue
[2024-02-16T20:17:00.616+0000] {logging_mixin.py:150} INFO - [2024-02-16T20:17:00.616+0000] {dagbag.py:541} INFO - Filling up the DagBag from /usr/local/python/3.10.13/lib/python3.10/site-packages/airflow/example_dags/example_task_group_decorator.py
[2024-02-16T20:17:00.628+0000] {processor.py:836} INFO - DAG(s) dict_keys(['example_task_group_decorator']) retrieved from /usr/local/python/3.10.13/lib/python3.10/site-packages/airflow/example_dags/example_task_group_decorator.py
[2024-02-16T20:17:00.643+0000] {logging_mixin.py:150} INFO - [2024-02-16T20:17:00.643+0000] {dag.py:2742} INFO - Sync 1 DAGs
[2024-02-16T20:17:00.658+0000] {logging_mixin.py:150} INFO - [2024-02-16T20:17:00.658+0000] {dag.py:3504} INFO - Setting next_dagrun for example_task_group_decorator to 2024-02-15T20:17:00.658066+00:00, run_after=2024-02-16T20:17:00.658066+00:00
[2024-02-16T20:17:00.721+0000] {processor.py:179} INFO - Processing /usr/local/python/3.10.13/lib/python3.10/site-packages/airflow/example_dags/example_task_group_decorator.py took 0.108 seconds
[2024-02-16T20:17:35.735+0000] {processor.py:157} INFO - Started process (PID=24056) to work on /usr/local/python/3.10.13/lib/python3.10/site-packages/airflow/example_dags/example_task_group_decorator.py
[2024-02-16T20:17:35.736+0000] {processor.py:826} INFO - Processing file /usr/local/python/3.10.13/lib/python3.10/site-packages/airflow/example_dags/example_task_group_decorator.py for tasks to queue
[2024-02-16T20:17:35.737+0000] {logging_mixin.py:150} INFO - [2024-02-16T20:17:35.737+0000] {dagbag.py:541} INFO - Filling up the DagBag from /usr/local/python/3.10.13/lib/python3.10/site-packages/airflow/example_dags/example_task_group_decorator.py
[2024-02-16T20:17:35.755+0000] {processor.py:836} INFO - DAG(s) dict_keys(['example_task_group_decorator']) retrieved from /usr/local/python/3.10.13/lib/python3.10/site-packages/airflow/example_dags/example_task_group_decorator.py
[2024-02-16T20:17:35.770+0000] {logging_mixin.py:150} INFO - [2024-02-16T20:17:35.769+0000] {dag.py:2742} INFO - Sync 1 DAGs
[2024-02-16T20:17:35.784+0000] {logging_mixin.py:150} INFO - [2024-02-16T20:17:35.784+0000] {dag.py:3504} INFO - Setting next_dagrun for example_task_group_decorator to 2024-02-15T20:17:35.784529+00:00, run_after=2024-02-16T20:17:35.784529+00:00
[2024-02-16T20:17:35.831+0000] {processor.py:179} INFO - Processing /usr/local/python/3.10.13/lib/python3.10/site-packages/airflow/example_dags/example_task_group_decorator.py took 0.099 seconds
[2024-02-16T20:18:12.151+0000] {processor.py:157} INFO - Started process (PID=24333) to work on /usr/local/python/3.10.13/lib/python3.10/site-packages/airflow/example_dags/example_task_group_decorator.py
[2024-02-16T20:18:12.152+0000] {processor.py:826} INFO - Processing file /usr/local/python/3.10.13/lib/python3.10/site-packages/airflow/example_dags/example_task_group_decorator.py for tasks to queue
[2024-02-16T20:18:12.152+0000] {logging_mixin.py:150} INFO - [2024-02-16T20:18:12.152+0000] {dagbag.py:541} INFO - Filling up the DagBag from /usr/local/python/3.10.13/lib/python3.10/site-packages/airflow/example_dags/example_task_group_decorator.py
[2024-02-16T20:18:12.164+0000] {processor.py:836} INFO - DAG(s) dict_keys(['example_task_group_decorator']) retrieved from /usr/local/python/3.10.13/lib/python3.10/site-packages/airflow/example_dags/example_task_group_decorator.py
[2024-02-16T20:18:12.179+0000] {logging_mixin.py:150} INFO - [2024-02-16T20:18:12.179+0000] {dag.py:2742} INFO - Sync 1 DAGs
[2024-02-16T20:18:12.193+0000] {logging_mixin.py:150} INFO - [2024-02-16T20:18:12.193+0000] {dag.py:3504} INFO - Setting next_dagrun for example_task_group_decorator to 2024-02-15T20:18:12.193580+00:00, run_after=2024-02-16T20:18:12.193580+00:00
[2024-02-16T20:18:12.239+0000] {processor.py:179} INFO - Processing /usr/local/python/3.10.13/lib/python3.10/site-packages/airflow/example_dags/example_task_group_decorator.py took 0.090 seconds
[2024-02-16T20:18:48.172+0000] {processor.py:157} INFO - Started process (PID=24593) to work on /usr/local/python/3.10.13/lib/python3.10/site-packages/airflow/example_dags/example_task_group_decorator.py
[2024-02-16T20:18:48.173+0000] {processor.py:826} INFO - Processing file /usr/local/python/3.10.13/lib/python3.10/site-packages/airflow/example_dags/example_task_group_decorator.py for tasks to queue
[2024-02-16T20:18:48.173+0000] {logging_mixin.py:150} INFO - [2024-02-16T20:18:48.173+0000] {dagbag.py:541} INFO - Filling up the DagBag from /usr/local/python/3.10.13/lib/python3.10/site-packages/airflow/example_dags/example_task_group_decorator.py
[2024-02-16T20:18:48.192+0000] {processor.py:836} INFO - DAG(s) dict_keys(['example_task_group_decorator']) retrieved from /usr/local/python/3.10.13/lib/python3.10/site-packages/airflow/example_dags/example_task_group_decorator.py
[2024-02-16T20:18:48.206+0000] {logging_mixin.py:150} INFO - [2024-02-16T20:18:48.206+0000] {dag.py:2742} INFO - Sync 1 DAGs
[2024-02-16T20:18:48.221+0000] {logging_mixin.py:150} INFO - [2024-02-16T20:18:48.221+0000] {dag.py:3504} INFO - Setting next_dagrun for example_task_group_decorator to 2024-02-15T20:18:48.221661+00:00, run_after=2024-02-16T20:18:48.221661+00:00
[2024-02-16T20:18:48.272+0000] {processor.py:179} INFO - Processing /usr/local/python/3.10.13/lib/python3.10/site-packages/airflow/example_dags/example_task_group_decorator.py took 0.103 seconds
[2024-02-16T20:19:40.136+0000] {processor.py:157} INFO - Started process (PID=24979) to work on /usr/local/python/3.10.13/lib/python3.10/site-packages/airflow/example_dags/example_task_group_decorator.py
[2024-02-16T20:19:40.136+0000] {processor.py:826} INFO - Processing file /usr/local/python/3.10.13/lib/python3.10/site-packages/airflow/example_dags/example_task_group_decorator.py for tasks to queue
[2024-02-16T20:19:40.137+0000] {logging_mixin.py:150} INFO - [2024-02-16T20:19:40.137+0000] {dagbag.py:541} INFO - Filling up the DagBag from /usr/local/python/3.10.13/lib/python3.10/site-packages/airflow/example_dags/example_task_group_decorator.py
[2024-02-16T20:19:40.149+0000] {processor.py:836} INFO - DAG(s) dict_keys(['example_task_group_decorator']) retrieved from /usr/local/python/3.10.13/lib/python3.10/site-packages/airflow/example_dags/example_task_group_decorator.py
[2024-02-16T20:19:40.163+0000] {logging_mixin.py:150} INFO - [2024-02-16T20:19:40.163+0000] {dag.py:2742} INFO - Sync 1 DAGs
[2024-02-16T20:19:40.180+0000] {logging_mixin.py:150} INFO - [2024-02-16T20:19:40.180+0000] {dag.py:3504} INFO - Setting next_dagrun for example_task_group_decorator to 2024-02-15T20:19:40.179972+00:00, run_after=2024-02-16T20:19:40.179972+00:00
[2024-02-16T20:19:40.226+0000] {processor.py:179} INFO - Processing /usr/local/python/3.10.13/lib/python3.10/site-packages/airflow/example_dags/example_task_group_decorator.py took 0.093 seconds
[2024-02-16T20:20:15.818+0000] {processor.py:157} INFO - Started process (PID=25248) to work on /usr/local/python/3.10.13/lib/python3.10/site-packages/airflow/example_dags/example_task_group_decorator.py
[2024-02-16T20:20:15.818+0000] {processor.py:826} INFO - Processing file /usr/local/python/3.10.13/lib/python3.10/site-packages/airflow/example_dags/example_task_group_decorator.py for tasks to queue
[2024-02-16T20:20:15.819+0000] {logging_mixin.py:150} INFO - [2024-02-16T20:20:15.819+0000] {dagbag.py:541} INFO - Filling up the DagBag from /usr/local/python/3.10.13/lib/python3.10/site-packages/airflow/example_dags/example_task_group_decorator.py
[2024-02-16T20:20:15.831+0000] {processor.py:836} INFO - DAG(s) dict_keys(['example_task_group_decorator']) retrieved from /usr/local/python/3.10.13/lib/python3.10/site-packages/airflow/example_dags/example_task_group_decorator.py
[2024-02-16T20:20:15.845+0000] {logging_mixin.py:150} INFO - [2024-02-16T20:20:15.845+0000] {dag.py:2742} INFO - Sync 1 DAGs
[2024-02-16T20:20:15.861+0000] {logging_mixin.py:150} INFO - [2024-02-16T20:20:15.861+0000] {dag.py:3504} INFO - Setting next_dagrun for example_task_group_decorator to 2024-02-15T20:20:15.861392+00:00, run_after=2024-02-16T20:20:15.861392+00:00
[2024-02-16T20:20:15.908+0000] {processor.py:179} INFO - Processing /usr/local/python/3.10.13/lib/python3.10/site-packages/airflow/example_dags/example_task_group_decorator.py took 0.093 seconds
[2024-02-16T20:20:51.738+0000] {processor.py:157} INFO - Started process (PID=25514) to work on /usr/local/python/3.10.13/lib/python3.10/site-packages/airflow/example_dags/example_task_group_decorator.py
[2024-02-16T20:20:51.739+0000] {processor.py:826} INFO - Processing file /usr/local/python/3.10.13/lib/python3.10/site-packages/airflow/example_dags/example_task_group_decorator.py for tasks to queue
[2024-02-16T20:20:51.739+0000] {logging_mixin.py:150} INFO - [2024-02-16T20:20:51.739+0000] {dagbag.py:541} INFO - Filling up the DagBag from /usr/local/python/3.10.13/lib/python3.10/site-packages/airflow/example_dags/example_task_group_decorator.py
[2024-02-16T20:20:51.752+0000] {processor.py:836} INFO - DAG(s) dict_keys(['example_task_group_decorator']) retrieved from /usr/local/python/3.10.13/lib/python3.10/site-packages/airflow/example_dags/example_task_group_decorator.py
[2024-02-16T20:20:51.767+0000] {logging_mixin.py:150} INFO - [2024-02-16T20:20:51.767+0000] {dag.py:2742} INFO - Sync 1 DAGs
[2024-02-16T20:20:51.783+0000] {logging_mixin.py:150} INFO - [2024-02-16T20:20:51.783+0000] {dag.py:3504} INFO - Setting next_dagrun for example_task_group_decorator to 2024-02-15T20:20:51.782843+00:00, run_after=2024-02-16T20:20:51.782843+00:00
[2024-02-16T20:20:51.831+0000] {processor.py:179} INFO - Processing /usr/local/python/3.10.13/lib/python3.10/site-packages/airflow/example_dags/example_task_group_decorator.py took 0.096 seconds
[2024-02-16T20:21:44.597+0000] {processor.py:157} INFO - Started process (PID=25905) to work on /usr/local/python/3.10.13/lib/python3.10/site-packages/airflow/example_dags/example_task_group_decorator.py
[2024-02-16T20:21:44.598+0000] {processor.py:826} INFO - Processing file /usr/local/python/3.10.13/lib/python3.10/site-packages/airflow/example_dags/example_task_group_decorator.py for tasks to queue
[2024-02-16T20:21:44.599+0000] {logging_mixin.py:150} INFO - [2024-02-16T20:21:44.598+0000] {dagbag.py:541} INFO - Filling up the DagBag from /usr/local/python/3.10.13/lib/python3.10/site-packages/airflow/example_dags/example_task_group_decorator.py
[2024-02-16T20:21:44.611+0000] {processor.py:836} INFO - DAG(s) dict_keys(['example_task_group_decorator']) retrieved from /usr/local/python/3.10.13/lib/python3.10/site-packages/airflow/example_dags/example_task_group_decorator.py
[2024-02-16T20:21:44.626+0000] {logging_mixin.py:150} INFO - [2024-02-16T20:21:44.626+0000] {dag.py:2742} INFO - Sync 1 DAGs
[2024-02-16T20:21:44.642+0000] {logging_mixin.py:150} INFO - [2024-02-16T20:21:44.642+0000] {dag.py:3504} INFO - Setting next_dagrun for example_task_group_decorator to 2024-02-15T20:21:44.641975+00:00, run_after=2024-02-16T20:21:44.641975+00:00
[2024-02-16T20:21:44.690+0000] {processor.py:179} INFO - Processing /usr/local/python/3.10.13/lib/python3.10/site-packages/airflow/example_dags/example_task_group_decorator.py took 0.096 seconds
[2024-02-16T20:22:23.655+0000] {processor.py:157} INFO - Started process (PID=26206) to work on /usr/local/python/3.10.13/lib/python3.10/site-packages/airflow/example_dags/example_task_group_decorator.py
[2024-02-16T20:22:23.656+0000] {processor.py:826} INFO - Processing file /usr/local/python/3.10.13/lib/python3.10/site-packages/airflow/example_dags/example_task_group_decorator.py for tasks to queue
[2024-02-16T20:22:23.657+0000] {logging_mixin.py:150} INFO - [2024-02-16T20:22:23.656+0000] {dagbag.py:541} INFO - Filling up the DagBag from /usr/local/python/3.10.13/lib/python3.10/site-packages/airflow/example_dags/example_task_group_decorator.py
[2024-02-16T20:22:23.668+0000] {processor.py:836} INFO - DAG(s) dict_keys(['example_task_group_decorator']) retrieved from /usr/local/python/3.10.13/lib/python3.10/site-packages/airflow/example_dags/example_task_group_decorator.py
[2024-02-16T20:22:23.684+0000] {logging_mixin.py:150} INFO - [2024-02-16T20:22:23.684+0000] {dag.py:2742} INFO - Sync 1 DAGs
[2024-02-16T20:22:23.700+0000] {logging_mixin.py:150} INFO - [2024-02-16T20:22:23.700+0000] {dag.py:3504} INFO - Setting next_dagrun for example_task_group_decorator to 2024-02-15T20:22:23.700207+00:00, run_after=2024-02-16T20:22:23.700207+00:00
[2024-02-16T20:22:23.748+0000] {processor.py:179} INFO - Processing /usr/local/python/3.10.13/lib/python3.10/site-packages/airflow/example_dags/example_task_group_decorator.py took 0.095 seconds
[2024-02-16T20:23:00.304+0000] {processor.py:157} INFO - Started process (PID=26488) to work on /usr/local/python/3.10.13/lib/python3.10/site-packages/airflow/example_dags/example_task_group_decorator.py
[2024-02-16T20:23:00.305+0000] {processor.py:826} INFO - Processing file /usr/local/python/3.10.13/lib/python3.10/site-packages/airflow/example_dags/example_task_group_decorator.py for tasks to queue
[2024-02-16T20:23:00.306+0000] {logging_mixin.py:150} INFO - [2024-02-16T20:23:00.306+0000] {dagbag.py:541} INFO - Filling up the DagBag from /usr/local/python/3.10.13/lib/python3.10/site-packages/airflow/example_dags/example_task_group_decorator.py
[2024-02-16T20:23:00.329+0000] {processor.py:836} INFO - DAG(s) dict_keys(['example_task_group_decorator']) retrieved from /usr/local/python/3.10.13/lib/python3.10/site-packages/airflow/example_dags/example_task_group_decorator.py
[2024-02-16T20:23:00.350+0000] {logging_mixin.py:150} INFO - [2024-02-16T20:23:00.349+0000] {dag.py:2742} INFO - Sync 1 DAGs
[2024-02-16T20:23:00.369+0000] {logging_mixin.py:150} INFO - [2024-02-16T20:23:00.369+0000] {dag.py:3504} INFO - Setting next_dagrun for example_task_group_decorator to 2024-02-15T20:23:00.369593+00:00, run_after=2024-02-16T20:23:00.369593+00:00
[2024-02-16T20:23:00.418+0000] {processor.py:179} INFO - Processing /usr/local/python/3.10.13/lib/python3.10/site-packages/airflow/example_dags/example_task_group_decorator.py took 0.117 seconds
[2024-02-16T20:23:51.405+0000] {processor.py:157} INFO - Started process (PID=26848) to work on /usr/local/python/3.10.13/lib/python3.10/site-packages/airflow/example_dags/example_task_group_decorator.py
[2024-02-16T20:23:51.405+0000] {processor.py:826} INFO - Processing file /usr/local/python/3.10.13/lib/python3.10/site-packages/airflow/example_dags/example_task_group_decorator.py for tasks to queue
[2024-02-16T20:23:51.406+0000] {logging_mixin.py:150} INFO - [2024-02-16T20:23:51.406+0000] {dagbag.py:541} INFO - Filling up the DagBag from /usr/local/python/3.10.13/lib/python3.10/site-packages/airflow/example_dags/example_task_group_decorator.py
[2024-02-16T20:23:51.418+0000] {processor.py:836} INFO - DAG(s) dict_keys(['example_task_group_decorator']) retrieved from /usr/local/python/3.10.13/lib/python3.10/site-packages/airflow/example_dags/example_task_group_decorator.py
[2024-02-16T20:23:51.432+0000] {logging_mixin.py:150} INFO - [2024-02-16T20:23:51.432+0000] {dag.py:2742} INFO - Sync 1 DAGs
[2024-02-16T20:23:51.447+0000] {logging_mixin.py:150} INFO - [2024-02-16T20:23:51.447+0000] {dag.py:3504} INFO - Setting next_dagrun for example_task_group_decorator to 2024-02-15T20:23:51.447479+00:00, run_after=2024-02-16T20:23:51.447479+00:00
[2024-02-16T20:23:51.493+0000] {processor.py:179} INFO - Processing /usr/local/python/3.10.13/lib/python3.10/site-packages/airflow/example_dags/example_task_group_decorator.py took 0.091 seconds
[2024-02-16T20:24:30.528+0000] {processor.py:157} INFO - Started process (PID=27209) to work on /usr/local/python/3.10.13/lib/python3.10/site-packages/airflow/example_dags/example_task_group_decorator.py
[2024-02-16T20:24:30.528+0000] {processor.py:826} INFO - Processing file /usr/local/python/3.10.13/lib/python3.10/site-packages/airflow/example_dags/example_task_group_decorator.py for tasks to queue
[2024-02-16T20:24:30.529+0000] {logging_mixin.py:150} INFO - [2024-02-16T20:24:30.529+0000] {dagbag.py:541} INFO - Filling up the DagBag from /usr/local/python/3.10.13/lib/python3.10/site-packages/airflow/example_dags/example_task_group_decorator.py
[2024-02-16T20:24:30.541+0000] {processor.py:836} INFO - DAG(s) dict_keys(['example_task_group_decorator']) retrieved from /usr/local/python/3.10.13/lib/python3.10/site-packages/airflow/example_dags/example_task_group_decorator.py
[2024-02-16T20:24:30.556+0000] {logging_mixin.py:150} INFO - [2024-02-16T20:24:30.556+0000] {dag.py:2742} INFO - Sync 1 DAGs
[2024-02-16T20:24:30.573+0000] {logging_mixin.py:150} INFO - [2024-02-16T20:24:30.572+0000] {dag.py:3504} INFO - Setting next_dagrun for example_task_group_decorator to 2024-02-15T20:24:30.572620+00:00, run_after=2024-02-16T20:24:30.572620+00:00
[2024-02-16T20:24:30.625+0000] {processor.py:179} INFO - Processing /usr/local/python/3.10.13/lib/python3.10/site-packages/airflow/example_dags/example_task_group_decorator.py took 0.099 seconds
