[2024-02-16T20:09:46.685+0000] {processor.py:157} INFO - Started process (PID=20358) to work on /usr/local/python/3.10.13/lib/python3.10/site-packages/airflow/example_dags/example_external_task_marker_dag.py
[2024-02-16T20:09:46.686+0000] {processor.py:826} INFO - Processing file /usr/local/python/3.10.13/lib/python3.10/site-packages/airflow/example_dags/example_external_task_marker_dag.py for tasks to queue
[2024-02-16T20:09:46.686+0000] {logging_mixin.py:150} INFO - [2024-02-16T20:09:46.686+0000] {dagbag.py:541} INFO - Filling up the DagBag from /usr/local/python/3.10.13/lib/python3.10/site-packages/airflow/example_dags/example_external_task_marker_dag.py
[2024-02-16T20:09:46.691+0000] {processor.py:836} INFO - DAG(s) dict_keys(['example_external_task_marker_child', 'example_external_task_marker_parent']) retrieved from /usr/local/python/3.10.13/lib/python3.10/site-packages/airflow/example_dags/example_external_task_marker_dag.py
[2024-02-16T20:09:46.851+0000] {logging_mixin.py:150} INFO - [2024-02-16T20:09:46.851+0000] {manager.py:504} INFO - Created Permission View: can read on DAG:example_external_task_marker_child
[2024-02-16T20:09:46.889+0000] {logging_mixin.py:150} INFO - [2024-02-16T20:09:46.889+0000] {manager.py:504} INFO - Created Permission View: can edit on DAG:example_external_task_marker_child
[2024-02-16T20:09:46.926+0000] {logging_mixin.py:150} INFO - [2024-02-16T20:09:46.926+0000] {manager.py:504} INFO - Created Permission View: can delete on DAG:example_external_task_marker_child
[2024-02-16T20:09:47.025+0000] {logging_mixin.py:150} INFO - [2024-02-16T20:09:47.025+0000] {manager.py:504} INFO - Created Permission View: can read on DAG:example_external_task_marker_parent
[2024-02-16T20:09:47.063+0000] {logging_mixin.py:150} INFO - [2024-02-16T20:09:47.063+0000] {manager.py:504} INFO - Created Permission View: can edit on DAG:example_external_task_marker_parent
[2024-02-16T20:09:47.099+0000] {logging_mixin.py:150} INFO - [2024-02-16T20:09:47.099+0000] {manager.py:504} INFO - Created Permission View: can delete on DAG:example_external_task_marker_parent
[2024-02-16T20:09:47.103+0000] {logging_mixin.py:150} INFO - [2024-02-16T20:09:47.103+0000] {dag.py:2742} INFO - Sync 2 DAGs
[2024-02-16T20:09:47.112+0000] {logging_mixin.py:150} INFO - [2024-02-16T20:09:47.111+0000] {dag.py:2763} INFO - Creating ORM DAG for example_external_task_marker_parent
[2024-02-16T20:09:47.112+0000] {logging_mixin.py:150} INFO - [2024-02-16T20:09:47.112+0000] {dag.py:2763} INFO - Creating ORM DAG for example_external_task_marker_child
[2024-02-16T20:09:47.118+0000] {logging_mixin.py:150} INFO - [2024-02-16T20:09:47.118+0000] {dag.py:3504} INFO - Setting next_dagrun for example_external_task_marker_child to None, run_after=None
[2024-02-16T20:09:47.119+0000] {logging_mixin.py:150} INFO - [2024-02-16T20:09:47.119+0000] {dag.py:3504} INFO - Setting next_dagrun for example_external_task_marker_parent to None, run_after=None
[2024-02-16T20:09:47.186+0000] {processor.py:179} INFO - Processing /usr/local/python/3.10.13/lib/python3.10/site-packages/airflow/example_dags/example_external_task_marker_dag.py took 0.503 seconds
[2024-02-16T20:10:49.363+0000] {processor.py:157} INFO - Started process (PID=20930) to work on /usr/local/python/3.10.13/lib/python3.10/site-packages/airflow/example_dags/example_external_task_marker_dag.py
[2024-02-16T20:10:49.364+0000] {processor.py:826} INFO - Processing file /usr/local/python/3.10.13/lib/python3.10/site-packages/airflow/example_dags/example_external_task_marker_dag.py for tasks to queue
[2024-02-16T20:10:49.365+0000] {logging_mixin.py:150} INFO - [2024-02-16T20:10:49.364+0000] {dagbag.py:541} INFO - Filling up the DagBag from /usr/local/python/3.10.13/lib/python3.10/site-packages/airflow/example_dags/example_external_task_marker_dag.py
[2024-02-16T20:10:49.369+0000] {processor.py:836} INFO - DAG(s) dict_keys(['example_external_task_marker_parent', 'example_external_task_marker_child']) retrieved from /usr/local/python/3.10.13/lib/python3.10/site-packages/airflow/example_dags/example_external_task_marker_dag.py
[2024-02-16T20:10:49.384+0000] {logging_mixin.py:150} INFO - [2024-02-16T20:10:49.384+0000] {dag.py:2742} INFO - Sync 2 DAGs
[2024-02-16T20:10:49.402+0000] {logging_mixin.py:150} INFO - [2024-02-16T20:10:49.401+0000] {dag.py:3504} INFO - Setting next_dagrun for example_external_task_marker_child to None, run_after=None
[2024-02-16T20:10:49.404+0000] {logging_mixin.py:150} INFO - [2024-02-16T20:10:49.404+0000] {dag.py:3504} INFO - Setting next_dagrun for example_external_task_marker_parent to None, run_after=None
[2024-02-16T20:10:49.453+0000] {processor.py:179} INFO - Processing /usr/local/python/3.10.13/lib/python3.10/site-packages/airflow/example_dags/example_external_task_marker_dag.py took 0.092 seconds
[2024-02-16T20:11:51.507+0000] {processor.py:157} INFO - Started process (PID=21491) to work on /usr/local/python/3.10.13/lib/python3.10/site-packages/airflow/example_dags/example_external_task_marker_dag.py
[2024-02-16T20:11:51.508+0000] {processor.py:826} INFO - Processing file /usr/local/python/3.10.13/lib/python3.10/site-packages/airflow/example_dags/example_external_task_marker_dag.py for tasks to queue
[2024-02-16T20:11:51.509+0000] {logging_mixin.py:150} INFO - [2024-02-16T20:11:51.508+0000] {dagbag.py:541} INFO - Filling up the DagBag from /usr/local/python/3.10.13/lib/python3.10/site-packages/airflow/example_dags/example_external_task_marker_dag.py
[2024-02-16T20:11:51.513+0000] {processor.py:836} INFO - DAG(s) dict_keys(['example_external_task_marker_parent', 'example_external_task_marker_child']) retrieved from /usr/local/python/3.10.13/lib/python3.10/site-packages/airflow/example_dags/example_external_task_marker_dag.py
[2024-02-16T20:11:51.528+0000] {logging_mixin.py:150} INFO - [2024-02-16T20:11:51.528+0000] {dag.py:2742} INFO - Sync 2 DAGs
[2024-02-16T20:11:51.543+0000] {logging_mixin.py:150} INFO - [2024-02-16T20:11:51.543+0000] {dag.py:3504} INFO - Setting next_dagrun for example_external_task_marker_child to None, run_after=None
[2024-02-16T20:11:51.546+0000] {logging_mixin.py:150} INFO - [2024-02-16T20:11:51.546+0000] {dag.py:3504} INFO - Setting next_dagrun for example_external_task_marker_parent to None, run_after=None
[2024-02-16T20:11:51.595+0000] {processor.py:179} INFO - Processing /usr/local/python/3.10.13/lib/python3.10/site-packages/airflow/example_dags/example_external_task_marker_dag.py took 0.089 seconds
[2024-02-16T20:12:44.380+0000] {processor.py:157} INFO - Started process (PID=21868) to work on /usr/local/python/3.10.13/lib/python3.10/site-packages/airflow/example_dags/example_external_task_marker_dag.py
[2024-02-16T20:12:44.381+0000] {processor.py:826} INFO - Processing file /usr/local/python/3.10.13/lib/python3.10/site-packages/airflow/example_dags/example_external_task_marker_dag.py for tasks to queue
[2024-02-16T20:12:44.382+0000] {logging_mixin.py:150} INFO - [2024-02-16T20:12:44.381+0000] {dagbag.py:541} INFO - Filling up the DagBag from /usr/local/python/3.10.13/lib/python3.10/site-packages/airflow/example_dags/example_external_task_marker_dag.py
[2024-02-16T20:12:44.386+0000] {processor.py:836} INFO - DAG(s) dict_keys(['example_external_task_marker_parent', 'example_external_task_marker_child']) retrieved from /usr/local/python/3.10.13/lib/python3.10/site-packages/airflow/example_dags/example_external_task_marker_dag.py
[2024-02-16T20:12:44.403+0000] {logging_mixin.py:150} INFO - [2024-02-16T20:12:44.403+0000] {dag.py:2742} INFO - Sync 2 DAGs
[2024-02-16T20:12:44.423+0000] {logging_mixin.py:150} INFO - [2024-02-16T20:12:44.422+0000] {dag.py:3504} INFO - Setting next_dagrun for example_external_task_marker_child to None, run_after=None
[2024-02-16T20:12:44.425+0000] {logging_mixin.py:150} INFO - [2024-02-16T20:12:44.425+0000] {dag.py:3504} INFO - Setting next_dagrun for example_external_task_marker_parent to None, run_after=None
[2024-02-16T20:12:44.472+0000] {processor.py:179} INFO - Processing /usr/local/python/3.10.13/lib/python3.10/site-packages/airflow/example_dags/example_external_task_marker_dag.py took 0.094 seconds
[2024-02-16T20:13:33.994+0000] {processor.py:157} INFO - Started process (PID=22240) to work on /usr/local/python/3.10.13/lib/python3.10/site-packages/airflow/example_dags/example_external_task_marker_dag.py
[2024-02-16T20:13:33.994+0000] {processor.py:826} INFO - Processing file /usr/local/python/3.10.13/lib/python3.10/site-packages/airflow/example_dags/example_external_task_marker_dag.py for tasks to queue
[2024-02-16T20:13:33.995+0000] {logging_mixin.py:150} INFO - [2024-02-16T20:13:33.995+0000] {dagbag.py:541} INFO - Filling up the DagBag from /usr/local/python/3.10.13/lib/python3.10/site-packages/airflow/example_dags/example_external_task_marker_dag.py
[2024-02-16T20:13:33.999+0000] {processor.py:836} INFO - DAG(s) dict_keys(['example_external_task_marker_child', 'example_external_task_marker_parent']) retrieved from /usr/local/python/3.10.13/lib/python3.10/site-packages/airflow/example_dags/example_external_task_marker_dag.py
[2024-02-16T20:13:34.014+0000] {logging_mixin.py:150} INFO - [2024-02-16T20:13:34.014+0000] {dag.py:2742} INFO - Sync 2 DAGs
[2024-02-16T20:13:34.029+0000] {logging_mixin.py:150} INFO - [2024-02-16T20:13:34.029+0000] {dag.py:3504} INFO - Setting next_dagrun for example_external_task_marker_child to None, run_after=None
[2024-02-16T20:13:34.031+0000] {logging_mixin.py:150} INFO - [2024-02-16T20:13:34.031+0000] {dag.py:3504} INFO - Setting next_dagrun for example_external_task_marker_parent to None, run_after=None
[2024-02-16T20:13:34.084+0000] {processor.py:179} INFO - Processing /usr/local/python/3.10.13/lib/python3.10/site-packages/airflow/example_dags/example_external_task_marker_dag.py took 0.092 seconds
[2024-02-16T20:14:30.622+0000] {processor.py:157} INFO - Started process (PID=22678) to work on /usr/local/python/3.10.13/lib/python3.10/site-packages/airflow/example_dags/example_external_task_marker_dag.py
[2024-02-16T20:14:30.622+0000] {processor.py:826} INFO - Processing file /usr/local/python/3.10.13/lib/python3.10/site-packages/airflow/example_dags/example_external_task_marker_dag.py for tasks to queue
[2024-02-16T20:14:30.623+0000] {logging_mixin.py:150} INFO - [2024-02-16T20:14:30.623+0000] {dagbag.py:541} INFO - Filling up the DagBag from /usr/local/python/3.10.13/lib/python3.10/site-packages/airflow/example_dags/example_external_task_marker_dag.py
[2024-02-16T20:14:30.627+0000] {processor.py:836} INFO - DAG(s) dict_keys(['example_external_task_marker_child', 'example_external_task_marker_parent']) retrieved from /usr/local/python/3.10.13/lib/python3.10/site-packages/airflow/example_dags/example_external_task_marker_dag.py
[2024-02-16T20:14:30.641+0000] {logging_mixin.py:150} INFO - [2024-02-16T20:14:30.641+0000] {dag.py:2742} INFO - Sync 2 DAGs
[2024-02-16T20:14:30.656+0000] {logging_mixin.py:150} INFO - [2024-02-16T20:14:30.656+0000] {dag.py:3504} INFO - Setting next_dagrun for example_external_task_marker_child to None, run_after=None
[2024-02-16T20:14:30.658+0000] {logging_mixin.py:150} INFO - [2024-02-16T20:14:30.658+0000] {dag.py:3504} INFO - Setting next_dagrun for example_external_task_marker_parent to None, run_after=None
[2024-02-16T20:14:30.704+0000] {processor.py:179} INFO - Processing /usr/local/python/3.10.13/lib/python3.10/site-packages/airflow/example_dags/example_external_task_marker_dag.py took 0.085 seconds
[2024-02-16T20:15:22.888+0000] {processor.py:157} INFO - Started process (PID=23061) to work on /usr/local/python/3.10.13/lib/python3.10/site-packages/airflow/example_dags/example_external_task_marker_dag.py
[2024-02-16T20:15:22.889+0000] {processor.py:826} INFO - Processing file /usr/local/python/3.10.13/lib/python3.10/site-packages/airflow/example_dags/example_external_task_marker_dag.py for tasks to queue
[2024-02-16T20:15:22.890+0000] {logging_mixin.py:150} INFO - [2024-02-16T20:15:22.890+0000] {dagbag.py:541} INFO - Filling up the DagBag from /usr/local/python/3.10.13/lib/python3.10/site-packages/airflow/example_dags/example_external_task_marker_dag.py
[2024-02-16T20:15:22.897+0000] {processor.py:836} INFO - DAG(s) dict_keys(['example_external_task_marker_child', 'example_external_task_marker_parent']) retrieved from /usr/local/python/3.10.13/lib/python3.10/site-packages/airflow/example_dags/example_external_task_marker_dag.py
[2024-02-16T20:15:22.919+0000] {logging_mixin.py:150} INFO - [2024-02-16T20:15:22.918+0000] {dag.py:2742} INFO - Sync 2 DAGs
[2024-02-16T20:15:22.939+0000] {logging_mixin.py:150} INFO - [2024-02-16T20:15:22.939+0000] {dag.py:3504} INFO - Setting next_dagrun for example_external_task_marker_child to None, run_after=None
[2024-02-16T20:15:22.942+0000] {logging_mixin.py:150} INFO - [2024-02-16T20:15:22.942+0000] {dag.py:3504} INFO - Setting next_dagrun for example_external_task_marker_parent to None, run_after=None
[2024-02-16T20:15:22.989+0000] {processor.py:179} INFO - Processing /usr/local/python/3.10.13/lib/python3.10/site-packages/airflow/example_dags/example_external_task_marker_dag.py took 0.104 seconds
[2024-02-16T20:16:14.915+0000] {processor.py:157} INFO - Started process (PID=23453) to work on /usr/local/python/3.10.13/lib/python3.10/site-packages/airflow/example_dags/example_external_task_marker_dag.py
[2024-02-16T20:16:14.915+0000] {processor.py:826} INFO - Processing file /usr/local/python/3.10.13/lib/python3.10/site-packages/airflow/example_dags/example_external_task_marker_dag.py for tasks to queue
[2024-02-16T20:16:14.916+0000] {logging_mixin.py:150} INFO - [2024-02-16T20:16:14.915+0000] {dagbag.py:541} INFO - Filling up the DagBag from /usr/local/python/3.10.13/lib/python3.10/site-packages/airflow/example_dags/example_external_task_marker_dag.py
[2024-02-16T20:16:14.920+0000] {processor.py:836} INFO - DAG(s) dict_keys(['example_external_task_marker_child', 'example_external_task_marker_parent']) retrieved from /usr/local/python/3.10.13/lib/python3.10/site-packages/airflow/example_dags/example_external_task_marker_dag.py
[2024-02-16T20:16:14.934+0000] {logging_mixin.py:150} INFO - [2024-02-16T20:16:14.934+0000] {dag.py:2742} INFO - Sync 2 DAGs
[2024-02-16T20:16:14.948+0000] {logging_mixin.py:150} INFO - [2024-02-16T20:16:14.948+0000] {dag.py:3504} INFO - Setting next_dagrun for example_external_task_marker_child to None, run_after=None
[2024-02-16T20:16:14.950+0000] {logging_mixin.py:150} INFO - [2024-02-16T20:16:14.950+0000] {dag.py:3504} INFO - Setting next_dagrun for example_external_task_marker_parent to None, run_after=None
[2024-02-16T20:16:14.996+0000] {processor.py:179} INFO - Processing /usr/local/python/3.10.13/lib/python3.10/site-packages/airflow/example_dags/example_external_task_marker_dag.py took 0.084 seconds
[2024-02-16T20:17:09.757+0000] {processor.py:157} INFO - Started process (PID=23857) to work on /usr/local/python/3.10.13/lib/python3.10/site-packages/airflow/example_dags/example_external_task_marker_dag.py
[2024-02-16T20:17:09.758+0000] {processor.py:826} INFO - Processing file /usr/local/python/3.10.13/lib/python3.10/site-packages/airflow/example_dags/example_external_task_marker_dag.py for tasks to queue
[2024-02-16T20:17:09.759+0000] {logging_mixin.py:150} INFO - [2024-02-16T20:17:09.758+0000] {dagbag.py:541} INFO - Filling up the DagBag from /usr/local/python/3.10.13/lib/python3.10/site-packages/airflow/example_dags/example_external_task_marker_dag.py
[2024-02-16T20:17:09.763+0000] {processor.py:836} INFO - DAG(s) dict_keys(['example_external_task_marker_child', 'example_external_task_marker_parent']) retrieved from /usr/local/python/3.10.13/lib/python3.10/site-packages/airflow/example_dags/example_external_task_marker_dag.py
[2024-02-16T20:17:09.777+0000] {logging_mixin.py:150} INFO - [2024-02-16T20:17:09.777+0000] {dag.py:2742} INFO - Sync 2 DAGs
[2024-02-16T20:17:09.791+0000] {logging_mixin.py:150} INFO - [2024-02-16T20:17:09.791+0000] {dag.py:3504} INFO - Setting next_dagrun for example_external_task_marker_child to None, run_after=None
[2024-02-16T20:17:09.793+0000] {logging_mixin.py:150} INFO - [2024-02-16T20:17:09.793+0000] {dag.py:3504} INFO - Setting next_dagrun for example_external_task_marker_parent to None, run_after=None
[2024-02-16T20:17:09.839+0000] {processor.py:179} INFO - Processing /usr/local/python/3.10.13/lib/python3.10/site-packages/airflow/example_dags/example_external_task_marker_dag.py took 0.084 seconds
[2024-02-16T20:18:01.428+0000] {processor.py:157} INFO - Started process (PID=24255) to work on /usr/local/python/3.10.13/lib/python3.10/site-packages/airflow/example_dags/example_external_task_marker_dag.py
[2024-02-16T20:18:01.428+0000] {processor.py:826} INFO - Processing file /usr/local/python/3.10.13/lib/python3.10/site-packages/airflow/example_dags/example_external_task_marker_dag.py for tasks to queue
[2024-02-16T20:18:01.429+0000] {logging_mixin.py:150} INFO - [2024-02-16T20:18:01.429+0000] {dagbag.py:541} INFO - Filling up the DagBag from /usr/local/python/3.10.13/lib/python3.10/site-packages/airflow/example_dags/example_external_task_marker_dag.py
[2024-02-16T20:18:01.434+0000] {processor.py:836} INFO - DAG(s) dict_keys(['example_external_task_marker_parent', 'example_external_task_marker_child']) retrieved from /usr/local/python/3.10.13/lib/python3.10/site-packages/airflow/example_dags/example_external_task_marker_dag.py
[2024-02-16T20:18:01.453+0000] {logging_mixin.py:150} INFO - [2024-02-16T20:18:01.453+0000] {dag.py:2742} INFO - Sync 2 DAGs
[2024-02-16T20:18:01.478+0000] {logging_mixin.py:150} INFO - [2024-02-16T20:18:01.478+0000] {dag.py:3504} INFO - Setting next_dagrun for example_external_task_marker_child to None, run_after=None
[2024-02-16T20:18:01.481+0000] {logging_mixin.py:150} INFO - [2024-02-16T20:18:01.481+0000] {dag.py:3504} INFO - Setting next_dagrun for example_external_task_marker_parent to None, run_after=None
[2024-02-16T20:18:01.528+0000] {processor.py:179} INFO - Processing /usr/local/python/3.10.13/lib/python3.10/site-packages/airflow/example_dags/example_external_task_marker_dag.py took 0.103 seconds
[2024-02-16T20:18:54.871+0000] {processor.py:157} INFO - Started process (PID=24646) to work on /usr/local/python/3.10.13/lib/python3.10/site-packages/airflow/example_dags/example_external_task_marker_dag.py
[2024-02-16T20:18:54.871+0000] {processor.py:826} INFO - Processing file /usr/local/python/3.10.13/lib/python3.10/site-packages/airflow/example_dags/example_external_task_marker_dag.py for tasks to queue
[2024-02-16T20:18:54.872+0000] {logging_mixin.py:150} INFO - [2024-02-16T20:18:54.872+0000] {dagbag.py:541} INFO - Filling up the DagBag from /usr/local/python/3.10.13/lib/python3.10/site-packages/airflow/example_dags/example_external_task_marker_dag.py
[2024-02-16T20:18:54.876+0000] {processor.py:836} INFO - DAG(s) dict_keys(['example_external_task_marker_parent', 'example_external_task_marker_child']) retrieved from /usr/local/python/3.10.13/lib/python3.10/site-packages/airflow/example_dags/example_external_task_marker_dag.py
[2024-02-16T20:18:54.891+0000] {logging_mixin.py:150} INFO - [2024-02-16T20:18:54.891+0000] {dag.py:2742} INFO - Sync 2 DAGs
[2024-02-16T20:18:54.905+0000] {logging_mixin.py:150} INFO - [2024-02-16T20:18:54.905+0000] {dag.py:3504} INFO - Setting next_dagrun for example_external_task_marker_child to None, run_after=None
[2024-02-16T20:18:54.907+0000] {logging_mixin.py:150} INFO - [2024-02-16T20:18:54.907+0000] {dag.py:3504} INFO - Setting next_dagrun for example_external_task_marker_parent to None, run_after=None
[2024-02-16T20:18:54.962+0000] {processor.py:179} INFO - Processing /usr/local/python/3.10.13/lib/python3.10/site-packages/airflow/example_dags/example_external_task_marker_dag.py took 0.093 seconds
[2024-02-16T20:19:45.962+0000] {processor.py:157} INFO - Started process (PID=25032) to work on /usr/local/python/3.10.13/lib/python3.10/site-packages/airflow/example_dags/example_external_task_marker_dag.py
[2024-02-16T20:19:45.962+0000] {processor.py:826} INFO - Processing file /usr/local/python/3.10.13/lib/python3.10/site-packages/airflow/example_dags/example_external_task_marker_dag.py for tasks to queue
[2024-02-16T20:19:45.963+0000] {logging_mixin.py:150} INFO - [2024-02-16T20:19:45.963+0000] {dagbag.py:541} INFO - Filling up the DagBag from /usr/local/python/3.10.13/lib/python3.10/site-packages/airflow/example_dags/example_external_task_marker_dag.py
[2024-02-16T20:19:45.967+0000] {processor.py:836} INFO - DAG(s) dict_keys(['example_external_task_marker_parent', 'example_external_task_marker_child']) retrieved from /usr/local/python/3.10.13/lib/python3.10/site-packages/airflow/example_dags/example_external_task_marker_dag.py
[2024-02-16T20:19:45.982+0000] {logging_mixin.py:150} INFO - [2024-02-16T20:19:45.982+0000] {dag.py:2742} INFO - Sync 2 DAGs
[2024-02-16T20:19:45.997+0000] {logging_mixin.py:150} INFO - [2024-02-16T20:19:45.996+0000] {dag.py:3504} INFO - Setting next_dagrun for example_external_task_marker_child to None, run_after=None
[2024-02-16T20:19:45.999+0000] {logging_mixin.py:150} INFO - [2024-02-16T20:19:45.999+0000] {dag.py:3504} INFO - Setting next_dagrun for example_external_task_marker_parent to None, run_after=None
[2024-02-16T20:19:46.044+0000] {processor.py:179} INFO - Processing /usr/local/python/3.10.13/lib/python3.10/site-packages/airflow/example_dags/example_external_task_marker_dag.py took 0.085 seconds
[2024-02-16T20:20:41.596+0000] {processor.py:157} INFO - Started process (PID=25436) to work on /usr/local/python/3.10.13/lib/python3.10/site-packages/airflow/example_dags/example_external_task_marker_dag.py
[2024-02-16T20:20:41.597+0000] {processor.py:826} INFO - Processing file /usr/local/python/3.10.13/lib/python3.10/site-packages/airflow/example_dags/example_external_task_marker_dag.py for tasks to queue
[2024-02-16T20:20:41.598+0000] {logging_mixin.py:150} INFO - [2024-02-16T20:20:41.597+0000] {dagbag.py:541} INFO - Filling up the DagBag from /usr/local/python/3.10.13/lib/python3.10/site-packages/airflow/example_dags/example_external_task_marker_dag.py
[2024-02-16T20:20:41.602+0000] {processor.py:836} INFO - DAG(s) dict_keys(['example_external_task_marker_child', 'example_external_task_marker_parent']) retrieved from /usr/local/python/3.10.13/lib/python3.10/site-packages/airflow/example_dags/example_external_task_marker_dag.py
[2024-02-16T20:20:41.616+0000] {logging_mixin.py:150} INFO - [2024-02-16T20:20:41.616+0000] {dag.py:2742} INFO - Sync 2 DAGs
[2024-02-16T20:20:41.631+0000] {logging_mixin.py:150} INFO - [2024-02-16T20:20:41.630+0000] {dag.py:3504} INFO - Setting next_dagrun for example_external_task_marker_child to None, run_after=None
[2024-02-16T20:20:41.633+0000] {logging_mixin.py:150} INFO - [2024-02-16T20:20:41.633+0000] {dag.py:3504} INFO - Setting next_dagrun for example_external_task_marker_parent to None, run_after=None
[2024-02-16T20:20:41.681+0000] {processor.py:179} INFO - Processing /usr/local/python/3.10.13/lib/python3.10/site-packages/airflow/example_dags/example_external_task_marker_dag.py took 0.087 seconds
[2024-02-16T20:21:34.517+0000] {processor.py:157} INFO - Started process (PID=25828) to work on /usr/local/python/3.10.13/lib/python3.10/site-packages/airflow/example_dags/example_external_task_marker_dag.py
[2024-02-16T20:21:34.518+0000] {processor.py:826} INFO - Processing file /usr/local/python/3.10.13/lib/python3.10/site-packages/airflow/example_dags/example_external_task_marker_dag.py for tasks to queue
[2024-02-16T20:21:34.518+0000] {logging_mixin.py:150} INFO - [2024-02-16T20:21:34.518+0000] {dagbag.py:541} INFO - Filling up the DagBag from /usr/local/python/3.10.13/lib/python3.10/site-packages/airflow/example_dags/example_external_task_marker_dag.py
[2024-02-16T20:21:34.523+0000] {processor.py:836} INFO - DAG(s) dict_keys(['example_external_task_marker_parent', 'example_external_task_marker_child']) retrieved from /usr/local/python/3.10.13/lib/python3.10/site-packages/airflow/example_dags/example_external_task_marker_dag.py
[2024-02-16T20:21:34.537+0000] {logging_mixin.py:150} INFO - [2024-02-16T20:21:34.537+0000] {dag.py:2742} INFO - Sync 2 DAGs
[2024-02-16T20:21:34.551+0000] {logging_mixin.py:150} INFO - [2024-02-16T20:21:34.551+0000] {dag.py:3504} INFO - Setting next_dagrun for example_external_task_marker_child to None, run_after=None
[2024-02-16T20:21:34.554+0000] {logging_mixin.py:150} INFO - [2024-02-16T20:21:34.554+0000] {dag.py:3504} INFO - Setting next_dagrun for example_external_task_marker_parent to None, run_after=None
[2024-02-16T20:21:34.599+0000] {processor.py:179} INFO - Processing /usr/local/python/3.10.13/lib/python3.10/site-packages/airflow/example_dags/example_external_task_marker_dag.py took 0.085 seconds
[2024-02-16T20:22:31.242+0000] {processor.py:157} INFO - Started process (PID=26268) to work on /usr/local/python/3.10.13/lib/python3.10/site-packages/airflow/example_dags/example_external_task_marker_dag.py
[2024-02-16T20:22:31.243+0000] {processor.py:826} INFO - Processing file /usr/local/python/3.10.13/lib/python3.10/site-packages/airflow/example_dags/example_external_task_marker_dag.py for tasks to queue
[2024-02-16T20:22:31.243+0000] {logging_mixin.py:150} INFO - [2024-02-16T20:22:31.243+0000] {dagbag.py:541} INFO - Filling up the DagBag from /usr/local/python/3.10.13/lib/python3.10/site-packages/airflow/example_dags/example_external_task_marker_dag.py
[2024-02-16T20:22:31.248+0000] {processor.py:836} INFO - DAG(s) dict_keys(['example_external_task_marker_parent', 'example_external_task_marker_child']) retrieved from /usr/local/python/3.10.13/lib/python3.10/site-packages/airflow/example_dags/example_external_task_marker_dag.py
[2024-02-16T20:22:31.263+0000] {logging_mixin.py:150} INFO - [2024-02-16T20:22:31.263+0000] {dag.py:2742} INFO - Sync 2 DAGs
[2024-02-16T20:22:31.278+0000] {logging_mixin.py:150} INFO - [2024-02-16T20:22:31.278+0000] {dag.py:3504} INFO - Setting next_dagrun for example_external_task_marker_child to None, run_after=None
[2024-02-16T20:22:31.280+0000] {logging_mixin.py:150} INFO - [2024-02-16T20:22:31.280+0000] {dag.py:3504} INFO - Setting next_dagrun for example_external_task_marker_parent to None, run_after=None
[2024-02-16T20:22:31.328+0000] {processor.py:179} INFO - Processing /usr/local/python/3.10.13/lib/python3.10/site-packages/airflow/example_dags/example_external_task_marker_dag.py took 0.088 seconds
[2024-02-16T20:23:22.659+0000] {processor.py:157} INFO - Started process (PID=26648) to work on /usr/local/python/3.10.13/lib/python3.10/site-packages/airflow/example_dags/example_external_task_marker_dag.py
[2024-02-16T20:23:22.660+0000] {processor.py:826} INFO - Processing file /usr/local/python/3.10.13/lib/python3.10/site-packages/airflow/example_dags/example_external_task_marker_dag.py for tasks to queue
[2024-02-16T20:23:22.660+0000] {logging_mixin.py:150} INFO - [2024-02-16T20:23:22.660+0000] {dagbag.py:541} INFO - Filling up the DagBag from /usr/local/python/3.10.13/lib/python3.10/site-packages/airflow/example_dags/example_external_task_marker_dag.py
[2024-02-16T20:23:22.665+0000] {processor.py:836} INFO - DAG(s) dict_keys(['example_external_task_marker_child', 'example_external_task_marker_parent']) retrieved from /usr/local/python/3.10.13/lib/python3.10/site-packages/airflow/example_dags/example_external_task_marker_dag.py
[2024-02-16T20:23:22.679+0000] {logging_mixin.py:150} INFO - [2024-02-16T20:23:22.679+0000] {dag.py:2742} INFO - Sync 2 DAGs
[2024-02-16T20:23:22.694+0000] {logging_mixin.py:150} INFO - [2024-02-16T20:23:22.694+0000] {dag.py:3504} INFO - Setting next_dagrun for example_external_task_marker_child to None, run_after=None
[2024-02-16T20:23:22.696+0000] {logging_mixin.py:150} INFO - [2024-02-16T20:23:22.696+0000] {dag.py:3504} INFO - Setting next_dagrun for example_external_task_marker_parent to None, run_after=None
[2024-02-16T20:23:22.743+0000] {processor.py:179} INFO - Processing /usr/local/python/3.10.13/lib/python3.10/site-packages/airflow/example_dags/example_external_task_marker_dag.py took 0.086 seconds
[2024-02-16T20:24:18.365+0000] {processor.py:157} INFO - Started process (PID=27121) to work on /usr/local/python/3.10.13/lib/python3.10/site-packages/airflow/example_dags/example_external_task_marker_dag.py
[2024-02-16T20:24:18.366+0000] {processor.py:826} INFO - Processing file /usr/local/python/3.10.13/lib/python3.10/site-packages/airflow/example_dags/example_external_task_marker_dag.py for tasks to queue
[2024-02-16T20:24:18.366+0000] {logging_mixin.py:150} INFO - [2024-02-16T20:24:18.366+0000] {dagbag.py:541} INFO - Filling up the DagBag from /usr/local/python/3.10.13/lib/python3.10/site-packages/airflow/example_dags/example_external_task_marker_dag.py
[2024-02-16T20:24:18.371+0000] {processor.py:836} INFO - DAG(s) dict_keys(['example_external_task_marker_parent', 'example_external_task_marker_child']) retrieved from /usr/local/python/3.10.13/lib/python3.10/site-packages/airflow/example_dags/example_external_task_marker_dag.py
[2024-02-16T20:24:18.385+0000] {logging_mixin.py:150} INFO - [2024-02-16T20:24:18.385+0000] {dag.py:2742} INFO - Sync 2 DAGs
[2024-02-16T20:24:18.400+0000] {logging_mixin.py:150} INFO - [2024-02-16T20:24:18.400+0000] {dag.py:3504} INFO - Setting next_dagrun for example_external_task_marker_child to None, run_after=None
[2024-02-16T20:24:18.403+0000] {logging_mixin.py:150} INFO - [2024-02-16T20:24:18.402+0000] {dag.py:3504} INFO - Setting next_dagrun for example_external_task_marker_parent to None, run_after=None
[2024-02-16T20:24:18.451+0000] {processor.py:179} INFO - Processing /usr/local/python/3.10.13/lib/python3.10/site-packages/airflow/example_dags/example_external_task_marker_dag.py took 0.089 seconds
