[2024-02-16T20:09:43.756+0000] {processor.py:157} INFO - Started process (PID=20329) to work on /usr/local/python/3.10.13/lib/python3.10/site-packages/airflow/example_dags/example_branch_python_dop_operator_3.py
[2024-02-16T20:09:43.757+0000] {processor.py:826} INFO - Processing file /usr/local/python/3.10.13/lib/python3.10/site-packages/airflow/example_dags/example_branch_python_dop_operator_3.py for tasks to queue
[2024-02-16T20:09:43.758+0000] {logging_mixin.py:150} INFO - [2024-02-16T20:09:43.757+0000] {dagbag.py:541} INFO - Filling up the DagBag from /usr/local/python/3.10.13/lib/python3.10/site-packages/airflow/example_dags/example_branch_python_dop_operator_3.py
[2024-02-16T20:09:43.764+0000] {processor.py:836} INFO - DAG(s) dict_keys(['example_branch_dop_operator_v3']) retrieved from /usr/local/python/3.10.13/lib/python3.10/site-packages/airflow/example_dags/example_branch_python_dop_operator_3.py
[2024-02-16T20:09:43.912+0000] {logging_mixin.py:150} INFO - [2024-02-16T20:09:43.912+0000] {manager.py:504} INFO - Created Permission View: can read on DAG:example_branch_dop_operator_v3
[2024-02-16T20:09:43.948+0000] {logging_mixin.py:150} INFO - [2024-02-16T20:09:43.948+0000] {manager.py:504} INFO - Created Permission View: can edit on DAG:example_branch_dop_operator_v3
[2024-02-16T20:09:43.983+0000] {logging_mixin.py:150} INFO - [2024-02-16T20:09:43.983+0000] {manager.py:504} INFO - Created Permission View: can delete on DAG:example_branch_dop_operator_v3
[2024-02-16T20:09:43.992+0000] {logging_mixin.py:150} INFO - [2024-02-16T20:09:43.991+0000] {dag.py:2742} INFO - Sync 1 DAGs
[2024-02-16T20:09:43.999+0000] {logging_mixin.py:150} INFO - [2024-02-16T20:09:43.999+0000] {dag.py:2763} INFO - Creating ORM DAG for example_branch_dop_operator_v3
[2024-02-16T20:09:44.011+0000] {logging_mixin.py:150} INFO - [2024-02-16T20:09:44.011+0000] {dag.py:3504} INFO - Setting next_dagrun for example_branch_dop_operator_v3 to 2024-02-16T20:08:00+00:00, run_after=2024-02-16T20:09:00+00:00
[2024-02-16T20:09:44.053+0000] {processor.py:179} INFO - Processing /usr/local/python/3.10.13/lib/python3.10/site-packages/airflow/example_dags/example_branch_python_dop_operator_3.py took 0.299 seconds
[2024-02-16T20:10:33.190+0000] {processor.py:157} INFO - Started process (PID=20783) to work on /usr/local/python/3.10.13/lib/python3.10/site-packages/airflow/example_dags/example_branch_python_dop_operator_3.py
[2024-02-16T20:10:33.191+0000] {processor.py:826} INFO - Processing file /usr/local/python/3.10.13/lib/python3.10/site-packages/airflow/example_dags/example_branch_python_dop_operator_3.py for tasks to queue
[2024-02-16T20:10:33.192+0000] {logging_mixin.py:150} INFO - [2024-02-16T20:10:33.191+0000] {dagbag.py:541} INFO - Filling up the DagBag from /usr/local/python/3.10.13/lib/python3.10/site-packages/airflow/example_dags/example_branch_python_dop_operator_3.py
[2024-02-16T20:10:33.203+0000] {processor.py:836} INFO - DAG(s) dict_keys(['example_branch_dop_operator_v3']) retrieved from /usr/local/python/3.10.13/lib/python3.10/site-packages/airflow/example_dags/example_branch_python_dop_operator_3.py
[2024-02-16T20:10:33.218+0000] {logging_mixin.py:150} INFO - [2024-02-16T20:10:33.218+0000] {dag.py:2742} INFO - Sync 1 DAGs
[2024-02-16T20:10:33.244+0000] {logging_mixin.py:150} INFO - [2024-02-16T20:10:33.244+0000] {dag.py:3504} INFO - Setting next_dagrun for example_branch_dop_operator_v3 to 2024-02-16T20:09:00+00:00, run_after=2024-02-16T20:10:00+00:00
[2024-02-16T20:10:33.305+0000] {processor.py:179} INFO - Processing /usr/local/python/3.10.13/lib/python3.10/site-packages/airflow/example_dags/example_branch_python_dop_operator_3.py took 0.117 seconds
[2024-02-16T20:11:49.102+0000] {processor.py:157} INFO - Started process (PID=21474) to work on /usr/local/python/3.10.13/lib/python3.10/site-packages/airflow/example_dags/example_branch_python_dop_operator_3.py
[2024-02-16T20:11:49.103+0000] {processor.py:826} INFO - Processing file /usr/local/python/3.10.13/lib/python3.10/site-packages/airflow/example_dags/example_branch_python_dop_operator_3.py for tasks to queue
[2024-02-16T20:11:49.104+0000] {logging_mixin.py:150} INFO - [2024-02-16T20:11:49.103+0000] {dagbag.py:541} INFO - Filling up the DagBag from /usr/local/python/3.10.13/lib/python3.10/site-packages/airflow/example_dags/example_branch_python_dop_operator_3.py
[2024-02-16T20:11:49.110+0000] {processor.py:836} INFO - DAG(s) dict_keys(['example_branch_dop_operator_v3']) retrieved from /usr/local/python/3.10.13/lib/python3.10/site-packages/airflow/example_dags/example_branch_python_dop_operator_3.py
[2024-02-16T20:11:49.124+0000] {logging_mixin.py:150} INFO - [2024-02-16T20:11:49.124+0000] {dag.py:2742} INFO - Sync 1 DAGs
[2024-02-16T20:11:49.143+0000] {logging_mixin.py:150} INFO - [2024-02-16T20:11:49.143+0000] {dag.py:3504} INFO - Setting next_dagrun for example_branch_dop_operator_v3 to 2024-02-16T20:10:00+00:00, run_after=2024-02-16T20:11:00+00:00
[2024-02-16T20:11:49.191+0000] {processor.py:179} INFO - Processing /usr/local/python/3.10.13/lib/python3.10/site-packages/airflow/example_dags/example_branch_python_dop_operator_3.py took 0.091 seconds
[2024-02-16T20:12:41.989+0000] {processor.py:157} INFO - Started process (PID=21860) to work on /usr/local/python/3.10.13/lib/python3.10/site-packages/airflow/example_dags/example_branch_python_dop_operator_3.py
[2024-02-16T20:12:41.990+0000] {processor.py:826} INFO - Processing file /usr/local/python/3.10.13/lib/python3.10/site-packages/airflow/example_dags/example_branch_python_dop_operator_3.py for tasks to queue
[2024-02-16T20:12:41.990+0000] {logging_mixin.py:150} INFO - [2024-02-16T20:12:41.990+0000] {dagbag.py:541} INFO - Filling up the DagBag from /usr/local/python/3.10.13/lib/python3.10/site-packages/airflow/example_dags/example_branch_python_dop_operator_3.py
[2024-02-16T20:12:41.997+0000] {processor.py:836} INFO - DAG(s) dict_keys(['example_branch_dop_operator_v3']) retrieved from /usr/local/python/3.10.13/lib/python3.10/site-packages/airflow/example_dags/example_branch_python_dop_operator_3.py
[2024-02-16T20:12:42.009+0000] {logging_mixin.py:150} INFO - [2024-02-16T20:12:42.009+0000] {dag.py:2742} INFO - Sync 1 DAGs
[2024-02-16T20:12:42.028+0000] {logging_mixin.py:150} INFO - [2024-02-16T20:12:42.028+0000] {dag.py:3504} INFO - Setting next_dagrun for example_branch_dop_operator_v3 to 2024-02-16T20:11:00+00:00, run_after=2024-02-16T20:12:00+00:00
[2024-02-16T20:12:42.077+0000] {processor.py:179} INFO - Processing /usr/local/python/3.10.13/lib/python3.10/site-packages/airflow/example_dags/example_branch_python_dop_operator_3.py took 0.091 seconds
[2024-02-16T20:13:31.461+0000] {processor.py:157} INFO - Started process (PID=22232) to work on /usr/local/python/3.10.13/lib/python3.10/site-packages/airflow/example_dags/example_branch_python_dop_operator_3.py
[2024-02-16T20:13:31.462+0000] {processor.py:826} INFO - Processing file /usr/local/python/3.10.13/lib/python3.10/site-packages/airflow/example_dags/example_branch_python_dop_operator_3.py for tasks to queue
[2024-02-16T20:13:31.462+0000] {logging_mixin.py:150} INFO - [2024-02-16T20:13:31.462+0000] {dagbag.py:541} INFO - Filling up the DagBag from /usr/local/python/3.10.13/lib/python3.10/site-packages/airflow/example_dags/example_branch_python_dop_operator_3.py
[2024-02-16T20:13:31.469+0000] {processor.py:836} INFO - DAG(s) dict_keys(['example_branch_dop_operator_v3']) retrieved from /usr/local/python/3.10.13/lib/python3.10/site-packages/airflow/example_dags/example_branch_python_dop_operator_3.py
[2024-02-16T20:13:31.482+0000] {logging_mixin.py:150} INFO - [2024-02-16T20:13:31.482+0000] {dag.py:2742} INFO - Sync 1 DAGs
[2024-02-16T20:13:31.502+0000] {logging_mixin.py:150} INFO - [2024-02-16T20:13:31.502+0000] {dag.py:3504} INFO - Setting next_dagrun for example_branch_dop_operator_v3 to 2024-02-16T20:12:00+00:00, run_after=2024-02-16T20:13:00+00:00
[2024-02-16T20:13:31.568+0000] {processor.py:179} INFO - Processing /usr/local/python/3.10.13/lib/python3.10/site-packages/airflow/example_dags/example_branch_python_dop_operator_3.py took 0.109 seconds
[2024-02-16T20:14:28.694+0000] {processor.py:157} INFO - Started process (PID=22664) to work on /usr/local/python/3.10.13/lib/python3.10/site-packages/airflow/example_dags/example_branch_python_dop_operator_3.py
[2024-02-16T20:14:28.695+0000] {processor.py:826} INFO - Processing file /usr/local/python/3.10.13/lib/python3.10/site-packages/airflow/example_dags/example_branch_python_dop_operator_3.py for tasks to queue
[2024-02-16T20:14:28.695+0000] {logging_mixin.py:150} INFO - [2024-02-16T20:14:28.695+0000] {dagbag.py:541} INFO - Filling up the DagBag from /usr/local/python/3.10.13/lib/python3.10/site-packages/airflow/example_dags/example_branch_python_dop_operator_3.py
[2024-02-16T20:14:28.702+0000] {processor.py:836} INFO - DAG(s) dict_keys(['example_branch_dop_operator_v3']) retrieved from /usr/local/python/3.10.13/lib/python3.10/site-packages/airflow/example_dags/example_branch_python_dop_operator_3.py
[2024-02-16T20:14:28.714+0000] {logging_mixin.py:150} INFO - [2024-02-16T20:14:28.714+0000] {dag.py:2742} INFO - Sync 1 DAGs
[2024-02-16T20:14:28.733+0000] {logging_mixin.py:150} INFO - [2024-02-16T20:14:28.732+0000] {dag.py:3504} INFO - Setting next_dagrun for example_branch_dop_operator_v3 to 2024-02-16T20:13:00+00:00, run_after=2024-02-16T20:14:00+00:00
[2024-02-16T20:14:28.778+0000] {processor.py:179} INFO - Processing /usr/local/python/3.10.13/lib/python3.10/site-packages/airflow/example_dags/example_branch_python_dop_operator_3.py took 0.086 seconds
[2024-02-16T20:15:20.435+0000] {processor.py:157} INFO - Started process (PID=23052) to work on /usr/local/python/3.10.13/lib/python3.10/site-packages/airflow/example_dags/example_branch_python_dop_operator_3.py
[2024-02-16T20:15:20.436+0000] {processor.py:826} INFO - Processing file /usr/local/python/3.10.13/lib/python3.10/site-packages/airflow/example_dags/example_branch_python_dop_operator_3.py for tasks to queue
[2024-02-16T20:15:20.437+0000] {logging_mixin.py:150} INFO - [2024-02-16T20:15:20.436+0000] {dagbag.py:541} INFO - Filling up the DagBag from /usr/local/python/3.10.13/lib/python3.10/site-packages/airflow/example_dags/example_branch_python_dop_operator_3.py
[2024-02-16T20:15:20.443+0000] {processor.py:836} INFO - DAG(s) dict_keys(['example_branch_dop_operator_v3']) retrieved from /usr/local/python/3.10.13/lib/python3.10/site-packages/airflow/example_dags/example_branch_python_dop_operator_3.py
[2024-02-16T20:15:20.455+0000] {logging_mixin.py:150} INFO - [2024-02-16T20:15:20.455+0000] {dag.py:2742} INFO - Sync 1 DAGs
[2024-02-16T20:15:20.474+0000] {logging_mixin.py:150} INFO - [2024-02-16T20:15:20.474+0000] {dag.py:3504} INFO - Setting next_dagrun for example_branch_dop_operator_v3 to 2024-02-16T20:14:00+00:00, run_after=2024-02-16T20:15:00+00:00
[2024-02-16T20:15:20.522+0000] {processor.py:179} INFO - Processing /usr/local/python/3.10.13/lib/python3.10/site-packages/airflow/example_dags/example_branch_python_dop_operator_3.py took 0.089 seconds
[2024-02-16T20:16:12.469+0000] {processor.py:157} INFO - Started process (PID=23436) to work on /usr/local/python/3.10.13/lib/python3.10/site-packages/airflow/example_dags/example_branch_python_dop_operator_3.py
[2024-02-16T20:16:12.470+0000] {processor.py:826} INFO - Processing file /usr/local/python/3.10.13/lib/python3.10/site-packages/airflow/example_dags/example_branch_python_dop_operator_3.py for tasks to queue
[2024-02-16T20:16:12.471+0000] {logging_mixin.py:150} INFO - [2024-02-16T20:16:12.470+0000] {dagbag.py:541} INFO - Filling up the DagBag from /usr/local/python/3.10.13/lib/python3.10/site-packages/airflow/example_dags/example_branch_python_dop_operator_3.py
[2024-02-16T20:16:12.477+0000] {processor.py:836} INFO - DAG(s) dict_keys(['example_branch_dop_operator_v3']) retrieved from /usr/local/python/3.10.13/lib/python3.10/site-packages/airflow/example_dags/example_branch_python_dop_operator_3.py
[2024-02-16T20:16:12.491+0000] {logging_mixin.py:150} INFO - [2024-02-16T20:16:12.490+0000] {dag.py:2742} INFO - Sync 1 DAGs
[2024-02-16T20:16:12.510+0000] {logging_mixin.py:150} INFO - [2024-02-16T20:16:12.510+0000] {dag.py:3504} INFO - Setting next_dagrun for example_branch_dop_operator_v3 to 2024-02-16T20:15:00+00:00, run_after=2024-02-16T20:16:00+00:00
[2024-02-16T20:16:12.557+0000] {processor.py:179} INFO - Processing /usr/local/python/3.10.13/lib/python3.10/site-packages/airflow/example_dags/example_branch_python_dop_operator_3.py took 0.090 seconds
[2024-02-16T20:17:07.733+0000] {processor.py:157} INFO - Started process (PID=23846) to work on /usr/local/python/3.10.13/lib/python3.10/site-packages/airflow/example_dags/example_branch_python_dop_operator_3.py
[2024-02-16T20:17:07.733+0000] {processor.py:826} INFO - Processing file /usr/local/python/3.10.13/lib/python3.10/site-packages/airflow/example_dags/example_branch_python_dop_operator_3.py for tasks to queue
[2024-02-16T20:17:07.734+0000] {logging_mixin.py:150} INFO - [2024-02-16T20:17:07.734+0000] {dagbag.py:541} INFO - Filling up the DagBag from /usr/local/python/3.10.13/lib/python3.10/site-packages/airflow/example_dags/example_branch_python_dop_operator_3.py
[2024-02-16T20:17:07.741+0000] {processor.py:836} INFO - DAG(s) dict_keys(['example_branch_dop_operator_v3']) retrieved from /usr/local/python/3.10.13/lib/python3.10/site-packages/airflow/example_dags/example_branch_python_dop_operator_3.py
[2024-02-16T20:17:07.753+0000] {logging_mixin.py:150} INFO - [2024-02-16T20:17:07.752+0000] {dag.py:2742} INFO - Sync 1 DAGs
[2024-02-16T20:17:07.772+0000] {logging_mixin.py:150} INFO - [2024-02-16T20:17:07.772+0000] {dag.py:3504} INFO - Setting next_dagrun for example_branch_dop_operator_v3 to 2024-02-16T20:16:00+00:00, run_after=2024-02-16T20:17:00+00:00
[2024-02-16T20:17:07.822+0000] {processor.py:179} INFO - Processing /usr/local/python/3.10.13/lib/python3.10/site-packages/airflow/example_dags/example_branch_python_dop_operator_3.py took 0.091 seconds
[2024-02-16T20:17:58.934+0000] {processor.py:157} INFO - Started process (PID=24220) to work on /usr/local/python/3.10.13/lib/python3.10/site-packages/airflow/example_dags/example_branch_python_dop_operator_3.py
[2024-02-16T20:17:58.935+0000] {processor.py:826} INFO - Processing file /usr/local/python/3.10.13/lib/python3.10/site-packages/airflow/example_dags/example_branch_python_dop_operator_3.py for tasks to queue
[2024-02-16T20:17:58.936+0000] {logging_mixin.py:150} INFO - [2024-02-16T20:17:58.935+0000] {dagbag.py:541} INFO - Filling up the DagBag from /usr/local/python/3.10.13/lib/python3.10/site-packages/airflow/example_dags/example_branch_python_dop_operator_3.py
[2024-02-16T20:17:58.945+0000] {processor.py:836} INFO - DAG(s) dict_keys(['example_branch_dop_operator_v3']) retrieved from /usr/local/python/3.10.13/lib/python3.10/site-packages/airflow/example_dags/example_branch_python_dop_operator_3.py
[2024-02-16T20:17:58.960+0000] {logging_mixin.py:150} INFO - [2024-02-16T20:17:58.960+0000] {dag.py:2742} INFO - Sync 1 DAGs
[2024-02-16T20:17:58.993+0000] {logging_mixin.py:150} INFO - [2024-02-16T20:17:58.993+0000] {dag.py:3504} INFO - Setting next_dagrun for example_branch_dop_operator_v3 to 2024-02-16T20:16:00+00:00, run_after=2024-02-16T20:17:00+00:00
[2024-02-16T20:17:59.069+0000] {processor.py:179} INFO - Processing /usr/local/python/3.10.13/lib/python3.10/site-packages/airflow/example_dags/example_branch_python_dop_operator_3.py took 0.138 seconds
[2024-02-16T20:18:53.310+0000] {processor.py:157} INFO - Started process (PID=24644) to work on /usr/local/python/3.10.13/lib/python3.10/site-packages/airflow/example_dags/example_branch_python_dop_operator_3.py
[2024-02-16T20:18:53.311+0000] {processor.py:826} INFO - Processing file /usr/local/python/3.10.13/lib/python3.10/site-packages/airflow/example_dags/example_branch_python_dop_operator_3.py for tasks to queue
[2024-02-16T20:18:53.311+0000] {logging_mixin.py:150} INFO - [2024-02-16T20:18:53.311+0000] {dagbag.py:541} INFO - Filling up the DagBag from /usr/local/python/3.10.13/lib/python3.10/site-packages/airflow/example_dags/example_branch_python_dop_operator_3.py
[2024-02-16T20:18:53.318+0000] {processor.py:836} INFO - DAG(s) dict_keys(['example_branch_dop_operator_v3']) retrieved from /usr/local/python/3.10.13/lib/python3.10/site-packages/airflow/example_dags/example_branch_python_dop_operator_3.py
[2024-02-16T20:18:53.329+0000] {logging_mixin.py:150} INFO - [2024-02-16T20:18:53.329+0000] {dag.py:2742} INFO - Sync 1 DAGs
[2024-02-16T20:18:53.348+0000] {logging_mixin.py:150} INFO - [2024-02-16T20:18:53.348+0000] {dag.py:3504} INFO - Setting next_dagrun for example_branch_dop_operator_v3 to 2024-02-16T20:17:00+00:00, run_after=2024-02-16T20:18:00+00:00
[2024-02-16T20:18:53.402+0000] {processor.py:179} INFO - Processing /usr/local/python/3.10.13/lib/python3.10/site-packages/airflow/example_dags/example_branch_python_dop_operator_3.py took 0.094 seconds
[2024-02-16T20:19:44.235+0000] {processor.py:157} INFO - Started process (PID=25018) to work on /usr/local/python/3.10.13/lib/python3.10/site-packages/airflow/example_dags/example_branch_python_dop_operator_3.py
[2024-02-16T20:19:44.235+0000] {processor.py:826} INFO - Processing file /usr/local/python/3.10.13/lib/python3.10/site-packages/airflow/example_dags/example_branch_python_dop_operator_3.py for tasks to queue
[2024-02-16T20:19:44.236+0000] {logging_mixin.py:150} INFO - [2024-02-16T20:19:44.235+0000] {dagbag.py:541} INFO - Filling up the DagBag from /usr/local/python/3.10.13/lib/python3.10/site-packages/airflow/example_dags/example_branch_python_dop_operator_3.py
[2024-02-16T20:19:44.242+0000] {processor.py:836} INFO - DAG(s) dict_keys(['example_branch_dop_operator_v3']) retrieved from /usr/local/python/3.10.13/lib/python3.10/site-packages/airflow/example_dags/example_branch_python_dop_operator_3.py
[2024-02-16T20:19:44.254+0000] {logging_mixin.py:150} INFO - [2024-02-16T20:19:44.254+0000] {dag.py:2742} INFO - Sync 1 DAGs
[2024-02-16T20:19:44.273+0000] {logging_mixin.py:150} INFO - [2024-02-16T20:19:44.273+0000] {dag.py:3504} INFO - Setting next_dagrun for example_branch_dop_operator_v3 to 2024-02-16T20:18:00+00:00, run_after=2024-02-16T20:19:00+00:00
[2024-02-16T20:19:44.322+0000] {processor.py:179} INFO - Processing /usr/local/python/3.10.13/lib/python3.10/site-packages/airflow/example_dags/example_branch_python_dop_operator_3.py took 0.090 seconds
[2024-02-16T20:20:39.106+0000] {processor.py:157} INFO - Started process (PID=25422) to work on /usr/local/python/3.10.13/lib/python3.10/site-packages/airflow/example_dags/example_branch_python_dop_operator_3.py
[2024-02-16T20:20:39.106+0000] {processor.py:826} INFO - Processing file /usr/local/python/3.10.13/lib/python3.10/site-packages/airflow/example_dags/example_branch_python_dop_operator_3.py for tasks to queue
[2024-02-16T20:20:39.107+0000] {logging_mixin.py:150} INFO - [2024-02-16T20:20:39.107+0000] {dagbag.py:541} INFO - Filling up the DagBag from /usr/local/python/3.10.13/lib/python3.10/site-packages/airflow/example_dags/example_branch_python_dop_operator_3.py
[2024-02-16T20:20:39.114+0000] {processor.py:836} INFO - DAG(s) dict_keys(['example_branch_dop_operator_v3']) retrieved from /usr/local/python/3.10.13/lib/python3.10/site-packages/airflow/example_dags/example_branch_python_dop_operator_3.py
[2024-02-16T20:20:39.126+0000] {logging_mixin.py:150} INFO - [2024-02-16T20:20:39.125+0000] {dag.py:2742} INFO - Sync 1 DAGs
[2024-02-16T20:20:39.146+0000] {logging_mixin.py:150} INFO - [2024-02-16T20:20:39.146+0000] {dag.py:3504} INFO - Setting next_dagrun for example_branch_dop_operator_v3 to 2024-02-16T20:19:00+00:00, run_after=2024-02-16T20:20:00+00:00
[2024-02-16T20:20:39.215+0000] {processor.py:179} INFO - Processing /usr/local/python/3.10.13/lib/python3.10/site-packages/airflow/example_dags/example_branch_python_dop_operator_3.py took 0.112 seconds
[2024-02-16T20:21:32.941+0000] {processor.py:157} INFO - Started process (PID=25816) to work on /usr/local/python/3.10.13/lib/python3.10/site-packages/airflow/example_dags/example_branch_python_dop_operator_3.py
[2024-02-16T20:21:32.942+0000] {processor.py:826} INFO - Processing file /usr/local/python/3.10.13/lib/python3.10/site-packages/airflow/example_dags/example_branch_python_dop_operator_3.py for tasks to queue
[2024-02-16T20:21:32.942+0000] {logging_mixin.py:150} INFO - [2024-02-16T20:21:32.942+0000] {dagbag.py:541} INFO - Filling up the DagBag from /usr/local/python/3.10.13/lib/python3.10/site-packages/airflow/example_dags/example_branch_python_dop_operator_3.py
[2024-02-16T20:21:32.950+0000] {processor.py:836} INFO - DAG(s) dict_keys(['example_branch_dop_operator_v3']) retrieved from /usr/local/python/3.10.13/lib/python3.10/site-packages/airflow/example_dags/example_branch_python_dop_operator_3.py
[2024-02-16T20:21:32.962+0000] {logging_mixin.py:150} INFO - [2024-02-16T20:21:32.962+0000] {dag.py:2742} INFO - Sync 1 DAGs
[2024-02-16T20:21:32.982+0000] {logging_mixin.py:150} INFO - [2024-02-16T20:21:32.982+0000] {dag.py:3504} INFO - Setting next_dagrun for example_branch_dop_operator_v3 to 2024-02-16T20:20:00+00:00, run_after=2024-02-16T20:21:00+00:00
[2024-02-16T20:21:33.030+0000] {processor.py:179} INFO - Processing /usr/local/python/3.10.13/lib/python3.10/site-packages/airflow/example_dags/example_branch_python_dop_operator_3.py took 0.091 seconds
[2024-02-16T20:22:28.808+0000] {processor.py:157} INFO - Started process (PID=26251) to work on /usr/local/python/3.10.13/lib/python3.10/site-packages/airflow/example_dags/example_branch_python_dop_operator_3.py
[2024-02-16T20:22:28.809+0000] {processor.py:826} INFO - Processing file /usr/local/python/3.10.13/lib/python3.10/site-packages/airflow/example_dags/example_branch_python_dop_operator_3.py for tasks to queue
[2024-02-16T20:22:28.810+0000] {logging_mixin.py:150} INFO - [2024-02-16T20:22:28.809+0000] {dagbag.py:541} INFO - Filling up the DagBag from /usr/local/python/3.10.13/lib/python3.10/site-packages/airflow/example_dags/example_branch_python_dop_operator_3.py
[2024-02-16T20:22:28.816+0000] {processor.py:836} INFO - DAG(s) dict_keys(['example_branch_dop_operator_v3']) retrieved from /usr/local/python/3.10.13/lib/python3.10/site-packages/airflow/example_dags/example_branch_python_dop_operator_3.py
[2024-02-16T20:22:28.828+0000] {logging_mixin.py:150} INFO - [2024-02-16T20:22:28.828+0000] {dag.py:2742} INFO - Sync 1 DAGs
[2024-02-16T20:22:28.846+0000] {logging_mixin.py:150} INFO - [2024-02-16T20:22:28.846+0000] {dag.py:3504} INFO - Setting next_dagrun for example_branch_dop_operator_v3 to 2024-02-16T20:21:00+00:00, run_after=2024-02-16T20:22:00+00:00
[2024-02-16T20:22:28.903+0000] {processor.py:179} INFO - Processing /usr/local/python/3.10.13/lib/python3.10/site-packages/airflow/example_dags/example_branch_python_dop_operator_3.py took 0.097 seconds
[2024-02-16T20:23:20.269+0000] {processor.py:157} INFO - Started process (PID=26634) to work on /usr/local/python/3.10.13/lib/python3.10/site-packages/airflow/example_dags/example_branch_python_dop_operator_3.py
[2024-02-16T20:23:20.270+0000] {processor.py:826} INFO - Processing file /usr/local/python/3.10.13/lib/python3.10/site-packages/airflow/example_dags/example_branch_python_dop_operator_3.py for tasks to queue
[2024-02-16T20:23:20.270+0000] {logging_mixin.py:150} INFO - [2024-02-16T20:23:20.270+0000] {dagbag.py:541} INFO - Filling up the DagBag from /usr/local/python/3.10.13/lib/python3.10/site-packages/airflow/example_dags/example_branch_python_dop_operator_3.py
[2024-02-16T20:23:20.277+0000] {processor.py:836} INFO - DAG(s) dict_keys(['example_branch_dop_operator_v3']) retrieved from /usr/local/python/3.10.13/lib/python3.10/site-packages/airflow/example_dags/example_branch_python_dop_operator_3.py
[2024-02-16T20:23:20.290+0000] {logging_mixin.py:150} INFO - [2024-02-16T20:23:20.290+0000] {dag.py:2742} INFO - Sync 1 DAGs
[2024-02-16T20:23:20.308+0000] {logging_mixin.py:150} INFO - [2024-02-16T20:23:20.308+0000] {dag.py:3504} INFO - Setting next_dagrun for example_branch_dop_operator_v3 to 2024-02-16T20:22:00+00:00, run_after=2024-02-16T20:23:00+00:00
[2024-02-16T20:23:20.356+0000] {processor.py:179} INFO - Processing /usr/local/python/3.10.13/lib/python3.10/site-packages/airflow/example_dags/example_branch_python_dop_operator_3.py took 0.090 seconds
[2024-02-16T20:24:16.503+0000] {processor.py:157} INFO - Started process (PID=27092) to work on /usr/local/python/3.10.13/lib/python3.10/site-packages/airflow/example_dags/example_branch_python_dop_operator_3.py
[2024-02-16T20:24:16.503+0000] {processor.py:826} INFO - Processing file /usr/local/python/3.10.13/lib/python3.10/site-packages/airflow/example_dags/example_branch_python_dop_operator_3.py for tasks to queue
[2024-02-16T20:24:16.504+0000] {logging_mixin.py:150} INFO - [2024-02-16T20:24:16.504+0000] {dagbag.py:541} INFO - Filling up the DagBag from /usr/local/python/3.10.13/lib/python3.10/site-packages/airflow/example_dags/example_branch_python_dop_operator_3.py
[2024-02-16T20:24:16.510+0000] {processor.py:836} INFO - DAG(s) dict_keys(['example_branch_dop_operator_v3']) retrieved from /usr/local/python/3.10.13/lib/python3.10/site-packages/airflow/example_dags/example_branch_python_dop_operator_3.py
[2024-02-16T20:24:16.522+0000] {logging_mixin.py:150} INFO - [2024-02-16T20:24:16.522+0000] {dag.py:2742} INFO - Sync 1 DAGs
[2024-02-16T20:24:16.541+0000] {logging_mixin.py:150} INFO - [2024-02-16T20:24:16.541+0000] {dag.py:3504} INFO - Setting next_dagrun for example_branch_dop_operator_v3 to 2024-02-16T20:23:00+00:00, run_after=2024-02-16T20:24:00+00:00
[2024-02-16T20:24:16.592+0000] {processor.py:179} INFO - Processing /usr/local/python/3.10.13/lib/python3.10/site-packages/airflow/example_dags/example_branch_python_dop_operator_3.py took 0.092 seconds
[2024-02-16T20:25:12.620+0000] {processor.py:157} INFO - Started process (PID=27728) to work on /usr/local/python/3.10.13/lib/python3.10/site-packages/airflow/example_dags/example_branch_python_dop_operator_3.py
[2024-02-16T20:25:12.621+0000] {processor.py:826} INFO - Processing file /usr/local/python/3.10.13/lib/python3.10/site-packages/airflow/example_dags/example_branch_python_dop_operator_3.py for tasks to queue
[2024-02-16T20:25:12.621+0000] {logging_mixin.py:150} INFO - [2024-02-16T20:25:12.621+0000] {dagbag.py:541} INFO - Filling up the DagBag from /usr/local/python/3.10.13/lib/python3.10/site-packages/airflow/example_dags/example_branch_python_dop_operator_3.py
[2024-02-16T20:25:12.628+0000] {processor.py:836} INFO - DAG(s) dict_keys(['example_branch_dop_operator_v3']) retrieved from /usr/local/python/3.10.13/lib/python3.10/site-packages/airflow/example_dags/example_branch_python_dop_operator_3.py
[2024-02-16T20:25:12.642+0000] {logging_mixin.py:150} INFO - [2024-02-16T20:25:12.642+0000] {dag.py:2742} INFO - Sync 1 DAGs
[2024-02-16T20:25:12.661+0000] {logging_mixin.py:150} INFO - [2024-02-16T20:25:12.661+0000] {dag.py:3504} INFO - Setting next_dagrun for example_branch_dop_operator_v3 to 2024-02-16T20:24:00+00:00, run_after=2024-02-16T20:25:00+00:00
[2024-02-16T20:25:12.708+0000] {processor.py:179} INFO - Processing /usr/local/python/3.10.13/lib/python3.10/site-packages/airflow/example_dags/example_branch_python_dop_operator_3.py took 0.091 seconds
