[2024-02-16T20:09:16.614+0000] {processor.py:157} INFO - Started process (PID=20067) to work on /usr/local/python/3.10.13/lib/python3.10/site-packages/airflow/example_dags/example_python_operator.py
[2024-02-16T20:09:16.615+0000] {processor.py:826} INFO - Processing file /usr/local/python/3.10.13/lib/python3.10/site-packages/airflow/example_dags/example_python_operator.py for tasks to queue
[2024-02-16T20:09:16.615+0000] {logging_mixin.py:150} INFO - [2024-02-16T20:09:16.615+0000] {dagbag.py:541} INFO - Filling up the DagBag from /usr/local/python/3.10.13/lib/python3.10/site-packages/airflow/example_dags/example_python_operator.py
[2024-02-16T20:09:16.624+0000] {processor.py:836} INFO - DAG(s) dict_keys(['example_python_operator']) retrieved from /usr/local/python/3.10.13/lib/python3.10/site-packages/airflow/example_dags/example_python_operator.py
[2024-02-16T20:09:16.774+0000] {logging_mixin.py:150} INFO - [2024-02-16T20:09:16.774+0000] {manager.py:504} INFO - Created Permission View: can read on DAG:example_python_operator
[2024-02-16T20:09:16.812+0000] {logging_mixin.py:150} INFO - [2024-02-16T20:09:16.812+0000] {manager.py:504} INFO - Created Permission View: can edit on DAG:example_python_operator
[2024-02-16T20:09:16.847+0000] {logging_mixin.py:150} INFO - [2024-02-16T20:09:16.847+0000] {manager.py:504} INFO - Created Permission View: can delete on DAG:example_python_operator
[2024-02-16T20:09:16.857+0000] {logging_mixin.py:150} INFO - [2024-02-16T20:09:16.857+0000] {dag.py:2742} INFO - Sync 1 DAGs
[2024-02-16T20:09:16.866+0000] {logging_mixin.py:150} INFO - [2024-02-16T20:09:16.866+0000] {dag.py:2763} INFO - Creating ORM DAG for example_python_operator
[2024-02-16T20:09:16.873+0000] {logging_mixin.py:150} INFO - [2024-02-16T20:09:16.873+0000] {dag.py:3504} INFO - Setting next_dagrun for example_python_operator to None, run_after=None
[2024-02-16T20:09:16.924+0000] {processor.py:179} INFO - Processing /usr/local/python/3.10.13/lib/python3.10/site-packages/airflow/example_dags/example_python_operator.py took 0.312 seconds
[2024-02-16T20:10:12.687+0000] {processor.py:157} INFO - Started process (PID=20557) to work on /usr/local/python/3.10.13/lib/python3.10/site-packages/airflow/example_dags/example_python_operator.py
[2024-02-16T20:10:12.688+0000] {processor.py:826} INFO - Processing file /usr/local/python/3.10.13/lib/python3.10/site-packages/airflow/example_dags/example_python_operator.py for tasks to queue
[2024-02-16T20:10:12.688+0000] {logging_mixin.py:150} INFO - [2024-02-16T20:10:12.688+0000] {dagbag.py:541} INFO - Filling up the DagBag from /usr/local/python/3.10.13/lib/python3.10/site-packages/airflow/example_dags/example_python_operator.py
[2024-02-16T20:10:12.697+0000] {processor.py:836} INFO - DAG(s) dict_keys(['example_python_operator']) retrieved from /usr/local/python/3.10.13/lib/python3.10/site-packages/airflow/example_dags/example_python_operator.py
[2024-02-16T20:10:12.712+0000] {logging_mixin.py:150} INFO - [2024-02-16T20:10:12.712+0000] {dag.py:2742} INFO - Sync 1 DAGs
[2024-02-16T20:10:12.729+0000] {logging_mixin.py:150} INFO - [2024-02-16T20:10:12.729+0000] {dag.py:3504} INFO - Setting next_dagrun for example_python_operator to None, run_after=None
[2024-02-16T20:10:12.779+0000] {processor.py:179} INFO - Processing /usr/local/python/3.10.13/lib/python3.10/site-packages/airflow/example_dags/example_python_operator.py took 0.094 seconds
[2024-02-16T20:11:26.985+0000] {processor.py:157} INFO - Started process (PID=21322) to work on /usr/local/python/3.10.13/lib/python3.10/site-packages/airflow/example_dags/example_python_operator.py
[2024-02-16T20:11:26.985+0000] {processor.py:826} INFO - Processing file /usr/local/python/3.10.13/lib/python3.10/site-packages/airflow/example_dags/example_python_operator.py for tasks to queue
[2024-02-16T20:11:26.986+0000] {logging_mixin.py:150} INFO - [2024-02-16T20:11:26.986+0000] {dagbag.py:541} INFO - Filling up the DagBag from /usr/local/python/3.10.13/lib/python3.10/site-packages/airflow/example_dags/example_python_operator.py
[2024-02-16T20:11:26.995+0000] {processor.py:836} INFO - DAG(s) dict_keys(['example_python_operator']) retrieved from /usr/local/python/3.10.13/lib/python3.10/site-packages/airflow/example_dags/example_python_operator.py
[2024-02-16T20:11:27.078+0000] {logging_mixin.py:150} INFO - [2024-02-16T20:11:27.078+0000] {dag.py:2742} INFO - Sync 1 DAGs
[2024-02-16T20:11:27.094+0000] {logging_mixin.py:150} INFO - [2024-02-16T20:11:27.094+0000] {dag.py:3504} INFO - Setting next_dagrun for example_python_operator to None, run_after=None
[2024-02-16T20:11:27.146+0000] {processor.py:179} INFO - Processing /usr/local/python/3.10.13/lib/python3.10/site-packages/airflow/example_dags/example_python_operator.py took 0.163 seconds
[2024-02-16T20:12:14.964+0000] {processor.py:157} INFO - Started process (PID=21669) to work on /usr/local/python/3.10.13/lib/python3.10/site-packages/airflow/example_dags/example_python_operator.py
[2024-02-16T20:12:14.965+0000] {processor.py:826} INFO - Processing file /usr/local/python/3.10.13/lib/python3.10/site-packages/airflow/example_dags/example_python_operator.py for tasks to queue
[2024-02-16T20:12:14.966+0000] {logging_mixin.py:150} INFO - [2024-02-16T20:12:14.966+0000] {dagbag.py:541} INFO - Filling up the DagBag from /usr/local/python/3.10.13/lib/python3.10/site-packages/airflow/example_dags/example_python_operator.py
[2024-02-16T20:12:14.988+0000] {processor.py:836} INFO - DAG(s) dict_keys(['example_python_operator']) retrieved from /usr/local/python/3.10.13/lib/python3.10/site-packages/airflow/example_dags/example_python_operator.py
[2024-02-16T20:12:15.016+0000] {logging_mixin.py:150} INFO - [2024-02-16T20:12:15.016+0000] {dag.py:2742} INFO - Sync 1 DAGs
[2024-02-16T20:12:15.040+0000] {logging_mixin.py:150} INFO - [2024-02-16T20:12:15.040+0000] {dag.py:3504} INFO - Setting next_dagrun for example_python_operator to None, run_after=None
[2024-02-16T20:12:15.124+0000] {processor.py:179} INFO - Processing /usr/local/python/3.10.13/lib/python3.10/site-packages/airflow/example_dags/example_python_operator.py took 0.164 seconds
[2024-02-16T20:13:01.541+0000] {processor.py:157} INFO - Started process (PID=22001) to work on /usr/local/python/3.10.13/lib/python3.10/site-packages/airflow/example_dags/example_python_operator.py
[2024-02-16T20:13:01.542+0000] {processor.py:826} INFO - Processing file /usr/local/python/3.10.13/lib/python3.10/site-packages/airflow/example_dags/example_python_operator.py for tasks to queue
[2024-02-16T20:13:01.543+0000] {logging_mixin.py:150} INFO - [2024-02-16T20:13:01.542+0000] {dagbag.py:541} INFO - Filling up the DagBag from /usr/local/python/3.10.13/lib/python3.10/site-packages/airflow/example_dags/example_python_operator.py
[2024-02-16T20:13:01.551+0000] {processor.py:836} INFO - DAG(s) dict_keys(['example_python_operator']) retrieved from /usr/local/python/3.10.13/lib/python3.10/site-packages/airflow/example_dags/example_python_operator.py
[2024-02-16T20:13:01.566+0000] {logging_mixin.py:150} INFO - [2024-02-16T20:13:01.566+0000] {dag.py:2742} INFO - Sync 1 DAGs
[2024-02-16T20:13:01.582+0000] {logging_mixin.py:150} INFO - [2024-02-16T20:13:01.582+0000] {dag.py:3504} INFO - Setting next_dagrun for example_python_operator to None, run_after=None
[2024-02-16T20:13:01.631+0000] {processor.py:179} INFO - Processing /usr/local/python/3.10.13/lib/python3.10/site-packages/airflow/example_dags/example_python_operator.py took 0.091 seconds
[2024-02-16T20:13:53.208+0000] {processor.py:157} INFO - Started process (PID=22389) to work on /usr/local/python/3.10.13/lib/python3.10/site-packages/airflow/example_dags/example_python_operator.py
[2024-02-16T20:13:53.208+0000] {processor.py:826} INFO - Processing file /usr/local/python/3.10.13/lib/python3.10/site-packages/airflow/example_dags/example_python_operator.py for tasks to queue
[2024-02-16T20:13:53.209+0000] {logging_mixin.py:150} INFO - [2024-02-16T20:13:53.209+0000] {dagbag.py:541} INFO - Filling up the DagBag from /usr/local/python/3.10.13/lib/python3.10/site-packages/airflow/example_dags/example_python_operator.py
[2024-02-16T20:13:53.217+0000] {processor.py:836} INFO - DAG(s) dict_keys(['example_python_operator']) retrieved from /usr/local/python/3.10.13/lib/python3.10/site-packages/airflow/example_dags/example_python_operator.py
[2024-02-16T20:13:53.231+0000] {logging_mixin.py:150} INFO - [2024-02-16T20:13:53.231+0000] {dag.py:2742} INFO - Sync 1 DAGs
[2024-02-16T20:13:53.246+0000] {logging_mixin.py:150} INFO - [2024-02-16T20:13:53.246+0000] {dag.py:3504} INFO - Setting next_dagrun for example_python_operator to None, run_after=None
[2024-02-16T20:13:53.293+0000] {processor.py:179} INFO - Processing /usr/local/python/3.10.13/lib/python3.10/site-packages/airflow/example_dags/example_python_operator.py took 0.087 seconds
[2024-02-16T20:14:46.561+0000] {processor.py:157} INFO - Started process (PID=22786) to work on /usr/local/python/3.10.13/lib/python3.10/site-packages/airflow/example_dags/example_python_operator.py
[2024-02-16T20:14:46.562+0000] {processor.py:826} INFO - Processing file /usr/local/python/3.10.13/lib/python3.10/site-packages/airflow/example_dags/example_python_operator.py for tasks to queue
[2024-02-16T20:14:46.562+0000] {logging_mixin.py:150} INFO - [2024-02-16T20:14:46.562+0000] {dagbag.py:541} INFO - Filling up the DagBag from /usr/local/python/3.10.13/lib/python3.10/site-packages/airflow/example_dags/example_python_operator.py
[2024-02-16T20:14:46.571+0000] {processor.py:836} INFO - DAG(s) dict_keys(['example_python_operator']) retrieved from /usr/local/python/3.10.13/lib/python3.10/site-packages/airflow/example_dags/example_python_operator.py
[2024-02-16T20:14:46.587+0000] {logging_mixin.py:150} INFO - [2024-02-16T20:14:46.587+0000] {dag.py:2742} INFO - Sync 1 DAGs
[2024-02-16T20:14:46.602+0000] {logging_mixin.py:150} INFO - [2024-02-16T20:14:46.602+0000] {dag.py:3504} INFO - Setting next_dagrun for example_python_operator to None, run_after=None
[2024-02-16T20:14:46.649+0000] {processor.py:179} INFO - Processing /usr/local/python/3.10.13/lib/python3.10/site-packages/airflow/example_dags/example_python_operator.py took 0.090 seconds
[2024-02-16T20:15:35.956+0000] {processor.py:157} INFO - Started process (PID=23163) to work on /usr/local/python/3.10.13/lib/python3.10/site-packages/airflow/example_dags/example_python_operator.py
[2024-02-16T20:15:35.957+0000] {processor.py:826} INFO - Processing file /usr/local/python/3.10.13/lib/python3.10/site-packages/airflow/example_dags/example_python_operator.py for tasks to queue
[2024-02-16T20:15:35.957+0000] {logging_mixin.py:150} INFO - [2024-02-16T20:15:35.957+0000] {dagbag.py:541} INFO - Filling up the DagBag from /usr/local/python/3.10.13/lib/python3.10/site-packages/airflow/example_dags/example_python_operator.py
[2024-02-16T20:15:35.966+0000] {processor.py:836} INFO - DAG(s) dict_keys(['example_python_operator']) retrieved from /usr/local/python/3.10.13/lib/python3.10/site-packages/airflow/example_dags/example_python_operator.py
[2024-02-16T20:15:35.982+0000] {logging_mixin.py:150} INFO - [2024-02-16T20:15:35.982+0000] {dag.py:2742} INFO - Sync 1 DAGs
[2024-02-16T20:15:35.998+0000] {logging_mixin.py:150} INFO - [2024-02-16T20:15:35.998+0000] {dag.py:3504} INFO - Setting next_dagrun for example_python_operator to None, run_after=None
[2024-02-16T20:15:36.048+0000] {processor.py:179} INFO - Processing /usr/local/python/3.10.13/lib/python3.10/site-packages/airflow/example_dags/example_python_operator.py took 0.094 seconds
[2024-02-16T20:16:29.289+0000] {processor.py:157} INFO - Started process (PID=23555) to work on /usr/local/python/3.10.13/lib/python3.10/site-packages/airflow/example_dags/example_python_operator.py
[2024-02-16T20:16:29.296+0000] {processor.py:826} INFO - Processing file /usr/local/python/3.10.13/lib/python3.10/site-packages/airflow/example_dags/example_python_operator.py for tasks to queue
[2024-02-16T20:16:29.297+0000] {logging_mixin.py:150} INFO - [2024-02-16T20:16:29.297+0000] {dagbag.py:541} INFO - Filling up the DagBag from /usr/local/python/3.10.13/lib/python3.10/site-packages/airflow/example_dags/example_python_operator.py
[2024-02-16T20:16:29.310+0000] {processor.py:836} INFO - DAG(s) dict_keys(['example_python_operator']) retrieved from /usr/local/python/3.10.13/lib/python3.10/site-packages/airflow/example_dags/example_python_operator.py
[2024-02-16T20:16:29.329+0000] {logging_mixin.py:150} INFO - [2024-02-16T20:16:29.328+0000] {dag.py:2742} INFO - Sync 1 DAGs
[2024-02-16T20:16:29.345+0000] {logging_mixin.py:150} INFO - [2024-02-16T20:16:29.345+0000] {dag.py:3504} INFO - Setting next_dagrun for example_python_operator to None, run_after=None
[2024-02-16T20:16:29.395+0000] {processor.py:179} INFO - Processing /usr/local/python/3.10.13/lib/python3.10/site-packages/airflow/example_dags/example_python_operator.py took 0.108 seconds
[2024-02-16T20:17:23.277+0000] {processor.py:157} INFO - Started process (PID=23962) to work on /usr/local/python/3.10.13/lib/python3.10/site-packages/airflow/example_dags/example_python_operator.py
[2024-02-16T20:17:23.278+0000] {processor.py:826} INFO - Processing file /usr/local/python/3.10.13/lib/python3.10/site-packages/airflow/example_dags/example_python_operator.py for tasks to queue
[2024-02-16T20:17:23.279+0000] {logging_mixin.py:150} INFO - [2024-02-16T20:17:23.278+0000] {dagbag.py:541} INFO - Filling up the DagBag from /usr/local/python/3.10.13/lib/python3.10/site-packages/airflow/example_dags/example_python_operator.py
[2024-02-16T20:17:23.287+0000] {processor.py:836} INFO - DAG(s) dict_keys(['example_python_operator']) retrieved from /usr/local/python/3.10.13/lib/python3.10/site-packages/airflow/example_dags/example_python_operator.py
[2024-02-16T20:17:23.301+0000] {logging_mixin.py:150} INFO - [2024-02-16T20:17:23.301+0000] {dag.py:2742} INFO - Sync 1 DAGs
[2024-02-16T20:17:23.316+0000] {logging_mixin.py:150} INFO - [2024-02-16T20:17:23.315+0000] {dag.py:3504} INFO - Setting next_dagrun for example_python_operator to None, run_after=None
[2024-02-16T20:17:23.367+0000] {processor.py:179} INFO - Processing /usr/local/python/3.10.13/lib/python3.10/site-packages/airflow/example_dags/example_python_operator.py took 0.092 seconds
[2024-02-16T20:18:16.261+0000] {processor.py:157} INFO - Started process (PID=24359) to work on /usr/local/python/3.10.13/lib/python3.10/site-packages/airflow/example_dags/example_python_operator.py
[2024-02-16T20:18:16.262+0000] {processor.py:826} INFO - Processing file /usr/local/python/3.10.13/lib/python3.10/site-packages/airflow/example_dags/example_python_operator.py for tasks to queue
[2024-02-16T20:18:16.263+0000] {logging_mixin.py:150} INFO - [2024-02-16T20:18:16.263+0000] {dagbag.py:541} INFO - Filling up the DagBag from /usr/local/python/3.10.13/lib/python3.10/site-packages/airflow/example_dags/example_python_operator.py
[2024-02-16T20:18:16.271+0000] {processor.py:836} INFO - DAG(s) dict_keys(['example_python_operator']) retrieved from /usr/local/python/3.10.13/lib/python3.10/site-packages/airflow/example_dags/example_python_operator.py
[2024-02-16T20:18:16.286+0000] {logging_mixin.py:150} INFO - [2024-02-16T20:18:16.286+0000] {dag.py:2742} INFO - Sync 1 DAGs
[2024-02-16T20:18:16.302+0000] {logging_mixin.py:150} INFO - [2024-02-16T20:18:16.301+0000] {dag.py:3504} INFO - Setting next_dagrun for example_python_operator to None, run_after=None
[2024-02-16T20:18:16.348+0000] {processor.py:179} INFO - Processing /usr/local/python/3.10.13/lib/python3.10/site-packages/airflow/example_dags/example_python_operator.py took 0.090 seconds
[2024-02-16T20:19:09.171+0000] {processor.py:157} INFO - Started process (PID=24748) to work on /usr/local/python/3.10.13/lib/python3.10/site-packages/airflow/example_dags/example_python_operator.py
[2024-02-16T20:19:09.171+0000] {processor.py:826} INFO - Processing file /usr/local/python/3.10.13/lib/python3.10/site-packages/airflow/example_dags/example_python_operator.py for tasks to queue
[2024-02-16T20:19:09.172+0000] {logging_mixin.py:150} INFO - [2024-02-16T20:19:09.172+0000] {dagbag.py:541} INFO - Filling up the DagBag from /usr/local/python/3.10.13/lib/python3.10/site-packages/airflow/example_dags/example_python_operator.py
[2024-02-16T20:19:09.182+0000] {processor.py:836} INFO - DAG(s) dict_keys(['example_python_operator']) retrieved from /usr/local/python/3.10.13/lib/python3.10/site-packages/airflow/example_dags/example_python_operator.py
[2024-02-16T20:19:09.196+0000] {logging_mixin.py:150} INFO - [2024-02-16T20:19:09.196+0000] {dag.py:2742} INFO - Sync 1 DAGs
[2024-02-16T20:19:09.210+0000] {logging_mixin.py:150} INFO - [2024-02-16T20:19:09.210+0000] {dag.py:3504} INFO - Setting next_dagrun for example_python_operator to None, run_after=None
[2024-02-16T20:19:09.257+0000] {processor.py:179} INFO - Processing /usr/local/python/3.10.13/lib/python3.10/site-packages/airflow/example_dags/example_python_operator.py took 0.089 seconds
[2024-02-16T20:20:01.490+0000] {processor.py:157} INFO - Started process (PID=25138) to work on /usr/local/python/3.10.13/lib/python3.10/site-packages/airflow/example_dags/example_python_operator.py
[2024-02-16T20:20:01.491+0000] {processor.py:826} INFO - Processing file /usr/local/python/3.10.13/lib/python3.10/site-packages/airflow/example_dags/example_python_operator.py for tasks to queue
[2024-02-16T20:20:01.492+0000] {logging_mixin.py:150} INFO - [2024-02-16T20:20:01.492+0000] {dagbag.py:541} INFO - Filling up the DagBag from /usr/local/python/3.10.13/lib/python3.10/site-packages/airflow/example_dags/example_python_operator.py
[2024-02-16T20:20:01.504+0000] {processor.py:836} INFO - DAG(s) dict_keys(['example_python_operator']) retrieved from /usr/local/python/3.10.13/lib/python3.10/site-packages/airflow/example_dags/example_python_operator.py
[2024-02-16T20:20:01.525+0000] {logging_mixin.py:150} INFO - [2024-02-16T20:20:01.525+0000] {dag.py:2742} INFO - Sync 1 DAGs
[2024-02-16T20:20:01.545+0000] {logging_mixin.py:150} INFO - [2024-02-16T20:20:01.545+0000] {dag.py:3504} INFO - Setting next_dagrun for example_python_operator to None, run_after=None
[2024-02-16T20:20:01.593+0000] {processor.py:179} INFO - Processing /usr/local/python/3.10.13/lib/python3.10/site-packages/airflow/example_dags/example_python_operator.py took 0.107 seconds
[2024-02-16T20:20:55.410+0000] {processor.py:157} INFO - Started process (PID=25546) to work on /usr/local/python/3.10.13/lib/python3.10/site-packages/airflow/example_dags/example_python_operator.py
[2024-02-16T20:20:55.410+0000] {processor.py:826} INFO - Processing file /usr/local/python/3.10.13/lib/python3.10/site-packages/airflow/example_dags/example_python_operator.py for tasks to queue
[2024-02-16T20:20:55.411+0000] {logging_mixin.py:150} INFO - [2024-02-16T20:20:55.411+0000] {dagbag.py:541} INFO - Filling up the DagBag from /usr/local/python/3.10.13/lib/python3.10/site-packages/airflow/example_dags/example_python_operator.py
[2024-02-16T20:20:55.419+0000] {processor.py:836} INFO - DAG(s) dict_keys(['example_python_operator']) retrieved from /usr/local/python/3.10.13/lib/python3.10/site-packages/airflow/example_dags/example_python_operator.py
[2024-02-16T20:20:55.433+0000] {logging_mixin.py:150} INFO - [2024-02-16T20:20:55.433+0000] {dag.py:2742} INFO - Sync 1 DAGs
[2024-02-16T20:20:55.449+0000] {logging_mixin.py:150} INFO - [2024-02-16T20:20:55.448+0000] {dag.py:3504} INFO - Setting next_dagrun for example_python_operator to None, run_after=None
[2024-02-16T20:20:55.511+0000] {processor.py:179} INFO - Processing /usr/local/python/3.10.13/lib/python3.10/site-packages/airflow/example_dags/example_python_operator.py took 0.103 seconds
[2024-02-16T20:21:50.033+0000] {processor.py:157} INFO - Started process (PID=25960) to work on /usr/local/python/3.10.13/lib/python3.10/site-packages/airflow/example_dags/example_python_operator.py
[2024-02-16T20:21:50.034+0000] {processor.py:826} INFO - Processing file /usr/local/python/3.10.13/lib/python3.10/site-packages/airflow/example_dags/example_python_operator.py for tasks to queue
[2024-02-16T20:21:50.034+0000] {logging_mixin.py:150} INFO - [2024-02-16T20:21:50.034+0000] {dagbag.py:541} INFO - Filling up the DagBag from /usr/local/python/3.10.13/lib/python3.10/site-packages/airflow/example_dags/example_python_operator.py
[2024-02-16T20:21:50.044+0000] {processor.py:836} INFO - DAG(s) dict_keys(['example_python_operator']) retrieved from /usr/local/python/3.10.13/lib/python3.10/site-packages/airflow/example_dags/example_python_operator.py
[2024-02-16T20:21:50.059+0000] {logging_mixin.py:150} INFO - [2024-02-16T20:21:50.059+0000] {dag.py:2742} INFO - Sync 1 DAGs
[2024-02-16T20:21:50.074+0000] {logging_mixin.py:150} INFO - [2024-02-16T20:21:50.074+0000] {dag.py:3504} INFO - Setting next_dagrun for example_python_operator to None, run_after=None
[2024-02-16T20:21:50.120+0000] {processor.py:179} INFO - Processing /usr/local/python/3.10.13/lib/python3.10/site-packages/airflow/example_dags/example_python_operator.py took 0.089 seconds
[2024-02-16T20:22:45.135+0000] {processor.py:157} INFO - Started process (PID=26363) to work on /usr/local/python/3.10.13/lib/python3.10/site-packages/airflow/example_dags/example_python_operator.py
[2024-02-16T20:22:45.136+0000] {processor.py:826} INFO - Processing file /usr/local/python/3.10.13/lib/python3.10/site-packages/airflow/example_dags/example_python_operator.py for tasks to queue
[2024-02-16T20:22:45.137+0000] {logging_mixin.py:150} INFO - [2024-02-16T20:22:45.136+0000] {dagbag.py:541} INFO - Filling up the DagBag from /usr/local/python/3.10.13/lib/python3.10/site-packages/airflow/example_dags/example_python_operator.py
[2024-02-16T20:22:45.145+0000] {processor.py:836} INFO - DAG(s) dict_keys(['example_python_operator']) retrieved from /usr/local/python/3.10.13/lib/python3.10/site-packages/airflow/example_dags/example_python_operator.py
[2024-02-16T20:22:45.159+0000] {logging_mixin.py:150} INFO - [2024-02-16T20:22:45.159+0000] {dag.py:2742} INFO - Sync 1 DAGs
[2024-02-16T20:22:45.175+0000] {logging_mixin.py:150} INFO - [2024-02-16T20:22:45.175+0000] {dag.py:3504} INFO - Setting next_dagrun for example_python_operator to None, run_after=None
[2024-02-16T20:22:45.228+0000] {processor.py:179} INFO - Processing /usr/local/python/3.10.13/lib/python3.10/site-packages/airflow/example_dags/example_python_operator.py took 0.094 seconds
[2024-02-16T20:23:35.879+0000] {processor.py:157} INFO - Started process (PID=26735) to work on /usr/local/python/3.10.13/lib/python3.10/site-packages/airflow/example_dags/example_python_operator.py
[2024-02-16T20:23:35.879+0000] {processor.py:826} INFO - Processing file /usr/local/python/3.10.13/lib/python3.10/site-packages/airflow/example_dags/example_python_operator.py for tasks to queue
[2024-02-16T20:23:35.880+0000] {logging_mixin.py:150} INFO - [2024-02-16T20:23:35.880+0000] {dagbag.py:541} INFO - Filling up the DagBag from /usr/local/python/3.10.13/lib/python3.10/site-packages/airflow/example_dags/example_python_operator.py
[2024-02-16T20:23:35.889+0000] {processor.py:836} INFO - DAG(s) dict_keys(['example_python_operator']) retrieved from /usr/local/python/3.10.13/lib/python3.10/site-packages/airflow/example_dags/example_python_operator.py
[2024-02-16T20:23:35.903+0000] {logging_mixin.py:150} INFO - [2024-02-16T20:23:35.903+0000] {dag.py:2742} INFO - Sync 1 DAGs
[2024-02-16T20:23:35.918+0000] {logging_mixin.py:150} INFO - [2024-02-16T20:23:35.918+0000] {dag.py:3504} INFO - Setting next_dagrun for example_python_operator to None, run_after=None
[2024-02-16T20:23:35.972+0000] {processor.py:179} INFO - Processing /usr/local/python/3.10.13/lib/python3.10/site-packages/airflow/example_dags/example_python_operator.py took 0.096 seconds
[2024-02-16T20:24:33.169+0000] {processor.py:157} INFO - Started process (PID=27224) to work on /usr/local/python/3.10.13/lib/python3.10/site-packages/airflow/example_dags/example_python_operator.py
[2024-02-16T20:24:33.170+0000] {processor.py:826} INFO - Processing file /usr/local/python/3.10.13/lib/python3.10/site-packages/airflow/example_dags/example_python_operator.py for tasks to queue
[2024-02-16T20:24:33.171+0000] {logging_mixin.py:150} INFO - [2024-02-16T20:24:33.171+0000] {dagbag.py:541} INFO - Filling up the DagBag from /usr/local/python/3.10.13/lib/python3.10/site-packages/airflow/example_dags/example_python_operator.py
[2024-02-16T20:24:33.182+0000] {processor.py:836} INFO - DAG(s) dict_keys(['example_python_operator']) retrieved from /usr/local/python/3.10.13/lib/python3.10/site-packages/airflow/example_dags/example_python_operator.py
[2024-02-16T20:24:33.197+0000] {logging_mixin.py:150} INFO - [2024-02-16T20:24:33.197+0000] {dag.py:2742} INFO - Sync 1 DAGs
[2024-02-16T20:24:33.213+0000] {logging_mixin.py:150} INFO - [2024-02-16T20:24:33.213+0000] {dag.py:3504} INFO - Setting next_dagrun for example_python_operator to None, run_after=None
[2024-02-16T20:24:33.263+0000] {processor.py:179} INFO - Processing /usr/local/python/3.10.13/lib/python3.10/site-packages/airflow/example_dags/example_python_operator.py took 0.096 seconds
