[2024-02-16T20:09:23.371+0000] {processor.py:157} INFO - Started process (PID=20139) to work on /usr/local/python/3.10.13/lib/python3.10/site-packages/airflow/example_dags/example_params_ui_tutorial.py
[2024-02-16T20:09:23.372+0000] {processor.py:826} INFO - Processing file /usr/local/python/3.10.13/lib/python3.10/site-packages/airflow/example_dags/example_params_ui_tutorial.py for tasks to queue
[2024-02-16T20:09:23.372+0000] {logging_mixin.py:150} INFO - [2024-02-16T20:09:23.372+0000] {dagbag.py:541} INFO - Filling up the DagBag from /usr/local/python/3.10.13/lib/python3.10/site-packages/airflow/example_dags/example_params_ui_tutorial.py
[2024-02-16T20:09:23.391+0000] {processor.py:836} INFO - DAG(s) dict_keys(['example_params_ui_tutorial']) retrieved from /usr/local/python/3.10.13/lib/python3.10/site-packages/airflow/example_dags/example_params_ui_tutorial.py
[2024-02-16T20:09:23.563+0000] {logging_mixin.py:150} INFO - [2024-02-16T20:09:23.562+0000] {manager.py:504} INFO - Created Permission View: can read on DAG:example_params_ui_tutorial
[2024-02-16T20:09:23.603+0000] {logging_mixin.py:150} INFO - [2024-02-16T20:09:23.603+0000] {manager.py:504} INFO - Created Permission View: can edit on DAG:example_params_ui_tutorial
[2024-02-16T20:09:23.641+0000] {logging_mixin.py:150} INFO - [2024-02-16T20:09:23.641+0000] {manager.py:504} INFO - Created Permission View: can delete on DAG:example_params_ui_tutorial
[2024-02-16T20:09:23.650+0000] {logging_mixin.py:150} INFO - [2024-02-16T20:09:23.650+0000] {dag.py:2742} INFO - Sync 1 DAGs
[2024-02-16T20:09:23.657+0000] {logging_mixin.py:150} INFO - [2024-02-16T20:09:23.657+0000] {dag.py:2763} INFO - Creating ORM DAG for example_params_ui_tutorial
[2024-02-16T20:09:23.664+0000] {logging_mixin.py:150} INFO - [2024-02-16T20:09:23.664+0000] {dag.py:3504} INFO - Setting next_dagrun for example_params_ui_tutorial to None, run_after=None
[2024-02-16T20:09:23.717+0000] {processor.py:179} INFO - Processing /usr/local/python/3.10.13/lib/python3.10/site-packages/airflow/example_dags/example_params_ui_tutorial.py took 0.348 seconds
[2024-02-16T20:10:16.701+0000] {processor.py:157} INFO - Started process (PID=20583) to work on /usr/local/python/3.10.13/lib/python3.10/site-packages/airflow/example_dags/example_params_ui_tutorial.py
[2024-02-16T20:10:16.702+0000] {processor.py:826} INFO - Processing file /usr/local/python/3.10.13/lib/python3.10/site-packages/airflow/example_dags/example_params_ui_tutorial.py for tasks to queue
[2024-02-16T20:10:16.703+0000] {logging_mixin.py:150} INFO - [2024-02-16T20:10:16.702+0000] {dagbag.py:541} INFO - Filling up the DagBag from /usr/local/python/3.10.13/lib/python3.10/site-packages/airflow/example_dags/example_params_ui_tutorial.py
[2024-02-16T20:10:16.721+0000] {processor.py:836} INFO - DAG(s) dict_keys(['example_params_ui_tutorial']) retrieved from /usr/local/python/3.10.13/lib/python3.10/site-packages/airflow/example_dags/example_params_ui_tutorial.py
[2024-02-16T20:10:16.751+0000] {logging_mixin.py:150} INFO - [2024-02-16T20:10:16.751+0000] {dag.py:2742} INFO - Sync 1 DAGs
[2024-02-16T20:10:16.766+0000] {logging_mixin.py:150} INFO - [2024-02-16T20:10:16.766+0000] {dag.py:3504} INFO - Setting next_dagrun for example_params_ui_tutorial to None, run_after=None
[2024-02-16T20:10:16.824+0000] {processor.py:179} INFO - Processing /usr/local/python/3.10.13/lib/python3.10/site-packages/airflow/example_dags/example_params_ui_tutorial.py took 0.124 seconds
[2024-02-16T20:11:32.223+0000] {processor.py:157} INFO - Started process (PID=21348) to work on /usr/local/python/3.10.13/lib/python3.10/site-packages/airflow/example_dags/example_params_ui_tutorial.py
[2024-02-16T20:11:32.224+0000] {processor.py:826} INFO - Processing file /usr/local/python/3.10.13/lib/python3.10/site-packages/airflow/example_dags/example_params_ui_tutorial.py for tasks to queue
[2024-02-16T20:11:32.224+0000] {logging_mixin.py:150} INFO - [2024-02-16T20:11:32.224+0000] {dagbag.py:541} INFO - Filling up the DagBag from /usr/local/python/3.10.13/lib/python3.10/site-packages/airflow/example_dags/example_params_ui_tutorial.py
[2024-02-16T20:11:32.243+0000] {processor.py:836} INFO - DAG(s) dict_keys(['example_params_ui_tutorial']) retrieved from /usr/local/python/3.10.13/lib/python3.10/site-packages/airflow/example_dags/example_params_ui_tutorial.py
[2024-02-16T20:11:32.271+0000] {logging_mixin.py:150} INFO - [2024-02-16T20:11:32.271+0000] {dag.py:2742} INFO - Sync 1 DAGs
[2024-02-16T20:11:32.286+0000] {logging_mixin.py:150} INFO - [2024-02-16T20:11:32.285+0000] {dag.py:3504} INFO - Setting next_dagrun for example_params_ui_tutorial to None, run_after=None
[2024-02-16T20:11:32.331+0000] {processor.py:179} INFO - Processing /usr/local/python/3.10.13/lib/python3.10/site-packages/airflow/example_dags/example_params_ui_tutorial.py took 0.110 seconds
[2024-02-16T20:12:19.948+0000] {processor.py:157} INFO - Started process (PID=21705) to work on /usr/local/python/3.10.13/lib/python3.10/site-packages/airflow/example_dags/example_params_ui_tutorial.py
[2024-02-16T20:12:19.949+0000] {processor.py:826} INFO - Processing file /usr/local/python/3.10.13/lib/python3.10/site-packages/airflow/example_dags/example_params_ui_tutorial.py for tasks to queue
[2024-02-16T20:12:19.950+0000] {logging_mixin.py:150} INFO - [2024-02-16T20:12:19.949+0000] {dagbag.py:541} INFO - Filling up the DagBag from /usr/local/python/3.10.13/lib/python3.10/site-packages/airflow/example_dags/example_params_ui_tutorial.py
[2024-02-16T20:12:19.969+0000] {processor.py:836} INFO - DAG(s) dict_keys(['example_params_ui_tutorial']) retrieved from /usr/local/python/3.10.13/lib/python3.10/site-packages/airflow/example_dags/example_params_ui_tutorial.py
[2024-02-16T20:12:19.998+0000] {logging_mixin.py:150} INFO - [2024-02-16T20:12:19.998+0000] {dag.py:2742} INFO - Sync 1 DAGs
[2024-02-16T20:12:20.012+0000] {logging_mixin.py:150} INFO - [2024-02-16T20:12:20.012+0000] {dag.py:3504} INFO - Setting next_dagrun for example_params_ui_tutorial to None, run_after=None
[2024-02-16T20:12:20.062+0000] {processor.py:179} INFO - Processing /usr/local/python/3.10.13/lib/python3.10/site-packages/airflow/example_dags/example_params_ui_tutorial.py took 0.116 seconds
[2024-02-16T20:13:09.377+0000] {processor.py:157} INFO - Started process (PID=22068) to work on /usr/local/python/3.10.13/lib/python3.10/site-packages/airflow/example_dags/example_params_ui_tutorial.py
[2024-02-16T20:13:09.378+0000] {processor.py:826} INFO - Processing file /usr/local/python/3.10.13/lib/python3.10/site-packages/airflow/example_dags/example_params_ui_tutorial.py for tasks to queue
[2024-02-16T20:13:09.379+0000] {logging_mixin.py:150} INFO - [2024-02-16T20:13:09.378+0000] {dagbag.py:541} INFO - Filling up the DagBag from /usr/local/python/3.10.13/lib/python3.10/site-packages/airflow/example_dags/example_params_ui_tutorial.py
[2024-02-16T20:13:09.397+0000] {processor.py:836} INFO - DAG(s) dict_keys(['example_params_ui_tutorial']) retrieved from /usr/local/python/3.10.13/lib/python3.10/site-packages/airflow/example_dags/example_params_ui_tutorial.py
[2024-02-16T20:13:09.425+0000] {logging_mixin.py:150} INFO - [2024-02-16T20:13:09.424+0000] {dag.py:2742} INFO - Sync 1 DAGs
[2024-02-16T20:13:09.439+0000] {logging_mixin.py:150} INFO - [2024-02-16T20:13:09.439+0000] {dag.py:3504} INFO - Setting next_dagrun for example_params_ui_tutorial to None, run_after=None
[2024-02-16T20:13:09.489+0000] {processor.py:179} INFO - Processing /usr/local/python/3.10.13/lib/python3.10/site-packages/airflow/example_dags/example_params_ui_tutorial.py took 0.114 seconds
[2024-02-16T20:14:03.727+0000] {processor.py:157} INFO - Started process (PID=22468) to work on /usr/local/python/3.10.13/lib/python3.10/site-packages/airflow/example_dags/example_params_ui_tutorial.py
[2024-02-16T20:14:03.727+0000] {processor.py:826} INFO - Processing file /usr/local/python/3.10.13/lib/python3.10/site-packages/airflow/example_dags/example_params_ui_tutorial.py for tasks to queue
[2024-02-16T20:14:03.728+0000] {logging_mixin.py:150} INFO - [2024-02-16T20:14:03.728+0000] {dagbag.py:541} INFO - Filling up the DagBag from /usr/local/python/3.10.13/lib/python3.10/site-packages/airflow/example_dags/example_params_ui_tutorial.py
[2024-02-16T20:14:03.747+0000] {processor.py:836} INFO - DAG(s) dict_keys(['example_params_ui_tutorial']) retrieved from /usr/local/python/3.10.13/lib/python3.10/site-packages/airflow/example_dags/example_params_ui_tutorial.py
[2024-02-16T20:14:03.775+0000] {logging_mixin.py:150} INFO - [2024-02-16T20:14:03.775+0000] {dag.py:2742} INFO - Sync 1 DAGs
[2024-02-16T20:14:03.790+0000] {logging_mixin.py:150} INFO - [2024-02-16T20:14:03.790+0000] {dag.py:3504} INFO - Setting next_dagrun for example_params_ui_tutorial to None, run_after=None
[2024-02-16T20:14:03.840+0000] {processor.py:179} INFO - Processing /usr/local/python/3.10.13/lib/python3.10/site-packages/airflow/example_dags/example_params_ui_tutorial.py took 0.115 seconds
[2024-02-16T20:14:50.921+0000] {processor.py:157} INFO - Started process (PID=22824) to work on /usr/local/python/3.10.13/lib/python3.10/site-packages/airflow/example_dags/example_params_ui_tutorial.py
[2024-02-16T20:14:50.922+0000] {processor.py:826} INFO - Processing file /usr/local/python/3.10.13/lib/python3.10/site-packages/airflow/example_dags/example_params_ui_tutorial.py for tasks to queue
[2024-02-16T20:14:50.922+0000] {logging_mixin.py:150} INFO - [2024-02-16T20:14:50.922+0000] {dagbag.py:541} INFO - Filling up the DagBag from /usr/local/python/3.10.13/lib/python3.10/site-packages/airflow/example_dags/example_params_ui_tutorial.py
[2024-02-16T20:14:50.943+0000] {processor.py:836} INFO - DAG(s) dict_keys(['example_params_ui_tutorial']) retrieved from /usr/local/python/3.10.13/lib/python3.10/site-packages/airflow/example_dags/example_params_ui_tutorial.py
[2024-02-16T20:14:50.970+0000] {logging_mixin.py:150} INFO - [2024-02-16T20:14:50.970+0000] {dag.py:2742} INFO - Sync 1 DAGs
[2024-02-16T20:14:50.985+0000] {logging_mixin.py:150} INFO - [2024-02-16T20:14:50.985+0000] {dag.py:3504} INFO - Setting next_dagrun for example_params_ui_tutorial to None, run_after=None
[2024-02-16T20:14:51.030+0000] {processor.py:179} INFO - Processing /usr/local/python/3.10.13/lib/python3.10/site-packages/airflow/example_dags/example_params_ui_tutorial.py took 0.111 seconds
[2024-02-16T20:15:41.129+0000] {processor.py:157} INFO - Started process (PID=23207) to work on /usr/local/python/3.10.13/lib/python3.10/site-packages/airflow/example_dags/example_params_ui_tutorial.py
[2024-02-16T20:15:41.130+0000] {processor.py:826} INFO - Processing file /usr/local/python/3.10.13/lib/python3.10/site-packages/airflow/example_dags/example_params_ui_tutorial.py for tasks to queue
[2024-02-16T20:15:41.130+0000] {logging_mixin.py:150} INFO - [2024-02-16T20:15:41.130+0000] {dagbag.py:541} INFO - Filling up the DagBag from /usr/local/python/3.10.13/lib/python3.10/site-packages/airflow/example_dags/example_params_ui_tutorial.py
[2024-02-16T20:15:41.150+0000] {processor.py:836} INFO - DAG(s) dict_keys(['example_params_ui_tutorial']) retrieved from /usr/local/python/3.10.13/lib/python3.10/site-packages/airflow/example_dags/example_params_ui_tutorial.py
[2024-02-16T20:15:41.180+0000] {logging_mixin.py:150} INFO - [2024-02-16T20:15:41.180+0000] {dag.py:2742} INFO - Sync 1 DAGs
[2024-02-16T20:15:41.197+0000] {logging_mixin.py:150} INFO - [2024-02-16T20:15:41.196+0000] {dag.py:3504} INFO - Setting next_dagrun for example_params_ui_tutorial to None, run_after=None
[2024-02-16T20:15:41.244+0000] {processor.py:179} INFO - Processing /usr/local/python/3.10.13/lib/python3.10/site-packages/airflow/example_dags/example_params_ui_tutorial.py took 0.117 seconds
[2024-02-16T20:16:34.453+0000] {processor.py:157} INFO - Started process (PID=23600) to work on /usr/local/python/3.10.13/lib/python3.10/site-packages/airflow/example_dags/example_params_ui_tutorial.py
[2024-02-16T20:16:34.454+0000] {processor.py:826} INFO - Processing file /usr/local/python/3.10.13/lib/python3.10/site-packages/airflow/example_dags/example_params_ui_tutorial.py for tasks to queue
[2024-02-16T20:16:34.455+0000] {logging_mixin.py:150} INFO - [2024-02-16T20:16:34.455+0000] {dagbag.py:541} INFO - Filling up the DagBag from /usr/local/python/3.10.13/lib/python3.10/site-packages/airflow/example_dags/example_params_ui_tutorial.py
[2024-02-16T20:16:34.478+0000] {processor.py:836} INFO - DAG(s) dict_keys(['example_params_ui_tutorial']) retrieved from /usr/local/python/3.10.13/lib/python3.10/site-packages/airflow/example_dags/example_params_ui_tutorial.py
[2024-02-16T20:16:34.506+0000] {logging_mixin.py:150} INFO - [2024-02-16T20:16:34.506+0000] {dag.py:2742} INFO - Sync 1 DAGs
[2024-02-16T20:16:34.520+0000] {logging_mixin.py:150} INFO - [2024-02-16T20:16:34.520+0000] {dag.py:3504} INFO - Setting next_dagrun for example_params_ui_tutorial to None, run_after=None
[2024-02-16T20:16:34.566+0000] {processor.py:179} INFO - Processing /usr/local/python/3.10.13/lib/python3.10/site-packages/airflow/example_dags/example_params_ui_tutorial.py took 0.115 seconds
[2024-02-16T20:17:29.091+0000] {processor.py:157} INFO - Started process (PID=24000) to work on /usr/local/python/3.10.13/lib/python3.10/site-packages/airflow/example_dags/example_params_ui_tutorial.py
[2024-02-16T20:17:29.092+0000] {processor.py:826} INFO - Processing file /usr/local/python/3.10.13/lib/python3.10/site-packages/airflow/example_dags/example_params_ui_tutorial.py for tasks to queue
[2024-02-16T20:17:29.092+0000] {logging_mixin.py:150} INFO - [2024-02-16T20:17:29.092+0000] {dagbag.py:541} INFO - Filling up the DagBag from /usr/local/python/3.10.13/lib/python3.10/site-packages/airflow/example_dags/example_params_ui_tutorial.py
[2024-02-16T20:17:29.111+0000] {processor.py:836} INFO - DAG(s) dict_keys(['example_params_ui_tutorial']) retrieved from /usr/local/python/3.10.13/lib/python3.10/site-packages/airflow/example_dags/example_params_ui_tutorial.py
[2024-02-16T20:17:29.139+0000] {logging_mixin.py:150} INFO - [2024-02-16T20:17:29.138+0000] {dag.py:2742} INFO - Sync 1 DAGs
[2024-02-16T20:17:29.153+0000] {logging_mixin.py:150} INFO - [2024-02-16T20:17:29.153+0000] {dag.py:3504} INFO - Setting next_dagrun for example_params_ui_tutorial to None, run_after=None
[2024-02-16T20:17:29.200+0000] {processor.py:179} INFO - Processing /usr/local/python/3.10.13/lib/python3.10/site-packages/airflow/example_dags/example_params_ui_tutorial.py took 0.111 seconds
[2024-02-16T20:18:22.035+0000] {processor.py:157} INFO - Started process (PID=24410) to work on /usr/local/python/3.10.13/lib/python3.10/site-packages/airflow/example_dags/example_params_ui_tutorial.py
[2024-02-16T20:18:22.035+0000] {processor.py:826} INFO - Processing file /usr/local/python/3.10.13/lib/python3.10/site-packages/airflow/example_dags/example_params_ui_tutorial.py for tasks to queue
[2024-02-16T20:18:22.036+0000] {logging_mixin.py:150} INFO - [2024-02-16T20:18:22.036+0000] {dagbag.py:541} INFO - Filling up the DagBag from /usr/local/python/3.10.13/lib/python3.10/site-packages/airflow/example_dags/example_params_ui_tutorial.py
[2024-02-16T20:18:22.056+0000] {processor.py:836} INFO - DAG(s) dict_keys(['example_params_ui_tutorial']) retrieved from /usr/local/python/3.10.13/lib/python3.10/site-packages/airflow/example_dags/example_params_ui_tutorial.py
[2024-02-16T20:18:22.086+0000] {logging_mixin.py:150} INFO - [2024-02-16T20:18:22.086+0000] {dag.py:2742} INFO - Sync 1 DAGs
[2024-02-16T20:18:22.101+0000] {logging_mixin.py:150} INFO - [2024-02-16T20:18:22.101+0000] {dag.py:3504} INFO - Setting next_dagrun for example_params_ui_tutorial to None, run_after=None
[2024-02-16T20:18:22.148+0000] {processor.py:179} INFO - Processing /usr/local/python/3.10.13/lib/python3.10/site-packages/airflow/example_dags/example_params_ui_tutorial.py took 0.115 seconds
[2024-02-16T20:19:13.682+0000] {processor.py:157} INFO - Started process (PID=24798) to work on /usr/local/python/3.10.13/lib/python3.10/site-packages/airflow/example_dags/example_params_ui_tutorial.py
[2024-02-16T20:19:13.683+0000] {processor.py:826} INFO - Processing file /usr/local/python/3.10.13/lib/python3.10/site-packages/airflow/example_dags/example_params_ui_tutorial.py for tasks to queue
[2024-02-16T20:19:13.684+0000] {logging_mixin.py:150} INFO - [2024-02-16T20:19:13.683+0000] {dagbag.py:541} INFO - Filling up the DagBag from /usr/local/python/3.10.13/lib/python3.10/site-packages/airflow/example_dags/example_params_ui_tutorial.py
[2024-02-16T20:19:13.703+0000] {processor.py:836} INFO - DAG(s) dict_keys(['example_params_ui_tutorial']) retrieved from /usr/local/python/3.10.13/lib/python3.10/site-packages/airflow/example_dags/example_params_ui_tutorial.py
[2024-02-16T20:19:13.731+0000] {logging_mixin.py:150} INFO - [2024-02-16T20:19:13.731+0000] {dag.py:2742} INFO - Sync 1 DAGs
[2024-02-16T20:19:13.749+0000] {logging_mixin.py:150} INFO - [2024-02-16T20:19:13.749+0000] {dag.py:3504} INFO - Setting next_dagrun for example_params_ui_tutorial to None, run_after=None
[2024-02-16T20:19:13.802+0000] {processor.py:179} INFO - Processing /usr/local/python/3.10.13/lib/python3.10/site-packages/airflow/example_dags/example_params_ui_tutorial.py took 0.123 seconds
[2024-02-16T20:20:06.758+0000] {processor.py:157} INFO - Started process (PID=25185) to work on /usr/local/python/3.10.13/lib/python3.10/site-packages/airflow/example_dags/example_params_ui_tutorial.py
[2024-02-16T20:20:06.758+0000] {processor.py:826} INFO - Processing file /usr/local/python/3.10.13/lib/python3.10/site-packages/airflow/example_dags/example_params_ui_tutorial.py for tasks to queue
[2024-02-16T20:20:06.759+0000] {logging_mixin.py:150} INFO - [2024-02-16T20:20:06.759+0000] {dagbag.py:541} INFO - Filling up the DagBag from /usr/local/python/3.10.13/lib/python3.10/site-packages/airflow/example_dags/example_params_ui_tutorial.py
[2024-02-16T20:20:06.779+0000] {processor.py:836} INFO - DAG(s) dict_keys(['example_params_ui_tutorial']) retrieved from /usr/local/python/3.10.13/lib/python3.10/site-packages/airflow/example_dags/example_params_ui_tutorial.py
[2024-02-16T20:20:06.809+0000] {logging_mixin.py:150} INFO - [2024-02-16T20:20:06.809+0000] {dag.py:2742} INFO - Sync 1 DAGs
[2024-02-16T20:20:06.824+0000] {logging_mixin.py:150} INFO - [2024-02-16T20:20:06.824+0000] {dag.py:3504} INFO - Setting next_dagrun for example_params_ui_tutorial to None, run_after=None
[2024-02-16T20:20:06.871+0000] {processor.py:179} INFO - Processing /usr/local/python/3.10.13/lib/python3.10/site-packages/airflow/example_dags/example_params_ui_tutorial.py took 0.116 seconds
[2024-02-16T20:21:01.049+0000] {processor.py:157} INFO - Started process (PID=25585) to work on /usr/local/python/3.10.13/lib/python3.10/site-packages/airflow/example_dags/example_params_ui_tutorial.py
[2024-02-16T20:21:01.049+0000] {processor.py:826} INFO - Processing file /usr/local/python/3.10.13/lib/python3.10/site-packages/airflow/example_dags/example_params_ui_tutorial.py for tasks to queue
[2024-02-16T20:21:01.050+0000] {logging_mixin.py:150} INFO - [2024-02-16T20:21:01.050+0000] {dagbag.py:541} INFO - Filling up the DagBag from /usr/local/python/3.10.13/lib/python3.10/site-packages/airflow/example_dags/example_params_ui_tutorial.py
[2024-02-16T20:21:01.069+0000] {processor.py:836} INFO - DAG(s) dict_keys(['example_params_ui_tutorial']) retrieved from /usr/local/python/3.10.13/lib/python3.10/site-packages/airflow/example_dags/example_params_ui_tutorial.py
[2024-02-16T20:21:01.114+0000] {logging_mixin.py:150} INFO - [2024-02-16T20:21:01.114+0000] {dag.py:2742} INFO - Sync 1 DAGs
[2024-02-16T20:21:01.129+0000] {logging_mixin.py:150} INFO - [2024-02-16T20:21:01.129+0000] {dag.py:3504} INFO - Setting next_dagrun for example_params_ui_tutorial to None, run_after=None
[2024-02-16T20:21:01.177+0000] {processor.py:179} INFO - Processing /usr/local/python/3.10.13/lib/python3.10/site-packages/airflow/example_dags/example_params_ui_tutorial.py took 0.130 seconds
[2024-02-16T20:21:55.210+0000] {processor.py:157} INFO - Started process (PID=25992) to work on /usr/local/python/3.10.13/lib/python3.10/site-packages/airflow/example_dags/example_params_ui_tutorial.py
[2024-02-16T20:21:55.213+0000] {processor.py:826} INFO - Processing file /usr/local/python/3.10.13/lib/python3.10/site-packages/airflow/example_dags/example_params_ui_tutorial.py for tasks to queue
[2024-02-16T20:21:55.214+0000] {logging_mixin.py:150} INFO - [2024-02-16T20:21:55.214+0000] {dagbag.py:541} INFO - Filling up the DagBag from /usr/local/python/3.10.13/lib/python3.10/site-packages/airflow/example_dags/example_params_ui_tutorial.py
[2024-02-16T20:21:55.259+0000] {processor.py:836} INFO - DAG(s) dict_keys(['example_params_ui_tutorial']) retrieved from /usr/local/python/3.10.13/lib/python3.10/site-packages/airflow/example_dags/example_params_ui_tutorial.py
[2024-02-16T20:21:55.295+0000] {logging_mixin.py:150} INFO - [2024-02-16T20:21:55.295+0000] {dag.py:2742} INFO - Sync 1 DAGs
[2024-02-16T20:21:55.312+0000] {logging_mixin.py:150} INFO - [2024-02-16T20:21:55.312+0000] {dag.py:3504} INFO - Setting next_dagrun for example_params_ui_tutorial to None, run_after=None
[2024-02-16T20:21:55.358+0000] {processor.py:179} INFO - Processing /usr/local/python/3.10.13/lib/python3.10/site-packages/airflow/example_dags/example_params_ui_tutorial.py took 0.152 seconds
[2024-02-16T20:22:50.532+0000] {processor.py:157} INFO - Started process (PID=26415) to work on /usr/local/python/3.10.13/lib/python3.10/site-packages/airflow/example_dags/example_params_ui_tutorial.py
[2024-02-16T20:22:50.533+0000] {processor.py:826} INFO - Processing file /usr/local/python/3.10.13/lib/python3.10/site-packages/airflow/example_dags/example_params_ui_tutorial.py for tasks to queue
[2024-02-16T20:22:50.533+0000] {logging_mixin.py:150} INFO - [2024-02-16T20:22:50.533+0000] {dagbag.py:541} INFO - Filling up the DagBag from /usr/local/python/3.10.13/lib/python3.10/site-packages/airflow/example_dags/example_params_ui_tutorial.py
[2024-02-16T20:22:50.552+0000] {processor.py:836} INFO - DAG(s) dict_keys(['example_params_ui_tutorial']) retrieved from /usr/local/python/3.10.13/lib/python3.10/site-packages/airflow/example_dags/example_params_ui_tutorial.py
[2024-02-16T20:22:50.580+0000] {logging_mixin.py:150} INFO - [2024-02-16T20:22:50.580+0000] {dag.py:2742} INFO - Sync 1 DAGs
[2024-02-16T20:22:50.596+0000] {logging_mixin.py:150} INFO - [2024-02-16T20:22:50.596+0000] {dag.py:3504} INFO - Setting next_dagrun for example_params_ui_tutorial to None, run_after=None
[2024-02-16T20:22:50.642+0000] {processor.py:179} INFO - Processing /usr/local/python/3.10.13/lib/python3.10/site-packages/airflow/example_dags/example_params_ui_tutorial.py took 0.112 seconds
[2024-02-16T20:23:41.063+0000] {processor.py:157} INFO - Started process (PID=26776) to work on /usr/local/python/3.10.13/lib/python3.10/site-packages/airflow/example_dags/example_params_ui_tutorial.py
[2024-02-16T20:23:41.064+0000] {processor.py:826} INFO - Processing file /usr/local/python/3.10.13/lib/python3.10/site-packages/airflow/example_dags/example_params_ui_tutorial.py for tasks to queue
[2024-02-16T20:23:41.064+0000] {logging_mixin.py:150} INFO - [2024-02-16T20:23:41.064+0000] {dagbag.py:541} INFO - Filling up the DagBag from /usr/local/python/3.10.13/lib/python3.10/site-packages/airflow/example_dags/example_params_ui_tutorial.py
[2024-02-16T20:23:41.087+0000] {processor.py:836} INFO - DAG(s) dict_keys(['example_params_ui_tutorial']) retrieved from /usr/local/python/3.10.13/lib/python3.10/site-packages/airflow/example_dags/example_params_ui_tutorial.py
[2024-02-16T20:23:41.123+0000] {logging_mixin.py:150} INFO - [2024-02-16T20:23:41.123+0000] {dag.py:2742} INFO - Sync 1 DAGs
[2024-02-16T20:23:41.138+0000] {logging_mixin.py:150} INFO - [2024-02-16T20:23:41.138+0000] {dag.py:3504} INFO - Setting next_dagrun for example_params_ui_tutorial to None, run_after=None
[2024-02-16T20:23:41.186+0000] {processor.py:179} INFO - Processing /usr/local/python/3.10.13/lib/python3.10/site-packages/airflow/example_dags/example_params_ui_tutorial.py took 0.125 seconds
