[2024-02-16T20:09:04.380+0000] {processor.py:157} INFO - Started process (PID=19984) to work on /usr/local/python/3.10.13/lib/python3.10/site-packages/airflow/example_dags/tutorial_taskflow_api.py
[2024-02-16T20:09:04.381+0000] {processor.py:826} INFO - Processing file /usr/local/python/3.10.13/lib/python3.10/site-packages/airflow/example_dags/tutorial_taskflow_api.py for tasks to queue
[2024-02-16T20:09:04.382+0000] {logging_mixin.py:150} INFO - [2024-02-16T20:09:04.382+0000] {dagbag.py:541} INFO - Filling up the DagBag from /usr/local/python/3.10.13/lib/python3.10/site-packages/airflow/example_dags/tutorial_taskflow_api.py
[2024-02-16T20:09:04.386+0000] {processor.py:836} INFO - DAG(s) dict_keys(['tutorial_taskflow_api']) retrieved from /usr/local/python/3.10.13/lib/python3.10/site-packages/airflow/example_dags/tutorial_taskflow_api.py
[2024-02-16T20:09:04.537+0000] {logging_mixin.py:150} INFO - [2024-02-16T20:09:04.537+0000] {manager.py:504} INFO - Created Permission View: can read on DAG:tutorial_taskflow_api
[2024-02-16T20:09:04.576+0000] {logging_mixin.py:150} INFO - [2024-02-16T20:09:04.576+0000] {manager.py:504} INFO - Created Permission View: can edit on DAG:tutorial_taskflow_api
[2024-02-16T20:09:04.612+0000] {logging_mixin.py:150} INFO - [2024-02-16T20:09:04.611+0000] {manager.py:504} INFO - Created Permission View: can delete on DAG:tutorial_taskflow_api
[2024-02-16T20:09:04.620+0000] {logging_mixin.py:150} INFO - [2024-02-16T20:09:04.620+0000] {dag.py:2742} INFO - Sync 1 DAGs
[2024-02-16T20:09:04.628+0000] {logging_mixin.py:150} INFO - [2024-02-16T20:09:04.628+0000] {dag.py:2763} INFO - Creating ORM DAG for tutorial_taskflow_api
[2024-02-16T20:09:04.635+0000] {logging_mixin.py:150} INFO - [2024-02-16T20:09:04.635+0000] {dag.py:3504} INFO - Setting next_dagrun for tutorial_taskflow_api to None, run_after=None
[2024-02-16T20:09:04.689+0000] {processor.py:179} INFO - Processing /usr/local/python/3.10.13/lib/python3.10/site-packages/airflow/example_dags/tutorial_taskflow_api.py took 0.310 seconds
[2024-02-16T20:10:02.471+0000] {processor.py:157} INFO - Started process (PID=20479) to work on /usr/local/python/3.10.13/lib/python3.10/site-packages/airflow/example_dags/tutorial_taskflow_api.py
[2024-02-16T20:10:02.472+0000] {processor.py:826} INFO - Processing file /usr/local/python/3.10.13/lib/python3.10/site-packages/airflow/example_dags/tutorial_taskflow_api.py for tasks to queue
[2024-02-16T20:10:02.472+0000] {logging_mixin.py:150} INFO - [2024-02-16T20:10:02.472+0000] {dagbag.py:541} INFO - Filling up the DagBag from /usr/local/python/3.10.13/lib/python3.10/site-packages/airflow/example_dags/tutorial_taskflow_api.py
[2024-02-16T20:10:02.477+0000] {processor.py:836} INFO - DAG(s) dict_keys(['tutorial_taskflow_api']) retrieved from /usr/local/python/3.10.13/lib/python3.10/site-packages/airflow/example_dags/tutorial_taskflow_api.py
[2024-02-16T20:10:02.489+0000] {logging_mixin.py:150} INFO - [2024-02-16T20:10:02.489+0000] {dag.py:2742} INFO - Sync 1 DAGs
[2024-02-16T20:10:02.504+0000] {logging_mixin.py:150} INFO - [2024-02-16T20:10:02.504+0000] {dag.py:3504} INFO - Setting next_dagrun for tutorial_taskflow_api to None, run_after=None
[2024-02-16T20:10:02.555+0000] {processor.py:179} INFO - Processing /usr/local/python/3.10.13/lib/python3.10/site-packages/airflow/example_dags/tutorial_taskflow_api.py took 0.087 seconds
[2024-02-16T20:10:44.667+0000] {processor.py:157} INFO - Started process (PID=20880) to work on /usr/local/python/3.10.13/lib/python3.10/site-packages/airflow/example_dags/tutorial_taskflow_api.py
[2024-02-16T20:10:44.667+0000] {processor.py:826} INFO - Processing file /usr/local/python/3.10.13/lib/python3.10/site-packages/airflow/example_dags/tutorial_taskflow_api.py for tasks to queue
[2024-02-16T20:10:44.668+0000] {logging_mixin.py:150} INFO - [2024-02-16T20:10:44.668+0000] {dagbag.py:541} INFO - Filling up the DagBag from /usr/local/python/3.10.13/lib/python3.10/site-packages/airflow/example_dags/tutorial_taskflow_api.py
[2024-02-16T20:10:44.673+0000] {processor.py:836} INFO - DAG(s) dict_keys(['tutorial_taskflow_api']) retrieved from /usr/local/python/3.10.13/lib/python3.10/site-packages/airflow/example_dags/tutorial_taskflow_api.py
[2024-02-16T20:10:44.685+0000] {logging_mixin.py:150} INFO - [2024-02-16T20:10:44.685+0000] {dag.py:2742} INFO - Sync 1 DAGs
[2024-02-16T20:10:44.702+0000] {logging_mixin.py:150} INFO - [2024-02-16T20:10:44.702+0000] {dag.py:3504} INFO - Setting next_dagrun for tutorial_taskflow_api to None, run_after=None
[2024-02-16T20:10:44.751+0000] {processor.py:179} INFO - Processing /usr/local/python/3.10.13/lib/python3.10/site-packages/airflow/example_dags/tutorial_taskflow_api.py took 0.086 seconds
[2024-02-16T20:11:16.714+0000] {processor.py:157} INFO - Started process (PID=21245) to work on /usr/local/python/3.10.13/lib/python3.10/site-packages/airflow/example_dags/tutorial_taskflow_api.py
[2024-02-16T20:11:16.715+0000] {processor.py:826} INFO - Processing file /usr/local/python/3.10.13/lib/python3.10/site-packages/airflow/example_dags/tutorial_taskflow_api.py for tasks to queue
[2024-02-16T20:11:16.715+0000] {logging_mixin.py:150} INFO - [2024-02-16T20:11:16.715+0000] {dagbag.py:541} INFO - Filling up the DagBag from /usr/local/python/3.10.13/lib/python3.10/site-packages/airflow/example_dags/tutorial_taskflow_api.py
[2024-02-16T20:11:16.720+0000] {processor.py:836} INFO - DAG(s) dict_keys(['tutorial_taskflow_api']) retrieved from /usr/local/python/3.10.13/lib/python3.10/site-packages/airflow/example_dags/tutorial_taskflow_api.py
[2024-02-16T20:11:16.733+0000] {logging_mixin.py:150} INFO - [2024-02-16T20:11:16.733+0000] {dag.py:2742} INFO - Sync 1 DAGs
[2024-02-16T20:11:16.749+0000] {logging_mixin.py:150} INFO - [2024-02-16T20:11:16.749+0000] {dag.py:3504} INFO - Setting next_dagrun for tutorial_taskflow_api to None, run_after=None
[2024-02-16T20:11:16.795+0000] {processor.py:179} INFO - Processing /usr/local/python/3.10.13/lib/python3.10/site-packages/airflow/example_dags/tutorial_taskflow_api.py took 0.083 seconds
[2024-02-16T20:12:05.822+0000] {processor.py:157} INFO - Started process (PID=21607) to work on /usr/local/python/3.10.13/lib/python3.10/site-packages/airflow/example_dags/tutorial_taskflow_api.py
[2024-02-16T20:12:05.823+0000] {processor.py:826} INFO - Processing file /usr/local/python/3.10.13/lib/python3.10/site-packages/airflow/example_dags/tutorial_taskflow_api.py for tasks to queue
[2024-02-16T20:12:05.823+0000] {logging_mixin.py:150} INFO - [2024-02-16T20:12:05.823+0000] {dagbag.py:541} INFO - Filling up the DagBag from /usr/local/python/3.10.13/lib/python3.10/site-packages/airflow/example_dags/tutorial_taskflow_api.py
[2024-02-16T20:12:05.828+0000] {processor.py:836} INFO - DAG(s) dict_keys(['tutorial_taskflow_api']) retrieved from /usr/local/python/3.10.13/lib/python3.10/site-packages/airflow/example_dags/tutorial_taskflow_api.py
[2024-02-16T20:12:05.844+0000] {logging_mixin.py:150} INFO - [2024-02-16T20:12:05.843+0000] {dag.py:2742} INFO - Sync 1 DAGs
[2024-02-16T20:12:05.862+0000] {logging_mixin.py:150} INFO - [2024-02-16T20:12:05.862+0000] {dag.py:3504} INFO - Setting next_dagrun for tutorial_taskflow_api to None, run_after=None
[2024-02-16T20:12:05.909+0000] {processor.py:179} INFO - Processing /usr/local/python/3.10.13/lib/python3.10/site-packages/airflow/example_dags/tutorial_taskflow_api.py took 0.089 seconds
[2024-02-16T20:12:52.336+0000] {processor.py:157} INFO - Started process (PID=21936) to work on /usr/local/python/3.10.13/lib/python3.10/site-packages/airflow/example_dags/tutorial_taskflow_api.py
[2024-02-16T20:12:52.337+0000] {processor.py:826} INFO - Processing file /usr/local/python/3.10.13/lib/python3.10/site-packages/airflow/example_dags/tutorial_taskflow_api.py for tasks to queue
[2024-02-16T20:12:52.337+0000] {logging_mixin.py:150} INFO - [2024-02-16T20:12:52.337+0000] {dagbag.py:541} INFO - Filling up the DagBag from /usr/local/python/3.10.13/lib/python3.10/site-packages/airflow/example_dags/tutorial_taskflow_api.py
[2024-02-16T20:12:52.342+0000] {processor.py:836} INFO - DAG(s) dict_keys(['tutorial_taskflow_api']) retrieved from /usr/local/python/3.10.13/lib/python3.10/site-packages/airflow/example_dags/tutorial_taskflow_api.py
[2024-02-16T20:12:52.354+0000] {logging_mixin.py:150} INFO - [2024-02-16T20:12:52.353+0000] {dag.py:2742} INFO - Sync 1 DAGs
[2024-02-16T20:12:52.368+0000] {logging_mixin.py:150} INFO - [2024-02-16T20:12:52.368+0000] {dag.py:3504} INFO - Setting next_dagrun for tutorial_taskflow_api to None, run_after=None
[2024-02-16T20:12:52.434+0000] {processor.py:179} INFO - Processing /usr/local/python/3.10.13/lib/python3.10/site-packages/airflow/example_dags/tutorial_taskflow_api.py took 0.100 seconds
[2024-02-16T20:13:43.085+0000] {processor.py:157} INFO - Started process (PID=22312) to work on /usr/local/python/3.10.13/lib/python3.10/site-packages/airflow/example_dags/tutorial_taskflow_api.py
[2024-02-16T20:13:43.085+0000] {processor.py:826} INFO - Processing file /usr/local/python/3.10.13/lib/python3.10/site-packages/airflow/example_dags/tutorial_taskflow_api.py for tasks to queue
[2024-02-16T20:13:43.086+0000] {logging_mixin.py:150} INFO - [2024-02-16T20:13:43.086+0000] {dagbag.py:541} INFO - Filling up the DagBag from /usr/local/python/3.10.13/lib/python3.10/site-packages/airflow/example_dags/tutorial_taskflow_api.py
[2024-02-16T20:13:43.091+0000] {processor.py:836} INFO - DAG(s) dict_keys(['tutorial_taskflow_api']) retrieved from /usr/local/python/3.10.13/lib/python3.10/site-packages/airflow/example_dags/tutorial_taskflow_api.py
[2024-02-16T20:13:43.104+0000] {logging_mixin.py:150} INFO - [2024-02-16T20:13:43.103+0000] {dag.py:2742} INFO - Sync 1 DAGs
[2024-02-16T20:13:43.119+0000] {logging_mixin.py:150} INFO - [2024-02-16T20:13:43.119+0000] {dag.py:3504} INFO - Setting next_dagrun for tutorial_taskflow_api to None, run_after=None
[2024-02-16T20:13:43.187+0000] {processor.py:179} INFO - Processing /usr/local/python/3.10.13/lib/python3.10/site-packages/airflow/example_dags/tutorial_taskflow_api.py took 0.105 seconds
[2024-02-16T20:14:21.518+0000] {processor.py:157} INFO - Started process (PID=22607) to work on /usr/local/python/3.10.13/lib/python3.10/site-packages/airflow/example_dags/tutorial_taskflow_api.py
[2024-02-16T20:14:21.519+0000] {processor.py:826} INFO - Processing file /usr/local/python/3.10.13/lib/python3.10/site-packages/airflow/example_dags/tutorial_taskflow_api.py for tasks to queue
[2024-02-16T20:14:21.519+0000] {logging_mixin.py:150} INFO - [2024-02-16T20:14:21.519+0000] {dagbag.py:541} INFO - Filling up the DagBag from /usr/local/python/3.10.13/lib/python3.10/site-packages/airflow/example_dags/tutorial_taskflow_api.py
[2024-02-16T20:14:21.524+0000] {processor.py:836} INFO - DAG(s) dict_keys(['tutorial_taskflow_api']) retrieved from /usr/local/python/3.10.13/lib/python3.10/site-packages/airflow/example_dags/tutorial_taskflow_api.py
[2024-02-16T20:14:21.535+0000] {logging_mixin.py:150} INFO - [2024-02-16T20:14:21.535+0000] {dag.py:2742} INFO - Sync 1 DAGs
[2024-02-16T20:14:21.550+0000] {logging_mixin.py:150} INFO - [2024-02-16T20:14:21.549+0000] {dag.py:3504} INFO - Setting next_dagrun for tutorial_taskflow_api to None, run_after=None
[2024-02-16T20:14:21.610+0000] {processor.py:179} INFO - Processing /usr/local/python/3.10.13/lib/python3.10/site-packages/airflow/example_dags/tutorial_taskflow_api.py took 0.094 seconds
[2024-02-16T20:14:58.288+0000] {processor.py:157} INFO - Started process (PID=22894) to work on /usr/local/python/3.10.13/lib/python3.10/site-packages/airflow/example_dags/tutorial_taskflow_api.py
[2024-02-16T20:14:58.290+0000] {processor.py:826} INFO - Processing file /usr/local/python/3.10.13/lib/python3.10/site-packages/airflow/example_dags/tutorial_taskflow_api.py for tasks to queue
[2024-02-16T20:14:58.290+0000] {logging_mixin.py:150} INFO - [2024-02-16T20:14:58.290+0000] {dagbag.py:541} INFO - Filling up the DagBag from /usr/local/python/3.10.13/lib/python3.10/site-packages/airflow/example_dags/tutorial_taskflow_api.py
[2024-02-16T20:14:58.295+0000] {processor.py:836} INFO - DAG(s) dict_keys(['tutorial_taskflow_api']) retrieved from /usr/local/python/3.10.13/lib/python3.10/site-packages/airflow/example_dags/tutorial_taskflow_api.py
[2024-02-16T20:14:58.307+0000] {logging_mixin.py:150} INFO - [2024-02-16T20:14:58.306+0000] {dag.py:2742} INFO - Sync 1 DAGs
[2024-02-16T20:14:58.321+0000] {logging_mixin.py:150} INFO - [2024-02-16T20:14:58.321+0000] {dag.py:3504} INFO - Setting next_dagrun for tutorial_taskflow_api to None, run_after=None
[2024-02-16T20:14:58.372+0000] {processor.py:179} INFO - Processing /usr/local/python/3.10.13/lib/python3.10/site-packages/airflow/example_dags/tutorial_taskflow_api.py took 0.085 seconds
[2024-02-16T20:15:47.592+0000] {processor.py:157} INFO - Started process (PID=23240) to work on /usr/local/python/3.10.13/lib/python3.10/site-packages/airflow/example_dags/tutorial_taskflow_api.py
[2024-02-16T20:15:47.592+0000] {processor.py:826} INFO - Processing file /usr/local/python/3.10.13/lib/python3.10/site-packages/airflow/example_dags/tutorial_taskflow_api.py for tasks to queue
[2024-02-16T20:15:47.593+0000] {logging_mixin.py:150} INFO - [2024-02-16T20:15:47.593+0000] {dagbag.py:541} INFO - Filling up the DagBag from /usr/local/python/3.10.13/lib/python3.10/site-packages/airflow/example_dags/tutorial_taskflow_api.py
[2024-02-16T20:15:47.598+0000] {processor.py:836} INFO - DAG(s) dict_keys(['tutorial_taskflow_api']) retrieved from /usr/local/python/3.10.13/lib/python3.10/site-packages/airflow/example_dags/tutorial_taskflow_api.py
[2024-02-16T20:15:47.609+0000] {logging_mixin.py:150} INFO - [2024-02-16T20:15:47.609+0000] {dag.py:2742} INFO - Sync 1 DAGs
[2024-02-16T20:15:47.626+0000] {logging_mixin.py:150} INFO - [2024-02-16T20:15:47.626+0000] {dag.py:3504} INFO - Setting next_dagrun for tutorial_taskflow_api to None, run_after=None
[2024-02-16T20:15:47.678+0000] {processor.py:179} INFO - Processing /usr/local/python/3.10.13/lib/python3.10/site-packages/airflow/example_dags/tutorial_taskflow_api.py took 0.088 seconds
[2024-02-16T20:16:22.914+0000] {processor.py:157} INFO - Started process (PID=23512) to work on /usr/local/python/3.10.13/lib/python3.10/site-packages/airflow/example_dags/tutorial_taskflow_api.py
[2024-02-16T20:16:22.915+0000] {processor.py:826} INFO - Processing file /usr/local/python/3.10.13/lib/python3.10/site-packages/airflow/example_dags/tutorial_taskflow_api.py for tasks to queue
[2024-02-16T20:16:22.915+0000] {logging_mixin.py:150} INFO - [2024-02-16T20:16:22.915+0000] {dagbag.py:541} INFO - Filling up the DagBag from /usr/local/python/3.10.13/lib/python3.10/site-packages/airflow/example_dags/tutorial_taskflow_api.py
[2024-02-16T20:16:22.920+0000] {processor.py:836} INFO - DAG(s) dict_keys(['tutorial_taskflow_api']) retrieved from /usr/local/python/3.10.13/lib/python3.10/site-packages/airflow/example_dags/tutorial_taskflow_api.py
[2024-02-16T20:16:22.931+0000] {logging_mixin.py:150} INFO - [2024-02-16T20:16:22.931+0000] {dag.py:2742} INFO - Sync 1 DAGs
[2024-02-16T20:16:22.945+0000] {logging_mixin.py:150} INFO - [2024-02-16T20:16:22.945+0000] {dag.py:3504} INFO - Setting next_dagrun for tutorial_taskflow_api to None, run_after=None
[2024-02-16T20:16:22.992+0000] {processor.py:179} INFO - Processing /usr/local/python/3.10.13/lib/python3.10/site-packages/airflow/example_dags/tutorial_taskflow_api.py took 0.080 seconds
[2024-02-16T20:16:59.421+0000] {processor.py:157} INFO - Started process (PID=23781) to work on /usr/local/python/3.10.13/lib/python3.10/site-packages/airflow/example_dags/tutorial_taskflow_api.py
[2024-02-16T20:16:59.422+0000] {processor.py:826} INFO - Processing file /usr/local/python/3.10.13/lib/python3.10/site-packages/airflow/example_dags/tutorial_taskflow_api.py for tasks to queue
[2024-02-16T20:16:59.423+0000] {logging_mixin.py:150} INFO - [2024-02-16T20:16:59.423+0000] {dagbag.py:541} INFO - Filling up the DagBag from /usr/local/python/3.10.13/lib/python3.10/site-packages/airflow/example_dags/tutorial_taskflow_api.py
[2024-02-16T20:16:59.428+0000] {processor.py:836} INFO - DAG(s) dict_keys(['tutorial_taskflow_api']) retrieved from /usr/local/python/3.10.13/lib/python3.10/site-packages/airflow/example_dags/tutorial_taskflow_api.py
[2024-02-16T20:16:59.441+0000] {logging_mixin.py:150} INFO - [2024-02-16T20:16:59.441+0000] {dag.py:2742} INFO - Sync 1 DAGs
[2024-02-16T20:16:59.457+0000] {logging_mixin.py:150} INFO - [2024-02-16T20:16:59.456+0000] {dag.py:3504} INFO - Setting next_dagrun for tutorial_taskflow_api to None, run_after=None
[2024-02-16T20:16:59.503+0000] {processor.py:179} INFO - Processing /usr/local/python/3.10.13/lib/python3.10/site-packages/airflow/example_dags/tutorial_taskflow_api.py took 0.084 seconds
[2024-02-16T20:17:34.576+0000] {processor.py:157} INFO - Started process (PID=24052) to work on /usr/local/python/3.10.13/lib/python3.10/site-packages/airflow/example_dags/tutorial_taskflow_api.py
[2024-02-16T20:17:34.577+0000] {processor.py:826} INFO - Processing file /usr/local/python/3.10.13/lib/python3.10/site-packages/airflow/example_dags/tutorial_taskflow_api.py for tasks to queue
[2024-02-16T20:17:34.577+0000] {logging_mixin.py:150} INFO - [2024-02-16T20:17:34.577+0000] {dagbag.py:541} INFO - Filling up the DagBag from /usr/local/python/3.10.13/lib/python3.10/site-packages/airflow/example_dags/tutorial_taskflow_api.py
[2024-02-16T20:17:34.582+0000] {processor.py:836} INFO - DAG(s) dict_keys(['tutorial_taskflow_api']) retrieved from /usr/local/python/3.10.13/lib/python3.10/site-packages/airflow/example_dags/tutorial_taskflow_api.py
[2024-02-16T20:17:34.594+0000] {logging_mixin.py:150} INFO - [2024-02-16T20:17:34.594+0000] {dag.py:2742} INFO - Sync 1 DAGs
[2024-02-16T20:17:34.609+0000] {logging_mixin.py:150} INFO - [2024-02-16T20:17:34.609+0000] {dag.py:3504} INFO - Setting next_dagrun for tutorial_taskflow_api to None, run_after=None
[2024-02-16T20:17:34.661+0000] {processor.py:179} INFO - Processing /usr/local/python/3.10.13/lib/python3.10/site-packages/airflow/example_dags/tutorial_taskflow_api.py took 0.087 seconds
[2024-02-16T20:18:11.169+0000] {processor.py:157} INFO - Started process (PID=24307) to work on /usr/local/python/3.10.13/lib/python3.10/site-packages/airflow/example_dags/tutorial_taskflow_api.py
[2024-02-16T20:18:11.170+0000] {processor.py:826} INFO - Processing file /usr/local/python/3.10.13/lib/python3.10/site-packages/airflow/example_dags/tutorial_taskflow_api.py for tasks to queue
[2024-02-16T20:18:11.172+0000] {logging_mixin.py:150} INFO - [2024-02-16T20:18:11.170+0000] {dagbag.py:541} INFO - Filling up the DagBag from /usr/local/python/3.10.13/lib/python3.10/site-packages/airflow/example_dags/tutorial_taskflow_api.py
[2024-02-16T20:18:11.178+0000] {processor.py:836} INFO - DAG(s) dict_keys(['tutorial_taskflow_api']) retrieved from /usr/local/python/3.10.13/lib/python3.10/site-packages/airflow/example_dags/tutorial_taskflow_api.py
[2024-02-16T20:18:11.195+0000] {logging_mixin.py:150} INFO - [2024-02-16T20:18:11.195+0000] {dag.py:2742} INFO - Sync 1 DAGs
[2024-02-16T20:18:11.211+0000] {logging_mixin.py:150} INFO - [2024-02-16T20:18:11.211+0000] {dag.py:3504} INFO - Setting next_dagrun for tutorial_taskflow_api to None, run_after=None
[2024-02-16T20:18:11.258+0000] {processor.py:179} INFO - Processing /usr/local/python/3.10.13/lib/python3.10/site-packages/airflow/example_dags/tutorial_taskflow_api.py took 0.092 seconds
[2024-02-16T20:18:47.016+0000] {processor.py:157} INFO - Started process (PID=24592) to work on /usr/local/python/3.10.13/lib/python3.10/site-packages/airflow/example_dags/tutorial_taskflow_api.py
[2024-02-16T20:18:47.016+0000] {processor.py:826} INFO - Processing file /usr/local/python/3.10.13/lib/python3.10/site-packages/airflow/example_dags/tutorial_taskflow_api.py for tasks to queue
[2024-02-16T20:18:47.017+0000] {logging_mixin.py:150} INFO - [2024-02-16T20:18:47.017+0000] {dagbag.py:541} INFO - Filling up the DagBag from /usr/local/python/3.10.13/lib/python3.10/site-packages/airflow/example_dags/tutorial_taskflow_api.py
[2024-02-16T20:18:47.022+0000] {processor.py:836} INFO - DAG(s) dict_keys(['tutorial_taskflow_api']) retrieved from /usr/local/python/3.10.13/lib/python3.10/site-packages/airflow/example_dags/tutorial_taskflow_api.py
[2024-02-16T20:18:47.034+0000] {logging_mixin.py:150} INFO - [2024-02-16T20:18:47.034+0000] {dag.py:2742} INFO - Sync 1 DAGs
[2024-02-16T20:18:47.049+0000] {logging_mixin.py:150} INFO - [2024-02-16T20:18:47.049+0000] {dag.py:3504} INFO - Setting next_dagrun for tutorial_taskflow_api to None, run_after=None
[2024-02-16T20:18:47.102+0000] {processor.py:179} INFO - Processing /usr/local/python/3.10.13/lib/python3.10/site-packages/airflow/example_dags/tutorial_taskflow_api.py took 0.089 seconds
[2024-02-16T20:19:39.002+0000] {processor.py:157} INFO - Started process (PID=24972) to work on /usr/local/python/3.10.13/lib/python3.10/site-packages/airflow/example_dags/tutorial_taskflow_api.py
[2024-02-16T20:19:39.002+0000] {processor.py:826} INFO - Processing file /usr/local/python/3.10.13/lib/python3.10/site-packages/airflow/example_dags/tutorial_taskflow_api.py for tasks to queue
[2024-02-16T20:19:39.003+0000] {logging_mixin.py:150} INFO - [2024-02-16T20:19:39.003+0000] {dagbag.py:541} INFO - Filling up the DagBag from /usr/local/python/3.10.13/lib/python3.10/site-packages/airflow/example_dags/tutorial_taskflow_api.py
[2024-02-16T20:19:39.008+0000] {processor.py:836} INFO - DAG(s) dict_keys(['tutorial_taskflow_api']) retrieved from /usr/local/python/3.10.13/lib/python3.10/site-packages/airflow/example_dags/tutorial_taskflow_api.py
[2024-02-16T20:19:39.019+0000] {logging_mixin.py:150} INFO - [2024-02-16T20:19:39.019+0000] {dag.py:2742} INFO - Sync 1 DAGs
[2024-02-16T20:19:39.033+0000] {logging_mixin.py:150} INFO - [2024-02-16T20:19:39.033+0000] {dag.py:3504} INFO - Setting next_dagrun for tutorial_taskflow_api to None, run_after=None
[2024-02-16T20:19:39.080+0000] {processor.py:179} INFO - Processing /usr/local/python/3.10.13/lib/python3.10/site-packages/airflow/example_dags/tutorial_taskflow_api.py took 0.081 seconds
[2024-02-16T20:20:14.684+0000] {processor.py:157} INFO - Started process (PID=25247) to work on /usr/local/python/3.10.13/lib/python3.10/site-packages/airflow/example_dags/tutorial_taskflow_api.py
[2024-02-16T20:20:14.685+0000] {processor.py:826} INFO - Processing file /usr/local/python/3.10.13/lib/python3.10/site-packages/airflow/example_dags/tutorial_taskflow_api.py for tasks to queue
[2024-02-16T20:20:14.685+0000] {logging_mixin.py:150} INFO - [2024-02-16T20:20:14.685+0000] {dagbag.py:541} INFO - Filling up the DagBag from /usr/local/python/3.10.13/lib/python3.10/site-packages/airflow/example_dags/tutorial_taskflow_api.py
[2024-02-16T20:20:14.690+0000] {processor.py:836} INFO - DAG(s) dict_keys(['tutorial_taskflow_api']) retrieved from /usr/local/python/3.10.13/lib/python3.10/site-packages/airflow/example_dags/tutorial_taskflow_api.py
[2024-02-16T20:20:14.701+0000] {logging_mixin.py:150} INFO - [2024-02-16T20:20:14.701+0000] {dag.py:2742} INFO - Sync 1 DAGs
[2024-02-16T20:20:14.715+0000] {logging_mixin.py:150} INFO - [2024-02-16T20:20:14.715+0000] {dag.py:3504} INFO - Setting next_dagrun for tutorial_taskflow_api to None, run_after=None
[2024-02-16T20:20:14.772+0000] {processor.py:179} INFO - Processing /usr/local/python/3.10.13/lib/python3.10/site-packages/airflow/example_dags/tutorial_taskflow_api.py took 0.090 seconds
[2024-02-16T20:20:50.604+0000] {processor.py:157} INFO - Started process (PID=25507) to work on /usr/local/python/3.10.13/lib/python3.10/site-packages/airflow/example_dags/tutorial_taskflow_api.py
[2024-02-16T20:20:50.605+0000] {processor.py:826} INFO - Processing file /usr/local/python/3.10.13/lib/python3.10/site-packages/airflow/example_dags/tutorial_taskflow_api.py for tasks to queue
[2024-02-16T20:20:50.606+0000] {logging_mixin.py:150} INFO - [2024-02-16T20:20:50.605+0000] {dagbag.py:541} INFO - Filling up the DagBag from /usr/local/python/3.10.13/lib/python3.10/site-packages/airflow/example_dags/tutorial_taskflow_api.py
[2024-02-16T20:20:50.611+0000] {processor.py:836} INFO - DAG(s) dict_keys(['tutorial_taskflow_api']) retrieved from /usr/local/python/3.10.13/lib/python3.10/site-packages/airflow/example_dags/tutorial_taskflow_api.py
[2024-02-16T20:20:50.623+0000] {logging_mixin.py:150} INFO - [2024-02-16T20:20:50.623+0000] {dag.py:2742} INFO - Sync 1 DAGs
[2024-02-16T20:20:50.639+0000] {logging_mixin.py:150} INFO - [2024-02-16T20:20:50.638+0000] {dag.py:3504} INFO - Setting next_dagrun for tutorial_taskflow_api to None, run_after=None
[2024-02-16T20:20:50.690+0000] {processor.py:179} INFO - Processing /usr/local/python/3.10.13/lib/python3.10/site-packages/airflow/example_dags/tutorial_taskflow_api.py took 0.088 seconds
[2024-02-16T20:21:25.916+0000] {processor.py:157} INFO - Started process (PID=25778) to work on /usr/local/python/3.10.13/lib/python3.10/site-packages/airflow/example_dags/tutorial_taskflow_api.py
[2024-02-16T20:21:25.916+0000] {processor.py:826} INFO - Processing file /usr/local/python/3.10.13/lib/python3.10/site-packages/airflow/example_dags/tutorial_taskflow_api.py for tasks to queue
[2024-02-16T20:21:25.917+0000] {logging_mixin.py:150} INFO - [2024-02-16T20:21:25.917+0000] {dagbag.py:541} INFO - Filling up the DagBag from /usr/local/python/3.10.13/lib/python3.10/site-packages/airflow/example_dags/tutorial_taskflow_api.py
[2024-02-16T20:21:25.922+0000] {processor.py:836} INFO - DAG(s) dict_keys(['tutorial_taskflow_api']) retrieved from /usr/local/python/3.10.13/lib/python3.10/site-packages/airflow/example_dags/tutorial_taskflow_api.py
[2024-02-16T20:21:25.933+0000] {logging_mixin.py:150} INFO - [2024-02-16T20:21:25.933+0000] {dag.py:2742} INFO - Sync 1 DAGs
[2024-02-16T20:21:25.947+0000] {logging_mixin.py:150} INFO - [2024-02-16T20:21:25.947+0000] {dag.py:3504} INFO - Setting next_dagrun for tutorial_taskflow_api to None, run_after=None
[2024-02-16T20:21:25.994+0000] {processor.py:179} INFO - Processing /usr/local/python/3.10.13/lib/python3.10/site-packages/airflow/example_dags/tutorial_taskflow_api.py took 0.081 seconds
[2024-02-16T20:22:02.819+0000] {processor.py:157} INFO - Started process (PID=26045) to work on /usr/local/python/3.10.13/lib/python3.10/site-packages/airflow/example_dags/tutorial_taskflow_api.py
[2024-02-16T20:22:02.820+0000] {processor.py:826} INFO - Processing file /usr/local/python/3.10.13/lib/python3.10/site-packages/airflow/example_dags/tutorial_taskflow_api.py for tasks to queue
[2024-02-16T20:22:02.821+0000] {logging_mixin.py:150} INFO - [2024-02-16T20:22:02.820+0000] {dagbag.py:541} INFO - Filling up the DagBag from /usr/local/python/3.10.13/lib/python3.10/site-packages/airflow/example_dags/tutorial_taskflow_api.py
[2024-02-16T20:22:02.826+0000] {processor.py:836} INFO - DAG(s) dict_keys(['tutorial_taskflow_api']) retrieved from /usr/local/python/3.10.13/lib/python3.10/site-packages/airflow/example_dags/tutorial_taskflow_api.py
[2024-02-16T20:22:02.837+0000] {logging_mixin.py:150} INFO - [2024-02-16T20:22:02.837+0000] {dag.py:2742} INFO - Sync 1 DAGs
[2024-02-16T20:22:02.851+0000] {logging_mixin.py:150} INFO - [2024-02-16T20:22:02.851+0000] {dag.py:3504} INFO - Setting next_dagrun for tutorial_taskflow_api to None, run_after=None
[2024-02-16T20:22:02.899+0000] {processor.py:179} INFO - Processing /usr/local/python/3.10.13/lib/python3.10/site-packages/airflow/example_dags/tutorial_taskflow_api.py took 0.082 seconds
[2024-02-16T20:22:39.201+0000] {processor.py:157} INFO - Started process (PID=26329) to work on /usr/local/python/3.10.13/lib/python3.10/site-packages/airflow/example_dags/tutorial_taskflow_api.py
[2024-02-16T20:22:39.202+0000] {processor.py:826} INFO - Processing file /usr/local/python/3.10.13/lib/python3.10/site-packages/airflow/example_dags/tutorial_taskflow_api.py for tasks to queue
[2024-02-16T20:22:39.202+0000] {logging_mixin.py:150} INFO - [2024-02-16T20:22:39.202+0000] {dagbag.py:541} INFO - Filling up the DagBag from /usr/local/python/3.10.13/lib/python3.10/site-packages/airflow/example_dags/tutorial_taskflow_api.py
[2024-02-16T20:22:39.207+0000] {processor.py:836} INFO - DAG(s) dict_keys(['tutorial_taskflow_api']) retrieved from /usr/local/python/3.10.13/lib/python3.10/site-packages/airflow/example_dags/tutorial_taskflow_api.py
[2024-02-16T20:22:39.222+0000] {logging_mixin.py:150} INFO - [2024-02-16T20:22:39.222+0000] {dag.py:2742} INFO - Sync 1 DAGs
[2024-02-16T20:22:39.248+0000] {logging_mixin.py:150} INFO - [2024-02-16T20:22:39.248+0000] {dag.py:3504} INFO - Setting next_dagrun for tutorial_taskflow_api to None, run_after=None
[2024-02-16T20:22:39.307+0000] {processor.py:179} INFO - Processing /usr/local/python/3.10.13/lib/python3.10/site-packages/airflow/example_dags/tutorial_taskflow_api.py took 0.108 seconds
[2024-02-16T20:23:13.860+0000] {processor.py:157} INFO - Started process (PID=26584) to work on /usr/local/python/3.10.13/lib/python3.10/site-packages/airflow/example_dags/tutorial_taskflow_api.py
[2024-02-16T20:23:13.861+0000] {processor.py:826} INFO - Processing file /usr/local/python/3.10.13/lib/python3.10/site-packages/airflow/example_dags/tutorial_taskflow_api.py for tasks to queue
[2024-02-16T20:23:13.862+0000] {logging_mixin.py:150} INFO - [2024-02-16T20:23:13.861+0000] {dagbag.py:541} INFO - Filling up the DagBag from /usr/local/python/3.10.13/lib/python3.10/site-packages/airflow/example_dags/tutorial_taskflow_api.py
[2024-02-16T20:23:13.866+0000] {processor.py:836} INFO - DAG(s) dict_keys(['tutorial_taskflow_api']) retrieved from /usr/local/python/3.10.13/lib/python3.10/site-packages/airflow/example_dags/tutorial_taskflow_api.py
[2024-02-16T20:23:13.878+0000] {logging_mixin.py:150} INFO - [2024-02-16T20:23:13.878+0000] {dag.py:2742} INFO - Sync 1 DAGs
[2024-02-16T20:23:13.893+0000] {logging_mixin.py:150} INFO - [2024-02-16T20:23:13.893+0000] {dag.py:3504} INFO - Setting next_dagrun for tutorial_taskflow_api to None, run_after=None
[2024-02-16T20:23:13.942+0000] {processor.py:179} INFO - Processing /usr/local/python/3.10.13/lib/python3.10/site-packages/airflow/example_dags/tutorial_taskflow_api.py took 0.084 seconds
[2024-02-16T20:23:50.263+0000] {processor.py:157} INFO - Started process (PID=26847) to work on /usr/local/python/3.10.13/lib/python3.10/site-packages/airflow/example_dags/tutorial_taskflow_api.py
[2024-02-16T20:23:50.264+0000] {processor.py:826} INFO - Processing file /usr/local/python/3.10.13/lib/python3.10/site-packages/airflow/example_dags/tutorial_taskflow_api.py for tasks to queue
[2024-02-16T20:23:50.264+0000] {logging_mixin.py:150} INFO - [2024-02-16T20:23:50.264+0000] {dagbag.py:541} INFO - Filling up the DagBag from /usr/local/python/3.10.13/lib/python3.10/site-packages/airflow/example_dags/tutorial_taskflow_api.py
[2024-02-16T20:23:50.269+0000] {processor.py:836} INFO - DAG(s) dict_keys(['tutorial_taskflow_api']) retrieved from /usr/local/python/3.10.13/lib/python3.10/site-packages/airflow/example_dags/tutorial_taskflow_api.py
[2024-02-16T20:23:50.282+0000] {logging_mixin.py:150} INFO - [2024-02-16T20:23:50.282+0000] {dag.py:2742} INFO - Sync 1 DAGs
[2024-02-16T20:23:50.297+0000] {logging_mixin.py:150} INFO - [2024-02-16T20:23:50.297+0000] {dag.py:3504} INFO - Setting next_dagrun for tutorial_taskflow_api to None, run_after=None
[2024-02-16T20:23:50.345+0000] {processor.py:179} INFO - Processing /usr/local/python/3.10.13/lib/python3.10/site-packages/airflow/example_dags/tutorial_taskflow_api.py took 0.084 seconds
[2024-02-16T20:24:29.737+0000] {processor.py:157} INFO - Started process (PID=27205) to work on /usr/local/python/3.10.13/lib/python3.10/site-packages/airflow/example_dags/tutorial_taskflow_api.py
[2024-02-16T20:24:29.737+0000] {processor.py:826} INFO - Processing file /usr/local/python/3.10.13/lib/python3.10/site-packages/airflow/example_dags/tutorial_taskflow_api.py for tasks to queue
[2024-02-16T20:24:29.738+0000] {logging_mixin.py:150} INFO - [2024-02-16T20:24:29.738+0000] {dagbag.py:541} INFO - Filling up the DagBag from /usr/local/python/3.10.13/lib/python3.10/site-packages/airflow/example_dags/tutorial_taskflow_api.py
[2024-02-16T20:24:29.743+0000] {processor.py:836} INFO - DAG(s) dict_keys(['tutorial_taskflow_api']) retrieved from /usr/local/python/3.10.13/lib/python3.10/site-packages/airflow/example_dags/tutorial_taskflow_api.py
[2024-02-16T20:24:29.768+0000] {logging_mixin.py:150} INFO - [2024-02-16T20:24:29.768+0000] {dag.py:2742} INFO - Sync 1 DAGs
[2024-02-16T20:24:29.791+0000] {logging_mixin.py:150} INFO - [2024-02-16T20:24:29.790+0000] {dag.py:3504} INFO - Setting next_dagrun for tutorial_taskflow_api to None, run_after=None
[2024-02-16T20:24:29.848+0000] {processor.py:179} INFO - Processing /usr/local/python/3.10.13/lib/python3.10/site-packages/airflow/example_dags/tutorial_taskflow_api.py took 0.114 seconds
