[2024-02-16T20:09:11.139+0000] {processor.py:157} INFO - Started process (PID=20023) to work on /usr/local/python/3.10.13/lib/python3.10/site-packages/airflow/example_dags/tutorial_dag.py
[2024-02-16T20:09:11.140+0000] {processor.py:826} INFO - Processing file /usr/local/python/3.10.13/lib/python3.10/site-packages/airflow/example_dags/tutorial_dag.py for tasks to queue
[2024-02-16T20:09:11.141+0000] {logging_mixin.py:150} INFO - [2024-02-16T20:09:11.140+0000] {dagbag.py:541} INFO - Filling up the DagBag from /usr/local/python/3.10.13/lib/python3.10/site-packages/airflow/example_dags/tutorial_dag.py
[2024-02-16T20:09:11.144+0000] {processor.py:836} INFO - DAG(s) dict_keys(['tutorial_dag']) retrieved from /usr/local/python/3.10.13/lib/python3.10/site-packages/airflow/example_dags/tutorial_dag.py
[2024-02-16T20:09:11.330+0000] {logging_mixin.py:150} INFO - [2024-02-16T20:09:11.329+0000] {manager.py:504} INFO - Created Permission View: can read on DAG:tutorial_dag
[2024-02-16T20:09:11.387+0000] {logging_mixin.py:150} INFO - [2024-02-16T20:09:11.386+0000] {manager.py:504} INFO - Created Permission View: can edit on DAG:tutorial_dag
[2024-02-16T20:09:11.423+0000] {logging_mixin.py:150} INFO - [2024-02-16T20:09:11.423+0000] {manager.py:504} INFO - Created Permission View: can delete on DAG:tutorial_dag
[2024-02-16T20:09:11.431+0000] {logging_mixin.py:150} INFO - [2024-02-16T20:09:11.431+0000] {dag.py:2742} INFO - Sync 1 DAGs
[2024-02-16T20:09:11.440+0000] {logging_mixin.py:150} INFO - [2024-02-16T20:09:11.439+0000] {dag.py:2763} INFO - Creating ORM DAG for tutorial_dag
[2024-02-16T20:09:11.446+0000] {logging_mixin.py:150} INFO - [2024-02-16T20:09:11.446+0000] {dag.py:3504} INFO - Setting next_dagrun for tutorial_dag to None, run_after=None
[2024-02-16T20:09:11.499+0000] {processor.py:179} INFO - Processing /usr/local/python/3.10.13/lib/python3.10/site-packages/airflow/example_dags/tutorial_dag.py took 0.362 seconds
[2024-02-16T20:10:08.097+0000] {processor.py:157} INFO - Started process (PID=20512) to work on /usr/local/python/3.10.13/lib/python3.10/site-packages/airflow/example_dags/tutorial_dag.py
[2024-02-16T20:10:08.098+0000] {processor.py:826} INFO - Processing file /usr/local/python/3.10.13/lib/python3.10/site-packages/airflow/example_dags/tutorial_dag.py for tasks to queue
[2024-02-16T20:10:08.099+0000] {logging_mixin.py:150} INFO - [2024-02-16T20:10:08.098+0000] {dagbag.py:541} INFO - Filling up the DagBag from /usr/local/python/3.10.13/lib/python3.10/site-packages/airflow/example_dags/tutorial_dag.py
[2024-02-16T20:10:08.102+0000] {processor.py:836} INFO - DAG(s) dict_keys(['tutorial_dag']) retrieved from /usr/local/python/3.10.13/lib/python3.10/site-packages/airflow/example_dags/tutorial_dag.py
[2024-02-16T20:10:08.114+0000] {logging_mixin.py:150} INFO - [2024-02-16T20:10:08.114+0000] {dag.py:2742} INFO - Sync 1 DAGs
[2024-02-16T20:10:08.129+0000] {logging_mixin.py:150} INFO - [2024-02-16T20:10:08.129+0000] {dag.py:3504} INFO - Setting next_dagrun for tutorial_dag to None, run_after=None
[2024-02-16T20:10:08.179+0000] {processor.py:179} INFO - Processing /usr/local/python/3.10.13/lib/python3.10/site-packages/airflow/example_dags/tutorial_dag.py took 0.084 seconds
[2024-02-16T20:11:22.985+0000] {processor.py:157} INFO - Started process (PID=21278) to work on /usr/local/python/3.10.13/lib/python3.10/site-packages/airflow/example_dags/tutorial_dag.py
[2024-02-16T20:11:22.985+0000] {processor.py:826} INFO - Processing file /usr/local/python/3.10.13/lib/python3.10/site-packages/airflow/example_dags/tutorial_dag.py for tasks to queue
[2024-02-16T20:11:22.986+0000] {logging_mixin.py:150} INFO - [2024-02-16T20:11:22.986+0000] {dagbag.py:541} INFO - Filling up the DagBag from /usr/local/python/3.10.13/lib/python3.10/site-packages/airflow/example_dags/tutorial_dag.py
[2024-02-16T20:11:22.990+0000] {processor.py:836} INFO - DAG(s) dict_keys(['tutorial_dag']) retrieved from /usr/local/python/3.10.13/lib/python3.10/site-packages/airflow/example_dags/tutorial_dag.py
[2024-02-16T20:11:23.004+0000] {logging_mixin.py:150} INFO - [2024-02-16T20:11:23.004+0000] {dag.py:2742} INFO - Sync 1 DAGs
[2024-02-16T20:11:23.028+0000] {logging_mixin.py:150} INFO - [2024-02-16T20:11:23.027+0000] {dag.py:3504} INFO - Setting next_dagrun for tutorial_dag to None, run_after=None
[2024-02-16T20:11:23.080+0000] {processor.py:179} INFO - Processing /usr/local/python/3.10.13/lib/python3.10/site-packages/airflow/example_dags/tutorial_dag.py took 0.098 seconds
[2024-02-16T20:12:10.897+0000] {processor.py:157} INFO - Started process (PID=21640) to work on /usr/local/python/3.10.13/lib/python3.10/site-packages/airflow/example_dags/tutorial_dag.py
[2024-02-16T20:12:10.898+0000] {processor.py:826} INFO - Processing file /usr/local/python/3.10.13/lib/python3.10/site-packages/airflow/example_dags/tutorial_dag.py for tasks to queue
[2024-02-16T20:12:10.898+0000] {logging_mixin.py:150} INFO - [2024-02-16T20:12:10.898+0000] {dagbag.py:541} INFO - Filling up the DagBag from /usr/local/python/3.10.13/lib/python3.10/site-packages/airflow/example_dags/tutorial_dag.py
[2024-02-16T20:12:10.902+0000] {processor.py:836} INFO - DAG(s) dict_keys(['tutorial_dag']) retrieved from /usr/local/python/3.10.13/lib/python3.10/site-packages/airflow/example_dags/tutorial_dag.py
[2024-02-16T20:12:10.916+0000] {logging_mixin.py:150} INFO - [2024-02-16T20:12:10.916+0000] {dag.py:2742} INFO - Sync 1 DAGs
[2024-02-16T20:12:10.935+0000] {logging_mixin.py:150} INFO - [2024-02-16T20:12:10.935+0000] {dag.py:3504} INFO - Setting next_dagrun for tutorial_dag to None, run_after=None
[2024-02-16T20:12:10.989+0000] {processor.py:179} INFO - Processing /usr/local/python/3.10.13/lib/python3.10/site-packages/airflow/example_dags/tutorial_dag.py took 0.095 seconds
[2024-02-16T20:12:57.503+0000] {processor.py:157} INFO - Started process (PID=21982) to work on /usr/local/python/3.10.13/lib/python3.10/site-packages/airflow/example_dags/tutorial_dag.py
[2024-02-16T20:12:57.504+0000] {processor.py:826} INFO - Processing file /usr/local/python/3.10.13/lib/python3.10/site-packages/airflow/example_dags/tutorial_dag.py for tasks to queue
[2024-02-16T20:12:57.504+0000] {logging_mixin.py:150} INFO - [2024-02-16T20:12:57.504+0000] {dagbag.py:541} INFO - Filling up the DagBag from /usr/local/python/3.10.13/lib/python3.10/site-packages/airflow/example_dags/tutorial_dag.py
[2024-02-16T20:12:57.508+0000] {processor.py:836} INFO - DAG(s) dict_keys(['tutorial_dag']) retrieved from /usr/local/python/3.10.13/lib/python3.10/site-packages/airflow/example_dags/tutorial_dag.py
[2024-02-16T20:12:57.520+0000] {logging_mixin.py:150} INFO - [2024-02-16T20:12:57.520+0000] {dag.py:2742} INFO - Sync 1 DAGs
[2024-02-16T20:12:57.554+0000] {logging_mixin.py:150} INFO - [2024-02-16T20:12:57.554+0000] {dag.py:3504} INFO - Setting next_dagrun for tutorial_dag to None, run_after=None
[2024-02-16T20:12:57.609+0000] {processor.py:179} INFO - Processing /usr/local/python/3.10.13/lib/python3.10/site-packages/airflow/example_dags/tutorial_dag.py took 0.107 seconds
[2024-02-16T20:13:48.774+0000] {processor.py:157} INFO - Started process (PID=22364) to work on /usr/local/python/3.10.13/lib/python3.10/site-packages/airflow/example_dags/tutorial_dag.py
[2024-02-16T20:13:48.774+0000] {processor.py:826} INFO - Processing file /usr/local/python/3.10.13/lib/python3.10/site-packages/airflow/example_dags/tutorial_dag.py for tasks to queue
[2024-02-16T20:13:48.775+0000] {logging_mixin.py:150} INFO - [2024-02-16T20:13:48.775+0000] {dagbag.py:541} INFO - Filling up the DagBag from /usr/local/python/3.10.13/lib/python3.10/site-packages/airflow/example_dags/tutorial_dag.py
[2024-02-16T20:13:48.778+0000] {processor.py:836} INFO - DAG(s) dict_keys(['tutorial_dag']) retrieved from /usr/local/python/3.10.13/lib/python3.10/site-packages/airflow/example_dags/tutorial_dag.py
[2024-02-16T20:13:48.790+0000] {logging_mixin.py:150} INFO - [2024-02-16T20:13:48.790+0000] {dag.py:2742} INFO - Sync 1 DAGs
[2024-02-16T20:13:48.806+0000] {logging_mixin.py:150} INFO - [2024-02-16T20:13:48.806+0000] {dag.py:3504} INFO - Setting next_dagrun for tutorial_dag to None, run_after=None
[2024-02-16T20:13:48.852+0000] {processor.py:179} INFO - Processing /usr/local/python/3.10.13/lib/python3.10/site-packages/airflow/example_dags/tutorial_dag.py took 0.081 seconds
[2024-02-16T20:14:41.943+0000] {processor.py:157} INFO - Started process (PID=22761) to work on /usr/local/python/3.10.13/lib/python3.10/site-packages/airflow/example_dags/tutorial_dag.py
[2024-02-16T20:14:41.943+0000] {processor.py:826} INFO - Processing file /usr/local/python/3.10.13/lib/python3.10/site-packages/airflow/example_dags/tutorial_dag.py for tasks to queue
[2024-02-16T20:14:41.944+0000] {logging_mixin.py:150} INFO - [2024-02-16T20:14:41.944+0000] {dagbag.py:541} INFO - Filling up the DagBag from /usr/local/python/3.10.13/lib/python3.10/site-packages/airflow/example_dags/tutorial_dag.py
[2024-02-16T20:14:41.948+0000] {processor.py:836} INFO - DAG(s) dict_keys(['tutorial_dag']) retrieved from /usr/local/python/3.10.13/lib/python3.10/site-packages/airflow/example_dags/tutorial_dag.py
[2024-02-16T20:14:41.962+0000] {logging_mixin.py:150} INFO - [2024-02-16T20:14:41.962+0000] {dag.py:2742} INFO - Sync 1 DAGs
[2024-02-16T20:14:41.983+0000] {logging_mixin.py:150} INFO - [2024-02-16T20:14:41.983+0000] {dag.py:3504} INFO - Setting next_dagrun for tutorial_dag to None, run_after=None
[2024-02-16T20:14:42.032+0000] {processor.py:179} INFO - Processing /usr/local/python/3.10.13/lib/python3.10/site-packages/airflow/example_dags/tutorial_dag.py took 0.092 seconds
[2024-02-16T20:15:31.983+0000] {processor.py:157} INFO - Started process (PID=23138) to work on /usr/local/python/3.10.13/lib/python3.10/site-packages/airflow/example_dags/tutorial_dag.py
[2024-02-16T20:15:31.984+0000] {processor.py:826} INFO - Processing file /usr/local/python/3.10.13/lib/python3.10/site-packages/airflow/example_dags/tutorial_dag.py for tasks to queue
[2024-02-16T20:15:31.984+0000] {logging_mixin.py:150} INFO - [2024-02-16T20:15:31.984+0000] {dagbag.py:541} INFO - Filling up the DagBag from /usr/local/python/3.10.13/lib/python3.10/site-packages/airflow/example_dags/tutorial_dag.py
[2024-02-16T20:15:31.988+0000] {processor.py:836} INFO - DAG(s) dict_keys(['tutorial_dag']) retrieved from /usr/local/python/3.10.13/lib/python3.10/site-packages/airflow/example_dags/tutorial_dag.py
[2024-02-16T20:15:32.001+0000] {logging_mixin.py:150} INFO - [2024-02-16T20:15:32.000+0000] {dag.py:2742} INFO - Sync 1 DAGs
[2024-02-16T20:15:32.016+0000] {logging_mixin.py:150} INFO - [2024-02-16T20:15:32.016+0000] {dag.py:3504} INFO - Setting next_dagrun for tutorial_dag to None, run_after=None
[2024-02-16T20:15:32.065+0000] {processor.py:179} INFO - Processing /usr/local/python/3.10.13/lib/python3.10/site-packages/airflow/example_dags/tutorial_dag.py took 0.085 seconds
[2024-02-16T20:16:24.863+0000] {processor.py:157} INFO - Started process (PID=23530) to work on /usr/local/python/3.10.13/lib/python3.10/site-packages/airflow/example_dags/tutorial_dag.py
[2024-02-16T20:16:24.864+0000] {processor.py:826} INFO - Processing file /usr/local/python/3.10.13/lib/python3.10/site-packages/airflow/example_dags/tutorial_dag.py for tasks to queue
[2024-02-16T20:16:24.865+0000] {logging_mixin.py:150} INFO - [2024-02-16T20:16:24.864+0000] {dagbag.py:541} INFO - Filling up the DagBag from /usr/local/python/3.10.13/lib/python3.10/site-packages/airflow/example_dags/tutorial_dag.py
[2024-02-16T20:16:24.868+0000] {processor.py:836} INFO - DAG(s) dict_keys(['tutorial_dag']) retrieved from /usr/local/python/3.10.13/lib/python3.10/site-packages/airflow/example_dags/tutorial_dag.py
[2024-02-16T20:16:24.880+0000] {logging_mixin.py:150} INFO - [2024-02-16T20:16:24.879+0000] {dag.py:2742} INFO - Sync 1 DAGs
[2024-02-16T20:16:24.895+0000] {logging_mixin.py:150} INFO - [2024-02-16T20:16:24.895+0000] {dag.py:3504} INFO - Setting next_dagrun for tutorial_dag to None, run_after=None
[2024-02-16T20:16:24.939+0000] {processor.py:179} INFO - Processing /usr/local/python/3.10.13/lib/python3.10/site-packages/airflow/example_dags/tutorial_dag.py took 0.078 seconds
[2024-02-16T20:17:04.139+0000] {processor.py:157} INFO - Started process (PID=23821) to work on /usr/local/python/3.10.13/lib/python3.10/site-packages/airflow/example_dags/tutorial_dag.py
[2024-02-16T20:17:04.140+0000] {processor.py:826} INFO - Processing file /usr/local/python/3.10.13/lib/python3.10/site-packages/airflow/example_dags/tutorial_dag.py for tasks to queue
[2024-02-16T20:17:04.140+0000] {logging_mixin.py:150} INFO - [2024-02-16T20:17:04.140+0000] {dagbag.py:541} INFO - Filling up the DagBag from /usr/local/python/3.10.13/lib/python3.10/site-packages/airflow/example_dags/tutorial_dag.py
[2024-02-16T20:17:04.144+0000] {processor.py:836} INFO - DAG(s) dict_keys(['tutorial_dag']) retrieved from /usr/local/python/3.10.13/lib/python3.10/site-packages/airflow/example_dags/tutorial_dag.py
[2024-02-16T20:17:04.156+0000] {logging_mixin.py:150} INFO - [2024-02-16T20:17:04.156+0000] {dag.py:2742} INFO - Sync 1 DAGs
[2024-02-16T20:17:04.170+0000] {logging_mixin.py:150} INFO - [2024-02-16T20:17:04.170+0000] {dag.py:3504} INFO - Setting next_dagrun for tutorial_dag to None, run_after=None
[2024-02-16T20:17:04.223+0000] {processor.py:179} INFO - Processing /usr/local/python/3.10.13/lib/python3.10/site-packages/airflow/example_dags/tutorial_dag.py took 0.086 seconds
[2024-02-16T20:17:54.798+0000] {processor.py:157} INFO - Started process (PID=24198) to work on /usr/local/python/3.10.13/lib/python3.10/site-packages/airflow/example_dags/tutorial_dag.py
[2024-02-16T20:17:54.798+0000] {processor.py:826} INFO - Processing file /usr/local/python/3.10.13/lib/python3.10/site-packages/airflow/example_dags/tutorial_dag.py for tasks to queue
[2024-02-16T20:17:54.799+0000] {logging_mixin.py:150} INFO - [2024-02-16T20:17:54.799+0000] {dagbag.py:541} INFO - Filling up the DagBag from /usr/local/python/3.10.13/lib/python3.10/site-packages/airflow/example_dags/tutorial_dag.py
[2024-02-16T20:17:54.805+0000] {processor.py:836} INFO - DAG(s) dict_keys(['tutorial_dag']) retrieved from /usr/local/python/3.10.13/lib/python3.10/site-packages/airflow/example_dags/tutorial_dag.py
[2024-02-16T20:17:54.821+0000] {logging_mixin.py:150} INFO - [2024-02-16T20:17:54.820+0000] {dag.py:2742} INFO - Sync 1 DAGs
[2024-02-16T20:17:54.843+0000] {logging_mixin.py:150} INFO - [2024-02-16T20:17:54.843+0000] {dag.py:3504} INFO - Setting next_dagrun for tutorial_dag to None, run_after=None
[2024-02-16T20:17:54.890+0000] {processor.py:179} INFO - Processing /usr/local/python/3.10.13/lib/python3.10/site-packages/airflow/example_dags/tutorial_dag.py took 0.096 seconds
[2024-02-16T20:18:48.502+0000] {processor.py:157} INFO - Started process (PID=24594) to work on /usr/local/python/3.10.13/lib/python3.10/site-packages/airflow/example_dags/tutorial_dag.py
[2024-02-16T20:18:48.502+0000] {processor.py:826} INFO - Processing file /usr/local/python/3.10.13/lib/python3.10/site-packages/airflow/example_dags/tutorial_dag.py for tasks to queue
[2024-02-16T20:18:48.503+0000] {logging_mixin.py:150} INFO - [2024-02-16T20:18:48.503+0000] {dagbag.py:541} INFO - Filling up the DagBag from /usr/local/python/3.10.13/lib/python3.10/site-packages/airflow/example_dags/tutorial_dag.py
[2024-02-16T20:18:48.507+0000] {processor.py:836} INFO - DAG(s) dict_keys(['tutorial_dag']) retrieved from /usr/local/python/3.10.13/lib/python3.10/site-packages/airflow/example_dags/tutorial_dag.py
[2024-02-16T20:18:48.518+0000] {logging_mixin.py:150} INFO - [2024-02-16T20:18:48.518+0000] {dag.py:2742} INFO - Sync 1 DAGs
[2024-02-16T20:18:48.533+0000] {logging_mixin.py:150} INFO - [2024-02-16T20:18:48.533+0000] {dag.py:3504} INFO - Setting next_dagrun for tutorial_dag to None, run_after=None
[2024-02-16T20:18:48.581+0000] {processor.py:179} INFO - Processing /usr/local/python/3.10.13/lib/python3.10/site-packages/airflow/example_dags/tutorial_dag.py took 0.081 seconds
[2024-02-16T20:19:40.681+0000] {processor.py:157} INFO - Started process (PID=24980) to work on /usr/local/python/3.10.13/lib/python3.10/site-packages/airflow/example_dags/tutorial_dag.py
[2024-02-16T20:19:40.681+0000] {processor.py:826} INFO - Processing file /usr/local/python/3.10.13/lib/python3.10/site-packages/airflow/example_dags/tutorial_dag.py for tasks to queue
[2024-02-16T20:19:40.682+0000] {logging_mixin.py:150} INFO - [2024-02-16T20:19:40.682+0000] {dagbag.py:541} INFO - Filling up the DagBag from /usr/local/python/3.10.13/lib/python3.10/site-packages/airflow/example_dags/tutorial_dag.py
[2024-02-16T20:19:40.686+0000] {processor.py:836} INFO - DAG(s) dict_keys(['tutorial_dag']) retrieved from /usr/local/python/3.10.13/lib/python3.10/site-packages/airflow/example_dags/tutorial_dag.py
[2024-02-16T20:19:40.701+0000] {logging_mixin.py:150} INFO - [2024-02-16T20:19:40.701+0000] {dag.py:2742} INFO - Sync 1 DAGs
[2024-02-16T20:19:40.724+0000] {logging_mixin.py:150} INFO - [2024-02-16T20:19:40.724+0000] {dag.py:3504} INFO - Setting next_dagrun for tutorial_dag to None, run_after=None
[2024-02-16T20:19:40.781+0000] {processor.py:179} INFO - Processing /usr/local/python/3.10.13/lib/python3.10/site-packages/airflow/example_dags/tutorial_dag.py took 0.102 seconds
[2024-02-16T20:20:34.976+0000] {processor.py:157} INFO - Started process (PID=25403) to work on /usr/local/python/3.10.13/lib/python3.10/site-packages/airflow/example_dags/tutorial_dag.py
[2024-02-16T20:20:34.977+0000] {processor.py:826} INFO - Processing file /usr/local/python/3.10.13/lib/python3.10/site-packages/airflow/example_dags/tutorial_dag.py for tasks to queue
[2024-02-16T20:20:34.977+0000] {logging_mixin.py:150} INFO - [2024-02-16T20:20:34.977+0000] {dagbag.py:541} INFO - Filling up the DagBag from /usr/local/python/3.10.13/lib/python3.10/site-packages/airflow/example_dags/tutorial_dag.py
[2024-02-16T20:20:34.981+0000] {processor.py:836} INFO - DAG(s) dict_keys(['tutorial_dag']) retrieved from /usr/local/python/3.10.13/lib/python3.10/site-packages/airflow/example_dags/tutorial_dag.py
[2024-02-16T20:20:34.994+0000] {logging_mixin.py:150} INFO - [2024-02-16T20:20:34.993+0000] {dag.py:2742} INFO - Sync 1 DAGs
[2024-02-16T20:20:35.008+0000] {logging_mixin.py:150} INFO - [2024-02-16T20:20:35.008+0000] {dag.py:3504} INFO - Setting next_dagrun for tutorial_dag to None, run_after=None
[2024-02-16T20:20:35.054+0000] {processor.py:179} INFO - Processing /usr/local/python/3.10.13/lib/python3.10/site-packages/airflow/example_dags/tutorial_dag.py took 0.080 seconds
[2024-02-16T20:21:28.116+0000] {processor.py:157} INFO - Started process (PID=25786) to work on /usr/local/python/3.10.13/lib/python3.10/site-packages/airflow/example_dags/tutorial_dag.py
[2024-02-16T20:21:28.116+0000] {processor.py:826} INFO - Processing file /usr/local/python/3.10.13/lib/python3.10/site-packages/airflow/example_dags/tutorial_dag.py for tasks to queue
[2024-02-16T20:21:28.117+0000] {logging_mixin.py:150} INFO - [2024-02-16T20:21:28.117+0000] {dagbag.py:541} INFO - Filling up the DagBag from /usr/local/python/3.10.13/lib/python3.10/site-packages/airflow/example_dags/tutorial_dag.py
[2024-02-16T20:21:28.123+0000] {processor.py:836} INFO - DAG(s) dict_keys(['tutorial_dag']) retrieved from /usr/local/python/3.10.13/lib/python3.10/site-packages/airflow/example_dags/tutorial_dag.py
[2024-02-16T20:21:28.144+0000] {logging_mixin.py:150} INFO - [2024-02-16T20:21:28.144+0000] {dag.py:2742} INFO - Sync 1 DAGs
[2024-02-16T20:21:28.172+0000] {logging_mixin.py:150} INFO - [2024-02-16T20:21:28.172+0000] {dag.py:3504} INFO - Setting next_dagrun for tutorial_dag to None, run_after=None
[2024-02-16T20:21:28.243+0000] {processor.py:179} INFO - Processing /usr/local/python/3.10.13/lib/python3.10/site-packages/airflow/example_dags/tutorial_dag.py took 0.131 seconds
[2024-02-16T20:22:05.211+0000] {processor.py:157} INFO - Started process (PID=26056) to work on /usr/local/python/3.10.13/lib/python3.10/site-packages/airflow/example_dags/tutorial_dag.py
[2024-02-16T20:22:05.211+0000] {processor.py:826} INFO - Processing file /usr/local/python/3.10.13/lib/python3.10/site-packages/airflow/example_dags/tutorial_dag.py for tasks to queue
[2024-02-16T20:22:05.212+0000] {logging_mixin.py:150} INFO - [2024-02-16T20:22:05.212+0000] {dagbag.py:541} INFO - Filling up the DagBag from /usr/local/python/3.10.13/lib/python3.10/site-packages/airflow/example_dags/tutorial_dag.py
[2024-02-16T20:22:05.216+0000] {processor.py:836} INFO - DAG(s) dict_keys(['tutorial_dag']) retrieved from /usr/local/python/3.10.13/lib/python3.10/site-packages/airflow/example_dags/tutorial_dag.py
[2024-02-16T20:22:05.231+0000] {logging_mixin.py:150} INFO - [2024-02-16T20:22:05.231+0000] {dag.py:2742} INFO - Sync 1 DAGs
[2024-02-16T20:22:05.247+0000] {logging_mixin.py:150} INFO - [2024-02-16T20:22:05.247+0000] {dag.py:3504} INFO - Setting next_dagrun for tutorial_dag to None, run_after=None
[2024-02-16T20:22:05.297+0000] {processor.py:179} INFO - Processing /usr/local/python/3.10.13/lib/python3.10/site-packages/airflow/example_dags/tutorial_dag.py took 0.089 seconds
[2024-02-16T20:22:41.773+0000] {processor.py:157} INFO - Started process (PID=26347) to work on /usr/local/python/3.10.13/lib/python3.10/site-packages/airflow/example_dags/tutorial_dag.py
[2024-02-16T20:22:41.774+0000] {processor.py:826} INFO - Processing file /usr/local/python/3.10.13/lib/python3.10/site-packages/airflow/example_dags/tutorial_dag.py for tasks to queue
[2024-02-16T20:22:41.774+0000] {logging_mixin.py:150} INFO - [2024-02-16T20:22:41.774+0000] {dagbag.py:541} INFO - Filling up the DagBag from /usr/local/python/3.10.13/lib/python3.10/site-packages/airflow/example_dags/tutorial_dag.py
[2024-02-16T20:22:41.778+0000] {processor.py:836} INFO - DAG(s) dict_keys(['tutorial_dag']) retrieved from /usr/local/python/3.10.13/lib/python3.10/site-packages/airflow/example_dags/tutorial_dag.py
[2024-02-16T20:22:41.790+0000] {logging_mixin.py:150} INFO - [2024-02-16T20:22:41.790+0000] {dag.py:2742} INFO - Sync 1 DAGs
[2024-02-16T20:22:41.806+0000] {logging_mixin.py:150} INFO - [2024-02-16T20:22:41.806+0000] {dag.py:3504} INFO - Setting next_dagrun for tutorial_dag to None, run_after=None
[2024-02-16T20:22:41.851+0000] {processor.py:179} INFO - Processing /usr/local/python/3.10.13/lib/python3.10/site-packages/airflow/example_dags/tutorial_dag.py took 0.081 seconds
[2024-02-16T20:23:32.986+0000] {processor.py:157} INFO - Started process (PID=26720) to work on /usr/local/python/3.10.13/lib/python3.10/site-packages/airflow/example_dags/tutorial_dag.py
[2024-02-16T20:23:32.987+0000] {processor.py:826} INFO - Processing file /usr/local/python/3.10.13/lib/python3.10/site-packages/airflow/example_dags/tutorial_dag.py for tasks to queue
[2024-02-16T20:23:32.988+0000] {logging_mixin.py:150} INFO - [2024-02-16T20:23:32.988+0000] {dagbag.py:541} INFO - Filling up the DagBag from /usr/local/python/3.10.13/lib/python3.10/site-packages/airflow/example_dags/tutorial_dag.py
[2024-02-16T20:23:32.992+0000] {processor.py:836} INFO - DAG(s) dict_keys(['tutorial_dag']) retrieved from /usr/local/python/3.10.13/lib/python3.10/site-packages/airflow/example_dags/tutorial_dag.py
[2024-02-16T20:23:33.006+0000] {logging_mixin.py:150} INFO - [2024-02-16T20:23:33.006+0000] {dag.py:2742} INFO - Sync 1 DAGs
[2024-02-16T20:23:33.025+0000] {logging_mixin.py:150} INFO - [2024-02-16T20:23:33.025+0000] {dag.py:3504} INFO - Setting next_dagrun for tutorial_dag to None, run_after=None
[2024-02-16T20:23:33.070+0000] {processor.py:179} INFO - Processing /usr/local/python/3.10.13/lib/python3.10/site-packages/airflow/example_dags/tutorial_dag.py took 0.087 seconds
[2024-02-16T20:24:11.324+0000] {processor.py:157} INFO - Started process (PID=27045) to work on /usr/local/python/3.10.13/lib/python3.10/site-packages/airflow/example_dags/tutorial_dag.py
[2024-02-16T20:24:11.324+0000] {processor.py:826} INFO - Processing file /usr/local/python/3.10.13/lib/python3.10/site-packages/airflow/example_dags/tutorial_dag.py for tasks to queue
[2024-02-16T20:24:11.325+0000] {logging_mixin.py:150} INFO - [2024-02-16T20:24:11.325+0000] {dagbag.py:541} INFO - Filling up the DagBag from /usr/local/python/3.10.13/lib/python3.10/site-packages/airflow/example_dags/tutorial_dag.py
[2024-02-16T20:24:11.329+0000] {processor.py:836} INFO - DAG(s) dict_keys(['tutorial_dag']) retrieved from /usr/local/python/3.10.13/lib/python3.10/site-packages/airflow/example_dags/tutorial_dag.py
[2024-02-16T20:24:11.349+0000] {logging_mixin.py:150} INFO - [2024-02-16T20:24:11.349+0000] {dag.py:2742} INFO - Sync 1 DAGs
[2024-02-16T20:24:11.385+0000] {logging_mixin.py:150} INFO - [2024-02-16T20:24:11.385+0000] {dag.py:3504} INFO - Setting next_dagrun for tutorial_dag to None, run_after=None
[2024-02-16T20:24:11.433+0000] {processor.py:179} INFO - Processing /usr/local/python/3.10.13/lib/python3.10/site-packages/airflow/example_dags/tutorial_dag.py took 0.112 seconds
