[2024-02-16T20:09:05.469+0000] {processor.py:157} INFO - Started process (PID=19992) to work on /usr/local/python/3.10.13/lib/python3.10/site-packages/airflow/example_dags/tutorial_taskflow_api_virtualenv.py
[2024-02-16T20:09:05.470+0000] {processor.py:826} INFO - Processing file /usr/local/python/3.10.13/lib/python3.10/site-packages/airflow/example_dags/tutorial_taskflow_api_virtualenv.py for tasks to queue
[2024-02-16T20:09:05.470+0000] {logging_mixin.py:150} INFO - [2024-02-16T20:09:05.470+0000] {dagbag.py:541} INFO - Filling up the DagBag from /usr/local/python/3.10.13/lib/python3.10/site-packages/airflow/example_dags/tutorial_taskflow_api_virtualenv.py
[2024-02-16T20:09:05.674+0000] {processor.py:836} INFO - DAG(s) dict_keys(['tutorial_taskflow_api_virtualenv']) retrieved from /usr/local/python/3.10.13/lib/python3.10/site-packages/airflow/example_dags/tutorial_taskflow_api_virtualenv.py
[2024-02-16T20:09:05.848+0000] {logging_mixin.py:150} INFO - [2024-02-16T20:09:05.847+0000] {manager.py:504} INFO - Created Permission View: can read on DAG:tutorial_taskflow_api_virtualenv
[2024-02-16T20:09:05.887+0000] {logging_mixin.py:150} INFO - [2024-02-16T20:09:05.887+0000] {manager.py:504} INFO - Created Permission View: can edit on DAG:tutorial_taskflow_api_virtualenv
[2024-02-16T20:09:05.923+0000] {logging_mixin.py:150} INFO - [2024-02-16T20:09:05.923+0000] {manager.py:504} INFO - Created Permission View: can delete on DAG:tutorial_taskflow_api_virtualenv
[2024-02-16T20:09:05.932+0000] {logging_mixin.py:150} INFO - [2024-02-16T20:09:05.932+0000] {dag.py:2742} INFO - Sync 1 DAGs
[2024-02-16T20:09:05.941+0000] {logging_mixin.py:150} INFO - [2024-02-16T20:09:05.941+0000] {dag.py:2763} INFO - Creating ORM DAG for tutorial_taskflow_api_virtualenv
[2024-02-16T20:09:05.948+0000] {logging_mixin.py:150} INFO - [2024-02-16T20:09:05.948+0000] {dag.py:3504} INFO - Setting next_dagrun for tutorial_taskflow_api_virtualenv to None, run_after=None
[2024-02-16T20:09:06.000+0000] {processor.py:179} INFO - Processing /usr/local/python/3.10.13/lib/python3.10/site-packages/airflow/example_dags/tutorial_taskflow_api_virtualenv.py took 0.533 seconds
[2024-02-16T20:10:03.858+0000] {processor.py:157} INFO - Started process (PID=20493) to work on /usr/local/python/3.10.13/lib/python3.10/site-packages/airflow/example_dags/tutorial_taskflow_api_virtualenv.py
[2024-02-16T20:10:03.858+0000] {processor.py:826} INFO - Processing file /usr/local/python/3.10.13/lib/python3.10/site-packages/airflow/example_dags/tutorial_taskflow_api_virtualenv.py for tasks to queue
[2024-02-16T20:10:03.859+0000] {logging_mixin.py:150} INFO - [2024-02-16T20:10:03.859+0000] {dagbag.py:541} INFO - Filling up the DagBag from /usr/local/python/3.10.13/lib/python3.10/site-packages/airflow/example_dags/tutorial_taskflow_api_virtualenv.py
[2024-02-16T20:10:03.865+0000] {processor.py:836} INFO - DAG(s) dict_keys(['tutorial_taskflow_api_virtualenv']) retrieved from /usr/local/python/3.10.13/lib/python3.10/site-packages/airflow/example_dags/tutorial_taskflow_api_virtualenv.py
[2024-02-16T20:10:03.877+0000] {logging_mixin.py:150} INFO - [2024-02-16T20:10:03.876+0000] {dag.py:2742} INFO - Sync 1 DAGs
[2024-02-16T20:10:03.892+0000] {logging_mixin.py:150} INFO - [2024-02-16T20:10:03.892+0000] {dag.py:3504} INFO - Setting next_dagrun for tutorial_taskflow_api_virtualenv to None, run_after=None
[2024-02-16T20:10:03.938+0000] {processor.py:179} INFO - Processing /usr/local/python/3.10.13/lib/python3.10/site-packages/airflow/example_dags/tutorial_taskflow_api_virtualenv.py took 0.083 seconds
[2024-02-16T20:10:47.014+0000] {processor.py:157} INFO - Started process (PID=20907) to work on /usr/local/python/3.10.13/lib/python3.10/site-packages/airflow/example_dags/tutorial_taskflow_api_virtualenv.py
[2024-02-16T20:10:47.015+0000] {processor.py:826} INFO - Processing file /usr/local/python/3.10.13/lib/python3.10/site-packages/airflow/example_dags/tutorial_taskflow_api_virtualenv.py for tasks to queue
[2024-02-16T20:10:47.015+0000] {logging_mixin.py:150} INFO - [2024-02-16T20:10:47.015+0000] {dagbag.py:541} INFO - Filling up the DagBag from /usr/local/python/3.10.13/lib/python3.10/site-packages/airflow/example_dags/tutorial_taskflow_api_virtualenv.py
[2024-02-16T20:10:47.021+0000] {processor.py:836} INFO - DAG(s) dict_keys(['tutorial_taskflow_api_virtualenv']) retrieved from /usr/local/python/3.10.13/lib/python3.10/site-packages/airflow/example_dags/tutorial_taskflow_api_virtualenv.py
[2024-02-16T20:10:47.033+0000] {logging_mixin.py:150} INFO - [2024-02-16T20:10:47.033+0000] {dag.py:2742} INFO - Sync 1 DAGs
[2024-02-16T20:10:47.049+0000] {logging_mixin.py:150} INFO - [2024-02-16T20:10:47.049+0000] {dag.py:3504} INFO - Setting next_dagrun for tutorial_taskflow_api_virtualenv to None, run_after=None
[2024-02-16T20:10:47.099+0000] {processor.py:179} INFO - Processing /usr/local/python/3.10.13/lib/python3.10/site-packages/airflow/example_dags/tutorial_taskflow_api_virtualenv.py took 0.088 seconds
[2024-02-16T20:11:19.036+0000] {processor.py:157} INFO - Started process (PID=21255) to work on /usr/local/python/3.10.13/lib/python3.10/site-packages/airflow/example_dags/tutorial_taskflow_api_virtualenv.py
[2024-02-16T20:11:19.037+0000] {processor.py:826} INFO - Processing file /usr/local/python/3.10.13/lib/python3.10/site-packages/airflow/example_dags/tutorial_taskflow_api_virtualenv.py for tasks to queue
[2024-02-16T20:11:19.038+0000] {logging_mixin.py:150} INFO - [2024-02-16T20:11:19.038+0000] {dagbag.py:541} INFO - Filling up the DagBag from /usr/local/python/3.10.13/lib/python3.10/site-packages/airflow/example_dags/tutorial_taskflow_api_virtualenv.py
[2024-02-16T20:11:19.045+0000] {processor.py:836} INFO - DAG(s) dict_keys(['tutorial_taskflow_api_virtualenv']) retrieved from /usr/local/python/3.10.13/lib/python3.10/site-packages/airflow/example_dags/tutorial_taskflow_api_virtualenv.py
[2024-02-16T20:11:19.063+0000] {logging_mixin.py:150} INFO - [2024-02-16T20:11:19.063+0000] {dag.py:2742} INFO - Sync 1 DAGs
[2024-02-16T20:11:19.084+0000] {logging_mixin.py:150} INFO - [2024-02-16T20:11:19.084+0000] {dag.py:3504} INFO - Setting next_dagrun for tutorial_taskflow_api_virtualenv to None, run_after=None
[2024-02-16T20:11:19.132+0000] {processor.py:179} INFO - Processing /usr/local/python/3.10.13/lib/python3.10/site-packages/airflow/example_dags/tutorial_taskflow_api_virtualenv.py took 0.099 seconds
[2024-02-16T20:12:07.051+0000] {processor.py:157} INFO - Started process (PID=21615) to work on /usr/local/python/3.10.13/lib/python3.10/site-packages/airflow/example_dags/tutorial_taskflow_api_virtualenv.py
[2024-02-16T20:12:07.051+0000] {processor.py:826} INFO - Processing file /usr/local/python/3.10.13/lib/python3.10/site-packages/airflow/example_dags/tutorial_taskflow_api_virtualenv.py for tasks to queue
[2024-02-16T20:12:07.052+0000] {logging_mixin.py:150} INFO - [2024-02-16T20:12:07.052+0000] {dagbag.py:541} INFO - Filling up the DagBag from /usr/local/python/3.10.13/lib/python3.10/site-packages/airflow/example_dags/tutorial_taskflow_api_virtualenv.py
[2024-02-16T20:12:07.057+0000] {processor.py:836} INFO - DAG(s) dict_keys(['tutorial_taskflow_api_virtualenv']) retrieved from /usr/local/python/3.10.13/lib/python3.10/site-packages/airflow/example_dags/tutorial_taskflow_api_virtualenv.py
[2024-02-16T20:12:07.070+0000] {logging_mixin.py:150} INFO - [2024-02-16T20:12:07.069+0000] {dag.py:2742} INFO - Sync 1 DAGs
[2024-02-16T20:12:07.086+0000] {logging_mixin.py:150} INFO - [2024-02-16T20:12:07.085+0000] {dag.py:3504} INFO - Setting next_dagrun for tutorial_taskflow_api_virtualenv to None, run_after=None
[2024-02-16T20:12:07.135+0000] {processor.py:179} INFO - Processing /usr/local/python/3.10.13/lib/python3.10/site-packages/airflow/example_dags/tutorial_taskflow_api_virtualenv.py took 0.086 seconds
[2024-02-16T20:12:53.747+0000] {processor.py:157} INFO - Started process (PID=21938) to work on /usr/local/python/3.10.13/lib/python3.10/site-packages/airflow/example_dags/tutorial_taskflow_api_virtualenv.py
[2024-02-16T20:12:53.748+0000] {processor.py:826} INFO - Processing file /usr/local/python/3.10.13/lib/python3.10/site-packages/airflow/example_dags/tutorial_taskflow_api_virtualenv.py for tasks to queue
[2024-02-16T20:12:53.748+0000] {logging_mixin.py:150} INFO - [2024-02-16T20:12:53.748+0000] {dagbag.py:541} INFO - Filling up the DagBag from /usr/local/python/3.10.13/lib/python3.10/site-packages/airflow/example_dags/tutorial_taskflow_api_virtualenv.py
[2024-02-16T20:12:53.754+0000] {processor.py:836} INFO - DAG(s) dict_keys(['tutorial_taskflow_api_virtualenv']) retrieved from /usr/local/python/3.10.13/lib/python3.10/site-packages/airflow/example_dags/tutorial_taskflow_api_virtualenv.py
[2024-02-16T20:12:53.771+0000] {logging_mixin.py:150} INFO - [2024-02-16T20:12:53.771+0000] {dag.py:2742} INFO - Sync 1 DAGs
[2024-02-16T20:12:53.795+0000] {logging_mixin.py:150} INFO - [2024-02-16T20:12:53.795+0000] {dag.py:3504} INFO - Setting next_dagrun for tutorial_taskflow_api_virtualenv to None, run_after=None
[2024-02-16T20:12:53.848+0000] {processor.py:179} INFO - Processing /usr/local/python/3.10.13/lib/python3.10/site-packages/airflow/example_dags/tutorial_taskflow_api_virtualenv.py took 0.103 seconds
[2024-02-16T20:13:45.478+0000] {processor.py:157} INFO - Started process (PID=22320) to work on /usr/local/python/3.10.13/lib/python3.10/site-packages/airflow/example_dags/tutorial_taskflow_api_virtualenv.py
[2024-02-16T20:13:45.479+0000] {processor.py:826} INFO - Processing file /usr/local/python/3.10.13/lib/python3.10/site-packages/airflow/example_dags/tutorial_taskflow_api_virtualenv.py for tasks to queue
[2024-02-16T20:13:45.480+0000] {logging_mixin.py:150} INFO - [2024-02-16T20:13:45.479+0000] {dagbag.py:541} INFO - Filling up the DagBag from /usr/local/python/3.10.13/lib/python3.10/site-packages/airflow/example_dags/tutorial_taskflow_api_virtualenv.py
[2024-02-16T20:13:45.485+0000] {processor.py:836} INFO - DAG(s) dict_keys(['tutorial_taskflow_api_virtualenv']) retrieved from /usr/local/python/3.10.13/lib/python3.10/site-packages/airflow/example_dags/tutorial_taskflow_api_virtualenv.py
[2024-02-16T20:13:45.497+0000] {logging_mixin.py:150} INFO - [2024-02-16T20:13:45.497+0000] {dag.py:2742} INFO - Sync 1 DAGs
[2024-02-16T20:13:45.512+0000] {logging_mixin.py:150} INFO - [2024-02-16T20:13:45.511+0000] {dag.py:3504} INFO - Setting next_dagrun for tutorial_taskflow_api_virtualenv to None, run_after=None
[2024-02-16T20:13:45.574+0000] {processor.py:179} INFO - Processing /usr/local/python/3.10.13/lib/python3.10/site-packages/airflow/example_dags/tutorial_taskflow_api_virtualenv.py took 0.098 seconds
[2024-02-16T20:14:23.425+0000] {processor.py:157} INFO - Started process (PID=22618) to work on /usr/local/python/3.10.13/lib/python3.10/site-packages/airflow/example_dags/tutorial_taskflow_api_virtualenv.py
[2024-02-16T20:14:23.426+0000] {processor.py:826} INFO - Processing file /usr/local/python/3.10.13/lib/python3.10/site-packages/airflow/example_dags/tutorial_taskflow_api_virtualenv.py for tasks to queue
[2024-02-16T20:14:23.426+0000] {logging_mixin.py:150} INFO - [2024-02-16T20:14:23.426+0000] {dagbag.py:541} INFO - Filling up the DagBag from /usr/local/python/3.10.13/lib/python3.10/site-packages/airflow/example_dags/tutorial_taskflow_api_virtualenv.py
[2024-02-16T20:14:23.434+0000] {processor.py:836} INFO - DAG(s) dict_keys(['tutorial_taskflow_api_virtualenv']) retrieved from /usr/local/python/3.10.13/lib/python3.10/site-packages/airflow/example_dags/tutorial_taskflow_api_virtualenv.py
[2024-02-16T20:14:23.451+0000] {logging_mixin.py:150} INFO - [2024-02-16T20:14:23.451+0000] {dag.py:2742} INFO - Sync 1 DAGs
[2024-02-16T20:14:23.475+0000] {logging_mixin.py:150} INFO - [2024-02-16T20:14:23.474+0000] {dag.py:3504} INFO - Setting next_dagrun for tutorial_taskflow_api_virtualenv to None, run_after=None
[2024-02-16T20:14:23.548+0000] {processor.py:179} INFO - Processing /usr/local/python/3.10.13/lib/python3.10/site-packages/airflow/example_dags/tutorial_taskflow_api_virtualenv.py took 0.126 seconds
[2024-02-16T20:14:59.920+0000] {processor.py:157} INFO - Started process (PID=22896) to work on /usr/local/python/3.10.13/lib/python3.10/site-packages/airflow/example_dags/tutorial_taskflow_api_virtualenv.py
[2024-02-16T20:14:59.921+0000] {processor.py:826} INFO - Processing file /usr/local/python/3.10.13/lib/python3.10/site-packages/airflow/example_dags/tutorial_taskflow_api_virtualenv.py for tasks to queue
[2024-02-16T20:14:59.922+0000] {logging_mixin.py:150} INFO - [2024-02-16T20:14:59.921+0000] {dagbag.py:541} INFO - Filling up the DagBag from /usr/local/python/3.10.13/lib/python3.10/site-packages/airflow/example_dags/tutorial_taskflow_api_virtualenv.py
[2024-02-16T20:14:59.927+0000] {processor.py:836} INFO - DAG(s) dict_keys(['tutorial_taskflow_api_virtualenv']) retrieved from /usr/local/python/3.10.13/lib/python3.10/site-packages/airflow/example_dags/tutorial_taskflow_api_virtualenv.py
[2024-02-16T20:14:59.938+0000] {logging_mixin.py:150} INFO - [2024-02-16T20:14:59.938+0000] {dag.py:2742} INFO - Sync 1 DAGs
[2024-02-16T20:14:59.955+0000] {logging_mixin.py:150} INFO - [2024-02-16T20:14:59.955+0000] {dag.py:3504} INFO - Setting next_dagrun for tutorial_taskflow_api_virtualenv to None, run_after=None
[2024-02-16T20:15:00.001+0000] {processor.py:179} INFO - Processing /usr/local/python/3.10.13/lib/python3.10/site-packages/airflow/example_dags/tutorial_taskflow_api_virtualenv.py took 0.082 seconds
[2024-02-16T20:15:49.990+0000] {processor.py:157} INFO - Started process (PID=23270) to work on /usr/local/python/3.10.13/lib/python3.10/site-packages/airflow/example_dags/tutorial_taskflow_api_virtualenv.py
[2024-02-16T20:15:49.990+0000] {processor.py:826} INFO - Processing file /usr/local/python/3.10.13/lib/python3.10/site-packages/airflow/example_dags/tutorial_taskflow_api_virtualenv.py for tasks to queue
[2024-02-16T20:15:49.991+0000] {logging_mixin.py:150} INFO - [2024-02-16T20:15:49.991+0000] {dagbag.py:541} INFO - Filling up the DagBag from /usr/local/python/3.10.13/lib/python3.10/site-packages/airflow/example_dags/tutorial_taskflow_api_virtualenv.py
[2024-02-16T20:15:49.996+0000] {processor.py:836} INFO - DAG(s) dict_keys(['tutorial_taskflow_api_virtualenv']) retrieved from /usr/local/python/3.10.13/lib/python3.10/site-packages/airflow/example_dags/tutorial_taskflow_api_virtualenv.py
[2024-02-16T20:15:50.008+0000] {logging_mixin.py:150} INFO - [2024-02-16T20:15:50.008+0000] {dag.py:2742} INFO - Sync 1 DAGs
[2024-02-16T20:15:50.023+0000] {logging_mixin.py:150} INFO - [2024-02-16T20:15:50.022+0000] {dag.py:3504} INFO - Setting next_dagrun for tutorial_taskflow_api_virtualenv to None, run_after=None
[2024-02-16T20:15:50.075+0000] {processor.py:179} INFO - Processing /usr/local/python/3.10.13/lib/python3.10/site-packages/airflow/example_dags/tutorial_taskflow_api_virtualenv.py took 0.087 seconds
[2024-02-16T20:16:43.821+0000] {processor.py:157} INFO - Started process (PID=23667) to work on /usr/local/python/3.10.13/lib/python3.10/site-packages/airflow/example_dags/tutorial_taskflow_api_virtualenv.py
[2024-02-16T20:16:43.822+0000] {processor.py:826} INFO - Processing file /usr/local/python/3.10.13/lib/python3.10/site-packages/airflow/example_dags/tutorial_taskflow_api_virtualenv.py for tasks to queue
[2024-02-16T20:16:43.822+0000] {logging_mixin.py:150} INFO - [2024-02-16T20:16:43.822+0000] {dagbag.py:541} INFO - Filling up the DagBag from /usr/local/python/3.10.13/lib/python3.10/site-packages/airflow/example_dags/tutorial_taskflow_api_virtualenv.py
[2024-02-16T20:16:43.828+0000] {processor.py:836} INFO - DAG(s) dict_keys(['tutorial_taskflow_api_virtualenv']) retrieved from /usr/local/python/3.10.13/lib/python3.10/site-packages/airflow/example_dags/tutorial_taskflow_api_virtualenv.py
[2024-02-16T20:16:43.839+0000] {logging_mixin.py:150} INFO - [2024-02-16T20:16:43.839+0000] {dag.py:2742} INFO - Sync 1 DAGs
[2024-02-16T20:16:43.854+0000] {logging_mixin.py:150} INFO - [2024-02-16T20:16:43.853+0000] {dag.py:3504} INFO - Setting next_dagrun for tutorial_taskflow_api_virtualenv to None, run_after=None
[2024-02-16T20:16:43.901+0000] {processor.py:179} INFO - Processing /usr/local/python/3.10.13/lib/python3.10/site-packages/airflow/example_dags/tutorial_taskflow_api_virtualenv.py took 0.083 seconds
[2024-02-16T20:17:20.301+0000] {processor.py:157} INFO - Started process (PID=23935) to work on /usr/local/python/3.10.13/lib/python3.10/site-packages/airflow/example_dags/tutorial_taskflow_api_virtualenv.py
[2024-02-16T20:17:20.301+0000] {processor.py:826} INFO - Processing file /usr/local/python/3.10.13/lib/python3.10/site-packages/airflow/example_dags/tutorial_taskflow_api_virtualenv.py for tasks to queue
[2024-02-16T20:17:20.302+0000] {logging_mixin.py:150} INFO - [2024-02-16T20:17:20.302+0000] {dagbag.py:541} INFO - Filling up the DagBag from /usr/local/python/3.10.13/lib/python3.10/site-packages/airflow/example_dags/tutorial_taskflow_api_virtualenv.py
[2024-02-16T20:17:20.307+0000] {processor.py:836} INFO - DAG(s) dict_keys(['tutorial_taskflow_api_virtualenv']) retrieved from /usr/local/python/3.10.13/lib/python3.10/site-packages/airflow/example_dags/tutorial_taskflow_api_virtualenv.py
[2024-02-16T20:17:20.319+0000] {logging_mixin.py:150} INFO - [2024-02-16T20:17:20.319+0000] {dag.py:2742} INFO - Sync 1 DAGs
[2024-02-16T20:17:20.333+0000] {logging_mixin.py:150} INFO - [2024-02-16T20:17:20.333+0000] {dag.py:3504} INFO - Setting next_dagrun for tutorial_taskflow_api_virtualenv to None, run_after=None
[2024-02-16T20:17:20.379+0000] {processor.py:179} INFO - Processing /usr/local/python/3.10.13/lib/python3.10/site-packages/airflow/example_dags/tutorial_taskflow_api_virtualenv.py took 0.080 seconds
[2024-02-16T20:18:12.794+0000] {processor.py:157} INFO - Started process (PID=24341) to work on /usr/local/python/3.10.13/lib/python3.10/site-packages/airflow/example_dags/tutorial_taskflow_api_virtualenv.py
[2024-02-16T20:18:12.794+0000] {processor.py:826} INFO - Processing file /usr/local/python/3.10.13/lib/python3.10/site-packages/airflow/example_dags/tutorial_taskflow_api_virtualenv.py for tasks to queue
[2024-02-16T20:18:12.795+0000] {logging_mixin.py:150} INFO - [2024-02-16T20:18:12.795+0000] {dagbag.py:541} INFO - Filling up the DagBag from /usr/local/python/3.10.13/lib/python3.10/site-packages/airflow/example_dags/tutorial_taskflow_api_virtualenv.py
[2024-02-16T20:18:12.800+0000] {processor.py:836} INFO - DAG(s) dict_keys(['tutorial_taskflow_api_virtualenv']) retrieved from /usr/local/python/3.10.13/lib/python3.10/site-packages/airflow/example_dags/tutorial_taskflow_api_virtualenv.py
[2024-02-16T20:18:12.812+0000] {logging_mixin.py:150} INFO - [2024-02-16T20:18:12.811+0000] {dag.py:2742} INFO - Sync 1 DAGs
[2024-02-16T20:18:12.828+0000] {logging_mixin.py:150} INFO - [2024-02-16T20:18:12.827+0000] {dag.py:3504} INFO - Setting next_dagrun for tutorial_taskflow_api_virtualenv to None, run_after=None
[2024-02-16T20:18:12.872+0000] {processor.py:179} INFO - Processing /usr/local/python/3.10.13/lib/python3.10/site-packages/airflow/example_dags/tutorial_taskflow_api_virtualenv.py took 0.081 seconds
[2024-02-16T20:19:04.063+0000] {processor.py:157} INFO - Started process (PID=24722) to work on /usr/local/python/3.10.13/lib/python3.10/site-packages/airflow/example_dags/tutorial_taskflow_api_virtualenv.py
[2024-02-16T20:19:04.063+0000] {processor.py:826} INFO - Processing file /usr/local/python/3.10.13/lib/python3.10/site-packages/airflow/example_dags/tutorial_taskflow_api_virtualenv.py for tasks to queue
[2024-02-16T20:19:04.064+0000] {logging_mixin.py:150} INFO - [2024-02-16T20:19:04.064+0000] {dagbag.py:541} INFO - Filling up the DagBag from /usr/local/python/3.10.13/lib/python3.10/site-packages/airflow/example_dags/tutorial_taskflow_api_virtualenv.py
[2024-02-16T20:19:04.070+0000] {processor.py:836} INFO - DAG(s) dict_keys(['tutorial_taskflow_api_virtualenv']) retrieved from /usr/local/python/3.10.13/lib/python3.10/site-packages/airflow/example_dags/tutorial_taskflow_api_virtualenv.py
[2024-02-16T20:19:04.082+0000] {logging_mixin.py:150} INFO - [2024-02-16T20:19:04.082+0000] {dag.py:2742} INFO - Sync 1 DAGs
[2024-02-16T20:19:04.099+0000] {logging_mixin.py:150} INFO - [2024-02-16T20:19:04.099+0000] {dag.py:3504} INFO - Setting next_dagrun for tutorial_taskflow_api_virtualenv to None, run_after=None
[2024-02-16T20:19:04.151+0000] {processor.py:179} INFO - Processing /usr/local/python/3.10.13/lib/python3.10/site-packages/airflow/example_dags/tutorial_taskflow_api_virtualenv.py took 0.090 seconds
[2024-02-16T20:19:56.307+0000] {processor.py:157} INFO - Started process (PID=25109) to work on /usr/local/python/3.10.13/lib/python3.10/site-packages/airflow/example_dags/tutorial_taskflow_api_virtualenv.py
[2024-02-16T20:19:56.307+0000] {processor.py:826} INFO - Processing file /usr/local/python/3.10.13/lib/python3.10/site-packages/airflow/example_dags/tutorial_taskflow_api_virtualenv.py for tasks to queue
[2024-02-16T20:19:56.308+0000] {logging_mixin.py:150} INFO - [2024-02-16T20:19:56.308+0000] {dagbag.py:541} INFO - Filling up the DagBag from /usr/local/python/3.10.13/lib/python3.10/site-packages/airflow/example_dags/tutorial_taskflow_api_virtualenv.py
[2024-02-16T20:19:56.314+0000] {processor.py:836} INFO - DAG(s) dict_keys(['tutorial_taskflow_api_virtualenv']) retrieved from /usr/local/python/3.10.13/lib/python3.10/site-packages/airflow/example_dags/tutorial_taskflow_api_virtualenv.py
[2024-02-16T20:19:56.325+0000] {logging_mixin.py:150} INFO - [2024-02-16T20:19:56.325+0000] {dag.py:2742} INFO - Sync 1 DAGs
[2024-02-16T20:19:56.339+0000] {logging_mixin.py:150} INFO - [2024-02-16T20:19:56.339+0000] {dag.py:3504} INFO - Setting next_dagrun for tutorial_taskflow_api_virtualenv to None, run_after=None
[2024-02-16T20:19:56.391+0000] {processor.py:179} INFO - Processing /usr/local/python/3.10.13/lib/python3.10/site-packages/airflow/example_dags/tutorial_taskflow_api_virtualenv.py took 0.087 seconds
[2024-02-16T20:20:32.654+0000] {processor.py:157} INFO - Started process (PID=25363) to work on /usr/local/python/3.10.13/lib/python3.10/site-packages/airflow/example_dags/tutorial_taskflow_api_virtualenv.py
[2024-02-16T20:20:32.654+0000] {processor.py:826} INFO - Processing file /usr/local/python/3.10.13/lib/python3.10/site-packages/airflow/example_dags/tutorial_taskflow_api_virtualenv.py for tasks to queue
[2024-02-16T20:20:32.655+0000] {logging_mixin.py:150} INFO - [2024-02-16T20:20:32.655+0000] {dagbag.py:541} INFO - Filling up the DagBag from /usr/local/python/3.10.13/lib/python3.10/site-packages/airflow/example_dags/tutorial_taskflow_api_virtualenv.py
[2024-02-16T20:20:32.662+0000] {processor.py:836} INFO - DAG(s) dict_keys(['tutorial_taskflow_api_virtualenv']) retrieved from /usr/local/python/3.10.13/lib/python3.10/site-packages/airflow/example_dags/tutorial_taskflow_api_virtualenv.py
[2024-02-16T20:20:32.688+0000] {logging_mixin.py:150} INFO - [2024-02-16T20:20:32.688+0000] {dag.py:2742} INFO - Sync 1 DAGs
[2024-02-16T20:20:32.727+0000] {logging_mixin.py:150} INFO - [2024-02-16T20:20:32.727+0000] {dag.py:3504} INFO - Setting next_dagrun for tutorial_taskflow_api_virtualenv to None, run_after=None
[2024-02-16T20:20:32.780+0000] {processor.py:179} INFO - Processing /usr/local/python/3.10.13/lib/python3.10/site-packages/airflow/example_dags/tutorial_taskflow_api_virtualenv.py took 0.130 seconds
[2024-02-16T20:21:08.187+0000] {processor.py:157} INFO - Started process (PID=25647) to work on /usr/local/python/3.10.13/lib/python3.10/site-packages/airflow/example_dags/tutorial_taskflow_api_virtualenv.py
[2024-02-16T20:21:08.188+0000] {processor.py:826} INFO - Processing file /usr/local/python/3.10.13/lib/python3.10/site-packages/airflow/example_dags/tutorial_taskflow_api_virtualenv.py for tasks to queue
[2024-02-16T20:21:08.188+0000] {logging_mixin.py:150} INFO - [2024-02-16T20:21:08.188+0000] {dagbag.py:541} INFO - Filling up the DagBag from /usr/local/python/3.10.13/lib/python3.10/site-packages/airflow/example_dags/tutorial_taskflow_api_virtualenv.py
[2024-02-16T20:21:08.194+0000] {processor.py:836} INFO - DAG(s) dict_keys(['tutorial_taskflow_api_virtualenv']) retrieved from /usr/local/python/3.10.13/lib/python3.10/site-packages/airflow/example_dags/tutorial_taskflow_api_virtualenv.py
[2024-02-16T20:21:08.216+0000] {logging_mixin.py:150} INFO - [2024-02-16T20:21:08.215+0000] {dag.py:2742} INFO - Sync 1 DAGs
[2024-02-16T20:21:08.239+0000] {logging_mixin.py:150} INFO - [2024-02-16T20:21:08.239+0000] {dag.py:3504} INFO - Setting next_dagrun for tutorial_taskflow_api_virtualenv to None, run_after=None
[2024-02-16T20:21:08.313+0000] {processor.py:179} INFO - Processing /usr/local/python/3.10.13/lib/python3.10/site-packages/airflow/example_dags/tutorial_taskflow_api_virtualenv.py took 0.128 seconds
[2024-02-16T20:21:44.846+0000] {processor.py:157} INFO - Started process (PID=25906) to work on /usr/local/python/3.10.13/lib/python3.10/site-packages/airflow/example_dags/tutorial_taskflow_api_virtualenv.py
[2024-02-16T20:21:44.847+0000] {processor.py:826} INFO - Processing file /usr/local/python/3.10.13/lib/python3.10/site-packages/airflow/example_dags/tutorial_taskflow_api_virtualenv.py for tasks to queue
[2024-02-16T20:21:44.847+0000] {logging_mixin.py:150} INFO - [2024-02-16T20:21:44.847+0000] {dagbag.py:541} INFO - Filling up the DagBag from /usr/local/python/3.10.13/lib/python3.10/site-packages/airflow/example_dags/tutorial_taskflow_api_virtualenv.py
[2024-02-16T20:21:44.853+0000] {processor.py:836} INFO - DAG(s) dict_keys(['tutorial_taskflow_api_virtualenv']) retrieved from /usr/local/python/3.10.13/lib/python3.10/site-packages/airflow/example_dags/tutorial_taskflow_api_virtualenv.py
[2024-02-16T20:21:44.865+0000] {logging_mixin.py:150} INFO - [2024-02-16T20:21:44.865+0000] {dag.py:2742} INFO - Sync 1 DAGs
[2024-02-16T20:21:44.886+0000] {logging_mixin.py:150} INFO - [2024-02-16T20:21:44.886+0000] {dag.py:3504} INFO - Setting next_dagrun for tutorial_taskflow_api_virtualenv to None, run_after=None
[2024-02-16T20:21:44.944+0000] {processor.py:179} INFO - Processing /usr/local/python/3.10.13/lib/python3.10/site-packages/airflow/example_dags/tutorial_taskflow_api_virtualenv.py took 0.100 seconds
[2024-02-16T20:22:24.795+0000] {processor.py:157} INFO - Started process (PID=26213) to work on /usr/local/python/3.10.13/lib/python3.10/site-packages/airflow/example_dags/tutorial_taskflow_api_virtualenv.py
[2024-02-16T20:22:24.795+0000] {processor.py:826} INFO - Processing file /usr/local/python/3.10.13/lib/python3.10/site-packages/airflow/example_dags/tutorial_taskflow_api_virtualenv.py for tasks to queue
[2024-02-16T20:22:24.796+0000] {logging_mixin.py:150} INFO - [2024-02-16T20:22:24.796+0000] {dagbag.py:541} INFO - Filling up the DagBag from /usr/local/python/3.10.13/lib/python3.10/site-packages/airflow/example_dags/tutorial_taskflow_api_virtualenv.py
[2024-02-16T20:22:24.802+0000] {processor.py:836} INFO - DAG(s) dict_keys(['tutorial_taskflow_api_virtualenv']) retrieved from /usr/local/python/3.10.13/lib/python3.10/site-packages/airflow/example_dags/tutorial_taskflow_api_virtualenv.py
[2024-02-16T20:22:24.814+0000] {logging_mixin.py:150} INFO - [2024-02-16T20:22:24.814+0000] {dag.py:2742} INFO - Sync 1 DAGs
[2024-02-16T20:22:24.828+0000] {logging_mixin.py:150} INFO - [2024-02-16T20:22:24.828+0000] {dag.py:3504} INFO - Setting next_dagrun for tutorial_taskflow_api_virtualenv to None, run_after=None
[2024-02-16T20:22:24.874+0000] {processor.py:179} INFO - Processing /usr/local/python/3.10.13/lib/python3.10/site-packages/airflow/example_dags/tutorial_taskflow_api_virtualenv.py took 0.082 seconds
[2024-02-16T20:23:14.300+0000] {processor.py:157} INFO - Started process (PID=26585) to work on /usr/local/python/3.10.13/lib/python3.10/site-packages/airflow/example_dags/tutorial_taskflow_api_virtualenv.py
[2024-02-16T20:23:14.300+0000] {processor.py:826} INFO - Processing file /usr/local/python/3.10.13/lib/python3.10/site-packages/airflow/example_dags/tutorial_taskflow_api_virtualenv.py for tasks to queue
[2024-02-16T20:23:14.301+0000] {logging_mixin.py:150} INFO - [2024-02-16T20:23:14.301+0000] {dagbag.py:541} INFO - Filling up the DagBag from /usr/local/python/3.10.13/lib/python3.10/site-packages/airflow/example_dags/tutorial_taskflow_api_virtualenv.py
[2024-02-16T20:23:14.306+0000] {processor.py:836} INFO - DAG(s) dict_keys(['tutorial_taskflow_api_virtualenv']) retrieved from /usr/local/python/3.10.13/lib/python3.10/site-packages/airflow/example_dags/tutorial_taskflow_api_virtualenv.py
[2024-02-16T20:23:14.318+0000] {logging_mixin.py:150} INFO - [2024-02-16T20:23:14.318+0000] {dag.py:2742} INFO - Sync 1 DAGs
[2024-02-16T20:23:14.333+0000] {logging_mixin.py:150} INFO - [2024-02-16T20:23:14.333+0000] {dag.py:3504} INFO - Setting next_dagrun for tutorial_taskflow_api_virtualenv to None, run_after=None
[2024-02-16T20:23:14.380+0000] {processor.py:179} INFO - Processing /usr/local/python/3.10.13/lib/python3.10/site-packages/airflow/example_dags/tutorial_taskflow_api_virtualenv.py took 0.082 seconds
[2024-02-16T20:23:52.561+0000] {processor.py:157} INFO - Started process (PID=26855) to work on /usr/local/python/3.10.13/lib/python3.10/site-packages/airflow/example_dags/tutorial_taskflow_api_virtualenv.py
[2024-02-16T20:23:52.562+0000] {processor.py:826} INFO - Processing file /usr/local/python/3.10.13/lib/python3.10/site-packages/airflow/example_dags/tutorial_taskflow_api_virtualenv.py for tasks to queue
[2024-02-16T20:23:52.563+0000] {logging_mixin.py:150} INFO - [2024-02-16T20:23:52.562+0000] {dagbag.py:541} INFO - Filling up the DagBag from /usr/local/python/3.10.13/lib/python3.10/site-packages/airflow/example_dags/tutorial_taskflow_api_virtualenv.py
[2024-02-16T20:23:52.568+0000] {processor.py:836} INFO - DAG(s) dict_keys(['tutorial_taskflow_api_virtualenv']) retrieved from /usr/local/python/3.10.13/lib/python3.10/site-packages/airflow/example_dags/tutorial_taskflow_api_virtualenv.py
[2024-02-16T20:23:52.580+0000] {logging_mixin.py:150} INFO - [2024-02-16T20:23:52.580+0000] {dag.py:2742} INFO - Sync 1 DAGs
[2024-02-16T20:23:52.599+0000] {logging_mixin.py:150} INFO - [2024-02-16T20:23:52.599+0000] {dag.py:3504} INFO - Setting next_dagrun for tutorial_taskflow_api_virtualenv to None, run_after=None
[2024-02-16T20:23:52.652+0000] {processor.py:179} INFO - Processing /usr/local/python/3.10.13/lib/python3.10/site-packages/airflow/example_dags/tutorial_taskflow_api_virtualenv.py took 0.093 seconds
[2024-02-16T20:24:30.836+0000] {processor.py:157} INFO - Started process (PID=27210) to work on /usr/local/python/3.10.13/lib/python3.10/site-packages/airflow/example_dags/tutorial_taskflow_api_virtualenv.py
[2024-02-16T20:24:30.837+0000] {processor.py:826} INFO - Processing file /usr/local/python/3.10.13/lib/python3.10/site-packages/airflow/example_dags/tutorial_taskflow_api_virtualenv.py for tasks to queue
[2024-02-16T20:24:30.838+0000] {logging_mixin.py:150} INFO - [2024-02-16T20:24:30.837+0000] {dagbag.py:541} INFO - Filling up the DagBag from /usr/local/python/3.10.13/lib/python3.10/site-packages/airflow/example_dags/tutorial_taskflow_api_virtualenv.py
[2024-02-16T20:24:30.844+0000] {processor.py:836} INFO - DAG(s) dict_keys(['tutorial_taskflow_api_virtualenv']) retrieved from /usr/local/python/3.10.13/lib/python3.10/site-packages/airflow/example_dags/tutorial_taskflow_api_virtualenv.py
[2024-02-16T20:24:30.861+0000] {logging_mixin.py:150} INFO - [2024-02-16T20:24:30.861+0000] {dag.py:2742} INFO - Sync 1 DAGs
[2024-02-16T20:24:30.876+0000] {logging_mixin.py:150} INFO - [2024-02-16T20:24:30.876+0000] {dag.py:3504} INFO - Setting next_dagrun for tutorial_taskflow_api_virtualenv to None, run_after=None
[2024-02-16T20:24:30.923+0000] {processor.py:179} INFO - Processing /usr/local/python/3.10.13/lib/python3.10/site-packages/airflow/example_dags/tutorial_taskflow_api_virtualenv.py took 0.089 seconds
[2024-02-16T20:25:08.933+0000] {processor.py:157} INFO - Started process (PID=27685) to work on /usr/local/python/3.10.13/lib/python3.10/site-packages/airflow/example_dags/tutorial_taskflow_api_virtualenv.py
[2024-02-16T20:25:08.934+0000] {processor.py:826} INFO - Processing file /usr/local/python/3.10.13/lib/python3.10/site-packages/airflow/example_dags/tutorial_taskflow_api_virtualenv.py for tasks to queue
[2024-02-16T20:25:08.934+0000] {logging_mixin.py:150} INFO - [2024-02-16T20:25:08.934+0000] {dagbag.py:541} INFO - Filling up the DagBag from /usr/local/python/3.10.13/lib/python3.10/site-packages/airflow/example_dags/tutorial_taskflow_api_virtualenv.py
[2024-02-16T20:25:08.941+0000] {processor.py:836} INFO - DAG(s) dict_keys(['tutorial_taskflow_api_virtualenv']) retrieved from /usr/local/python/3.10.13/lib/python3.10/site-packages/airflow/example_dags/tutorial_taskflow_api_virtualenv.py
[2024-02-16T20:25:08.955+0000] {logging_mixin.py:150} INFO - [2024-02-16T20:25:08.955+0000] {dag.py:2742} INFO - Sync 1 DAGs
[2024-02-16T20:25:08.973+0000] {logging_mixin.py:150} INFO - [2024-02-16T20:25:08.973+0000] {dag.py:3504} INFO - Setting next_dagrun for tutorial_taskflow_api_virtualenv to None, run_after=None
[2024-02-16T20:25:09.030+0000] {processor.py:179} INFO - Processing /usr/local/python/3.10.13/lib/python3.10/site-packages/airflow/example_dags/tutorial_taskflow_api_virtualenv.py took 0.099 seconds
